#
# There is insufficient memory for the Java Runtime Environment to continue.
# Native memory allocation (mmap) failed to map 493879296 bytes for G1 virtual space
# Possible reasons:
#   The system is out of physical RAM or swap space
#   The process is running with CompressedOops enabled, and the Java Heap may be blocking the growth of the native heap
# Possible solutions:
#   Reduce memory load on the system
#   Increase physical memory or swap space
#   Check if swap backing store is full
#   Decrease Java heap size (-Xmx/-Xms)
#   Decrease number of Java threads
#   Decrease Java thread stack sizes (-Xss)
#   Set larger code cache with -XX:ReservedCodeCacheSize=
#   JVM is running with Unscaled Compressed Oops mode in which the Java heap is
#     placed in the first 4GB address space. The Java Heap base address is the
#     maximum limit for the native heap growth. Please use -XX:HeapBaseMinAddress
#     to set the Java Heap base and to place the Java Heap above 4GB virtual address.
# This output file may be truncated or incomplete.
#
#  Out of Memory Error (os_windows.cpp:3769), pid=8372, tid=5404
#
# JRE version: OpenJDK Runtime Environment (17.0.6) (build 17.0.6+0-b2043.56-10027231)
# Java VM: OpenJDK 64-Bit Server VM (17.0.6+0-b2043.56-10027231, mixed mode, tiered, compressed oops, compressed class ptrs, g1 gc, windows-amd64)
# No core dump will be written. Minidumps are not enabled by default on client versions of Windows
#

---------------  S U M M A R Y ------------

Command Line: --add-opens=java.base/java.util=ALL-UNNAMED --add-opens=java.base/java.lang=ALL-UNNAMED --add-opens=java.base/java.lang.invoke=ALL-UNNAMED --add-opens=java.prefs/java.util.prefs=ALL-UNNAMED --add-opens=java.base/java.nio.charset=ALL-UNNAMED --add-opens=java.base/java.net=ALL-UNNAMED --add-opens=java.base/java.util.concurrent.atomic=ALL-UNNAMED -Xmx2048m -Dfile.encoding=UTF-8 -Duser.country=US -Duser.language=en -Duser.variant org.gradle.launcher.daemon.bootstrap.GradleDaemon 8.0

Host: Intel(R) Core(TM) i5-7300U CPU @ 2.60GHz, 4 cores, 7G,  Windows 11 , 64 bit Build 22621 (10.0.22621.3235)
Time: Sat Apr 20 16:09:31 2024 Pakistan Standard Time elapsed time: 352.711943 seconds (0d 0h 5m 52s)

---------------  T H R E A D  ---------------

Current thread (0x000001644cac4b50):  VMThread "VM Thread" [stack: 0x00000032feb00000,0x00000032fec00000] [id=5404]

Stack: [0x00000032feb00000,0x00000032fec00000]
Native frames: (J=compiled Java code, j=interpreted, Vv=VM code, C=native code)
V  [jvm.dll+0x683c9a]
V  [jvm.dll+0x8427a4]
V  [jvm.dll+0x843f9e]
V  [jvm.dll+0x844603]
V  [jvm.dll+0x249b75]
V  [jvm.dll+0x680b69]
V  [jvm.dll+0x67505a]
V  [jvm.dll+0x309acb]
V  [jvm.dll+0x310f86]
V  [jvm.dll+0x3608ee]
V  [jvm.dll+0x360b1f]
V  [jvm.dll+0x2dfbf8]
V  [jvm.dll+0x2ddec4]
V  [jvm.dll+0x2dd4cc]
V  [jvm.dll+0x321f3b]
V  [jvm.dll+0x848ccb]
V  [jvm.dll+0x849a04]
V  [jvm.dll+0x849f1d]
V  [jvm.dll+0x84a2f4]
V  [jvm.dll+0x84a3c0]
V  [jvm.dll+0x7f274a]
V  [jvm.dll+0x682ad5]
C  [ucrtbase.dll+0x29363]
C  [KERNEL32.DLL+0x1257d]
C  [ntdll.dll+0x5aa58]

VM_Operation (0x00000032809fe290): G1CollectForAllocation, mode: safepoint, requested by thread 0x000001644fd9fec0


---------------  P R O C E S S  ---------------

Threads class SMR info:
_java_thread_list=0x00000164535b4f10, length=88, elements={
0x000001643355cf90, 0x000001644cb33250, 0x000001644cb34860, 0x000001644d50d0e0,
0x000001644d50dc90, 0x000001644d5263c0, 0x000001644d526d70, 0x000001644d51f1c0,
0x000001644d520350, 0x000001644d52efb0, 0x000001644d68ebd0, 0x000001644d68f0a0,
0x000001644fc9ff70, 0x000001644e4775f0, 0x000001644e46cf60, 0x000001644fda0d30,
0x000001644fda16d0, 0x000001644fd9fec0, 0x000001644fd9f520, 0x000001644fda0390,
0x000001644fda1ba0, 0x0000016451548580, 0x0000016451545f00, 0x00000164515463d0,
0x00000164515493f0, 0x0000016451547240, 0x0000016451545090, 0x000001644ff2ef10,
0x000001644ff2c3c0, 0x000001644ff2dbd0, 0x000001644ff2bef0, 0x000001644ff30250,
0x000001644ff2b550, 0x000001644ff2f3e0, 0x000001644ff31590, 0x000001644ff2ba20,
0x000001644ff2a210, 0x000001644ff2c890, 0x000001644ff2cd60, 0x000001644ff2f8b0,
0x000001644ff2a6e0, 0x000001644ff2d700, 0x000001644ff2d230, 0x000001644ff2e0a0,
0x000001644ff2e570, 0x00000164515433b0, 0x0000016451542ee0, 0x0000016451543880,
0x0000016451543d50, 0x0000016451548a50, 0x00000164515446f0, 0x0000016451545560,
0x00000164515480b0, 0x0000016451545a30, 0x0000016451547710, 0x00000164515468a0,
0x0000016451547be0, 0x00000164515498c0, 0x000001644fda0860, 0x000001644fda2070,
0x000001644fd9f050, 0x000001644fda2a10, 0x000001644fd9f9f0, 0x000001644fda2540,
0x000001644fda1200, 0x0000016455b22260, 0x0000016455b1df00, 0x0000016455b1f240,
0x0000016455b235a0, 0x0000016455b1d090, 0x0000016455b23a70, 0x0000016455b1fbe0,
0x0000016455b1e3d0, 0x0000016455b1d560, 0x0000016455b230d0, 0x0000016455b1da30,
0x0000016455b23f40, 0x0000016455b20a50, 0x0000016455b1ed70, 0x0000016455b200b0,
0x0000016455b20580, 0x0000016455b213f0, 0x0000016455b1e8a0, 0x0000016455b248e0,
0x0000016455b218c0, 0x0000016455b1f710, 0x0000016455b21d90, 0x0000016456197e60
}

Java Threads: ( => current thread )
  0x000001643355cf90 JavaThread "main" [_thread_blocked, id=10748, stack(0x00000032fe500000,0x00000032fe600000)]
  0x000001644cb33250 JavaThread "Reference Handler" daemon [_thread_blocked, id=9356, stack(0x00000032fec00000,0x00000032fed00000)]
  0x000001644cb34860 JavaThread "Finalizer" daemon [_thread_blocked, id=3716, stack(0x00000032fed00000,0x00000032fee00000)]
  0x000001644d50d0e0 JavaThread "Signal Dispatcher" daemon [_thread_blocked, id=8908, stack(0x00000032fee00000,0x00000032fef00000)]
  0x000001644d50dc90 JavaThread "Attach Listener" daemon [_thread_blocked, id=7880, stack(0x00000032fef00000,0x00000032ff000000)]
  0x000001644d5263c0 JavaThread "Service Thread" daemon [_thread_blocked, id=13624, stack(0x00000032ff000000,0x00000032ff100000)]
  0x000001644d526d70 JavaThread "Monitor Deflation Thread" daemon [_thread_blocked, id=6560, stack(0x00000032ff100000,0x00000032ff200000)]
  0x000001644d51f1c0 JavaThread "C2 CompilerThread0" daemon [_thread_blocked, id=6664, stack(0x00000032ff200000,0x00000032ff300000)]
  0x000001644d520350 JavaThread "C1 CompilerThread0" daemon [_thread_blocked, id=7736, stack(0x00000032ff300000,0x00000032ff400000)]
  0x000001644d52efb0 JavaThread "Sweeper thread" daemon [_thread_blocked, id=12328, stack(0x00000032ff400000,0x00000032ff500000)]
  0x000001644d68ebd0 JavaThread "Common-Cleaner" daemon [_thread_blocked, id=16320, stack(0x00000032ff500000,0x00000032ff600000)]
  0x000001644d68f0a0 JavaThread "Notification Thread" daemon [_thread_blocked, id=15892, stack(0x00000032ff600000,0x00000032ff700000)]
  0x000001644fc9ff70 JavaThread "Daemon health stats" [_thread_blocked, id=932, stack(0x00000032ffc00000,0x00000032ffd00000)]
  0x000001644e4775f0 JavaThread "Incoming local TCP Connector on port 52899" [_thread_in_native, id=15840, stack(0x00000032ffb00000,0x00000032ffc00000)]
  0x000001644e46cf60 JavaThread "Daemon periodic checks" [_thread_blocked, id=12208, stack(0x00000032ffd00000,0x00000032ffe00000)]
  0x000001644fda0d30 JavaThread "Cache worker for journal cache (C:\Users\Mr\.gradle\caches\journal-1)" [_thread_blocked, id=12456, stack(0x0000003280700000,0x0000003280800000)]
  0x000001644fda16d0 JavaThread "File lock request listener" [_thread_in_native, id=6596, stack(0x0000003280800000,0x0000003280900000)]
  0x000001644fd9fec0 JavaThread "Cache worker for file hash cache (C:\Users\Mr\.gradle\caches\8.0\fileHashes)" [_thread_blocked, id=11648, stack(0x0000003280900000,0x0000003280a00000)]
  0x000001644fd9f520 JavaThread "File watcher server" daemon [_thread_in_native, id=11532, stack(0x0000003280a00000,0x0000003280b00000)]
  0x000001644fda0390 JavaThread "File watcher consumer" daemon [_thread_blocked, id=13964, stack(0x0000003280b00000,0x0000003280c00000)]
  0x000001644fda1ba0 JavaThread "Cache worker for file content cache (C:\Users\Mr\.gradle\caches\8.0\fileContent)" [_thread_blocked, id=13892, stack(0x0000003280e00000,0x0000003280f00000)]
  0x0000016451548580 JavaThread "Cache worker for execution history cache (C:\Users\Mr\.gradle\caches\8.0\executionHistory)" [_thread_blocked, id=8044, stack(0x0000003280600000,0x0000003280700000)]
  0x0000016451545f00 JavaThread "jar transforms" [_thread_blocked, id=908, stack(0x0000003281100000,0x0000003281200000)]
  0x00000164515463d0 JavaThread "jar transforms Thread 2" [_thread_blocked, id=3264, stack(0x0000003281300000,0x0000003281400000)]
  0x00000164515493f0 JavaThread "Cache worker for kotlin-dsl (C:\Users\Mr\.gradle\caches\8.0\kotlin-dsl)" [_thread_blocked, id=11760, stack(0x0000003281500000,0x0000003281600000)]
  0x0000016451547240 JavaThread "jar transforms Thread 3" [_thread_blocked, id=13852, stack(0x0000003281600000,0x0000003281700000)]
  0x0000016451545090 JavaThread "jar transforms Thread 4" [_thread_blocked, id=12596, stack(0x0000003281700000,0x0000003281800000)]
  0x000001644ff2ef10 JavaThread "Memory manager" [_thread_blocked, id=15140, stack(0x0000003284300000,0x0000003284400000)]
  0x000001644ff2c3c0 JavaThread "Daemon Thread 2" [_thread_blocked, id=3856, stack(0x0000003280100000,0x0000003280200000)]
  0x000001644ff2dbd0 JavaThread "Handler for socket connection from /127.0.0.1:52899 to /127.0.0.1:53075" [_thread_in_native, id=4024, stack(0x0000003280200000,0x0000003280300000)]
  0x000001644ff2bef0 JavaThread "Cancel handler" [_thread_blocked, id=9520, stack(0x0000003280300000,0x0000003280400000)]
  0x000001644ff30250 JavaThread "Daemon worker Thread 2" [_thread_blocked, id=6568, stack(0x0000003280400000,0x0000003280500000)]
  0x000001644ff2b550 JavaThread "Asynchronous log dispatcher for DefaultDaemonConnection: socket connection from /127.0.0.1:52899 to /127.0.0.1:53075" [_thread_blocked, id=3580, stack(0x0000003280500000,0x0000003280600000)]
  0x000001644ff2f3e0 JavaThread "Stdin handler" [_thread_blocked, id=10144, stack(0x0000003280c00000,0x0000003280d00000)]
  0x000001644ff31590 JavaThread "Daemon client event forwarder" [_thread_blocked, id=11164, stack(0x0000003280d00000,0x0000003280e00000)]
  0x000001644ff2ba20 JavaThread "Cache worker for checksums cache (E:\GroceryApp\.gradle\8.0\checksums)" [_thread_blocked, id=5996, stack(0x0000003281000000,0x0000003281100000)]
  0x000001644ff2a210 JavaThread "Cache worker for cache directory md-rule (C:\Users\Mr\.gradle\caches\8.0\md-rule)" [_thread_blocked, id=8872, stack(0x0000003281200000,0x0000003281300000)]
  0x000001644ff2c890 JavaThread "Cache worker for file hash cache (E:\GroceryApp\.gradle\8.0\fileHashes)" [_thread_blocked, id=14312, stack(0x0000003281800000,0x0000003281900000)]
  0x000001644ff2cd60 JavaThread "Cache worker for cache directory md-supplier (C:\Users\Mr\.gradle\caches\8.0\md-supplier)" [_thread_blocked, id=13088, stack(0x0000003281900000,0x0000003281a00000)]
  0x000001644ff2f8b0 JavaThread "Cache worker for dependencies-accessors (E:\GroceryApp\.gradle\8.0\dependencies-accessors)" [_thread_blocked, id=12052, stack(0x0000003281a00000,0x0000003281b00000)]
  0x000001644ff2a6e0 JavaThread "Cache worker for Build Output Cleanup Cache (E:\GroceryApp\.gradle\buildOutputCleanup)" [_thread_blocked, id=15440, stack(0x0000003281b00000,0x0000003281c00000)]
  0x000001644ff2d700 JavaThread "Unconstrained build operations" [_thread_blocked, id=15580, stack(0x0000003281c00000,0x0000003281d00000)]
  0x000001644ff2d230 JavaThread "Unconstrained build operations Thread 2" [_thread_blocked, id=9220, stack(0x0000003281d00000,0x0000003281e00000)]
  0x000001644ff2e0a0 JavaThread "Unconstrained build operations Thread 3" [_thread_blocked, id=9540, stack(0x0000003281e00000,0x0000003281f00000)]
  0x000001644ff2e570 JavaThread "Unconstrained build operations Thread 4" [_thread_blocked, id=3632, stack(0x0000003281f00000,0x0000003282000000)]
  0x00000164515433b0 JavaThread "Unconstrained build operations Thread 5" [_thread_blocked, id=8188, stack(0x0000003282000000,0x0000003282100000)]
  0x0000016451542ee0 JavaThread "Unconstrained build operations Thread 6" [_thread_blocked, id=1444, stack(0x0000003282100000,0x0000003282200000)]
  0x0000016451543880 JavaThread "Unconstrained build operations Thread 7" [_thread_blocked, id=7592, stack(0x0000003282200000,0x0000003282300000)]
  0x0000016451543d50 JavaThread "Unconstrained build operations Thread 8" [_thread_blocked, id=6212, stack(0x0000003282300000,0x0000003282400000)]
  0x0000016451548a50 JavaThread "Unconstrained build operations Thread 9" [_thread_blocked, id=2816, stack(0x0000003282400000,0x0000003282500000)]
  0x00000164515446f0 JavaThread "Unconstrained build operations Thread 10" [_thread_blocked, id=1448, stack(0x0000003282500000,0x0000003282600000)]
  0x0000016451545560 JavaThread "Unconstrained build operations Thread 11" [_thread_blocked, id=4456, stack(0x0000003282600000,0x0000003282700000)]
  0x00000164515480b0 JavaThread "Unconstrained build operations Thread 12" [_thread_blocked, id=6192, stack(0x0000003282700000,0x0000003282800000)]
  0x0000016451545a30 JavaThread "Unconstrained build operations Thread 13" [_thread_blocked, id=13996, stack(0x0000003282800000,0x0000003282900000)]
  0x0000016451547710 JavaThread "Unconstrained build operations Thread 14" [_thread_blocked, id=5640, stack(0x0000003282900000,0x0000003282a00000)]
  0x00000164515468a0 JavaThread "Unconstrained build operations Thread 15" [_thread_blocked, id=9184, stack(0x0000003282a00000,0x0000003282b00000)]
  0x0000016451547be0 JavaThread "Unconstrained build operations Thread 16" [_thread_blocked, id=9240, stack(0x0000003282b00000,0x0000003282c00000)]
  0x00000164515498c0 JavaThread "Unconstrained build operations Thread 17" [_thread_blocked, id=11472, stack(0x0000003282c00000,0x0000003282d00000)]
  0x000001644fda0860 JavaThread "Unconstrained build operations Thread 18" [_thread_blocked, id=9024, stack(0x0000003282d00000,0x0000003282e00000)]
  0x000001644fda2070 JavaThread "Unconstrained build operations Thread 19" [_thread_blocked, id=5136, stack(0x0000003282e00000,0x0000003282f00000)]
  0x000001644fd9f050 JavaThread "Unconstrained build operations Thread 20" [_thread_blocked, id=14608, stack(0x0000003282f00000,0x0000003283000000)]
  0x000001644fda2a10 JavaThread "Unconstrained build operations Thread 21" [_thread_blocked, id=4036, stack(0x0000003283000000,0x0000003283100000)]
  0x000001644fd9f9f0 JavaThread "Unconstrained build operations Thread 22" [_thread_blocked, id=5716, stack(0x0000003283100000,0x0000003283200000)]
  0x000001644fda2540 JavaThread "Unconstrained build operations Thread 23" [_thread_blocked, id=6672, stack(0x0000003283200000,0x0000003283300000)]
  0x000001644fda1200 JavaThread "Unconstrained build operations Thread 24" [_thread_blocked, id=13264, stack(0x0000003283300000,0x0000003283400000)]
  0x0000016455b22260 JavaThread "Unconstrained build operations Thread 25" [_thread_blocked, id=9304, stack(0x0000003283400000,0x0000003283500000)]
  0x0000016455b1df00 JavaThread "Unconstrained build operations Thread 26" [_thread_blocked, id=12300, stack(0x0000003283500000,0x0000003283600000)]
  0x0000016455b1f240 JavaThread "Unconstrained build operations Thread 27" [_thread_blocked, id=10948, stack(0x0000003283600000,0x0000003283700000)]
  0x0000016455b235a0 JavaThread "Unconstrained build operations Thread 28" [_thread_blocked, id=5840, stack(0x0000003283700000,0x0000003283800000)]
  0x0000016455b1d090 JavaThread "Unconstrained build operations Thread 29" [_thread_blocked, id=5348, stack(0x0000003283800000,0x0000003283900000)]
  0x0000016455b23a70 JavaThread "Unconstrained build operations Thread 30" [_thread_blocked, id=11236, stack(0x0000003283900000,0x0000003283a00000)]
  0x0000016455b1fbe0 JavaThread "Unconstrained build operations Thread 31" [_thread_blocked, id=15396, stack(0x0000003283a00000,0x0000003283b00000)]
  0x0000016455b1e3d0 JavaThread "Unconstrained build operations Thread 32" [_thread_blocked, id=16184, stack(0x0000003283b00000,0x0000003283c00000)]
  0x0000016455b1d560 JavaThread "Unconstrained build operations Thread 33" [_thread_blocked, id=13184, stack(0x0000003283c00000,0x0000003283d00000)]
  0x0000016455b230d0 JavaThread "Unconstrained build operations Thread 34" [_thread_blocked, id=12592, stack(0x0000003283d00000,0x0000003283e00000)]
  0x0000016455b1da30 JavaThread "Unconstrained build operations Thread 35" [_thread_blocked, id=9952, stack(0x0000003283e00000,0x0000003283f00000)]
  0x0000016455b23f40 JavaThread "Unconstrained build operations Thread 36" [_thread_blocked, id=11248, stack(0x0000003283f00000,0x0000003284000000)]
  0x0000016455b20a50 JavaThread "Unconstrained build operations Thread 37" [_thread_blocked, id=7660, stack(0x0000003284000000,0x0000003284100000)]
  0x0000016455b1ed70 JavaThread "Unconstrained build operations Thread 38" [_thread_blocked, id=2824, stack(0x0000003284100000,0x0000003284200000)]
  0x0000016455b200b0 JavaThread "Unconstrained build operations Thread 39" [_thread_blocked, id=1216, stack(0x0000003284200000,0x0000003284300000)]
  0x0000016455b20580 JavaThread "Unconstrained build operations Thread 40" [_thread_blocked, id=15104, stack(0x0000003284400000,0x0000003284500000)]
  0x0000016455b213f0 JavaThread "included builds" [_thread_blocked, id=10096, stack(0x0000003280f00000,0x0000003281000000)]
  0x0000016455b1e8a0 JavaThread "Execution worker" [_thread_blocked, id=4268, stack(0x0000003284500000,0x0000003284600000)]
  0x0000016455b248e0 JavaThread "Execution worker Thread 2" [_thread_blocked, id=2804, stack(0x0000003284600000,0x0000003284700000)]
  0x0000016455b218c0 JavaThread "Execution worker Thread 3" [_thread_blocked, id=12764, stack(0x0000003284700000,0x0000003284800000)]
  0x0000016455b1f710 JavaThread "Cache worker for execution history cache (E:\GroceryApp\.gradle\8.0\executionHistory)" [_thread_blocked, id=4332, stack(0x0000003284800000,0x0000003284900000)]
  0x0000016455b21d90 JavaThread "idea-tooling-model-converter" [_thread_blocked, id=10216, stack(0x0000003284900000,0x0000003284a00000)]
  0x0000016456197e60 JavaThread "C2 CompilerThread1" daemon [_thread_blocked, id=1904, stack(0x0000003284a00000,0x0000003284b00000)]

Other Threads:
=>0x000001644cac4b50 VMThread "VM Thread" [stack: 0x00000032feb00000,0x00000032fec00000] [id=5404]
  0x000001644d68f570 WatcherThread [stack: 0x00000032ff700000,0x00000032ff800000] [id=13904]
  0x00000164335b86c0 GCTaskThread "GC Thread#0" [stack: 0x00000032fe600000,0x00000032fe700000] [id=11124]
  0x000001644de36330 GCTaskThread "GC Thread#1" [stack: 0x00000032ff800000,0x00000032ff900000] [id=1524]
  0x000001644de365e0 GCTaskThread "GC Thread#2" [stack: 0x00000032ff900000,0x00000032ffa00000] [id=12792]
  0x000001644d9b81b0 GCTaskThread "GC Thread#3" [stack: 0x00000032ffa00000,0x00000032ffb00000] [id=13340]
  0x00000164335c9c10 ConcurrentGCThread "G1 Main Marker" [stack: 0x00000032fe700000,0x00000032fe800000] [id=6340]
  0x00000164335cadc0 ConcurrentGCThread "G1 Conc#0" [stack: 0x00000032fe800000,0x00000032fe900000] [id=2536]
  0x000001644c9740c0 ConcurrentGCThread "G1 Refine#0" [stack: 0x00000032fe900000,0x00000032fea00000] [id=4752]
  0x00000164508cc8a0 ConcurrentGCThread "G1 Refine#1" [stack: 0x0000003281400000,0x0000003281500000] [id=8728]
  0x000001644c9748f0 ConcurrentGCThread "G1 Service" [stack: 0x00000032fea00000,0x00000032feb00000] [id=15028]

Threads with active compile tasks:
C2 CompilerThread0   352744 10380   !   4       java.nio.file.FileTreeWalker::visit (204 bytes)
C2 CompilerThread1   352744 10392   !   4       java.util.concurrent.locks.AbstractQueuedSynchronizer::acquire (407 bytes)

VM state: at safepoint (normal execution)

VM Mutex/Monitor currently owned by a thread:  ([mutex/lock_event])
[0x00000164335584c0] Threads_lock - owner thread: 0x000001644cac4b50
[0x0000016433559360] Heap_lock - owner thread: 0x000001644fd9fec0

Heap address: 0x0000000080000000, size: 2048 MB, Compressed Oops mode: 32-bit

CDS archive(s) not mapped
Compressed class space mapped at: 0x0000000100000000-0x0000000140000000, reserved size: 1073741824
Narrow klass base: 0x0000000000000000, Narrow klass shift: 3, Narrow klass range: 0x140000000

GC Precious Log:
 CPUs: 4 total, 4 available
 Memory: 8071M
 Large Page Support: Disabled
 NUMA Support: Disabled
 Compressed Oops: Enabled (32-bit)
 Heap Region Size: 1M
 Heap Min Capacity: 8M
 Heap Initial Capacity: 128M
 Heap Max Capacity: 2G
 Pre-touch: Disabled
 Parallel Workers: 4
 Concurrent Workers: 1
 Concurrent Refinement Workers: 4
 Periodic GC: Disabled

Heap:
 garbage-first heap   total 256000K, used 154256K [0x0000000080000000, 0x0000000100000000)
  region size 1024K, 6 young (6144K), 6 survivors (6144K)
 Metaspace       used 89465K, committed 90240K, reserved 1130496K
  class space    used 12222K, committed 12608K, reserved 1048576K

Heap Regions: E=young(eden), S=young(survivor), O=old, HS=humongous(starts), HC=humongous(continues), CS=collection set, F=free, OA=open archive, CA=closed archive, TAMS=top-at-mark-start (previous, next)
|   0|0x0000000080000000, 0x0000000080100000, 0x0000000080100000|100%| O|  |TAMS 0x0000000080100000, 0x0000000080100000| Untracked 
|   1|0x0000000080100000, 0x0000000080200000, 0x0000000080200000|100%| O|  |TAMS 0x0000000080200000, 0x0000000080200000| Untracked 
|   2|0x0000000080200000, 0x0000000080300000, 0x0000000080300000|100%|HS|  |TAMS 0x0000000080300000, 0x0000000080300000| Complete 
|   3|0x0000000080300000, 0x0000000080400000, 0x0000000080400000|100%|HC|  |TAMS 0x0000000080400000, 0x0000000080400000| Complete 
|   4|0x0000000080400000, 0x0000000080500000, 0x0000000080500000|100%|HC|  |TAMS 0x0000000080500000, 0x0000000080500000| Complete 
|   5|0x0000000080500000, 0x0000000080600000, 0x0000000080600000|100%|HC|  |TAMS 0x0000000080600000, 0x0000000080600000| Complete 
|   6|0x0000000080600000, 0x0000000080700000, 0x0000000080700000|100%| O|  |TAMS 0x0000000080700000, 0x0000000080700000| Untracked 
|   7|0x0000000080700000, 0x0000000080800000, 0x0000000080800000|100%| O|  |TAMS 0x0000000080800000, 0x0000000080800000| Untracked 
|   8|0x0000000080800000, 0x0000000080900000, 0x0000000080900000|100%| O|  |TAMS 0x0000000080900000, 0x0000000080900000| Untracked 
|   9|0x0000000080900000, 0x0000000080a00000, 0x0000000080a00000|100%| O|  |TAMS 0x0000000080a00000, 0x0000000080a00000| Untracked 
|  10|0x0000000080a00000, 0x0000000080b00000, 0x0000000080b00000|100%| O|  |TAMS 0x0000000080b00000, 0x0000000080b00000| Untracked 
|  11|0x0000000080b00000, 0x0000000080c00000, 0x0000000080c00000|100%| O|  |TAMS 0x0000000080c00000, 0x0000000080c00000| Untracked 
|  12|0x0000000080c00000, 0x0000000080d00000, 0x0000000080d00000|100%| O|  |TAMS 0x0000000080d00000, 0x0000000080d00000| Untracked 
|  13|0x0000000080d00000, 0x0000000080e00000, 0x0000000080e00000|100%| O|  |TAMS 0x0000000080e00000, 0x0000000080e00000| Untracked 
|  14|0x0000000080e00000, 0x0000000080f00000, 0x0000000080f00000|100%| O|  |TAMS 0x0000000080f00000, 0x0000000080f00000| Untracked 
|  15|0x0000000080f00000, 0x0000000081000000, 0x0000000081000000|100%| O|  |TAMS 0x0000000081000000, 0x0000000081000000| Untracked 
|  16|0x0000000081000000, 0x0000000081100000, 0x0000000081100000|100%| O|  |TAMS 0x0000000081100000, 0x0000000081100000| Untracked 
|  17|0x0000000081100000, 0x0000000081200000, 0x0000000081200000|100%| O|  |TAMS 0x0000000081200000, 0x0000000081200000| Untracked 
|  18|0x0000000081200000, 0x0000000081300000, 0x0000000081300000|100%| O|  |TAMS 0x0000000081300000, 0x0000000081300000| Untracked 
|  19|0x0000000081300000, 0x0000000081400000, 0x0000000081400000|100%| O|  |TAMS 0x0000000081400000, 0x0000000081400000| Untracked 
|  20|0x0000000081400000, 0x0000000081500000, 0x0000000081500000|100%| O|  |TAMS 0x0000000081500000, 0x0000000081500000| Untracked 
|  21|0x0000000081500000, 0x0000000081600000, 0x0000000081600000|100%| O|  |TAMS 0x0000000081600000, 0x0000000081600000| Untracked 
|  22|0x0000000081600000, 0x0000000081700000, 0x0000000081700000|100%| O|  |TAMS 0x0000000081700000, 0x0000000081700000| Untracked 
|  23|0x0000000081700000, 0x0000000081800000, 0x0000000081800000|100%| O|  |TAMS 0x0000000081800000, 0x0000000081800000| Untracked 
|  24|0x0000000081800000, 0x0000000081900000, 0x0000000081900000|100%| O|  |TAMS 0x0000000081900000, 0x0000000081900000| Untracked 
|  25|0x0000000081900000, 0x0000000081a00000, 0x0000000081a00000|100%| O|  |TAMS 0x0000000081a00000, 0x0000000081a00000| Untracked 
|  26|0x0000000081a00000, 0x0000000081b00000, 0x0000000081b00000|100%| O|  |TAMS 0x0000000081b00000, 0x0000000081b00000| Untracked 
|  27|0x0000000081b00000, 0x0000000081c00000, 0x0000000081c00000|100%| O|  |TAMS 0x0000000081c00000, 0x0000000081c00000| Untracked 
|  28|0x0000000081c00000, 0x0000000081d00000, 0x0000000081d00000|100%| O|  |TAMS 0x0000000081d00000, 0x0000000081d00000| Untracked 
|  29|0x0000000081d00000, 0x0000000081e00000, 0x0000000081e00000|100%| O|  |TAMS 0x0000000081e00000, 0x0000000081e00000| Untracked 
|  30|0x0000000081e00000, 0x0000000081f00000, 0x0000000081f00000|100%| O|  |TAMS 0x0000000081f00000, 0x0000000081f00000| Untracked 
|  31|0x0000000081f00000, 0x0000000082000000, 0x0000000082000000|100%|HS|  |TAMS 0x0000000082000000, 0x0000000082000000| Complete 
|  32|0x0000000082000000, 0x0000000082100000, 0x0000000082100000|100%|HS|  |TAMS 0x0000000082100000, 0x0000000082100000| Complete 
|  33|0x0000000082100000, 0x0000000082200000, 0x0000000082200000|100%|HS|  |TAMS 0x0000000082200000, 0x0000000082200000| Complete 
|  34|0x0000000082200000, 0x0000000082300000, 0x0000000082300000|100%| O|  |TAMS 0x0000000082300000, 0x0000000082300000| Untracked 
|  35|0x0000000082300000, 0x0000000082400000, 0x0000000082400000|100%| O|  |TAMS 0x0000000082400000, 0x0000000082400000| Untracked 
|  36|0x0000000082400000, 0x0000000082500000, 0x0000000082500000|100%| O|  |TAMS 0x0000000082500000, 0x0000000082500000| Untracked 
|  37|0x0000000082500000, 0x0000000082500000, 0x0000000082600000|  0%| F|  |TAMS 0x0000000082500000, 0x0000000082500000| Untracked 
|  38|0x0000000082600000, 0x0000000082700000, 0x0000000082700000|100%| O|  |TAMS 0x0000000082600000, 0x0000000082700000| Untracked 
|  39|0x0000000082700000, 0x0000000082800000, 0x0000000082800000|100%| O|  |TAMS 0x0000000082700000, 0x0000000082800000| Untracked 
|  40|0x0000000082800000, 0x0000000082900000, 0x0000000082900000|100%| O|  |TAMS 0x0000000082900000, 0x0000000082900000| Untracked 
|  41|0x0000000082900000, 0x0000000082a00000, 0x0000000082a00000|100%| O|  |TAMS 0x0000000082a00000, 0x0000000082a00000| Untracked 
|  42|0x0000000082a00000, 0x0000000082b00000, 0x0000000082b00000|100%| O|  |TAMS 0x0000000082b00000, 0x0000000082b00000| Untracked 
|  43|0x0000000082b00000, 0x0000000082c00000, 0x0000000082c00000|100%| O|  |TAMS 0x0000000082c00000, 0x0000000082c00000| Untracked 
|  44|0x0000000082c00000, 0x0000000082d00000, 0x0000000082d00000|100%| O|  |TAMS 0x0000000082d00000, 0x0000000082d00000| Untracked 
|  45|0x0000000082d00000, 0x0000000082e00000, 0x0000000082e00000|100%| O|  |TAMS 0x0000000082e00000, 0x0000000082e00000| Untracked 
|  46|0x0000000082e00000, 0x0000000082f00000, 0x0000000082f00000|100%| O|  |TAMS 0x0000000082f00000, 0x0000000082f00000| Untracked 
|  47|0x0000000082f00000, 0x0000000083000000, 0x0000000083000000|100%| O|  |TAMS 0x0000000083000000, 0x0000000083000000| Untracked 
|  48|0x0000000083000000, 0x0000000083100000, 0x0000000083100000|100%| O|  |TAMS 0x0000000083100000, 0x0000000083100000| Untracked 
|  49|0x0000000083100000, 0x0000000083200000, 0x0000000083200000|100%| O|  |TAMS 0x0000000083200000, 0x0000000083200000| Untracked 
|  50|0x0000000083200000, 0x0000000083300000, 0x0000000083300000|100%| O|  |TAMS 0x0000000083300000, 0x0000000083300000| Untracked 
|  51|0x0000000083300000, 0x0000000083400000, 0x0000000083400000|100%| O|  |TAMS 0x0000000083400000, 0x0000000083400000| Untracked 
|  52|0x0000000083400000, 0x0000000083500000, 0x0000000083500000|100%| O|  |TAMS 0x0000000083500000, 0x0000000083500000| Untracked 
|  53|0x0000000083500000, 0x0000000083600000, 0x0000000083600000|100%| O|  |TAMS 0x0000000083600000, 0x0000000083600000| Untracked 
|  54|0x0000000083600000, 0x0000000083700000, 0x0000000083700000|100%| O|  |TAMS 0x0000000083700000, 0x0000000083700000| Untracked 
|  55|0x0000000083700000, 0x0000000083800000, 0x0000000083800000|100%|HS|  |TAMS 0x0000000083800000, 0x0000000083800000| Complete 
|  56|0x0000000083800000, 0x0000000083900000, 0x0000000083900000|100%|HC|  |TAMS 0x0000000083900000, 0x0000000083900000| Complete 
|  57|0x0000000083900000, 0x0000000083a00000, 0x0000000083a00000|100%|HS|  |TAMS 0x0000000083a00000, 0x0000000083a00000| Complete 
|  58|0x0000000083a00000, 0x0000000083b00000, 0x0000000083b00000|100%|HC|  |TAMS 0x0000000083b00000, 0x0000000083b00000| Complete 
|  59|0x0000000083b00000, 0x0000000083c00000, 0x0000000083c00000|100%|HC|  |TAMS 0x0000000083c00000, 0x0000000083c00000| Complete 
|  60|0x0000000083c00000, 0x0000000083d00000, 0x0000000083d00000|100%|HS|  |TAMS 0x0000000083d00000, 0x0000000083d00000| Complete 
|  61|0x0000000083d00000, 0x0000000083e00000, 0x0000000083e00000|100%|HC|  |TAMS 0x0000000083e00000, 0x0000000083e00000| Complete 
|  62|0x0000000083e00000, 0x0000000083f00000, 0x0000000083f00000|100%|HC|  |TAMS 0x0000000083f00000, 0x0000000083f00000| Complete 
|  63|0x0000000083f00000, 0x0000000084000000, 0x0000000084000000|100%|HS|  |TAMS 0x0000000084000000, 0x0000000084000000| Complete 
|  64|0x0000000084000000, 0x0000000084100000, 0x0000000084100000|100%|HC|  |TAMS 0x0000000084100000, 0x0000000084100000| Complete 
|  65|0x0000000084100000, 0x0000000084200000, 0x0000000084200000|100%| O|  |TAMS 0x0000000084200000, 0x0000000084200000| Untracked 
|  66|0x0000000084200000, 0x0000000084300000, 0x0000000084300000|100%| O|  |TAMS 0x0000000084300000, 0x0000000084300000| Untracked 
|  67|0x0000000084300000, 0x0000000084400000, 0x0000000084400000|100%| O|  |TAMS 0x0000000084400000, 0x0000000084400000| Untracked 
|  68|0x0000000084400000, 0x0000000084500000, 0x0000000084500000|100%| O|  |TAMS 0x0000000084500000, 0x0000000084500000| Untracked 
|  69|0x0000000084500000, 0x0000000084600000, 0x0000000084600000|100%| O|  |TAMS 0x0000000084600000, 0x0000000084600000| Untracked 
|  70|0x0000000084600000, 0x0000000084700000, 0x0000000084700000|100%| O|  |TAMS 0x0000000084700000, 0x0000000084700000| Untracked 
|  71|0x0000000084700000, 0x0000000084800000, 0x0000000084800000|100%|HS|  |TAMS 0x0000000084800000, 0x0000000084800000| Complete 
|  72|0x0000000084800000, 0x0000000084900000, 0x0000000084900000|100%|HC|  |TAMS 0x0000000084900000, 0x0000000084900000| Complete 
|  73|0x0000000084900000, 0x0000000084a00000, 0x0000000084a00000|100%|HC|  |TAMS 0x0000000084a00000, 0x0000000084a00000| Complete 
|  74|0x0000000084a00000, 0x0000000084b00000, 0x0000000084b00000|100%|HC|  |TAMS 0x0000000084b00000, 0x0000000084b00000| Complete 
|  75|0x0000000084b00000, 0x0000000084c00000, 0x0000000084c00000|100%|HC|  |TAMS 0x0000000084c00000, 0x0000000084c00000| Complete 
|  76|0x0000000084c00000, 0x0000000084d00000, 0x0000000084d00000|100%|HC|  |TAMS 0x0000000084d00000, 0x0000000084d00000| Complete 
|  77|0x0000000084d00000, 0x0000000084e00000, 0x0000000084e00000|100%|HC|  |TAMS 0x0000000084e00000, 0x0000000084e00000| Complete 
|  78|0x0000000084e00000, 0x0000000084f00000, 0x0000000084f00000|100%|HC|  |TAMS 0x0000000084f00000, 0x0000000084f00000| Complete 
|  79|0x0000000084f00000, 0x0000000085000000, 0x0000000085000000|100%|HC|  |TAMS 0x0000000085000000, 0x0000000085000000| Complete 
|  80|0x0000000085000000, 0x0000000085100000, 0x0000000085100000|100%|HC|  |TAMS 0x0000000085100000, 0x0000000085100000| Complete 
|  81|0x0000000085100000, 0x0000000085200000, 0x0000000085200000|100%|HC|  |TAMS 0x0000000085200000, 0x0000000085200000| Complete 
|  82|0x0000000085200000, 0x0000000085300000, 0x0000000085300000|100%|HC|  |TAMS 0x0000000085300000, 0x0000000085300000| Complete 
|  83|0x0000000085300000, 0x0000000085400000, 0x0000000085400000|100%| O|  |TAMS 0x0000000085400000, 0x0000000085400000| Untracked 
|  84|0x0000000085400000, 0x0000000085500000, 0x0000000085500000|100%| O|  |TAMS 0x0000000085500000, 0x0000000085500000| Untracked 
|  85|0x0000000085500000, 0x0000000085600000, 0x0000000085600000|100%| O|  |TAMS 0x0000000085600000, 0x0000000085600000| Untracked 
|  86|0x0000000085600000, 0x0000000085600000, 0x0000000085700000|  0%| F|  |TAMS 0x0000000085600000, 0x0000000085600000| Untracked 
|  87|0x0000000085700000, 0x0000000085800000, 0x0000000085800000|100%| O|  |TAMS 0x0000000085800000, 0x0000000085800000| Untracked 
|  88|0x0000000085800000, 0x0000000085900000, 0x0000000085900000|100%|HS|  |TAMS 0x0000000085900000, 0x0000000085900000| Complete 
|  89|0x0000000085900000, 0x0000000085a00000, 0x0000000085a00000|100%|HC|  |TAMS 0x0000000085a00000, 0x0000000085a00000| Complete 
|  90|0x0000000085a00000, 0x0000000085b00000, 0x0000000085b00000|100%|HC|  |TAMS 0x0000000085b00000, 0x0000000085b00000| Complete 
|  91|0x0000000085b00000, 0x0000000085c00000, 0x0000000085c00000|100%|HS|  |TAMS 0x0000000085c00000, 0x0000000085c00000| Complete 
|  92|0x0000000085c00000, 0x0000000085d00000, 0x0000000085d00000|100%|HC|  |TAMS 0x0000000085d00000, 0x0000000085d00000| Complete 
|  93|0x0000000085d00000, 0x0000000085e00000, 0x0000000085e00000|100%|HC|  |TAMS 0x0000000085e00000, 0x0000000085e00000| Complete 
|  94|0x0000000085e00000, 0x0000000085f00000, 0x0000000085f00000|100%|HS|  |TAMS 0x0000000085f00000, 0x0000000085f00000| Complete 
|  95|0x0000000085f00000, 0x0000000086000000, 0x0000000086000000|100%|HC|  |TAMS 0x0000000086000000, 0x0000000086000000| Complete 
|  96|0x0000000086000000, 0x0000000086100000, 0x0000000086100000|100%|HS|  |TAMS 0x0000000086100000, 0x0000000086100000| Complete 
|  97|0x0000000086100000, 0x0000000086200000, 0x0000000086200000|100%|HC|  |TAMS 0x0000000086200000, 0x0000000086200000| Complete 
|  98|0x0000000086200000, 0x0000000086300000, 0x0000000086300000|100%|HC|  |TAMS 0x0000000086300000, 0x0000000086300000| Complete 
|  99|0x0000000086300000, 0x0000000086400000, 0x0000000086400000|100%|HS|  |TAMS 0x0000000086400000, 0x0000000086400000| Complete 
| 100|0x0000000086400000, 0x0000000086500000, 0x0000000086500000|100%|HC|  |TAMS 0x0000000086500000, 0x0000000086500000| Complete 
| 101|0x0000000086500000, 0x0000000086600000, 0x0000000086600000|100%|HC|  |TAMS 0x0000000086600000, 0x0000000086600000| Complete 
| 102|0x0000000086600000, 0x0000000086700000, 0x0000000086700000|100%|HS|  |TAMS 0x0000000086700000, 0x0000000086700000| Complete 
| 103|0x0000000086700000, 0x0000000086800000, 0x0000000086800000|100%|HC|  |TAMS 0x0000000086800000, 0x0000000086800000| Complete 
| 104|0x0000000086800000, 0x0000000086900000, 0x0000000086900000|100%|HC|  |TAMS 0x0000000086900000, 0x0000000086900000| Complete 
| 105|0x0000000086900000, 0x0000000086a00000, 0x0000000086a00000|100%|HC|  |TAMS 0x0000000086a00000, 0x0000000086a00000| Complete 
| 106|0x0000000086a00000, 0x0000000086b00000, 0x0000000086b00000|100%|HC|  |TAMS 0x0000000086b00000, 0x0000000086b00000| Complete 
| 107|0x0000000086b00000, 0x0000000086c00000, 0x0000000086c00000|100%|HC|  |TAMS 0x0000000086c00000, 0x0000000086c00000| Complete 
| 108|0x0000000086c00000, 0x0000000086d00000, 0x0000000086d00000|100%|HC|  |TAMS 0x0000000086d00000, 0x0000000086d00000| Complete 
| 109|0x0000000086d00000, 0x0000000086e00000, 0x0000000086e00000|100%|HC|  |TAMS 0x0000000086e00000, 0x0000000086e00000| Complete 
| 110|0x0000000086e00000, 0x0000000086f00000, 0x0000000086f00000|100%|HC|  |TAMS 0x0000000086f00000, 0x0000000086f00000| Complete 
| 111|0x0000000086f00000, 0x0000000087000000, 0x0000000087000000|100%|HC|  |TAMS 0x0000000087000000, 0x0000000087000000| Complete 
| 112|0x0000000087000000, 0x0000000087100000, 0x0000000087100000|100%|HC|  |TAMS 0x0000000087100000, 0x0000000087100000| Complete 
| 113|0x0000000087100000, 0x0000000087200000, 0x0000000087200000|100%|HC|  |TAMS 0x0000000087200000, 0x0000000087200000| Complete 
| 114|0x0000000087200000, 0x0000000087300000, 0x0000000087300000|100%|HS|  |TAMS 0x0000000087300000, 0x0000000087300000| Complete 
| 115|0x0000000087300000, 0x0000000087400000, 0x0000000087400000|100%|HC|  |TAMS 0x0000000087400000, 0x0000000087400000| Complete 
| 116|0x0000000087400000, 0x0000000087500000, 0x0000000087500000|100%| O|  |TAMS 0x0000000087500000, 0x0000000087500000| Untracked 
| 117|0x0000000087500000, 0x0000000087600000, 0x0000000087600000|100%| O|  |TAMS 0x0000000087600000, 0x0000000087600000| Untracked 
| 118|0x0000000087600000, 0x0000000087700000, 0x0000000087700000|100%| O|  |TAMS 0x0000000087700000, 0x0000000087700000| Untracked 
| 119|0x0000000087700000, 0x0000000087800000, 0x0000000087800000|100%|HS|  |TAMS 0x0000000087700000, 0x0000000087800000| Complete 
| 120|0x0000000087800000, 0x0000000087900000, 0x0000000087900000|100%|HC|  |TAMS 0x0000000087800000, 0x0000000087900000| Complete 
| 121|0x0000000087900000, 0x0000000087a00000, 0x0000000087a00000|100%| O|  |TAMS 0x0000000087900000, 0x0000000087a00000| Untracked 
| 122|0x0000000087a00000, 0x0000000087b00000, 0x0000000087b00000|100%| O|  |TAMS 0x0000000087a00000, 0x0000000087b00000| Untracked 
| 123|0x0000000087b00000, 0x0000000087c00000, 0x0000000087c00000|100%| O|  |TAMS 0x0000000087b00000, 0x0000000087c00000| Untracked 
| 124|0x0000000087c00000, 0x0000000087d00000, 0x0000000087d00000|100%| O|  |TAMS 0x0000000087c00000, 0x0000000087d00000| Untracked 
| 125|0x0000000087d00000, 0x0000000087e00000, 0x0000000087e00000|100%| O|  |TAMS 0x0000000087d00000, 0x0000000087e00000| Untracked 
| 126|0x0000000087e00000, 0x0000000087f00000, 0x0000000087f00000|100%| O|  |TAMS 0x0000000087e00000, 0x0000000087f00000| Untracked 
| 127|0x0000000087f00000, 0x0000000088000000, 0x0000000088000000|100%| O|  |TAMS 0x0000000087f00000, 0x0000000088000000| Untracked 
| 128|0x0000000088000000, 0x0000000088000000, 0x0000000088100000|  0%| F|  |TAMS 0x0000000088000000, 0x0000000088000000| Untracked 
| 129|0x0000000088100000, 0x0000000088200000, 0x0000000088200000|100%| O|  |TAMS 0x0000000088200000, 0x0000000088200000| Untracked 
| 130|0x0000000088200000, 0x0000000088300000, 0x0000000088300000|100%| O|  |TAMS 0x0000000088300000, 0x0000000088300000| Untracked 
| 131|0x0000000088300000, 0x0000000088400000, 0x0000000088400000|100%| O|  |TAMS 0x0000000088400000, 0x0000000088400000| Untracked 
| 132|0x0000000088400000, 0x0000000088500000, 0x0000000088500000|100%| O|  |TAMS 0x0000000088500000, 0x0000000088500000| Untracked 
| 133|0x0000000088500000, 0x0000000088600000, 0x0000000088600000|100%| O|  |TAMS 0x0000000088600000, 0x0000000088600000| Untracked 
| 134|0x0000000088600000, 0x0000000088700000, 0x0000000088700000|100%| O|  |TAMS 0x0000000088700000, 0x0000000088700000| Untracked 
| 135|0x0000000088700000, 0x0000000088800000, 0x0000000088800000|100%| O|  |TAMS 0x0000000088800000, 0x0000000088800000| Untracked 
| 136|0x0000000088800000, 0x0000000088900000, 0x0000000088900000|100%| O|  |TAMS 0x0000000088900000, 0x0000000088900000| Untracked 
| 137|0x0000000088900000, 0x0000000088a00000, 0x0000000088a00000|100%| O|  |TAMS 0x0000000088900000, 0x0000000088a00000| Untracked 
| 138|0x0000000088a00000, 0x0000000088b00000, 0x0000000088b00000|100%| O|  |TAMS 0x0000000088a00000, 0x0000000088b00000| Untracked 
| 139|0x0000000088b00000, 0x0000000088c00000, 0x0000000088c00000|100%| O|  |TAMS 0x0000000088b00000, 0x0000000088c00000| Untracked 
| 140|0x0000000088c00000, 0x0000000088d00000, 0x0000000088d00000|100%| O|  |TAMS 0x0000000088c00000, 0x0000000088d00000| Untracked 
| 141|0x0000000088d00000, 0x0000000088e00000, 0x0000000088e00000|100%| O|  |TAMS 0x0000000088d00000, 0x0000000088e00000| Untracked 
| 142|0x0000000088e00000, 0x0000000088f00000, 0x0000000088f00000|100%| O|  |TAMS 0x0000000088e00000, 0x0000000088f00000| Untracked 
| 143|0x0000000088f00000, 0x0000000089000000, 0x0000000089000000|100%| O|  |TAMS 0x0000000088f00000, 0x0000000089000000| Untracked 
| 144|0x0000000089000000, 0x0000000089100000, 0x0000000089100000|100%| O|  |TAMS 0x0000000089000000, 0x0000000089100000| Untracked 
| 145|0x0000000089100000, 0x0000000089200000, 0x0000000089200000|100%| O|  |TAMS 0x0000000089100000, 0x0000000089200000| Untracked 
| 146|0x0000000089200000, 0x0000000089300000, 0x0000000089300000|100%| O|  |TAMS 0x0000000089200000, 0x0000000089300000| Untracked 
| 147|0x0000000089300000, 0x00000000893e4a00, 0x0000000089400000| 89%| O|  |TAMS 0x0000000089300000, 0x00000000893e4a00| Untracked 
| 148|0x0000000089400000, 0x0000000089400000, 0x0000000089500000|  0%| F|  |TAMS 0x0000000089400000, 0x0000000089400000| Untracked 
| 149|0x0000000089500000, 0x0000000089500000, 0x0000000089600000|  0%| F|  |TAMS 0x0000000089500000, 0x0000000089500000| Untracked 
| 150|0x0000000089600000, 0x0000000089600000, 0x0000000089700000|  0%| F|  |TAMS 0x0000000089600000, 0x0000000089600000| Untracked 
| 151|0x0000000089700000, 0x0000000089700000, 0x0000000089800000|  0%| F|  |TAMS 0x0000000089700000, 0x0000000089700000| Untracked 
| 152|0x0000000089800000, 0x0000000089800000, 0x0000000089900000|  0%| F|  |TAMS 0x0000000089800000, 0x0000000089800000| Untracked 
| 153|0x0000000089900000, 0x0000000089900000, 0x0000000089a00000|  0%| F|  |TAMS 0x0000000089900000, 0x0000000089900000| Untracked 
| 154|0x0000000089a00000, 0x0000000089a00000, 0x0000000089b00000|  0%| F|  |TAMS 0x0000000089a00000, 0x0000000089a00000| Untracked 
| 155|0x0000000089b00000, 0x0000000089b00000, 0x0000000089c00000|  0%| F|  |TAMS 0x0000000089b00000, 0x0000000089b00000| Untracked 
| 156|0x0000000089c00000, 0x0000000089c00000, 0x0000000089d00000|  0%| F|  |TAMS 0x0000000089c00000, 0x0000000089c00000| Untracked 
| 157|0x0000000089d00000, 0x0000000089d00000, 0x0000000089e00000|  0%| F|  |TAMS 0x0000000089d00000, 0x0000000089d00000| Untracked 
| 158|0x0000000089e00000, 0x0000000089e00000, 0x0000000089f00000|  0%| F|  |TAMS 0x0000000089e00000, 0x0000000089e00000| Untracked 
| 159|0x0000000089f00000, 0x0000000089f00000, 0x000000008a000000|  0%| F|  |TAMS 0x0000000089f00000, 0x0000000089f00000| Untracked 
| 160|0x000000008a000000, 0x000000008a000000, 0x000000008a100000|  0%| F|  |TAMS 0x000000008a000000, 0x000000008a000000| Untracked 
| 161|0x000000008a100000, 0x000000008a100000, 0x000000008a200000|  0%| F|  |TAMS 0x000000008a100000, 0x000000008a100000| Untracked 
| 162|0x000000008a200000, 0x000000008a200000, 0x000000008a300000|  0%| F|  |TAMS 0x000000008a200000, 0x000000008a200000| Untracked 
| 163|0x000000008a300000, 0x000000008a300000, 0x000000008a400000|  0%| F|  |TAMS 0x000000008a300000, 0x000000008a300000| Untracked 
| 164|0x000000008a400000, 0x000000008a400000, 0x000000008a500000|  0%| F|  |TAMS 0x000000008a400000, 0x000000008a400000| Untracked 
| 165|0x000000008a500000, 0x000000008a500000, 0x000000008a600000|  0%| F|  |TAMS 0x000000008a500000, 0x000000008a500000| Untracked 
| 166|0x000000008a600000, 0x000000008a600000, 0x000000008a700000|  0%| F|  |TAMS 0x000000008a600000, 0x000000008a600000| Untracked 
| 167|0x000000008a700000, 0x000000008a700000, 0x000000008a800000|  0%| F|  |TAMS 0x000000008a700000, 0x000000008a700000| Untracked 
| 168|0x000000008a800000, 0x000000008a800000, 0x000000008a900000|  0%| F|  |TAMS 0x000000008a800000, 0x000000008a800000| Untracked 
| 169|0x000000008a900000, 0x000000008a900000, 0x000000008aa00000|  0%| F|  |TAMS 0x000000008a900000, 0x000000008a900000| Untracked 
| 170|0x000000008aa00000, 0x000000008aa00000, 0x000000008ab00000|  0%| F|  |TAMS 0x000000008aa00000, 0x000000008aa00000| Untracked 
| 171|0x000000008ab00000, 0x000000008ab00000, 0x000000008ac00000|  0%| F|  |TAMS 0x000000008ab00000, 0x000000008ab00000| Untracked 
| 172|0x000000008ac00000, 0x000000008ac00000, 0x000000008ad00000|  0%| F|  |TAMS 0x000000008ac00000, 0x000000008ac00000| Untracked 
| 173|0x000000008ad00000, 0x000000008ad00000, 0x000000008ae00000|  0%| F|  |TAMS 0x000000008ad00000, 0x000000008ad00000| Untracked 
| 174|0x000000008ae00000, 0x000000008ae00000, 0x000000008af00000|  0%| F|  |TAMS 0x000000008ae00000, 0x000000008ae00000| Untracked 
| 175|0x000000008af00000, 0x000000008af00000, 0x000000008b000000|  0%| F|  |TAMS 0x000000008af00000, 0x000000008af00000| Untracked 
| 176|0x000000008b000000, 0x000000008b000000, 0x000000008b100000|  0%| F|  |TAMS 0x000000008b000000, 0x000000008b000000| Untracked 
| 177|0x000000008b100000, 0x000000008b100000, 0x000000008b200000|  0%| F|  |TAMS 0x000000008b100000, 0x000000008b100000| Untracked 
| 178|0x000000008b200000, 0x000000008b200000, 0x000000008b300000|  0%| F|  |TAMS 0x000000008b200000, 0x000000008b200000| Untracked 
| 179|0x000000008b300000, 0x000000008b300000, 0x000000008b400000|  0%| F|  |TAMS 0x000000008b300000, 0x000000008b300000| Untracked 
| 180|0x000000008b400000, 0x000000008b400000, 0x000000008b500000|  0%| F|  |TAMS 0x000000008b400000, 0x000000008b400000| Untracked 
| 181|0x000000008b500000, 0x000000008b500000, 0x000000008b600000|  0%| F|  |TAMS 0x000000008b500000, 0x000000008b500000| Untracked 
| 182|0x000000008b600000, 0x000000008b600000, 0x000000008b700000|  0%| F|  |TAMS 0x000000008b600000, 0x000000008b600000| Untracked 
| 183|0x000000008b700000, 0x000000008b700000, 0x000000008b800000|  0%| F|  |TAMS 0x000000008b700000, 0x000000008b700000| Untracked 
| 184|0x000000008b800000, 0x000000008b800000, 0x000000008b900000|  0%| F|  |TAMS 0x000000008b800000, 0x000000008b800000| Untracked 
| 185|0x000000008b900000, 0x000000008b900000, 0x000000008ba00000|  0%| F|  |TAMS 0x000000008b900000, 0x000000008b900000| Untracked 
| 186|0x000000008ba00000, 0x000000008ba00000, 0x000000008bb00000|  0%| F|  |TAMS 0x000000008ba00000, 0x000000008ba00000| Untracked 
| 187|0x000000008bb00000, 0x000000008bb00000, 0x000000008bc00000|  0%| F|  |TAMS 0x000000008bb00000, 0x000000008bb00000| Untracked 
| 188|0x000000008bc00000, 0x000000008bc00000, 0x000000008bd00000|  0%| F|  |TAMS 0x000000008bc00000, 0x000000008bc00000| Untracked 
| 189|0x000000008bd00000, 0x000000008bd00000, 0x000000008be00000|  0%| F|  |TAMS 0x000000008bd00000, 0x000000008bd00000| Untracked 
| 190|0x000000008be00000, 0x000000008be00000, 0x000000008bf00000|  0%| F|  |TAMS 0x000000008be00000, 0x000000008be00000| Untracked 
| 191|0x000000008bf00000, 0x000000008bf00000, 0x000000008c000000|  0%| F|  |TAMS 0x000000008bf00000, 0x000000008bf00000| Untracked 
| 192|0x000000008c000000, 0x000000008c0bf7a0, 0x000000008c100000| 74%| S|CS|TAMS 0x000000008c000000, 0x000000008c000000| Complete 
| 193|0x000000008c100000, 0x000000008c200000, 0x000000008c200000|100%| S|CS|TAMS 0x000000008c100000, 0x000000008c100000| Complete 
| 194|0x000000008c200000, 0x000000008c300000, 0x000000008c300000|100%| S|CS|TAMS 0x000000008c200000, 0x000000008c200000| Complete 
| 195|0x000000008c300000, 0x000000008c400000, 0x000000008c400000|100%| S|CS|TAMS 0x000000008c300000, 0x000000008c300000| Complete 
| 196|0x000000008c400000, 0x000000008c500000, 0x000000008c500000|100%| S|CS|TAMS 0x000000008c400000, 0x000000008c400000| Complete 
| 197|0x000000008c500000, 0x000000008c600000, 0x000000008c600000|100%| S|CS|TAMS 0x000000008c500000, 0x000000008c500000| Complete 
| 198|0x000000008c600000, 0x000000008c600000, 0x000000008c700000|  0%| F|  |TAMS 0x000000008c600000, 0x000000008c600000| Untracked 
| 199|0x000000008c700000, 0x000000008c700000, 0x000000008c800000|  0%| F|  |TAMS 0x000000008c700000, 0x000000008c700000| Untracked 
| 200|0x000000008c800000, 0x000000008c800000, 0x000000008c900000|  0%| F|  |TAMS 0x000000008c800000, 0x000000008c800000| Untracked 
| 201|0x000000008c900000, 0x000000008c900000, 0x000000008ca00000|  0%| F|  |TAMS 0x000000008c900000, 0x000000008c900000| Untracked 
| 202|0x000000008ca00000, 0x000000008ca00000, 0x000000008cb00000|  0%| F|  |TAMS 0x000000008ca00000, 0x000000008ca00000| Untracked 
| 203|0x000000008cb00000, 0x000000008cb00000, 0x000000008cc00000|  0%| F|  |TAMS 0x000000008cb00000, 0x000000008cb00000| Untracked 
| 204|0x000000008cc00000, 0x000000008cc00000, 0x000000008cd00000|  0%| F|  |TAMS 0x000000008cc00000, 0x000000008cc00000| Untracked 
| 205|0x000000008cd00000, 0x000000008cd00000, 0x000000008ce00000|  0%| F|  |TAMS 0x000000008cd00000, 0x000000008cd00000| Untracked 
| 206|0x000000008ce00000, 0x000000008ce00000, 0x000000008cf00000|  0%| F|  |TAMS 0x000000008ce00000, 0x000000008ce00000| Untracked 
| 207|0x000000008cf00000, 0x000000008cf00000, 0x000000008d000000|  0%| F|  |TAMS 0x000000008cf00000, 0x000000008cf00000| Untracked 
| 208|0x000000008d000000, 0x000000008d000000, 0x000000008d100000|  0%| F|  |TAMS 0x000000008d000000, 0x000000008d000000| Untracked 
| 209|0x000000008d100000, 0x000000008d100000, 0x000000008d200000|  0%| F|  |TAMS 0x000000008d100000, 0x000000008d100000| Untracked 
| 210|0x000000008d200000, 0x000000008d200000, 0x000000008d300000|  0%| F|  |TAMS 0x000000008d200000, 0x000000008d200000| Untracked 
| 211|0x000000008d300000, 0x000000008d300000, 0x000000008d400000|  0%| F|  |TAMS 0x000000008d300000, 0x000000008d300000| Untracked 
| 212|0x000000008d400000, 0x000000008d400000, 0x000000008d500000|  0%| F|  |TAMS 0x000000008d400000, 0x000000008d400000| Untracked 
| 213|0x000000008d500000, 0x000000008d500000, 0x000000008d600000|  0%| F|  |TAMS 0x000000008d500000, 0x000000008d500000| Untracked 
| 214|0x000000008d600000, 0x000000008d600000, 0x000000008d700000|  0%| F|  |TAMS 0x000000008d600000, 0x000000008d600000| Untracked 
| 215|0x000000008d700000, 0x000000008d700000, 0x000000008d800000|  0%| F|  |TAMS 0x000000008d700000, 0x000000008d700000| Untracked 
| 216|0x000000008d800000, 0x000000008d800000, 0x000000008d900000|  0%| F|  |TAMS 0x000000008d800000, 0x000000008d800000| Untracked 
| 217|0x000000008d900000, 0x000000008d900000, 0x000000008da00000|  0%| F|  |TAMS 0x000000008d900000, 0x000000008d900000| Untracked 
| 218|0x000000008da00000, 0x000000008da00000, 0x000000008db00000|  0%| F|  |TAMS 0x000000008da00000, 0x000000008da00000| Untracked 
| 219|0x000000008db00000, 0x000000008db00000, 0x000000008dc00000|  0%| F|  |TAMS 0x000000008db00000, 0x000000008db00000| Untracked 
| 220|0x000000008dc00000, 0x000000008dc00000, 0x000000008dd00000|  0%| F|  |TAMS 0x000000008dc00000, 0x000000008dc00000| Untracked 
| 221|0x000000008dd00000, 0x000000008dd00000, 0x000000008de00000|  0%| F|  |TAMS 0x000000008dd00000, 0x000000008dd00000| Untracked 
| 222|0x000000008de00000, 0x000000008de00000, 0x000000008df00000|  0%| F|  |TAMS 0x000000008de00000, 0x000000008de00000| Untracked 
| 223|0x000000008df00000, 0x000000008df00000, 0x000000008e000000|  0%| F|  |TAMS 0x000000008df00000, 0x000000008df00000| Untracked 
| 224|0x000000008e000000, 0x000000008e000000, 0x000000008e100000|  0%| F|  |TAMS 0x000000008e000000, 0x000000008e000000| Untracked 
| 225|0x000000008e100000, 0x000000008e100000, 0x000000008e200000|  0%| F|  |TAMS 0x000000008e100000, 0x000000008e100000| Untracked 
| 226|0x000000008e200000, 0x000000008e200000, 0x000000008e300000|  0%| F|  |TAMS 0x000000008e200000, 0x000000008e200000| Untracked 
| 227|0x000000008e300000, 0x000000008e300000, 0x000000008e400000|  0%| F|  |TAMS 0x000000008e300000, 0x000000008e300000| Untracked 
| 228|0x000000008e400000, 0x000000008e400000, 0x000000008e500000|  0%| F|  |TAMS 0x000000008e400000, 0x000000008e400000| Untracked 
| 229|0x000000008e500000, 0x000000008e500000, 0x000000008e600000|  0%| F|  |TAMS 0x000000008e500000, 0x000000008e500000| Untracked 
| 230|0x000000008e600000, 0x000000008e600000, 0x000000008e700000|  0%| F|  |TAMS 0x000000008e600000, 0x000000008e600000| Untracked 
| 231|0x000000008e700000, 0x000000008e700000, 0x000000008e800000|  0%| F|  |TAMS 0x000000008e700000, 0x000000008e700000| Untracked 
| 232|0x000000008e800000, 0x000000008e800000, 0x000000008e900000|  0%| F|  |TAMS 0x000000008e800000, 0x000000008e800000| Untracked 
| 233|0x000000008e900000, 0x000000008e900000, 0x000000008ea00000|  0%| F|  |TAMS 0x000000008e900000, 0x000000008e900000| Untracked 
| 234|0x000000008ea00000, 0x000000008ea00000, 0x000000008eb00000|  0%| F|  |TAMS 0x000000008ea00000, 0x000000008ea00000| Untracked 
| 235|0x000000008eb00000, 0x000000008eb00000, 0x000000008ec00000|  0%| F|  |TAMS 0x000000008eb00000, 0x000000008eb00000| Untracked 
| 236|0x000000008ec00000, 0x000000008ec00000, 0x000000008ed00000|  0%| F|  |TAMS 0x000000008ec00000, 0x000000008ec00000| Untracked 
| 237|0x000000008ed00000, 0x000000008ed00000, 0x000000008ee00000|  0%| F|  |TAMS 0x000000008ed00000, 0x000000008ed00000| Untracked 
| 238|0x000000008ee00000, 0x000000008ee00000, 0x000000008ef00000|  0%| F|  |TAMS 0x000000008ee00000, 0x000000008ee00000| Untracked 
| 239|0x000000008ef00000, 0x000000008ef00000, 0x000000008f000000|  0%| F|  |TAMS 0x000000008ef00000, 0x000000008ef00000| Untracked 
| 240|0x000000008f000000, 0x000000008f000000, 0x000000008f100000|  0%| F|  |TAMS 0x000000008f000000, 0x000000008f000000| Untracked 
| 241|0x000000008f100000, 0x000000008f100000, 0x000000008f200000|  0%| F|  |TAMS 0x000000008f100000, 0x000000008f100000| Untracked 
| 242|0x000000008f200000, 0x000000008f200000, 0x000000008f300000|  0%| F|  |TAMS 0x000000008f200000, 0x000000008f200000| Untracked 
| 243|0x000000008f300000, 0x000000008f300000, 0x000000008f400000|  0%| F|  |TAMS 0x000000008f300000, 0x000000008f300000| Untracked 
| 244|0x000000008f400000, 0x000000008f400000, 0x000000008f500000|  0%| F|  |TAMS 0x000000008f400000, 0x000000008f400000| Untracked 
| 245|0x000000008f500000, 0x000000008f500000, 0x000000008f600000|  0%| F|  |TAMS 0x000000008f500000, 0x000000008f500000| Untracked 
| 246|0x000000008f600000, 0x000000008f600000, 0x000000008f700000|  0%| F|  |TAMS 0x000000008f600000, 0x000000008f600000| Untracked 
| 247|0x000000008f700000, 0x000000008f700000, 0x000000008f800000|  0%| F|  |TAMS 0x000000008f700000, 0x000000008f700000| Untracked 
| 248|0x000000008f800000, 0x000000008f800000, 0x000000008f900000|  0%| F|  |TAMS 0x000000008f800000, 0x000000008f800000| Untracked 
| 249|0x000000008f900000, 0x000000008f900000, 0x000000008fa00000|  0%| F|  |TAMS 0x000000008f900000, 0x000000008f900000| Untracked 

Card table byte_map: [0x0000016445e20000,0x0000016446220000] _byte_map_base: 0x0000016445a20000

Marking Bits (Prev, Next): (CMBitMap*) 0x00000164335b8cd0, (CMBitMap*) 0x00000164335b8d10
 Prev Bits: [0x0000016446620000, 0x0000016448620000)
 Next Bits: [0x0000016448620000, 0x000001644a620000)

Polling page: 0x0000016431360000

Metaspace:

Usage:
  Non-class:     75.43 MB used.
      Class:     11.94 MB used.
       Both:     87.37 MB used.

Virtual space:
  Non-class space:       80.00 MB reserved,      75.81 MB ( 95%) committed,  10 nodes.
      Class space:        1.00 GB reserved,      12.31 MB (  1%) committed,  1 nodes.
             Both:        1.08 GB reserved,      88.12 MB (  8%) committed. 

Chunk freelists:
   Non-Class:  3.89 MB
       Class:  3.69 MB
        Both:  7.58 MB

MaxMetaspaceSize: unlimited
CompressedClassSpaceSize: 1.00 GB
Initial GC threshold: 21.00 MB
Current GC threshold: 146.88 MB
CDS: off
MetaspaceReclaimPolicy: balanced
 - commit_granule_bytes: 65536.
 - commit_granule_words: 8192.
 - virtual_space_node_default_size: 1048576.
 - enlarge_chunks_in_place: 1.
 - new_chunks_are_fully_committed: 0.
 - uncommit_free_chunks: 1.
 - use_allocation_guard: 0.
 - handle_deallocations: 1.


Internal statistics:

num_allocs_failed_limit: 6.
num_arena_births: 1130.
num_arena_deaths: 0.
num_vsnodes_births: 11.
num_vsnodes_deaths: 0.
num_space_committed: 1410.
num_space_uncommitted: 0.
num_chunks_returned_to_freelist: 6.
num_chunks_taken_from_freelist: 4500.
num_chunk_merges: 6.
num_chunk_splits: 2922.
num_chunks_enlarged: 1892.
num_purges: 0.
num_inconsistent_stats: 0.

CodeHeap 'non-profiled nmethods': size=120000Kb used=5387Kb max_used=5497Kb free=114613Kb
 bounds [0x000001643e4f0000, 0x000001643ea50000, 0x0000016445a20000]
CodeHeap 'profiled nmethods': size=120000Kb used=17231Kb max_used=18818Kb free=102768Kb
 bounds [0x0000016436a20000, 0x0000016437c90000, 0x000001643df50000]
CodeHeap 'non-nmethods': size=5760Kb used=2431Kb max_used=2510Kb free=3328Kb
 bounds [0x000001643df50000, 0x000001643e1e0000, 0x000001643e4f0000]
 total_blobs=9787 nmethods=8862 adapters=835
 compilation: enabled
              stopped_count=0, restarted_count=0
 full_count=0

Compilation events (20 events):
Event: 352.511 Thread 0x000001644d51f1c0 nmethod 10381 0x000001643e69bd90 code [0x000001643e69bf40, 0x000001643e69c2c8]
Event: 352.511 Thread 0x000001644d51f1c0 10380   !   4       java.nio.file.FileTreeWalker::visit (204 bytes)
Event: 352.514 Thread 0x000001644d520350 10383       3       org.gradle.internal.snapshot.impl.DirectorySnapshotter$PathVisitor::snapshotFile (142 bytes)
Event: 352.516 Thread 0x000001644d520350 nmethod 10383 0x0000016437422a10 code [0x0000016437422da0, 0x0000016437424718]
Event: 352.620 Thread 0x0000016456197e60 nmethod 10360 0x000001643e60f990 code [0x000001643e60fec0, 0x000001643e616098]
Event: 352.620 Thread 0x0000016456197e60 10387       4       sun.nio.fs.WindowsFileAttributes::isSymbolicLink (15 bytes)
Event: 352.621 Thread 0x0000016456197e60 nmethod 10387 0x000001643e60f690 code [0x000001643e60f800, 0x000001643e60f898]
Event: 352.621 Thread 0x0000016456197e60 10386   !   4       com.google.common.cache.LocalCache$Segment::runLockedCleanup (39 bytes)
Event: 352.630 Thread 0x0000016456197e60 nmethod 10386 0x000001643e60eb90 code [0x000001643e60ed60, 0x000001643e60f240]
Event: 352.630 Thread 0x0000016456197e60 10385       4       java.lang.Math::addExact (32 bytes)
Event: 352.631 Thread 0x0000016456197e60 nmethod 10385 0x000001643e60e890 code [0x000001643e60ea00, 0x000001643e60ea98]
Event: 352.631 Thread 0x0000016456197e60 10384       4       java.util.concurrent.locks.ReentrantLock$FairSync::tryAcquire (34 bytes)
Event: 352.635 Thread 0x0000016456197e60 nmethod 10384 0x000001643e60e310 code [0x000001643e60e4a0, 0x000001643e60e748]
Event: 352.635 Thread 0x0000016456197e60 10389       4       java.util.concurrent.locks.AbstractQueuedSynchronizer$Node::clearStatus (12 bytes)
Event: 352.636 Thread 0x0000016456197e60 nmethod 10389 0x000001643e60e010 code [0x000001643e60e180, 0x000001643e60e1f8]
Event: 352.636 Thread 0x0000016456197e60 10388       4       org.gradle.internal.file.FileHierarchySet$PrefixFileSet::contains (10 bytes)
Event: 352.637 Thread 0x0000016456197e60 nmethod 10388 0x000001643e60dc90 code [0x000001643e60de20, 0x000001643e60dee8]
Event: 352.642 Thread 0x0000016456197e60 10390   !   4       org.gradle.internal.serialize.kryo.KryoBackedDecoder::readLong (15 bytes)
Event: 352.654 Thread 0x0000016456197e60 nmethod 10390 0x000001643e60ce10 code [0x000001643e60d000, 0x000001643e60d760]
Event: 352.654 Thread 0x0000016456197e60 10392   !   4       java.util.concurrent.locks.AbstractQueuedSynchronizer::acquire (407 bytes)

GC Heap History (20 events):
Event: 38.217 GC heap after
{Heap after GC invocations=28 (full 0):
 garbage-first heap   total 102400K, used 54817K [0x0000000080000000, 0x0000000100000000)
  region size 1024K, 1 young (1024K), 1 survivors (1024K)
 Metaspace       used 71715K, committed 72256K, reserved 1114112K
  class space    used 9529K, committed 9792K, reserved 1048576K
}
Event: 39.429 GC heap before
{Heap before GC invocations=28 (full 0):
 garbage-first heap   total 102400K, used 83489K [0x0000000080000000, 0x0000000100000000)
  region size 1024K, 29 young (29696K), 1 survivors (1024K)
 Metaspace       used 73905K, committed 74496K, reserved 1114112K
  class space    used 9814K, committed 10048K, reserved 1048576K
}
Event: 39.437 GC heap after
{Heap after GC invocations=29 (full 0):
 garbage-first heap   total 204800K, used 57219K [0x0000000080000000, 0x0000000100000000)
  region size 1024K, 3 young (3072K), 3 survivors (3072K)
 Metaspace       used 73905K, committed 74496K, reserved 1114112K
  class space    used 9814K, committed 10048K, reserved 1048576K
}
Event: 348.294 GC heap before
{Heap before GC invocations=30 (full 0):
 garbage-first heap   total 204800K, used 179075K [0x0000000080000000, 0x0000000100000000)
  region size 1024K, 100 young (102400K), 3 survivors (3072K)
 Metaspace       used 83290K, committed 83904K, reserved 1122304K
  class space    used 11401K, committed 11712K, reserved 1048576K
}
Event: 348.312 GC heap after
{Heap after GC invocations=31 (full 0):
 garbage-first heap   total 204800K, used 89132K [0x0000000080000000, 0x0000000100000000)
  region size 1024K, 13 young (13312K), 13 survivors (13312K)
 Metaspace       used 83290K, committed 83904K, reserved 1122304K
  class space    used 11401K, committed 11712K, reserved 1048576K
}
Event: 348.344 GC heap before
{Heap before GC invocations=31 (full 0):
 garbage-first heap   total 204800K, used 90156K [0x0000000080000000, 0x0000000100000000)
  region size 1024K, 14 young (14336K), 13 survivors (13312K)
 Metaspace       used 83339K, committed 83968K, reserved 1122304K
  class space    used 11415K, committed 11712K, reserved 1048576K
}
Event: 348.360 GC heap after
{Heap after GC invocations=32 (full 0):
 garbage-first heap   total 204800K, used 89881K [0x0000000080000000, 0x0000000100000000)
  region size 1024K, 2 young (2048K), 2 survivors (2048K)
 Metaspace       used 83339K, committed 83968K, reserved 1122304K
  class space    used 11415K, committed 11712K, reserved 1048576K
}
Event: 348.787 GC heap before
{Heap before GC invocations=32 (full 0):
 garbage-first heap   total 204800K, used 98073K [0x0000000080000000, 0x0000000100000000)
  region size 1024K, 11 young (11264K), 2 survivors (2048K)
 Metaspace       used 83794K, committed 84544K, reserved 1122304K
  class space    used 11495K, committed 11840K, reserved 1048576K
}
Event: 348.790 GC heap after
{Heap after GC invocations=33 (full 0):
 garbage-first heap   total 204800K, used 90069K [0x0000000080000000, 0x0000000100000000)
  region size 1024K, 2 young (2048K), 2 survivors (2048K)
 Metaspace       used 83794K, committed 84544K, reserved 1122304K
  class space    used 11495K, committed 11840K, reserved 1048576K
}
Event: 350.761 GC heap before
{Heap before GC invocations=34 (full 0):
 garbage-first heap   total 204800K, used 189397K [0x0000000080000000, 0x0000000100000000)
  region size 1024K, 72 young (73728K), 2 survivors (2048K)
 Metaspace       used 87261K, committed 88064K, reserved 1130496K
  class space    used 11930K, committed 12288K, reserved 1048576K
}
Event: 350.779 GC heap after
{Heap after GC invocations=35 (full 0):
 garbage-first heap   total 204800K, used 129201K [0x0000000080000000, 0x0000000100000000)
  region size 1024K, 9 young (9216K), 9 survivors (9216K)
 Metaspace       used 87261K, committed 88064K, reserved 1130496K
  class space    used 11930K, committed 12288K, reserved 1048576K
}
Event: 350.799 GC heap before
{Heap before GC invocations=35 (full 0):
 garbage-first heap   total 204800K, used 130225K [0x0000000080000000, 0x0000000100000000)
  region size 1024K, 10 young (10240K), 9 survivors (9216K)
 Metaspace       used 87523K, committed 88320K, reserved 1130496K
  class space    used 11954K, committed 12288K, reserved 1048576K
}
Event: 350.810 GC heap after
{Heap after GC invocations=36 (full 0):
 garbage-first heap   total 204800K, used 129883K [0x0000000080000000, 0x0000000100000000)
  region size 1024K, 1 young (1024K), 1 survivors (1024K)
 Metaspace       used 87523K, committed 88320K, reserved 1130496K
  class space    used 11954K, committed 12288K, reserved 1048576K
}
Event: 351.432 GC heap before
{Heap before GC invocations=36 (full 0):
 garbage-first heap   total 204800K, used 166747K [0x0000000080000000, 0x0000000100000000)
  region size 1024K, 38 young (38912K), 1 survivors (1024K)
 Metaspace       used 89434K, committed 90240K, reserved 1130496K
  class space    used 12221K, committed 12608K, reserved 1048576K
}
Event: 351.439 GC heap after
{Heap after GC invocations=37 (full 0):
 garbage-first heap   total 204800K, used 132096K [0x0000000080000000, 0x0000000100000000)
  region size 1024K, 3 young (3072K), 3 survivors (3072K)
 Metaspace       used 89434K, committed 90240K, reserved 1130496K
  class space    used 12221K, committed 12608K, reserved 1048576K
}
Event: 351.857 GC heap before
{Heap before GC invocations=38 (full 0):
 garbage-first heap   total 256000K, used 174080K [0x0000000080000000, 0x0000000100000000)
  region size 1024K, 40 young (40960K), 3 survivors (3072K)
 Metaspace       used 89439K, committed 90240K, reserved 1130496K
  class space    used 12222K, committed 12608K, reserved 1048576K
}
Event: 351.879 GC heap after
{Heap after GC invocations=39 (full 0):
 garbage-first heap   total 256000K, used 148202K [0x0000000080000000, 0x0000000100000000)
  region size 1024K, 5 young (5120K), 5 survivors (5120K)
 Metaspace       used 89439K, committed 90240K, reserved 1130496K
  class space    used 12222K, committed 12608K, reserved 1048576K
}
Event: 351.927 GC heap before
{Heap before GC invocations=39 (full 0):
 garbage-first heap   total 256000K, used 154346K [0x0000000080000000, 0x0000000100000000)
  region size 1024K, 12 young (12288K), 5 survivors (5120K)
 Metaspace       used 89439K, committed 90240K, reserved 1130496K
  class space    used 12222K, committed 12608K, reserved 1048576K
}
Event: 351.940 GC heap after
{Heap after GC invocations=40 (full 0):
 garbage-first heap   total 256000K, used 150418K [0x0000000080000000, 0x0000000100000000)
  region size 1024K, 2 young (2048K), 2 survivors (2048K)
 Metaspace       used 89439K, committed 90240K, reserved 1130496K
  class space    used 12222K, committed 12608K, reserved 1048576K
}
Event: 352.702 GC heap before
{Heap before GC invocations=40 (full 0):
 garbage-first heap   total 256000K, used 200594K [0x0000000080000000, 0x0000000100000000)
  region size 1024K, 52 young (53248K), 2 survivors (2048K)
 Metaspace       used 89465K, committed 90240K, reserved 1130496K
  class space    used 12222K, committed 12608K, reserved 1048576K
}

Dll operation events (2 events):
Event: 0.103 Loaded shared library E:\Android\jbr\bin\java.dll
Event: 7.861 Loaded shared library E:\Android\jbr\bin\verify.dll

Deoptimization events (20 events):
Event: 351.751 Thread 0x0000016451548580 DEOPT PACKING pc=0x000001643e820b20 sp=0x00000032806fe470
Event: 351.751 Thread 0x0000016451548580 DEOPT UNPACKING pc=0x000001643dfa69a3 sp=0x00000032806fe338 mode 2
Event: 351.751 Thread 0x0000016451548580 Uncommon trap: trap_request=0xffffff45 fr.pc=0x000001643e99f684 relative=0x00000000000020c4
Event: 351.751 Thread 0x0000016451548580 Uncommon trap: reason=unstable_if action=reinterpret pc=0x000001643e99f684 method=com.google.common.collect.MapMakerInternalMap$Segment.put(Ljava/lang/Object;ILjava/lang/Object;Z)Ljava/lang/Object; @ 92 c2
Event: 351.751 Thread 0x0000016451548580 DEOPT PACKING pc=0x000001643e99f684 sp=0x00000032806fe2e0
Event: 351.751 Thread 0x0000016451548580 DEOPT UNPACKING pc=0x000001643dfa69a3 sp=0x00000032806fe298 mode 2
Event: 351.969 Thread 0x0000016455b1ed70 Uncommon trap: trap_request=0xffffff45 fr.pc=0x000001643e86fc30 relative=0x0000000000000570
Event: 351.969 Thread 0x0000016455b1ed70 Uncommon trap: reason=unstable_if action=reinterpret pc=0x000001643e86fc30 method=java.lang.StringLatin1.compareToCI([B[B)I @ 68 c2
Event: 351.969 Thread 0x0000016455b1ed70 DEOPT PACKING pc=0x000001643e86fc30 sp=0x00000032841fb9f0
Event: 351.969 Thread 0x0000016455b1ed70 DEOPT UNPACKING pc=0x000001643dfa69a3 sp=0x00000032841fb8e0 mode 2
Event: 351.969 Thread 0x0000016455b1ed70 Uncommon trap: trap_request=0xffffff45 fr.pc=0x000001643e62cd28 relative=0x00000000000004e8
Event: 351.969 Thread 0x0000016455b1ed70 Uncommon trap: reason=unstable_if action=reinterpret pc=0x000001643e62cd28 method=java.lang.StringLatin1.compareToCI([B[B)I @ 68 c2
Event: 351.969 Thread 0x0000016455b1ed70 DEOPT PACKING pc=0x000001643e62cd28 sp=0x00000032841fb950
Event: 351.969 Thread 0x0000016455b1ed70 DEOPT UNPACKING pc=0x000001643dfa69a3 sp=0x00000032841fb8d8 mode 2
Event: 352.180 Thread 0x000001644fd9fec0 DEOPT PACKING pc=0x000001643742d320 sp=0x00000032809fe690
Event: 352.180 Thread 0x000001644fd9fec0 DEOPT UNPACKING pc=0x000001643dfa7143 sp=0x00000032809fdb50 mode 0
Event: 352.210 Thread 0x000001644fd9fec0 DEOPT PACKING pc=0x000001643742d320 sp=0x00000032809fe690
Event: 352.210 Thread 0x000001644fd9fec0 DEOPT UNPACKING pc=0x000001643dfa7143 sp=0x00000032809fdb50 mode 0
Event: 352.235 Thread 0x000001644fd9fec0 DEOPT PACKING pc=0x000001643742d320 sp=0x00000032809fe6a0
Event: 352.235 Thread 0x000001644fd9fec0 DEOPT UNPACKING pc=0x000001643dfa7143 sp=0x00000032809fdb60 mode 0

Classes unloaded (0 events):
No events

Classes redefined (0 events):
No events

Internal exceptions (20 events):
Event: 351.193 Thread 0x000001644ff30250 Exception <a 'java/lang/ClassNotFoundException'{0x000000008aeadc90}: org/gradle/internal/extensibility/ExtensionsStorage$ExtensionHolderBeanInfo> (0x000000008aeadc90) 
thrown [s\src\hotspot\share\classfile\systemDictionary.cpp, line 256]
Event: 351.194 Thread 0x000001644ff30250 Exception <a 'java/lang/ClassNotFoundException'{0x000000008aeb60e8}: org/gradle/internal/extensibility/ExtensionsStorage$ExtensionHolderCustomizer> (0x000000008aeb60e8) 
thrown [s\src\hotspot\share\classfile\systemDictionary.cpp, line 256]
Event: 351.209 Thread 0x000001644ff30250 Exception <a 'java/lang/ClassNotFoundException'{0x000000008ad9a360}: org/gradle/internal/service/scopes/ProjectScopeServicesBeanInfo> (0x000000008ad9a360) 
thrown [s\src\hotspot\share\classfile\systemDictionary.cpp, line 256]
Event: 351.211 Thread 0x000001644ff30250 Exception <a 'java/lang/ClassNotFoundException'{0x000000008ada26d8}: org/gradle/internal/service/scopes/ProjectScopeServicesCustomizer> (0x000000008ada26d8) 
thrown [s\src\hotspot\share\classfile\systemDictionary.cpp, line 256]
Event: 351.214 Thread 0x000001644ff30250 Exception <a 'java/lang/ClassNotFoundException'{0x000000008adc3198}: org/gradle/api/internal/catalog/DefaultDependenciesAccessorsBeanInfo> (0x000000008adc3198) 
thrown [s\src\hotspot\share\classfile\systemDictionary.cpp, line 256]
Event: 351.215 Thread 0x000001644ff30250 Exception <a 'java/lang/ClassNotFoundException'{0x000000008adcd158}: org/gradle/api/internal/catalog/DefaultDependenciesAccessorsCustomizer> (0x000000008adcd158) 
thrown [s\src\hotspot\share\classfile\systemDictionary.cpp, line 256]
Event: 351.219 Thread 0x000001644ff30250 Exception <a 'java/lang/ClassNotFoundException'{0x000000008adeef08}: org/gradle/internal/classpath/DefaultClassPathBeanInfo> (0x000000008adeef08) 
thrown [s\src\hotspot\share\classfile\systemDictionary.cpp, line 256]
Event: 351.220 Thread 0x000001644ff30250 Exception <a 'java/lang/ClassNotFoundException'{0x000000008adf7008}: org/gradle/internal/classpath/DefaultClassPathCustomizer> (0x000000008adf7008) 
thrown [s\src\hotspot\share\classfile\systemDictionary.cpp, line 256]
Event: 351.224 Thread 0x000001644ff30250 Exception <a 'java/lang/ClassNotFoundException'{0x000000008ab0dc70}: org/gradle/internal/classpath/DefaultClassPath$ImmutableUniqueListBeanInfo> (0x000000008ab0dc70) 
thrown [s\src\hotspot\share\classfile\systemDictionary.cpp, line 256]
Event: 351.224 Thread 0x000001644ff30250 Exception <a 'java/lang/ClassNotFoundException'{0x000000008ab12210}: java/util/AbstractListBeanInfo> (0x000000008ab12210) 
thrown [s\src\hotspot\share\classfile\systemDictionary.cpp, line 256]
Event: 351.224 Thread 0x000001644ff30250 Exception <a 'java/lang/ClassNotFoundException'{0x000000008ab16788}: java/util/AbstractListCustomizer> (0x000000008ab16788) 
thrown [s\src\hotspot\share\classfile\systemDictionary.cpp, line 256]
Event: 351.226 Thread 0x000001644ff30250 Exception <a 'java/lang/ClassNotFoundException'{0x000000008ab2a008}: org/gradle/internal/classpath/DefaultClassPath$ImmutableUniqueListCustomizer> (0x000000008ab2a008) 
thrown [s\src\hotspot\share\classfile\systemDictionary.cpp, line 256]
Event: 351.232 Thread 0x000001644ff30250 Exception <a 'java/lang/ClassNotFoundException'{0x000000008ab6db70}: org/jetbrains/plugins/gradle/model/DefaultDependencyAccessorsModelBeanInfo> (0x000000008ab6db70) 
thrown [s\src\hotspot\share\classfile\systemDictionary.cpp, line 256]
Event: 351.232 Thread 0x000001644ff30250 Exception <a 'java/lang/ClassNotFoundException'{0x000000008ab76208}: org/jetbrains/plugins/gradle/model/DefaultDependencyAccessorsModelCustomizer> (0x000000008ab76208) 
thrown [s\src\hotspot\share\classfile\systemDictionary.cpp, line 256]
Event: 351.244 Thread 0x0000016455b21d90 Exception <a 'java/lang/NoSuchMethodError'{0x000000008ad69af8}: static Lorg/jetbrains/plugins/gradle/tooling/internal/VersionCatalogsModelImpl;.<clinit>()V> (0x000000008ad69af8) 
thrown [s\src\hotspot\share\prims\jni.cpp, line 1108]
Event: 351.259 Thread 0x000001644ff30250 Exception <a 'java/lang/ClassNotFoundException'{0x000000008a9b9a20}: org/gradle/api/internal/tasks/DefaultSourceSetContainer_DecoratedBeanInfo> (0x000000008a9b9a20) 
thrown [s\src\hotspot\share\classfile\systemDictionary.cpp, line 256]
Event: 351.260 Thread 0x000001644ff30250 Exception <a 'java/lang/ClassNotFoundException'{0x000000008a9c3988}: org/gradle/api/internal/tasks/DefaultSourceSetContainerBeanInfo> (0x000000008a9c3988) 
thrown [s\src\hotspot\share\classfile\systemDictionary.cpp, line 256]
Event: 351.260 Thread 0x000001644ff30250 Exception <a 'java/lang/ClassNotFoundException'{0x000000008a9cd910}: org/gradle/api/internal/tasks/DefaultSourceSetContainerCustomizer> (0x000000008a9cd910) 
thrown [s\src\hotspot\share\classfile\systemDictionary.cpp, line 256]
Event: 351.261 Thread 0x000001644ff30250 Exception <a 'java/lang/ClassNotFoundException'{0x000000008a9e2fb8}: org/gradle/api/internal/tasks/DefaultSourceSetContainer_DecoratedCustomizer> (0x000000008a9e2fb8) 
thrown [s\src\hotspot\share\classfile\systemDictionary.cpp, line 256]
Event: 351.412 Thread 0x0000016455b1ed70 Exception <a 'java/lang/NoSuchMethodError'{0x000000008a3e7f38}: 'java.lang.Object java.lang.invoke.DirectMethodHandle$Holder.invokeSpecialIFC(java.lang.Object, java.lang.Object, java.lang.Object)'> (0x000000008a3e7f38) 
thrown [s\src\hotspot\share\interpreter\linkResolver.cpp, line 771]

VM Operations (20 events):
Event: 351.380 Executing VM operation: HandshakeAllThreads done
Event: 351.381 Executing VM operation: HandshakeAllThreads
Event: 351.381 Executing VM operation: HandshakeAllThreads done
Event: 351.384 Executing VM operation: HandshakeAllThreads
Event: 351.385 Executing VM operation: HandshakeAllThreads done
Event: 351.400 Executing VM operation: HandshakeAllThreads
Event: 351.400 Executing VM operation: HandshakeAllThreads done
Event: 351.431 Executing VM operation: G1TryInitiateConcMark
Event: 351.439 Executing VM operation: G1TryInitiateConcMark done
Event: 351.442 Executing VM operation: HandshakeAllThreads
Event: 351.442 Executing VM operation: HandshakeAllThreads done
Event: 351.629 Executing VM operation: G1Concurrent
Event: 351.645 Executing VM operation: G1Concurrent done
Event: 351.744 Executing VM operation: G1Concurrent
Event: 351.744 Executing VM operation: G1Concurrent done
Event: 351.857 Executing VM operation: G1CollectForAllocation
Event: 351.880 Executing VM operation: G1CollectForAllocation done
Event: 351.927 Executing VM operation: G1CollectForAllocation
Event: 351.941 Executing VM operation: G1CollectForAllocation done
Event: 352.701 Executing VM operation: G1CollectForAllocation

Events (20 events):
Event: 351.459 Thread 0x000001644d52efb0 flushing nmethod 0x000001643788c310
Event: 351.460 Thread 0x000001644d52efb0 flushing nmethod 0x0000016437898610
Event: 351.460 Thread 0x000001644d52efb0 flushing nmethod 0x00000164378a3410
Event: 351.460 Thread 0x000001644d52efb0 flushing nmethod 0x00000164378a6710
Event: 351.460 Thread 0x000001644d52efb0 flushing nmethod 0x00000164378b5890
Event: 351.460 Thread 0x000001644d52efb0 flushing nmethod 0x00000164378b7290
Event: 351.460 Thread 0x000001644d52efb0 flushing nmethod 0x000001643793d090
Event: 351.460 Thread 0x000001644d52efb0 flushing nmethod 0x000001643793ef90
Event: 351.460 Thread 0x000001644d52efb0 flushing nmethod 0x0000016437940e10
Event: 351.460 Thread 0x000001644d52efb0 flushing nmethod 0x0000016437941410
Event: 351.461 Thread 0x000001644d52efb0 flushing nmethod 0x0000016437a0d010
Event: 351.461 Thread 0x000001644d52efb0 flushing nmethod 0x0000016437a0d410
Event: 351.461 Thread 0x000001644d52efb0 flushing nmethod 0x0000016437a13990
Event: 351.461 Thread 0x000001644d52efb0 flushing nmethod 0x0000016437a1d490
Event: 351.461 Thread 0x000001644d52efb0 flushing nmethod 0x0000016437a81910
Event: 351.461 Thread 0x000001644d52efb0 flushing nmethod 0x0000016437a82010
Event: 351.461 Thread 0x000001644d52efb0 flushing nmethod 0x0000016437a86110
Event: 351.462 Thread 0x000001644d52efb0 flushing nmethod 0x0000016437b4f910
Event: 351.462 Thread 0x000001644d52efb0 flushing nmethod 0x0000016437b5f510
Event: 351.462 Thread 0x000001644d52efb0 flushing nmethod 0x0000016437b7a910


Dynamic libraries:
0x00007ff70bf50000 - 0x00007ff70bf5a000 	E:\Android\jbr\bin\java.exe
0x00007ff852650000 - 0x00007ff852866000 	C:\Windows\SYSTEM32\ntdll.dll
0x00007ff8508c0000 - 0x00007ff850984000 	C:\Windows\System32\KERNEL32.DLL
0x00007ff84f990000 - 0x00007ff84fd36000 	C:\Windows\System32\KERNELBASE.dll
0x00007ff850130000 - 0x00007ff850241000 	C:\Windows\System32\ucrtbase.dll
0x00007ff80fe60000 - 0x00007ff80fe77000 	E:\Android\jbr\bin\jli.dll
0x00007ff850eb0000 - 0x00007ff85105d000 	C:\Windows\System32\USER32.dll
0x00007ff850370000 - 0x00007ff850396000 	C:\Windows\System32\win32u.dll
0x00007ff850440000 - 0x00007ff850469000 	C:\Windows\System32\GDI32.dll
0x00007ff850250000 - 0x00007ff850368000 	C:\Windows\System32\gdi32full.dll
0x00007ff84fde0000 - 0x00007ff84fe7a000 	C:\Windows\System32\msvcp_win.dll
0x00007ff832bc0000 - 0x00007ff832e53000 	C:\Windows\WinSxS\amd64_microsoft.windows.common-controls_6595b64144ccf1df_6.0.22621.3235_none_270f74e173860f98\COMCTL32.dll
0x00007ff851110000 - 0x00007ff8511b7000 	C:\Windows\System32\msvcrt.dll
0x00007ff8494f0000 - 0x00007ff84950b000 	E:\Android\jbr\bin\VCRUNTIME140.dll
0x00007ff850e70000 - 0x00007ff850ea1000 	C:\Windows\System32\IMM32.DLL
0x00007ff849520000 - 0x00007ff84952c000 	E:\Android\jbr\bin\vcruntime140_1.dll
0x00007ff81c750000 - 0x00007ff81c7dd000 	E:\Android\jbr\bin\msvcp140.dll
0x00007fffc06c0000 - 0x00007fffc132e000 	E:\Android\jbr\bin\server\jvm.dll
0x00007ff8507e0000 - 0x00007ff850892000 	C:\Windows\System32\ADVAPI32.dll
0x00007ff851060000 - 0x00007ff851108000 	C:\Windows\System32\sechost.dll
0x00007ff84fd40000 - 0x00007ff84fd68000 	C:\Windows\System32\bcrypt.dll
0x00007ff851ba0000 - 0x00007ff851cb5000 	C:\Windows\System32\RPCRT4.dll
0x00007ff846dd0000 - 0x00007ff846dd9000 	C:\Windows\SYSTEM32\WSOCK32.dll
0x00007ff8503a0000 - 0x00007ff850411000 	C:\Windows\System32\WS2_32.dll
0x00007ff846080000 - 0x00007ff8460b4000 	C:\Windows\SYSTEM32\WINMM.dll
0x00007ff845fc0000 - 0x00007ff845fca000 	C:\Windows\SYSTEM32\VERSION.dll
0x00007ff84e9d0000 - 0x00007ff84e9e8000 	C:\Windows\SYSTEM32\kernel.appcore.dll
0x00007ff846c80000 - 0x00007ff846c8a000 	E:\Android\jbr\bin\jimage.dll
0x00007ff848910000 - 0x00007ff848b43000 	C:\Windows\SYSTEM32\DBGHELP.DLL
0x00007ff851510000 - 0x00007ff851898000 	C:\Windows\System32\combase.dll
0x00007ff851cd0000 - 0x00007ff851da7000 	C:\Windows\System32\OLEAUT32.dll
0x00007ff83e540000 - 0x00007ff83e572000 	C:\Windows\SYSTEM32\dbgcore.DLL
0x00007ff8500b0000 - 0x00007ff85012a000 	C:\Windows\System32\bcryptPrimitives.dll
0x00007ff8321d0000 - 0x00007ff8321f5000 	E:\Android\jbr\bin\java.dll
0x00007ff8360c0000 - 0x00007ff8360d8000 	E:\Android\jbr\bin\zip.dll
0x00007ff851db0000 - 0x00007ff85260d000 	C:\Windows\System32\SHELL32.dll
0x00007ff84d8f0000 - 0x00007ff84e1e8000 	C:\Windows\SYSTEM32\windows.storage.dll
0x00007ff84d7b0000 - 0x00007ff84d8ee000 	C:\Windows\SYSTEM32\wintypes.dll
0x00007ff851250000 - 0x00007ff851343000 	C:\Windows\System32\SHCORE.dll
0x00007ff850760000 - 0x00007ff8507be000 	C:\Windows\System32\shlwapi.dll
0x00007ff84f8c0000 - 0x00007ff84f8e6000 	C:\Windows\SYSTEM32\profapi.dll
0x00007ff831870000 - 0x00007ff831889000 	E:\Android\jbr\bin\net.dll
0x00007ff846370000 - 0x00007ff8464a7000 	C:\Windows\SYSTEM32\WINHTTP.dll
0x00007ff84ee50000 - 0x00007ff84eeb9000 	C:\Windows\system32\mswsock.dll
0x00007ff8200e0000 - 0x00007ff8200f6000 	E:\Android\jbr\bin\nio.dll
0x00007ff8468e0000 - 0x00007ff8468f0000 	E:\Android\jbr\bin\verify.dll
0x00007ff842740000 - 0x00007ff842767000 	C:\Users\Mr\.gradle\native\68d5fa5c4cc2d200863cafc0d521ce42e7d3e7ee720ec0a83991735586a16f82\windows-amd64\native-platform.dll
0x00007ff8113e0000 - 0x00007ff811524000 	C:\Users\Mr\.gradle\native\e376f236ea51e6404a007f0833ffe2c6e607c4080706a723a18a27aeea778392\windows-amd64\native-platform-file-events.dll
0x00007ff83e360000 - 0x00007ff83e369000 	E:\Android\jbr\bin\management.dll
0x00007ff8321c0000 - 0x00007ff8321cb000 	E:\Android\jbr\bin\management_ext.dll
0x00007ff8506d0000 - 0x00007ff8506d8000 	C:\Windows\System32\PSAPI.DLL
0x00007ff84f110000 - 0x00007ff84f12b000 	C:\Windows\SYSTEM32\CRYPTSP.dll
0x00007ff84e930000 - 0x00007ff84e965000 	C:\Windows\system32\rsaenh.dll
0x00007ff84efb0000 - 0x00007ff84efdc000 	C:\Windows\SYSTEM32\USERENV.dll
0x00007ff84f180000 - 0x00007ff84f18c000 	C:\Windows\SYSTEM32\CRYPTBASE.dll
0x00007ff84e490000 - 0x00007ff84e4bd000 	C:\Windows\SYSTEM32\IPHLPAPI.DLL
0x00007ff851cc0000 - 0x00007ff851cc9000 	C:\Windows\System32\NSI.dll
0x00007ff846340000 - 0x00007ff846359000 	C:\Windows\SYSTEM32\dhcpcsvc6.DLL
0x00007ff846300000 - 0x00007ff84631f000 	C:\Windows\SYSTEM32\dhcpcsvc.DLL
0x00007ff84e4c0000 - 0x00007ff84e5b9000 	C:\Windows\SYSTEM32\DNSAPI.dll
0x00007ff82d890000 - 0x00007ff82d898000 	C:\Windows\system32\wshunix.dll

dbghelp: loaded successfully - version: 4.0.5 - missing functions: none
symbol engine: initialized successfully - sym options: 0x614 - pdb path: .;E:\Android\jbr\bin;C:\Windows\SYSTEM32;C:\Windows\WinSxS\amd64_microsoft.windows.common-controls_6595b64144ccf1df_6.0.22621.3235_none_270f74e173860f98;E:\Android\jbr\bin\server;C:\Users\Mr\.gradle\native\68d5fa5c4cc2d200863cafc0d521ce42e7d3e7ee720ec0a83991735586a16f82\windows-amd64;C:\Users\Mr\.gradle\native\e376f236ea51e6404a007f0833ffe2c6e607c4080706a723a18a27aeea778392\windows-amd64

VM Arguments:
jvm_args: --add-opens=java.base/java.util=ALL-UNNAMED --add-opens=java.base/java.lang=ALL-UNNAMED --add-opens=java.base/java.lang.invoke=ALL-UNNAMED --add-opens=java.prefs/java.util.prefs=ALL-UNNAMED --add-opens=java.base/java.nio.charset=ALL-UNNAMED --add-opens=java.base/java.net=ALL-UNNAMED --add-opens=java.base/java.util.concurrent.atomic=ALL-UNNAMED -Xmx2048m -Dfile.encoding=UTF-8 -Duser.country=US -Duser.language=en -Duser.variant 
java_command: org.gradle.launcher.daemon.bootstrap.GradleDaemon 8.0
java_class_path (initial): C:\Users\Mr\.gradle\wrapper\dists\gradle-8.0-bin\ca5e32bp14vu59qr306oxotwh\gradle-8.0\lib\gradle-launcher-8.0.jar
Launcher Type: SUN_STANDARD

[Global flags]
     intx CICompilerCount                          = 3                                         {product} {ergonomic}
     uint ConcGCThreads                            = 1                                         {product} {ergonomic}
     uint G1ConcRefinementThreads                  = 4                                         {product} {ergonomic}
   size_t G1HeapRegionSize                         = 1048576                                   {product} {ergonomic}
    uintx GCDrainStackTargetSize                   = 64                                        {product} {ergonomic}
   size_t InitialHeapSize                          = 134217728                                 {product} {ergonomic}
   size_t MarkStackSize                            = 4194304                                   {product} {ergonomic}
   size_t MaxHeapSize                              = 2147483648                                {product} {command line}
   size_t MaxNewSize                               = 1287651328                                {product} {ergonomic}
   size_t MinHeapDeltaBytes                        = 1048576                                   {product} {ergonomic}
   size_t MinHeapSize                              = 8388608                                   {product} {ergonomic}
    uintx NonNMethodCodeHeapSize                   = 5832780                                {pd product} {ergonomic}
    uintx NonProfiledCodeHeapSize                  = 122912730                              {pd product} {ergonomic}
    uintx ProfiledCodeHeapSize                     = 122912730                              {pd product} {ergonomic}
    uintx ReservedCodeCacheSize                    = 251658240                              {pd product} {ergonomic}
     bool SegmentedCodeCache                       = true                                      {product} {ergonomic}
   size_t SoftMaxHeapSize                          = 2147483648                             {manageable} {ergonomic}
     bool UseCompressedClassPointers               = true                           {product lp64_product} {ergonomic}
     bool UseCompressedOops                        = true                           {product lp64_product} {ergonomic}
     bool UseG1GC                                  = true                                      {product} {ergonomic}
     bool UseLargePagesIndividualAllocation        = false                                  {pd product} {ergonomic}

Logging:
Log output configuration:
 #0: stdout all=warning uptime,level,tags
 #1: stderr all=off uptime,level,tags

Environment Variables:
PATH=C:\Program Files\Common Files\Oracle\Java\javapath;C:\Program Files\Microsoft\jdk-11.0.16.101-hotspot\bin;C:\Windows\system32;C:\Windows;C:\Windows\System32\Wbem;C:\Windows\System32\WindowsPowerShell\v1.0\;C:\Windows\System32\OpenSSH\;C:\Program Files\Git\cmd;C:\Users\Mr\AppData\Local\Microsoft\WindowsApps;E:\Microsoft VS Code\bin;C:\Program Files (x86)\Inno Setup 6;
USERNAME=Mr
OS=Windows_NT
PROCESSOR_IDENTIFIER=Intel64 Family 6 Model 142 Stepping 9, GenuineIntel
TMP=C:\Users\Mr\AppData\Local\Temp
TEMP=C:\Users\Mr\AppData\Local\Temp


JNI global refs:
JNI global refs: 24, weak refs: 4

JNI global refs memory usage: 843, weak refs: 841


---------------  S Y S T E M  ---------------

OS:
 Windows 11 , 64 bit Build 22621 (10.0.22621.3235)
OS uptime: 4 days 18:48 hours

CPU: total 4 (initial active 4) (2 cores per cpu, 2 threads per core) family 6 model 142 stepping 9 microcode 0xde, cx8, cmov, fxsr, ht, mmx, 3dnowpref, sse, sse2, sse3, ssse3, sse4.1, sse4.2, popcnt, lzcnt, tsc, tscinvbit, avx, avx2, aes, erms, clmul, bmi1, bmi2, rtm, adx, fma, vzeroupper, clflush, clflushopt

Memory: 4k page, system-wide physical 8071M (989M free)
TotalPageFile size 11741M (AvailPageFile size 332M)
current process WorkingSet (physical memory assigned to process): 495M, peak: 495M
current process commit charge ("private bytes"): 523M, peak: 994M

vm_info: OpenJDK 64-Bit Server VM (17.0.6+0-b2043.56-10027231) for windows-amd64 JRE (17.0.6+0-b2043.56-10027231), built on Apr 28 2023 00:43:19 by "androidbuild" with MS VC++ 16.10 / 16.11 (VS2019)

END.
