#
# There is insufficient memory for the Java Runtime Environment to continue.
# Native memory allocation (mmap) failed to map 385875968 bytes for G1 virtual space
# Possible reasons:
#   The system is out of physical RAM or swap space
#   The process is running with CompressedOops enabled, and the Java Heap may be blocking the growth of the native heap
# Possible solutions:
#   Reduce memory load on the system
#   Increase physical memory or swap space
#   Check if swap backing store is full
#   Decrease Java heap size (-Xmx/-Xms)
#   Decrease number of Java threads
#   Decrease Java thread stack sizes (-Xss)
#   Set larger code cache with -XX:ReservedCodeCacheSize=
#   JVM is running with Unscaled Compressed Oops mode in which the Java heap is
#     placed in the first 4GB address space. The Java Heap base address is the
#     maximum limit for the native heap growth. Please use -XX:HeapBaseMinAddress
#     to set the Java Heap base and to place the Java Heap above 4GB virtual address.
# This output file may be truncated or incomplete.
#
#  Out of Memory Error (os_windows.cpp:3769), pid=15452, tid=11420
#
# JRE version: OpenJDK Runtime Environment (17.0.6) (build 17.0.6+0-b2043.56-10027231)
# Java VM: OpenJDK 64-Bit Server VM (17.0.6+0-b2043.56-10027231, mixed mode, tiered, compressed oops, compressed class ptrs, g1 gc, windows-amd64)
# No core dump will be written. Minidumps are not enabled by default on client versions of Windows
#

---------------  S U M M A R Y ------------

Command Line: --add-opens=java.base/java.util=ALL-UNNAMED --add-opens=java.base/java.lang=ALL-UNNAMED --add-opens=java.base/java.lang.invoke=ALL-UNNAMED --add-opens=java.prefs/java.util.prefs=ALL-UNNAMED --add-opens=java.base/java.nio.charset=ALL-UNNAMED --add-opens=java.base/java.net=ALL-UNNAMED --add-opens=java.base/java.util.concurrent.atomic=ALL-UNNAMED -Xmx2048m -Dfile.encoding=UTF-8 -Duser.country=US -Duser.language=en -Duser.variant org.gradle.launcher.daemon.bootstrap.GradleDaemon 8.0

Host: Intel(R) Core(TM) i5-7300U CPU @ 2.60GHz, 4 cores, 7G,  Windows 11 , 64 bit Build 22621 (10.0.22621.3235)
Time: Sat Apr 20 16:19:15 2024 Pakistan Standard Time elapsed time: 23.866554 seconds (0d 0h 0m 23s)

---------------  T H R E A D  ---------------

Current thread (0x000001fd9a90b620):  VMThread "VM Thread" [stack: 0x00000072c8600000,0x00000072c8700000] [id=11420]

Stack: [0x00000072c8600000,0x00000072c8700000]
Native frames: (J=compiled Java code, j=interpreted, Vv=VM code, C=native code)
V  [jvm.dll+0x683c9a]
V  [jvm.dll+0x8427a4]
V  [jvm.dll+0x843f9e]
V  [jvm.dll+0x844603]
V  [jvm.dll+0x249b75]
V  [jvm.dll+0x680b69]
V  [jvm.dll+0x67505a]
V  [jvm.dll+0x309acb]
V  [jvm.dll+0x310f86]
V  [jvm.dll+0x3608ee]
V  [jvm.dll+0x360b1f]
V  [jvm.dll+0x2dfbf8]
V  [jvm.dll+0x2ddec4]
V  [jvm.dll+0x2dd4cc]
V  [jvm.dll+0x321f3b]
V  [jvm.dll+0x848ccb]
V  [jvm.dll+0x849a04]
V  [jvm.dll+0x849f1d]
V  [jvm.dll+0x84a2f4]
V  [jvm.dll+0x84a3c0]
V  [jvm.dll+0x7f274a]
V  [jvm.dll+0x682ad5]
C  [ucrtbase.dll+0x29363]
C  [KERNEL32.DLL+0x1257d]
C  [ntdll.dll+0x5aa58]

VM_Operation (0x00000072ceefdea0): G1CollectForAllocation, mode: safepoint, requested by thread 0x000001fd9dd8d460


---------------  P R O C E S S  ---------------

Threads class SMR info:
_java_thread_list=0x000001fda59b6a60, length=99, elements={
0x000001fdffe6bec0, 0x000001fd9a90f250, 0x000001fd9a9100c0, 0x000001fd9a93d3a0,
0x000001fd9a93df50, 0x000001fd9a93eb00, 0x000001fd9b41e500, 0x000001fd9b41f290,
0x000001fd9b423230, 0x000001fd9b42dc40, 0x000001fd9b5d8350, 0x000001fd9b5d8c30,
0x000001fd9e36f7b0, 0x000001fd9ddf8520, 0x000001fd9b5aec60, 0x000001fd9dbcff90,
0x000001fd9e075410, 0x000001fd9e008cc0, 0x000001fd9e38a460, 0x000001fd9c9af070,
0x000001fd9c9afa10, 0x000001fd9c9afee0, 0x000001fd9c9b0880, 0x000001fd9c9af540,
0x000001fd9c9b03b0, 0x000001fd9e97fbf0, 0x000001fd9e980a60, 0x000001fd9e981400,
0x000001fd9e9818d0, 0x000001fd9e980f30, 0x000001fd9e981da0, 0x000001fd9e97e3e0,
0x000001fd9e97ed80, 0x000001fd9f4e4da0, 0x000001fd9e980590, 0x000001fd9e97f250,
0x000001fda0d5d870, 0x000001fda0d62f10, 0x000001fda0d60890, 0x000001fda0d638b0,
0x000001fda0d5fef0, 0x000001fda0d5e6e0, 0x000001fda0d5ca00, 0x000001fda0d5f550,
0x000001fda0d5c530, 0x000001fda0d5f080, 0x000001fda0d5d3a0, 0x000001fda0d62a40,
0x000001fda0d61bd0, 0x000001fda0d5ced0, 0x000001fda0d5dd40, 0x000001fda0d5fa20,
0x000001fda0d5e210, 0x000001fda0d60d60, 0x000001fda0d61230, 0x000001fda0d61700,
0x000001fda0d603c0, 0x000001fda0d5ebb0, 0x000001fda0de0ee0, 0x000001fda0de1880,
0x000001fda0de13b0, 0x000001fda0de1d50, 0x000001fda0de6580, 0x000001fda0de60b0,
0x000001fda0de73f0, 0x000001fda0de2220, 0x000001fda0de48a0, 0x000001fda0de4d70,
0x000001fda0de5240, 0x000001fda0de78c0, 0x000001fda0de3090, 0x000001fda0de26f0,
0x000001fda0de0070, 0x000001fda0de2bc0, 0x000001fda0de0540, 0x000001fda0de0a10,
0x000001fda0de5710, 0x000001fda0de3560, 0x000001fda0de3a30, 0x000001fda0de6a50,
0x000001fda0de3f00, 0x000001fda0de43d0, 0x000001fda0de5be0, 0x000001fd9dd8f140,
0x000001fd9dd8e7a0, 0x000001fd9dd93e40, 0x000001fd9dd90e20, 0x000001fd9dd90480,
0x000001fd9dd8de00, 0x000001fd9dd94cb0, 0x000001fd9dd91c90, 0x000001fd9dd8ffb0,
0x000001fd9dd8ec70, 0x000001fd9dd934a0, 0x000001fd9dd8f610, 0x000001fd9dd93970,
0x000001fd9dd8fae0, 0x000001fd9dd92160, 0x000001fd9dd8d460
}

Java Threads: ( => current thread )
  0x000001fdffe6bec0 JavaThread "main" [_thread_blocked, id=12980, stack(0x00000072c8000000,0x00000072c8100000)]
  0x000001fd9a90f250 JavaThread "Reference Handler" daemon [_thread_blocked, id=10248, stack(0x00000072c8700000,0x00000072c8800000)]
  0x000001fd9a9100c0 JavaThread "Finalizer" daemon [_thread_blocked, id=2896, stack(0x00000072c8800000,0x00000072c8900000)]
  0x000001fd9a93d3a0 JavaThread "Signal Dispatcher" daemon [_thread_blocked, id=11968, stack(0x00000072c8900000,0x00000072c8a00000)]
  0x000001fd9a93df50 JavaThread "Attach Listener" daemon [_thread_blocked, id=16080, stack(0x00000072c8a00000,0x00000072c8b00000)]
  0x000001fd9a93eb00 JavaThread "Service Thread" daemon [_thread_blocked, id=5092, stack(0x00000072c8b00000,0x00000072c8c00000)]
  0x000001fd9b41e500 JavaThread "Monitor Deflation Thread" daemon [_thread_blocked, id=10980, stack(0x00000072c8c00000,0x00000072c8d00000)]
  0x000001fd9b41f290 JavaThread "C2 CompilerThread0" daemon [_thread_in_native, id=11628, stack(0x00000072c8d00000,0x00000072c8e00000)]
  0x000001fd9b423230 JavaThread "C1 CompilerThread0" daemon [_thread_blocked, id=2548, stack(0x00000072c8e00000,0x00000072c8f00000)]
  0x000001fd9b42dc40 JavaThread "Sweeper thread" daemon [_thread_blocked, id=2000, stack(0x00000072c8f00000,0x00000072c9000000)]
  0x000001fd9b5d8350 JavaThread "Common-Cleaner" daemon [_thread_blocked, id=6316, stack(0x00000072c9000000,0x00000072c9100000)]
  0x000001fd9b5d8c30 JavaThread "Notification Thread" daemon [_thread_blocked, id=13856, stack(0x00000072c9100000,0x00000072c9200000)]
  0x000001fd9e36f7b0 JavaThread "Daemon health stats" [_thread_blocked, id=15148, stack(0x00000072c9700000,0x00000072c9800000)]
  0x000001fd9ddf8520 JavaThread "Incoming local TCP Connector on port 53394" [_thread_in_native, id=7912, stack(0x00000072c9300000,0x00000072c9400000)]
  0x000001fd9b5aec60 JavaThread "Daemon periodic checks" [_thread_blocked, id=13032, stack(0x00000072c9800000,0x00000072c9900000)]
  0x000001fd9dbcff90 JavaThread "Daemon" [_thread_blocked, id=4332, stack(0x00000072c9a00000,0x00000072c9b00000)]
  0x000001fd9e075410 JavaThread "Handler for socket connection from /127.0.0.1:53394 to /127.0.0.1:53395" [_thread_in_native, id=9520, stack(0x00000072c9b00000,0x00000072c9c00000)]
  0x000001fd9e008cc0 JavaThread "Cancel handler" [_thread_blocked, id=3264, stack(0x00000072c9c00000,0x00000072c9d00000)]
  0x000001fd9e38a460 JavaThread "Daemon worker" [_thread_blocked, id=11472, stack(0x00000072c9d00000,0x00000072c9e00000)]
  0x000001fd9c9af070 JavaThread "Asynchronous log dispatcher for DefaultDaemonConnection: socket connection from /127.0.0.1:53394 to /127.0.0.1:53395" [_thread_blocked, id=10260, stack(0x00000072c9e00000,0x00000072c9f00000)]
  0x000001fd9c9afa10 JavaThread "Stdin handler" [_thread_blocked, id=3236, stack(0x00000072c9f00000,0x00000072ca000000)]
  0x000001fd9c9afee0 JavaThread "Daemon client event forwarder" [_thread_blocked, id=3784, stack(0x00000072ca000000,0x00000072ca100000)]
  0x000001fd9c9b0880 JavaThread "Cache worker for journal cache (C:\Users\Mr\.gradle\caches\journal-1)" [_thread_blocked, id=7676, stack(0x00000072ca100000,0x00000072ca200000)]
  0x000001fd9c9af540 JavaThread "File lock request listener" [_thread_in_native, id=7448, stack(0x00000072ca200000,0x00000072ca300000)]
  0x000001fd9c9b03b0 JavaThread "Cache worker for file hash cache (C:\Users\Mr\.gradle\caches\8.0\fileHashes)" [_thread_blocked, id=8876, stack(0x00000072ca300000,0x00000072ca400000)]
  0x000001fd9e97fbf0 JavaThread "File watcher server" daemon [_thread_blocked, id=13548, stack(0x00000072ca400000,0x00000072ca500000)]
  0x000001fd9e980a60 JavaThread "File watcher consumer" daemon [_thread_blocked, id=14864, stack(0x00000072ca500000,0x00000072ca600000)]
  0x000001fd9e981400 JavaThread "Cache worker for checksums cache (E:\GroceryApp\.gradle\8.0\checksums)" [_thread_blocked, id=12736, stack(0x00000072ca600000,0x00000072ca700000)]
  0x000001fd9e9818d0 JavaThread "Cache worker for cache directory md-rule (C:\Users\Mr\.gradle\caches\8.0\md-rule)" [_thread_blocked, id=13360, stack(0x00000072ca700000,0x00000072ca800000)]
  0x000001fd9e980f30 JavaThread "Cache worker for file content cache (C:\Users\Mr\.gradle\caches\8.0\fileContent)" [_thread_blocked, id=9164, stack(0x00000072ca800000,0x00000072ca900000)]
  0x000001fd9e981da0 JavaThread "Cache worker for file hash cache (E:\GroceryApp\.gradle\8.0\fileHashes)" [_thread_blocked, id=3124, stack(0x00000072ca900000,0x00000072caa00000)]
  0x000001fd9e97e3e0 JavaThread "Cache worker for cache directory md-supplier (C:\Users\Mr\.gradle\caches\8.0\md-supplier)" [_thread_blocked, id=13296, stack(0x00000072c9900000,0x00000072c9a00000)]
  0x000001fd9e97ed80 JavaThread "Cache worker for execution history cache (C:\Users\Mr\.gradle\caches\8.0\executionHistory)" [_thread_blocked, id=5056, stack(0x00000072caa00000,0x00000072cab00000)]
  0x000001fd9f4e4da0 JavaThread "C2 CompilerThread1" daemon [_thread_blocked, id=10344, stack(0x00000072cab00000,0x00000072cac00000)]
  0x000001fd9e980590 JavaThread "jar transforms" [_thread_blocked, id=5716, stack(0x00000072cac00000,0x00000072cad00000)]
  0x000001fd9e97f250 JavaThread "jar transforms Thread 2" [_thread_blocked, id=2132, stack(0x00000072cad00000,0x00000072cae00000)]
  0x000001fda0d5d870 JavaThread "Cache worker for kotlin-dsl (C:\Users\Mr\.gradle\caches\8.0\kotlin-dsl)" [_thread_blocked, id=11340, stack(0x00000072cae00000,0x00000072caf00000)]
  0x000001fda0d62f10 JavaThread "jar transforms Thread 3" [_thread_blocked, id=6672, stack(0x00000072caf00000,0x00000072cb000000)]
  0x000001fda0d60890 JavaThread "jar transforms Thread 4" [_thread_blocked, id=10388, stack(0x00000072cb000000,0x00000072cb100000)]
  0x000001fda0d638b0 JavaThread "Cache worker for dependencies-accessors (E:\GroceryApp\.gradle\8.0\dependencies-accessors)" [_thread_blocked, id=6592, stack(0x00000072cb100000,0x00000072cb200000)]
  0x000001fda0d5fef0 JavaThread "Cache worker for Build Output Cleanup Cache (E:\GroceryApp\.gradle\buildOutputCleanup)" [_thread_blocked, id=6888, stack(0x00000072cb200000,0x00000072cb300000)]
  0x000001fda0d5e6e0 JavaThread "Unconstrained build operations" [_thread_blocked, id=13184, stack(0x00000072cb300000,0x00000072cb400000)]
  0x000001fda0d5ca00 JavaThread "Unconstrained build operations Thread 2" [_thread_blocked, id=6596, stack(0x00000072cb400000,0x00000072cb500000)]
  0x000001fda0d5f550 JavaThread "Unconstrained build operations Thread 3" [_thread_blocked, id=7860, stack(0x00000072cb500000,0x00000072cb600000)]
  0x000001fda0d5c530 JavaThread "Unconstrained build operations Thread 4" [_thread_blocked, id=5452, stack(0x00000072cb600000,0x00000072cb700000)]
  0x000001fda0d5f080 JavaThread "Unconstrained build operations Thread 5" [_thread_blocked, id=16180, stack(0x00000072cb700000,0x00000072cb800000)]
  0x000001fda0d5d3a0 JavaThread "Unconstrained build operations Thread 6" [_thread_blocked, id=14936, stack(0x00000072cb800000,0x00000072cb900000)]
  0x000001fda0d62a40 JavaThread "Unconstrained build operations Thread 7" [_thread_blocked, id=10092, stack(0x00000072cb900000,0x00000072cba00000)]
  0x000001fda0d61bd0 JavaThread "Unconstrained build operations Thread 8" [_thread_blocked, id=14816, stack(0x00000072cba00000,0x00000072cbb00000)]
  0x000001fda0d5ced0 JavaThread "Unconstrained build operations Thread 9" [_thread_blocked, id=6112, stack(0x00000072cbb00000,0x00000072cbc00000)]
  0x000001fda0d5dd40 JavaThread "Unconstrained build operations Thread 10" [_thread_blocked, id=3716, stack(0x00000072cbc00000,0x00000072cbd00000)]
  0x000001fda0d5fa20 JavaThread "Unconstrained build operations Thread 11" [_thread_blocked, id=15416, stack(0x00000072cbd00000,0x00000072cbe00000)]
  0x000001fda0d5e210 JavaThread "Unconstrained build operations Thread 12" [_thread_blocked, id=10140, stack(0x00000072cbe00000,0x00000072cbf00000)]
  0x000001fda0d60d60 JavaThread "Unconstrained build operations Thread 13" [_thread_blocked, id=11680, stack(0x00000072cbf00000,0x00000072cc000000)]
  0x000001fda0d61230 JavaThread "Unconstrained build operations Thread 14" [_thread_blocked, id=3344, stack(0x00000072cc000000,0x00000072cc100000)]
  0x000001fda0d61700 JavaThread "Unconstrained build operations Thread 15" [_thread_blocked, id=6212, stack(0x00000072cc100000,0x00000072cc200000)]
  0x000001fda0d603c0 JavaThread "Unconstrained build operations Thread 16" [_thread_blocked, id=1904, stack(0x00000072cc200000,0x00000072cc300000)]
  0x000001fda0d5ebb0 JavaThread "Unconstrained build operations Thread 17" [_thread_blocked, id=4308, stack(0x00000072cc300000,0x00000072cc400000)]
  0x000001fda0de0ee0 JavaThread "Unconstrained build operations Thread 18" [_thread_blocked, id=11568, stack(0x00000072cc400000,0x00000072cc500000)]
  0x000001fda0de1880 JavaThread "Unconstrained build operations Thread 19" [_thread_blocked, id=11532, stack(0x00000072cc500000,0x00000072cc600000)]
  0x000001fda0de13b0 JavaThread "Unconstrained build operations Thread 20" [_thread_blocked, id=4452, stack(0x00000072cc600000,0x00000072cc700000)]
  0x000001fda0de1d50 JavaThread "Unconstrained build operations Thread 21" [_thread_blocked, id=9748, stack(0x00000072cc700000,0x00000072cc800000)]
  0x000001fda0de6580 JavaThread "Unconstrained build operations Thread 22" [_thread_blocked, id=10656, stack(0x00000072cc800000,0x00000072cc900000)]
  0x000001fda0de60b0 JavaThread "Unconstrained build operations Thread 23" [_thread_blocked, id=14616, stack(0x00000072cc900000,0x00000072cca00000)]
  0x000001fda0de73f0 JavaThread "Unconstrained build operations Thread 24" [_thread_blocked, id=15676, stack(0x00000072cca00000,0x00000072ccb00000)]
  0x000001fda0de2220 JavaThread "Unconstrained build operations Thread 25" [_thread_blocked, id=8160, stack(0x00000072ccb00000,0x00000072ccc00000)]
  0x000001fda0de48a0 JavaThread "Unconstrained build operations Thread 26" [_thread_blocked, id=9860, stack(0x00000072ccc00000,0x00000072ccd00000)]
  0x000001fda0de4d70 JavaThread "Unconstrained build operations Thread 27" [_thread_blocked, id=9136, stack(0x00000072ccd00000,0x00000072cce00000)]
  0x000001fda0de5240 JavaThread "Unconstrained build operations Thread 28" [_thread_blocked, id=15236, stack(0x00000072cce00000,0x00000072ccf00000)]
  0x000001fda0de78c0 JavaThread "Unconstrained build operations Thread 29" [_thread_blocked, id=3520, stack(0x00000072ccf00000,0x00000072cd000000)]
  0x000001fda0de3090 JavaThread "Unconstrained build operations Thread 30" [_thread_blocked, id=5568, stack(0x00000072cd000000,0x00000072cd100000)]
  0x000001fda0de26f0 JavaThread "Unconstrained build operations Thread 31" [_thread_blocked, id=10104, stack(0x00000072cd100000,0x00000072cd200000)]
  0x000001fda0de0070 JavaThread "Unconstrained build operations Thread 32" [_thread_blocked, id=11856, stack(0x00000072cd200000,0x00000072cd300000)]
  0x000001fda0de2bc0 JavaThread "Unconstrained build operations Thread 33" [_thread_blocked, id=13496, stack(0x00000072cd300000,0x00000072cd400000)]
  0x000001fda0de0540 JavaThread "Unconstrained build operations Thread 34" [_thread_blocked, id=8660, stack(0x00000072cd400000,0x00000072cd500000)]
  0x000001fda0de0a10 JavaThread "Unconstrained build operations Thread 35" [_thread_blocked, id=14440, stack(0x00000072cd500000,0x00000072cd600000)]
  0x000001fda0de5710 JavaThread "Unconstrained build operations Thread 36" [_thread_blocked, id=8572, stack(0x00000072cd600000,0x00000072cd700000)]
  0x000001fda0de3560 JavaThread "Unconstrained build operations Thread 37" [_thread_blocked, id=6020, stack(0x00000072cd700000,0x00000072cd800000)]
  0x000001fda0de3a30 JavaThread "Unconstrained build operations Thread 38" [_thread_blocked, id=4456, stack(0x00000072cd800000,0x00000072cd900000)]
  0x000001fda0de6a50 JavaThread "Unconstrained build operations Thread 39" [_thread_blocked, id=3304, stack(0x00000072cd900000,0x00000072cda00000)]
  0x000001fda0de3f00 JavaThread "Unconstrained build operations Thread 40" [_thread_blocked, id=14348, stack(0x00000072cda00000,0x00000072cdb00000)]
  0x000001fda0de43d0 JavaThread "build event listener" [_thread_blocked, id=7980, stack(0x00000072cdb00000,0x00000072cdc00000)]
  0x000001fda0de5be0 JavaThread "Memory manager" [_thread_blocked, id=1912, stack(0x00000072cdc00000,0x00000072cdd00000)]
  0x000001fd9dd8f140 JavaThread "included builds" [_thread_blocked, id=13648, stack(0x00000072cdd00000,0x00000072cde00000)]
  0x000001fd9dd8e7a0 JavaThread "Execution worker" [_thread_blocked, id=6376, stack(0x00000072cde00000,0x00000072cdf00000)]
  0x000001fd9dd93e40 JavaThread "Execution worker Thread 2" [_thread_blocked, id=2804, stack(0x00000072cdf00000,0x00000072ce000000)]
  0x000001fd9dd90e20 JavaThread "Execution worker Thread 3" [_thread_blocked, id=10908, stack(0x00000072ce000000,0x00000072ce100000)]
  0x000001fd9dd90480 JavaThread "Cache worker for execution history cache (E:\GroceryApp\.gradle\8.0\executionHistory)" [_thread_blocked, id=8380, stack(0x00000072ce100000,0x00000072ce200000)]
  0x000001fd9dd8de00 JavaThread "WorkerExecutor Queue" [_thread_blocked, id=16044, stack(0x00000072ce200000,0x00000072ce300000)]
  0x000001fd9dd94cb0 JavaThread "pool-3-thread-1" [_thread_blocked, id=8168, stack(0x00000072ce300000,0x00000072ce400000)]
  0x000001fd9dd91c90 JavaThread "stderr" [_thread_in_native, id=7692, stack(0x00000072ce400000,0x00000072ce500000)]
  0x000001fd9dd8ffb0 JavaThread "stdout" [_thread_in_native, id=2820, stack(0x00000072ce500000,0x00000072ce600000)]
  0x000001fd9dd8ec70 JavaThread "WorkerExecutor Queue Thread 2" [_thread_blocked, id=3196, stack(0x00000072ce600000,0x00000072ce700000)]
  0x000001fd9dd934a0 JavaThread "WorkerExecutor Queue Thread 3" [_thread_blocked, id=14888, stack(0x00000072ce700000,0x00000072ce800000)]
  0x000001fd9dd8f610 JavaThread "WorkerExecutor Queue Thread 4" [_thread_blocked, id=14696, stack(0x00000072ce800000,0x00000072ce900000)]
  0x000001fd9dd93970 JavaThread "ForkJoinPool-1-worker-1" daemon [_thread_blocked, id=10856, stack(0x00000072ceb00000,0x00000072cec00000)]
  0x000001fd9dd8fae0 JavaThread "ForkJoinPool-1-worker-2" daemon [_thread_blocked, id=5728, stack(0x00000072cec00000,0x00000072ced00000)]
  0x000001fd9dd92160 JavaThread "ForkJoinPool-1-worker-3" daemon [_thread_blocked, id=13936, stack(0x00000072ced00000,0x00000072cee00000)]
  0x000001fd9dd8d460 JavaThread "ForkJoinPool-1-worker-4" daemon [_thread_blocked, id=10452, stack(0x00000072cee00000,0x00000072cef00000)]

Other Threads:
=>0x000001fd9a90b620 VMThread "VM Thread" [stack: 0x00000072c8600000,0x00000072c8700000] [id=11420]
  0x000001fd9a92f820 WatcherThread [stack: 0x00000072c9200000,0x00000072c9300000] [id=1548]
  0x000001fdffec75f0 GCTaskThread "GC Thread#0" [stack: 0x00000072c8100000,0x00000072c8200000] [id=11640]
  0x000001fd9bbd9ae0 GCTaskThread "GC Thread#1" [stack: 0x00000072c9400000,0x00000072c9500000] [id=2092]
  0x000001fd9b846990 GCTaskThread "GC Thread#2" [stack: 0x00000072c9500000,0x00000072c9600000] [id=10144]
  0x000001fd9b886f00 GCTaskThread "GC Thread#3" [stack: 0x00000072c9600000,0x00000072c9700000] [id=3848]
  0x000001fdffed8530 ConcurrentGCThread "G1 Main Marker" [stack: 0x00000072c8200000,0x00000072c8300000] [id=5996]
  0x000001fdffed96e0 ConcurrentGCThread "G1 Conc#0" [stack: 0x00000072c8300000,0x00000072c8400000] [id=2520]
  0x000001fdfff2d660 ConcurrentGCThread "G1 Refine#0" [stack: 0x00000072c8400000,0x00000072c8500000] [id=5840]
  0x000001fda14b5d40 ConcurrentGCThread "G1 Refine#1" [stack: 0x00000072ce900000,0x00000072cea00000] [id=12528]
  0x000001fda14b68c0 ConcurrentGCThread "G1 Refine#2" [stack: 0x00000072cea00000,0x00000072ceb00000] [id=4016]
  0x000001fda14b4920 ConcurrentGCThread "G1 Refine#3" [stack: 0x00000072cef00000,0x00000072cf000000] [id=10296]
  0x000001fdfff2e080 ConcurrentGCThread "G1 Service" [stack: 0x00000072c8500000,0x00000072c8600000] [id=8268]

Threads with active compile tasks:
C2 CompilerThread0    23911 12119 %     4       com.android.tools.r8.dex.B::a @ 42 (1021 bytes)
C2 CompilerThread1    23911 12164       4       com.android.tools.r8.dex.B::a (836 bytes)

VM state: at safepoint (normal execution)

VM Mutex/Monitor currently owned by a thread:  ([mutex/lock_event])
[0x000001fdff29b5e0] Threads_lock - owner thread: 0x000001fd9a90b620
[0x000001fdff29b430] Heap_lock - owner thread: 0x000001fd9dd8d460

Heap address: 0x0000000080000000, size: 2048 MB, Compressed Oops mode: 32-bit

CDS archive(s) not mapped
Compressed class space mapped at: 0x0000000100000000-0x0000000140000000, reserved size: 1073741824
Narrow klass base: 0x0000000000000000, Narrow klass shift: 3, Narrow klass range: 0x140000000

GC Precious Log:
 CPUs: 4 total, 4 available
 Memory: 8071M
 Large Page Support: Disabled
 NUMA Support: Disabled
 Compressed Oops: Enabled (32-bit)
 Heap Region Size: 1M
 Heap Min Capacity: 8M
 Heap Initial Capacity: 128M
 Heap Max Capacity: 2G
 Pre-touch: Disabled
 Parallel Workers: 4
 Concurrent Workers: 1
 Concurrent Refinement Workers: 4
 Periodic GC: Disabled

Heap:
 garbage-first heap   total 247808K, used 155648K [0x0000000080000000, 0x0000000100000000)
  region size 1024K, 2 young (2048K), 2 survivors (2048K)
 Metaspace       used 99689K, committed 100352K, reserved 1138688K
  class space    used 13705K, committed 14016K, reserved 1048576K

Heap Regions: E=young(eden), S=young(survivor), O=old, HS=humongous(starts), HC=humongous(continues), CS=collection set, F=free, OA=open archive, CA=closed archive, TAMS=top-at-mark-start (previous, next)
|   0|0x0000000080000000, 0x0000000080100000, 0x0000000080100000|100%| O|  |TAMS 0x0000000080100000, 0x0000000080000000| Untracked 
|   1|0x0000000080100000, 0x0000000080200000, 0x0000000080200000|100%| O|  |TAMS 0x0000000080200000, 0x0000000080100000| Untracked 
|   2|0x0000000080200000, 0x0000000080300000, 0x0000000080300000|100%|HS|  |TAMS 0x0000000080300000, 0x0000000080200000| Complete 
|   3|0x0000000080300000, 0x0000000080400000, 0x0000000080400000|100%|HC|  |TAMS 0x0000000080400000, 0x0000000080300000| Complete 
|   4|0x0000000080400000, 0x0000000080500000, 0x0000000080500000|100%|HC|  |TAMS 0x0000000080500000, 0x0000000080400000| Complete 
|   5|0x0000000080500000, 0x0000000080600000, 0x0000000080600000|100%|HC|  |TAMS 0x0000000080600000, 0x0000000080500000| Complete 
|   6|0x0000000080600000, 0x0000000080700000, 0x0000000080700000|100%| O|  |TAMS 0x0000000080700000, 0x0000000080600000| Untracked 
|   7|0x0000000080700000, 0x0000000080800000, 0x0000000080800000|100%| O|  |TAMS 0x0000000080800000, 0x0000000080700000| Untracked 
|   8|0x0000000080800000, 0x0000000080900000, 0x0000000080900000|100%| O|  |TAMS 0x0000000080900000, 0x0000000080800000| Untracked 
|   9|0x0000000080900000, 0x0000000080a00000, 0x0000000080a00000|100%| O|  |TAMS 0x0000000080a00000, 0x0000000080900000| Untracked 
|  10|0x0000000080a00000, 0x0000000080b00000, 0x0000000080b00000|100%| O|  |TAMS 0x0000000080b00000, 0x0000000080a00000| Untracked 
|  11|0x0000000080b00000, 0x0000000080c00000, 0x0000000080c00000|100%| O|  |TAMS 0x0000000080c00000, 0x0000000080b00000| Untracked 
|  12|0x0000000080c00000, 0x0000000080d00000, 0x0000000080d00000|100%| O|  |TAMS 0x0000000080d00000, 0x0000000080c00000| Untracked 
|  13|0x0000000080d00000, 0x0000000080e00000, 0x0000000080e00000|100%| O|  |TAMS 0x0000000080e00000, 0x0000000080d00000| Untracked 
|  14|0x0000000080e00000, 0x0000000080f00000, 0x0000000080f00000|100%| O|  |TAMS 0x0000000080f00000, 0x0000000080e00000| Untracked 
|  15|0x0000000080f00000, 0x0000000081000000, 0x0000000081000000|100%| O|  |TAMS 0x0000000081000000, 0x0000000080f00000| Untracked 
|  16|0x0000000081000000, 0x0000000081100000, 0x0000000081100000|100%| O|  |TAMS 0x0000000081100000, 0x0000000081000000| Untracked 
|  17|0x0000000081100000, 0x0000000081200000, 0x0000000081200000|100%| O|  |TAMS 0x0000000081200000, 0x0000000081100000| Untracked 
|  18|0x0000000081200000, 0x0000000081300000, 0x0000000081300000|100%| O|  |TAMS 0x0000000081300000, 0x0000000081200000| Untracked 
|  19|0x0000000081300000, 0x0000000081400000, 0x0000000081400000|100%| O|  |TAMS 0x0000000081400000, 0x0000000081300000| Untracked 
|  20|0x0000000081400000, 0x0000000081500000, 0x0000000081500000|100%| O|  |TAMS 0x0000000081500000, 0x0000000081400000| Untracked 
|  21|0x0000000081500000, 0x0000000081600000, 0x0000000081600000|100%| O|  |TAMS 0x0000000081600000, 0x0000000081500000| Untracked 
|  22|0x0000000081600000, 0x0000000081700000, 0x0000000081700000|100%| O|  |TAMS 0x0000000081700000, 0x0000000081600000| Untracked 
|  23|0x0000000081700000, 0x0000000081800000, 0x0000000081800000|100%| O|  |TAMS 0x0000000081800000, 0x0000000081700000| Untracked 
|  24|0x0000000081800000, 0x0000000081900000, 0x0000000081900000|100%| O|  |TAMS 0x0000000081900000, 0x0000000081800000| Untracked 
|  25|0x0000000081900000, 0x0000000081a00000, 0x0000000081a00000|100%| O|  |TAMS 0x0000000081a00000, 0x0000000081900000| Untracked 
|  26|0x0000000081a00000, 0x0000000081a00000, 0x0000000081b00000|  0%| F|  |TAMS 0x0000000081a00000, 0x0000000081a00000| Untracked 
|  27|0x0000000081b00000, 0x0000000081c00000, 0x0000000081c00000|100%| O|  |TAMS 0x0000000081c00000, 0x0000000081b00000| Untracked 
|  28|0x0000000081c00000, 0x0000000081d00000, 0x0000000081d00000|100%| O|  |TAMS 0x0000000081d00000, 0x0000000081c00000| Untracked 
|  29|0x0000000081d00000, 0x0000000081e00000, 0x0000000081e00000|100%|HS|  |TAMS 0x0000000081e00000, 0x0000000081d00000| Complete 
|  30|0x0000000081e00000, 0x0000000081f00000, 0x0000000081f00000|100%|HS|  |TAMS 0x0000000081f00000, 0x0000000081e00000| Complete 
|  31|0x0000000081f00000, 0x0000000082000000, 0x0000000082000000|100%|HS|  |TAMS 0x0000000082000000, 0x0000000081f00000| Complete 
|  32|0x0000000082000000, 0x0000000082100000, 0x0000000082100000|100%| O|  |TAMS 0x0000000082100000, 0x0000000082000000| Untracked 
|  33|0x0000000082100000, 0x0000000082200000, 0x0000000082200000|100%| O|  |TAMS 0x0000000082200000, 0x0000000082100000| Untracked 
|  34|0x0000000082200000, 0x0000000082300000, 0x0000000082300000|100%| O|  |TAMS 0x0000000082300000, 0x0000000082200000| Untracked 
|  35|0x0000000082300000, 0x0000000082400000, 0x0000000082400000|100%| O|  |TAMS 0x0000000082400000, 0x0000000082300000| Untracked 
|  36|0x0000000082400000, 0x0000000082500000, 0x0000000082500000|100%| O|  |TAMS 0x0000000082500000, 0x0000000082400000| Untracked 
|  37|0x0000000082500000, 0x0000000082600000, 0x0000000082600000|100%| O|  |TAMS 0x0000000082600000, 0x0000000082500000| Untracked 
|  38|0x0000000082600000, 0x0000000082700000, 0x0000000082700000|100%| O|  |TAMS 0x0000000082700000, 0x0000000082600000| Untracked 
|  39|0x0000000082700000, 0x0000000082800000, 0x0000000082800000|100%| O|  |TAMS 0x0000000082800000, 0x0000000082700000| Untracked 
|  40|0x0000000082800000, 0x0000000082900000, 0x0000000082900000|100%| O|  |TAMS 0x0000000082900000, 0x0000000082800000| Untracked 
|  41|0x0000000082900000, 0x0000000082a00000, 0x0000000082a00000|100%| O|  |TAMS 0x0000000082a00000, 0x0000000082900000| Untracked 
|  42|0x0000000082a00000, 0x0000000082b00000, 0x0000000082b00000|100%| O|  |TAMS 0x0000000082b00000, 0x0000000082a00000| Untracked 
|  43|0x0000000082b00000, 0x0000000082c00000, 0x0000000082c00000|100%| O|  |TAMS 0x0000000082c00000, 0x0000000082b00000| Untracked 
|  44|0x0000000082c00000, 0x0000000082d00000, 0x0000000082d00000|100%| O|  |TAMS 0x0000000082d00000, 0x0000000082c00000| Untracked 
|  45|0x0000000082d00000, 0x0000000082e00000, 0x0000000082e00000|100%| O|  |TAMS 0x0000000082e00000, 0x0000000082d00000| Untracked 
|  46|0x0000000082e00000, 0x0000000082f00000, 0x0000000082f00000|100%| O|  |TAMS 0x0000000082f00000, 0x0000000082e00000| Untracked 
|  47|0x0000000082f00000, 0x0000000083000000, 0x0000000083000000|100%|HS|  |TAMS 0x0000000082f00000, 0x0000000082f00000| Complete 
|  48|0x0000000083000000, 0x0000000083100000, 0x0000000083100000|100%|HS|  |TAMS 0x0000000083100000, 0x0000000083000000| Complete 
|  49|0x0000000083100000, 0x0000000083200000, 0x0000000083200000|100%| O|  |TAMS 0x0000000083200000, 0x0000000083100000| Untracked 
|  50|0x0000000083200000, 0x0000000083300000, 0x0000000083300000|100%| O|  |TAMS 0x0000000083300000, 0x0000000083200000| Untracked 
|  51|0x0000000083300000, 0x0000000083400000, 0x0000000083400000|100%| O|  |TAMS 0x0000000083400000, 0x0000000083300000| Untracked 
|  52|0x0000000083400000, 0x0000000083500000, 0x0000000083500000|100%| O|  |TAMS 0x0000000083500000, 0x0000000083400000| Untracked 
|  53|0x0000000083500000, 0x0000000083600000, 0x0000000083600000|100%| O|  |TAMS 0x0000000083600000, 0x0000000083500000| Untracked 
|  54|0x0000000083600000, 0x0000000083700000, 0x0000000083700000|100%| O|  |TAMS 0x0000000083700000, 0x0000000083600000| Untracked 
|  55|0x0000000083700000, 0x0000000083800000, 0x0000000083800000|100%| O|  |TAMS 0x0000000083800000, 0x0000000083700000| Untracked 
|  56|0x0000000083800000, 0x0000000083900000, 0x0000000083900000|100%| O|  |TAMS 0x0000000083900000, 0x0000000083800000| Untracked 
|  57|0x0000000083900000, 0x0000000083a00000, 0x0000000083a00000|100%| O|  |TAMS 0x0000000083a00000, 0x0000000083900000| Untracked 
|  58|0x0000000083a00000, 0x0000000083b00000, 0x0000000083b00000|100%| O|  |TAMS 0x0000000083b00000, 0x0000000083a00000| Untracked 
|  59|0x0000000083b00000, 0x0000000083c00000, 0x0000000083c00000|100%| O|  |TAMS 0x0000000083c00000, 0x0000000083b00000| Untracked 
|  60|0x0000000083c00000, 0x0000000083d00000, 0x0000000083d00000|100%| O|  |TAMS 0x0000000083c00000, 0x0000000083c00000| Untracked 
|  61|0x0000000083d00000, 0x0000000083e00000, 0x0000000083e00000|100%| O|  |TAMS 0x0000000083e00000, 0x0000000083d00000| Untracked 
|  62|0x0000000083e00000, 0x0000000083f00000, 0x0000000083f00000|100%| O|  |TAMS 0x0000000083f00000, 0x0000000083e00000| Untracked 
|  63|0x0000000083f00000, 0x0000000084000000, 0x0000000084000000|100%| O|  |TAMS 0x0000000084000000, 0x0000000083f00000| Untracked 
|  64|0x0000000084000000, 0x0000000084100000, 0x0000000084100000|100%| O|  |TAMS 0x0000000084100000, 0x0000000084000000| Untracked 
|  65|0x0000000084100000, 0x0000000084200000, 0x0000000084200000|100%| O|  |TAMS 0x0000000084200000, 0x0000000084100000| Untracked 
|  66|0x0000000084200000, 0x0000000084300000, 0x0000000084300000|100%| O|  |TAMS 0x0000000084300000, 0x0000000084200000| Untracked 
|  67|0x0000000084300000, 0x0000000084400000, 0x0000000084400000|100%| O|  |TAMS 0x0000000084400000, 0x0000000084300000| Untracked 
|  68|0x0000000084400000, 0x0000000084500000, 0x0000000084500000|100%| O|  |TAMS 0x0000000084500000, 0x0000000084400000| Untracked 
|  69|0x0000000084500000, 0x0000000084600000, 0x0000000084600000|100%| O|  |TAMS 0x0000000084600000, 0x0000000084500000| Untracked 
|  70|0x0000000084600000, 0x0000000084700000, 0x0000000084700000|100%| O|  |TAMS 0x0000000084700000, 0x0000000084600000| Untracked 
|  71|0x0000000084700000, 0x0000000084800000, 0x0000000084800000|100%| O|  |TAMS 0x0000000084800000, 0x0000000084700000| Untracked 
|  72|0x0000000084800000, 0x0000000084900000, 0x0000000084900000|100%| O|  |TAMS 0x0000000084900000, 0x0000000084800000| Untracked 
|  73|0x0000000084900000, 0x0000000084a00000, 0x0000000084a00000|100%| O|  |TAMS 0x0000000084a00000, 0x0000000084900000| Untracked 
|  74|0x0000000084a00000, 0x0000000084b00000, 0x0000000084b00000|100%| O|  |TAMS 0x0000000084b00000, 0x0000000084a00000| Untracked 
|  75|0x0000000084b00000, 0x0000000084c00000, 0x0000000084c00000|100%| O|  |TAMS 0x0000000084c00000, 0x0000000084b00000| Untracked 
|  76|0x0000000084c00000, 0x0000000084d00000, 0x0000000084d00000|100%| O|  |TAMS 0x0000000084d00000, 0x0000000084c00000| Untracked 
|  77|0x0000000084d00000, 0x0000000084e00000, 0x0000000084e00000|100%| O|  |TAMS 0x0000000084e00000, 0x0000000084d00000| Untracked 
|  78|0x0000000084e00000, 0x0000000084e00000, 0x0000000084f00000|  0%| F|  |TAMS 0x0000000084e00000, 0x0000000084e00000| Untracked 
|  79|0x0000000084f00000, 0x0000000085000000, 0x0000000085000000|100%| O|  |TAMS 0x0000000085000000, 0x0000000084f00000| Untracked 
|  80|0x0000000085000000, 0x0000000085100000, 0x0000000085100000|100%| O|  |TAMS 0x0000000085100000, 0x0000000085000000| Untracked 
|  81|0x0000000085100000, 0x0000000085200000, 0x0000000085200000|100%| O|  |TAMS 0x0000000085200000, 0x0000000085100000| Untracked 
|  82|0x0000000085200000, 0x0000000085300000, 0x0000000085300000|100%| O|  |TAMS 0x0000000085300000, 0x0000000085200000| Untracked 
|  83|0x0000000085300000, 0x0000000085400000, 0x0000000085400000|100%| O|  |TAMS 0x0000000085400000, 0x0000000085300000| Untracked 
|  84|0x0000000085400000, 0x0000000085400000, 0x0000000085500000|  0%| F|  |TAMS 0x0000000085400000, 0x0000000085400000| Untracked 
|  85|0x0000000085500000, 0x0000000085600000, 0x0000000085600000|100%|HS|  |TAMS 0x0000000085600000, 0x0000000085500000| Complete 
|  86|0x0000000085600000, 0x0000000085700000, 0x0000000085700000|100%|HC|  |TAMS 0x0000000085700000, 0x0000000085600000| Complete 
|  87|0x0000000085700000, 0x0000000085800000, 0x0000000085800000|100%|HS|  |TAMS 0x0000000085800000, 0x0000000085700000| Complete 
|  88|0x0000000085800000, 0x0000000085900000, 0x0000000085900000|100%|HS|  |TAMS 0x0000000085900000, 0x0000000085800000| Complete 
|  89|0x0000000085900000, 0x0000000085a00000, 0x0000000085a00000|100%|HC|  |TAMS 0x0000000085a00000, 0x0000000085900000| Complete 
|  90|0x0000000085a00000, 0x0000000085b00000, 0x0000000085b00000|100%|HS|  |TAMS 0x0000000085b00000, 0x0000000085a00000| Complete 
|  91|0x0000000085b00000, 0x0000000085c00000, 0x0000000085c00000|100%|HC|  |TAMS 0x0000000085c00000, 0x0000000085b00000| Complete 
|  92|0x0000000085c00000, 0x0000000085d00000, 0x0000000085d00000|100%|HS|  |TAMS 0x0000000085d00000, 0x0000000085c00000| Complete 
|  93|0x0000000085d00000, 0x0000000085e00000, 0x0000000085e00000|100%|HC|  |TAMS 0x0000000085e00000, 0x0000000085d00000| Complete 
|  94|0x0000000085e00000, 0x0000000085f00000, 0x0000000085f00000|100%|HC|  |TAMS 0x0000000085f00000, 0x0000000085e00000| Complete 
|  95|0x0000000085f00000, 0x0000000086000000, 0x0000000086000000|100%| O|  |TAMS 0x0000000086000000, 0x0000000085f00000| Untracked 
|  96|0x0000000086000000, 0x0000000086100000, 0x0000000086100000|100%| O|  |TAMS 0x0000000086100000, 0x0000000086000000| Untracked 
|  97|0x0000000086100000, 0x0000000086200000, 0x0000000086200000|100%| O|  |TAMS 0x0000000086200000, 0x0000000086100000| Untracked 
|  98|0x0000000086200000, 0x0000000086300000, 0x0000000086300000|100%|HS|  |TAMS 0x0000000086300000, 0x0000000086200000| Complete 
|  99|0x0000000086300000, 0x0000000086400000, 0x0000000086400000|100%|HC|  |TAMS 0x0000000086400000, 0x0000000086300000| Complete 
| 100|0x0000000086400000, 0x0000000086500000, 0x0000000086500000|100%| O|  |TAMS 0x0000000086500000, 0x0000000086400000| Untracked 
| 101|0x0000000086500000, 0x0000000086600000, 0x0000000086600000|100%|HS|  |TAMS 0x0000000086600000, 0x0000000086500000| Complete 
| 102|0x0000000086600000, 0x0000000086700000, 0x0000000086700000|100%| O|  |TAMS 0x0000000086700000, 0x0000000086600000| Untracked 
| 103|0x0000000086700000, 0x0000000086800000, 0x0000000086800000|100%|HS|  |TAMS 0x0000000086800000, 0x0000000086700000| Complete 
| 104|0x0000000086800000, 0x0000000086900000, 0x0000000086900000|100%| O|  |TAMS 0x0000000086900000, 0x0000000086800000| Untracked 
| 105|0x0000000086900000, 0x0000000086a00000, 0x0000000086a00000|100%| O|  |TAMS 0x0000000086a00000, 0x0000000086900000| Untracked 
| 106|0x0000000086a00000, 0x0000000086b00000, 0x0000000086b00000|100%| O|  |TAMS 0x0000000086b00000, 0x0000000086a00000| Untracked 
| 107|0x0000000086b00000, 0x0000000086c00000, 0x0000000086c00000|100%|HS|  |TAMS 0x0000000086c00000, 0x0000000086b00000| Complete 
| 108|0x0000000086c00000, 0x0000000086d00000, 0x0000000086d00000|100%|HC|  |TAMS 0x0000000086d00000, 0x0000000086c00000| Complete 
| 109|0x0000000086d00000, 0x0000000086e00000, 0x0000000086e00000|100%| O|  |TAMS 0x0000000086e00000, 0x0000000086d00000| Untracked 
| 110|0x0000000086e00000, 0x0000000086f00000, 0x0000000086f00000|100%| O|  |TAMS 0x0000000086f00000, 0x0000000086e00000| Untracked 
| 111|0x0000000086f00000, 0x0000000087000000, 0x0000000087000000|100%| O|  |TAMS 0x0000000087000000, 0x0000000086f00000| Untracked 
| 112|0x0000000087000000, 0x0000000087100000, 0x0000000087100000|100%|HS|  |TAMS 0x0000000087100000, 0x0000000087000000| Complete 
| 113|0x0000000087100000, 0x0000000087200000, 0x0000000087200000|100%|HC|  |TAMS 0x0000000087200000, 0x0000000087100000| Complete 
| 114|0x0000000087200000, 0x0000000087300000, 0x0000000087300000|100%| O|  |TAMS 0x0000000087300000, 0x0000000087200000| Untracked 
| 115|0x0000000087300000, 0x0000000087400000, 0x0000000087400000|100%| O|  |TAMS 0x0000000087400000, 0x0000000087300000| Untracked 
| 116|0x0000000087400000, 0x0000000087500000, 0x0000000087500000|100%| O|  |TAMS 0x000000008749c400, 0x0000000087400000| Untracked 
| 117|0x0000000087500000, 0x0000000087600000, 0x0000000087600000|100%| O|  |TAMS 0x0000000087600000, 0x0000000087500000| Untracked 
| 118|0x0000000087600000, 0x0000000087700000, 0x0000000087700000|100%| O|  |TAMS 0x0000000087700000, 0x0000000087600000| Untracked 
| 119|0x0000000087700000, 0x0000000087800000, 0x0000000087800000|100%|HS|  |TAMS 0x0000000087800000, 0x0000000087700000| Complete 
| 120|0x0000000087800000, 0x0000000087900000, 0x0000000087900000|100%|HC|  |TAMS 0x0000000087900000, 0x0000000087800000| Complete 
| 121|0x0000000087900000, 0x0000000087a00000, 0x0000000087a00000|100%|HC|  |TAMS 0x0000000087a00000, 0x0000000087900000| Complete 
| 122|0x0000000087a00000, 0x0000000087b00000, 0x0000000087b00000|100%|HS|  |TAMS 0x0000000087b00000, 0x0000000087a00000| Complete 
| 123|0x0000000087b00000, 0x0000000087c00000, 0x0000000087c00000|100%| O|  |TAMS 0x0000000087c00000, 0x0000000087b00000| Untracked 
| 124|0x0000000087c00000, 0x0000000087d00000, 0x0000000087d00000|100%| O|  |TAMS 0x0000000087d00000, 0x0000000087c00000| Untracked 
| 125|0x0000000087d00000, 0x0000000087e00000, 0x0000000087e00000|100%| O|  |TAMS 0x0000000087e00000, 0x0000000087d00000| Untracked 
| 126|0x0000000087e00000, 0x0000000087f00000, 0x0000000087f00000|100%| O|  |TAMS 0x0000000087f00000, 0x0000000087e00000| Untracked 
| 127|0x0000000087f00000, 0x0000000088000000, 0x0000000088000000|100%| O|  |TAMS 0x0000000088000000, 0x0000000087f00000| Untracked 
| 128|0x0000000088000000, 0x0000000088100000, 0x0000000088100000|100%| O|  |TAMS 0x0000000088100000, 0x0000000088000000| Untracked 
| 129|0x0000000088100000, 0x0000000088200000, 0x0000000088200000|100%| O|  |TAMS 0x0000000088200000, 0x0000000088100000| Untracked 
| 130|0x0000000088200000, 0x0000000088300000, 0x0000000088300000|100%| O|  |TAMS 0x0000000088300000, 0x0000000088200000| Untracked 
| 131|0x0000000088300000, 0x0000000088400000, 0x0000000088400000|100%| O|  |TAMS 0x0000000088400000, 0x0000000088300000| Untracked 
| 132|0x0000000088400000, 0x0000000088500000, 0x0000000088500000|100%| O|  |TAMS 0x0000000088500000, 0x0000000088400000| Untracked 
| 133|0x0000000088500000, 0x0000000088600000, 0x0000000088600000|100%| O|  |TAMS 0x0000000088500000, 0x0000000088500000| Untracked 
| 134|0x0000000088600000, 0x0000000088700000, 0x0000000088700000|100%| O|  |TAMS 0x0000000088600000, 0x0000000088600000| Untracked 
| 135|0x0000000088700000, 0x0000000088800000, 0x0000000088800000|100%| O|  |TAMS 0x0000000088700000, 0x0000000088700000| Untracked 
| 136|0x0000000088800000, 0x0000000088900000, 0x0000000088900000|100%| O|  |TAMS 0x0000000088800000, 0x0000000088800000| Untracked 
| 137|0x0000000088900000, 0x0000000088a00000, 0x0000000088a00000|100%| O|  |TAMS 0x0000000088900000, 0x0000000088900000| Untracked 
| 138|0x0000000088a00000, 0x0000000088b00000, 0x0000000088b00000|100%| O|  |TAMS 0x0000000088a00000, 0x0000000088a00000| Untracked 
| 139|0x0000000088b00000, 0x0000000088c00000, 0x0000000088c00000|100%| O|  |TAMS 0x0000000088b00000, 0x0000000088b00000| Untracked 
| 140|0x0000000088c00000, 0x0000000088d00000, 0x0000000088d00000|100%| O|  |TAMS 0x0000000088c00000, 0x0000000088c00000| Untracked 
| 141|0x0000000088d00000, 0x0000000088e00000, 0x0000000088e00000|100%| O|  |TAMS 0x0000000088d00000, 0x0000000088d00000| Untracked 
| 142|0x0000000088e00000, 0x0000000088f00000, 0x0000000088f00000|100%| O|  |TAMS 0x0000000088e00000, 0x0000000088e00000| Untracked 
| 143|0x0000000088f00000, 0x0000000089000000, 0x0000000089000000|100%| O|  |TAMS 0x0000000088f00000, 0x0000000088f00000| Untracked 
| 144|0x0000000089000000, 0x0000000089100000, 0x0000000089100000|100%| O|  |TAMS 0x0000000089000000, 0x0000000089000000| Untracked 
| 145|0x0000000089100000, 0x0000000089200000, 0x0000000089200000|100%| O|  |TAMS 0x0000000089100000, 0x0000000089100000| Untracked 
| 146|0x0000000089200000, 0x0000000089300000, 0x0000000089300000|100%| O|  |TAMS 0x0000000089200000, 0x0000000089200000| Untracked 
| 147|0x0000000089300000, 0x0000000089400000, 0x0000000089400000|100%| O|  |TAMS 0x0000000089300000, 0x0000000089300000| Untracked 
| 148|0x0000000089400000, 0x0000000089500000, 0x0000000089500000|100%| O|  |TAMS 0x0000000089400000, 0x0000000089400000| Untracked 
| 149|0x0000000089500000, 0x0000000089600000, 0x0000000089600000|100%| O|  |TAMS 0x0000000089500000, 0x0000000089500000| Untracked 
| 150|0x0000000089600000, 0x0000000089700000, 0x0000000089700000|100%| O|  |TAMS 0x0000000089600000, 0x0000000089600000| Untracked 
| 151|0x0000000089700000, 0x0000000089800000, 0x0000000089800000|100%| O|  |TAMS 0x0000000089700000, 0x0000000089700000| Untracked 
| 152|0x0000000089800000, 0x0000000089900000, 0x0000000089900000|100%| O|  |TAMS 0x0000000089800000, 0x0000000089800000| Untracked 
| 153|0x0000000089900000, 0x0000000089900000, 0x0000000089a00000|  0%| F|  |TAMS 0x0000000089900000, 0x0000000089900000| Untracked 
| 154|0x0000000089a00000, 0x0000000089a00000, 0x0000000089b00000|  0%| F|  |TAMS 0x0000000089a00000, 0x0000000089a00000| Untracked 
| 155|0x0000000089b00000, 0x0000000089b00000, 0x0000000089c00000|  0%| F|  |TAMS 0x0000000089b00000, 0x0000000089b00000| Untracked 
| 156|0x0000000089c00000, 0x0000000089c00000, 0x0000000089d00000|  0%| F|  |TAMS 0x0000000089c00000, 0x0000000089c00000| Untracked 
| 157|0x0000000089d00000, 0x0000000089d00000, 0x0000000089e00000|  0%| F|  |TAMS 0x0000000089d00000, 0x0000000089d00000| Untracked 
| 158|0x0000000089e00000, 0x0000000089e00000, 0x0000000089f00000|  0%| F|  |TAMS 0x0000000089e00000, 0x0000000089e00000| Untracked 
| 159|0x0000000089f00000, 0x0000000089f00000, 0x000000008a000000|  0%| F|  |TAMS 0x0000000089f00000, 0x0000000089f00000| Untracked 
| 160|0x000000008a000000, 0x000000008a000000, 0x000000008a100000|  0%| F|  |TAMS 0x000000008a000000, 0x000000008a000000| Untracked 
| 161|0x000000008a100000, 0x000000008a100000, 0x000000008a200000|  0%| F|  |TAMS 0x000000008a100000, 0x000000008a100000| Untracked 
| 162|0x000000008a200000, 0x000000008a200000, 0x000000008a300000|  0%| F|  |TAMS 0x000000008a200000, 0x000000008a200000| Untracked 
| 163|0x000000008a300000, 0x000000008a300000, 0x000000008a400000|  0%| F|  |TAMS 0x000000008a300000, 0x000000008a300000| Untracked 
| 164|0x000000008a400000, 0x000000008a400000, 0x000000008a500000|  0%| F|  |TAMS 0x000000008a400000, 0x000000008a400000| Untracked 
| 165|0x000000008a500000, 0x000000008a500000, 0x000000008a600000|  0%| F|  |TAMS 0x000000008a500000, 0x000000008a500000| Untracked 
| 166|0x000000008a600000, 0x000000008a600000, 0x000000008a700000|  0%| F|  |TAMS 0x000000008a600000, 0x000000008a600000| Untracked 
| 167|0x000000008a700000, 0x000000008a700000, 0x000000008a800000|  0%| F|  |TAMS 0x000000008a700000, 0x000000008a700000| Untracked 
| 168|0x000000008a800000, 0x000000008a800000, 0x000000008a900000|  0%| F|  |TAMS 0x000000008a800000, 0x000000008a800000| Untracked 
| 169|0x000000008a900000, 0x000000008a900000, 0x000000008aa00000|  0%| F|  |TAMS 0x000000008a900000, 0x000000008a900000| Untracked 
| 170|0x000000008aa00000, 0x000000008aa00000, 0x000000008ab00000|  0%| F|  |TAMS 0x000000008aa00000, 0x000000008aa00000| Untracked 
| 171|0x000000008ab00000, 0x000000008ab00000, 0x000000008ac00000|  0%| F|  |TAMS 0x000000008ab00000, 0x000000008ab00000| Untracked 
| 172|0x000000008ac00000, 0x000000008ac00000, 0x000000008ad00000|  0%| F|  |TAMS 0x000000008ac00000, 0x000000008ac00000| Untracked 
| 173|0x000000008ad00000, 0x000000008ad00000, 0x000000008ae00000|  0%| F|  |TAMS 0x000000008ad00000, 0x000000008ad00000| Untracked 
| 174|0x000000008ae00000, 0x000000008ae00000, 0x000000008af00000|  0%| F|  |TAMS 0x000000008ae00000, 0x000000008ae00000| Untracked 
| 175|0x000000008af00000, 0x000000008af00000, 0x000000008b000000|  0%| F|  |TAMS 0x000000008af00000, 0x000000008af00000| Untracked 
| 176|0x000000008b000000, 0x000000008b000000, 0x000000008b100000|  0%| F|  |TAMS 0x000000008b000000, 0x000000008b000000| Untracked 
| 177|0x000000008b100000, 0x000000008b100000, 0x000000008b200000|  0%| F|  |TAMS 0x000000008b100000, 0x000000008b100000| Untracked 
| 178|0x000000008b200000, 0x000000008b200000, 0x000000008b300000|  0%| F|  |TAMS 0x000000008b200000, 0x000000008b200000| Untracked 
| 179|0x000000008b300000, 0x000000008b300000, 0x000000008b400000|  0%| F|  |TAMS 0x000000008b300000, 0x000000008b300000| Untracked 
| 180|0x000000008b400000, 0x000000008b400000, 0x000000008b500000|  0%| F|  |TAMS 0x000000008b400000, 0x000000008b400000| Untracked 
| 181|0x000000008b500000, 0x000000008b500000, 0x000000008b600000|  0%| F|  |TAMS 0x000000008b500000, 0x000000008b500000| Untracked 
| 182|0x000000008b600000, 0x000000008b600000, 0x000000008b700000|  0%| F|  |TAMS 0x000000008b600000, 0x000000008b600000| Untracked 
| 183|0x000000008b700000, 0x000000008b700000, 0x000000008b800000|  0%| F|  |TAMS 0x000000008b700000, 0x000000008b700000| Untracked 
| 184|0x000000008b800000, 0x000000008b800000, 0x000000008b900000|  0%| F|  |TAMS 0x000000008b800000, 0x000000008b800000| Untracked 
| 185|0x000000008b900000, 0x000000008b900000, 0x000000008ba00000|  0%| F|  |TAMS 0x000000008b900000, 0x000000008b900000| Untracked 
| 186|0x000000008ba00000, 0x000000008ba00000, 0x000000008bb00000|  0%| F|  |TAMS 0x000000008ba00000, 0x000000008ba00000| Untracked 
| 187|0x000000008bb00000, 0x000000008bb00000, 0x000000008bc00000|  0%| F|  |TAMS 0x000000008bb00000, 0x000000008bb00000| Untracked 
| 188|0x000000008bc00000, 0x000000008bc00000, 0x000000008bd00000|  0%| F|  |TAMS 0x000000008bc00000, 0x000000008bc00000| Untracked 
| 189|0x000000008bd00000, 0x000000008bd00000, 0x000000008be00000|  0%| F|  |TAMS 0x000000008bd00000, 0x000000008bd00000| Untracked 
| 190|0x000000008be00000, 0x000000008be00000, 0x000000008bf00000|  0%| F|  |TAMS 0x000000008be00000, 0x000000008be00000| Untracked 
| 191|0x000000008bf00000, 0x000000008bf00000, 0x000000008c000000|  0%| F|  |TAMS 0x000000008bf00000, 0x000000008bf00000| Untracked 
| 192|0x000000008c000000, 0x000000008c000000, 0x000000008c100000|  0%| F|  |TAMS 0x000000008c000000, 0x000000008c000000| Untracked 
| 193|0x000000008c100000, 0x000000008c100000, 0x000000008c200000|  0%| F|  |TAMS 0x000000008c100000, 0x000000008c100000| Untracked 
| 194|0x000000008c200000, 0x000000008c200000, 0x000000008c300000|  0%| F|  |TAMS 0x000000008c200000, 0x000000008c200000| Untracked 
| 195|0x000000008c300000, 0x000000008c300000, 0x000000008c400000|  0%| F|  |TAMS 0x000000008c300000, 0x000000008c300000| Untracked 
| 196|0x000000008c400000, 0x000000008c400000, 0x000000008c500000|  0%| F|  |TAMS 0x000000008c400000, 0x000000008c400000| Untracked 
| 197|0x000000008c500000, 0x000000008c500000, 0x000000008c600000|  0%| F|  |TAMS 0x000000008c500000, 0x000000008c500000| Untracked 
| 198|0x000000008c600000, 0x000000008c600000, 0x000000008c700000|  0%| F|  |TAMS 0x000000008c600000, 0x000000008c600000| Untracked 
| 199|0x000000008c700000, 0x000000008c700000, 0x000000008c800000|  0%| F|  |TAMS 0x000000008c700000, 0x000000008c700000| Untracked 
| 200|0x000000008c800000, 0x000000008c800000, 0x000000008c900000|  0%| F|  |TAMS 0x000000008c800000, 0x000000008c800000| Untracked 
| 201|0x000000008c900000, 0x000000008c900000, 0x000000008ca00000|  0%| F|  |TAMS 0x000000008c900000, 0x000000008c900000| Untracked 
| 202|0x000000008ca00000, 0x000000008ca00000, 0x000000008cb00000|  0%| F|  |TAMS 0x000000008ca00000, 0x000000008ca00000| Untracked 
| 203|0x000000008cb00000, 0x000000008cb00000, 0x000000008cc00000|  0%| F|  |TAMS 0x000000008cb00000, 0x000000008cb00000| Untracked 
| 204|0x000000008cc00000, 0x000000008cc00000, 0x000000008cd00000|  0%| F|  |TAMS 0x000000008cc00000, 0x000000008cc00000| Untracked 
| 205|0x000000008cd00000, 0x000000008cd00000, 0x000000008ce00000|  0%| F|  |TAMS 0x000000008cd00000, 0x000000008cd00000| Untracked 
| 206|0x000000008ce00000, 0x000000008ce00000, 0x000000008cf00000|  0%| F|  |TAMS 0x000000008ce00000, 0x000000008ce00000| Untracked 
| 207|0x000000008cf00000, 0x000000008cf00000, 0x000000008d000000|  0%| F|  |TAMS 0x000000008cf00000, 0x000000008cf00000| Untracked 
| 208|0x000000008d000000, 0x000000008d000000, 0x000000008d100000|  0%| F|  |TAMS 0x000000008d000000, 0x000000008d000000| Untracked 
| 209|0x000000008d100000, 0x000000008d100000, 0x000000008d200000|  0%| F|  |TAMS 0x000000008d100000, 0x000000008d100000| Untracked 
| 210|0x000000008d200000, 0x000000008d200000, 0x000000008d300000|  0%| F|  |TAMS 0x000000008d200000, 0x000000008d200000| Untracked 
| 211|0x000000008d300000, 0x000000008d300000, 0x000000008d400000|  0%| F|  |TAMS 0x000000008d300000, 0x000000008d300000| Untracked 
| 212|0x000000008d400000, 0x000000008d400000, 0x000000008d500000|  0%| F|  |TAMS 0x000000008d400000, 0x000000008d400000| Untracked 
| 213|0x000000008d500000, 0x000000008d500000, 0x000000008d600000|  0%| F|  |TAMS 0x000000008d500000, 0x000000008d500000| Untracked 
| 214|0x000000008d600000, 0x000000008d600000, 0x000000008d700000|  0%| F|  |TAMS 0x000000008d600000, 0x000000008d600000| Untracked 
| 215|0x000000008d700000, 0x000000008d700000, 0x000000008d800000|  0%| F|  |TAMS 0x000000008d700000, 0x000000008d700000| Untracked 
| 216|0x000000008d800000, 0x000000008d800000, 0x000000008d900000|  0%| F|  |TAMS 0x000000008d800000, 0x000000008d800000| Untracked 
| 217|0x000000008d900000, 0x000000008d900000, 0x000000008da00000|  0%| F|  |TAMS 0x000000008d900000, 0x000000008d900000| Untracked 
| 218|0x000000008da00000, 0x000000008da00000, 0x000000008db00000|  0%| F|  |TAMS 0x000000008da00000, 0x000000008da00000| Untracked 
| 219|0x000000008db00000, 0x000000008db00000, 0x000000008dc00000|  0%| F|  |TAMS 0x000000008db00000, 0x000000008db00000| Untracked 
| 220|0x000000008dc00000, 0x000000008dc00000, 0x000000008dd00000|  0%| F|  |TAMS 0x000000008dc00000, 0x000000008dc00000| Untracked 
| 221|0x000000008dd00000, 0x000000008dd00000, 0x000000008de00000|  0%| F|  |TAMS 0x000000008dd00000, 0x000000008dd00000| Untracked 
| 222|0x000000008de00000, 0x000000008de00000, 0x000000008df00000|  0%| F|  |TAMS 0x000000008de00000, 0x000000008de00000| Untracked 
| 223|0x000000008df00000, 0x000000008df00000, 0x000000008e000000|  0%| F|  |TAMS 0x000000008df00000, 0x000000008df00000| Untracked 
| 224|0x000000008e000000, 0x000000008e000000, 0x000000008e100000|  0%| F|  |TAMS 0x000000008e000000, 0x000000008e000000| Untracked 
| 225|0x000000008e100000, 0x000000008e100000, 0x000000008e200000|  0%| F|  |TAMS 0x000000008e100000, 0x000000008e100000| Untracked 
| 226|0x000000008e200000, 0x000000008e200000, 0x000000008e300000|  0%| F|  |TAMS 0x000000008e200000, 0x000000008e200000| Untracked 
| 227|0x000000008e300000, 0x000000008e300000, 0x000000008e400000|  0%| F|  |TAMS 0x000000008e300000, 0x000000008e300000| Untracked 
| 228|0x000000008e400000, 0x000000008e400000, 0x000000008e500000|  0%| F|  |TAMS 0x000000008e400000, 0x000000008e400000| Untracked 
| 229|0x000000008e500000, 0x000000008e500000, 0x000000008e600000|  0%| F|  |TAMS 0x000000008e500000, 0x000000008e500000| Untracked 
| 230|0x000000008e600000, 0x000000008e600000, 0x000000008e700000|  0%| F|  |TAMS 0x000000008e600000, 0x000000008e600000| Untracked 
| 231|0x000000008e700000, 0x000000008e700000, 0x000000008e800000|  0%| F|  |TAMS 0x000000008e700000, 0x000000008e700000| Untracked 
| 232|0x000000008e800000, 0x000000008e800000, 0x000000008e900000|  0%| F|  |TAMS 0x000000008e800000, 0x000000008e800000| Untracked 
| 233|0x000000008e900000, 0x000000008ea00000, 0x000000008ea00000|100%| S|CS|TAMS 0x000000008e900000, 0x000000008e900000| Complete 
| 234|0x000000008ea00000, 0x000000008eb00000, 0x000000008eb00000|100%| S|CS|TAMS 0x000000008ea00000, 0x000000008ea00000| Complete 
| 235|0x000000008eb00000, 0x000000008eb00000, 0x000000008ec00000|  0%| F|  |TAMS 0x000000008eb00000, 0x000000008eb00000| Untracked 
| 236|0x000000008ec00000, 0x000000008ec00000, 0x000000008ed00000|  0%| F|  |TAMS 0x000000008ec00000, 0x000000008ec00000| Untracked 
| 237|0x000000008ed00000, 0x000000008ed00000, 0x000000008ee00000|  0%| F|  |TAMS 0x000000008ed00000, 0x000000008ed00000| Untracked 
| 238|0x000000008ee00000, 0x000000008ee00000, 0x000000008ef00000|  0%| F|  |TAMS 0x000000008ee00000, 0x000000008ee00000| Untracked 
| 239|0x000000008ef00000, 0x000000008ef00000, 0x000000008f000000|  0%| F|  |TAMS 0x000000008ef00000, 0x000000008ef00000| Untracked 
| 240|0x000000008f000000, 0x000000008f000000, 0x000000008f100000|  0%| F|  |TAMS 0x000000008f000000, 0x000000008f000000| Untracked 
| 241|0x000000008f100000, 0x000000008f100000, 0x000000008f200000|  0%| F|  |TAMS 0x000000008f100000, 0x000000008f100000| Untracked 

Card table byte_map: [0x000001fd93c10000,0x000001fd94010000] _byte_map_base: 0x000001fd93810000

Marking Bits (Prev, Next): (CMBitMap*) 0x000001fdffec7c40, (CMBitMap*) 0x000001fdffec7c00
 Prev Bits: [0x000001fd96410000, 0x000001fd98410000)
 Next Bits: [0x000001fd94410000, 0x000001fd96410000)

Polling page: 0x000001fdff170000

Metaspace:

Usage:
  Non-class:     83.97 MB used.
      Class:     13.38 MB used.
       Both:     97.35 MB used.

Virtual space:
  Non-class space:       88.00 MB reserved,      84.31 MB ( 96%) committed,  11 nodes.
      Class space:        1.00 GB reserved,      13.69 MB (  1%) committed,  1 nodes.
             Both:        1.09 GB reserved,      98.00 MB (  9%) committed. 

Chunk freelists:
   Non-Class:  3.14 MB
       Class:  2.28 MB
        Both:  5.42 MB

MaxMetaspaceSize: unlimited
CompressedClassSpaceSize: 1.00 GB
Initial GC threshold: 21.00 MB
Current GC threshold: 162.31 MB
CDS: off
MetaspaceReclaimPolicy: balanced
 - commit_granule_bytes: 65536.
 - commit_granule_words: 8192.
 - virtual_space_node_default_size: 1048576.
 - enlarge_chunks_in_place: 1.
 - new_chunks_are_fully_committed: 0.
 - uncommit_free_chunks: 1.
 - use_allocation_guard: 0.
 - handle_deallocations: 1.


Internal statistics:

num_allocs_failed_limit: 12.
num_arena_births: 1054.
num_arena_deaths: 6.
num_vsnodes_births: 12.
num_vsnodes_deaths: 0.
num_space_committed: 1567.
num_space_uncommitted: 0.
num_chunks_returned_to_freelist: 21.
num_chunks_taken_from_freelist: 4741.
num_chunk_merges: 12.
num_chunk_splits: 3155.
num_chunks_enlarged: 2139.
num_purges: 2.
num_inconsistent_stats: 0.

CodeHeap 'non-profiled nmethods': size=120000Kb used=5823Kb max_used=5823Kb free=114176Kb
 bounds [0x000001fd8c2e0000, 0x000001fd8c890000, 0x000001fd93810000]
CodeHeap 'profiled nmethods': size=120000Kb used=20979Kb max_used=20979Kb free=99020Kb
 bounds [0x000001fd84810000, 0x000001fd85c90000, 0x000001fd8bd40000]
CodeHeap 'non-nmethods': size=5760Kb used=2409Kb max_used=2488Kb free=3350Kb
 bounds [0x000001fd8bd40000, 0x000001fd8bfe0000, 0x000001fd8c2e0000]
 total_blobs=11527 nmethods=10587 adapters=852
 compilation: enabled
              stopped_count=0, restarted_count=0
 full_count=0

Compilation events (20 events):
Event: 23.802 Thread 0x000001fd9b423230 12263       2       com.android.tools.r8.internal.T0::entrySet (32 bytes)
Event: 23.803 Thread 0x000001fd9b423230 nmethod 12263 0x000001fd8539e310 code [0x000001fd8539e4c0, 0x000001fd8539e718]
Event: 23.803 Thread 0x000001fd9b423230 12264       2       com.android.tools.r8.internal.MJ::<init> (6 bytes)
Event: 23.803 Thread 0x000001fd9b423230 nmethod 12264 0x000001fd8494d190 code [0x000001fd8494d320, 0x000001fd8494d478]
Event: 23.803 Thread 0x000001fd9b423230 12265       2       com.android.tools.r8.internal.MJ::<init> (10 bytes)
Event: 23.803 Thread 0x000001fd9b423230 nmethod 12265 0x000001fd84d2ce10 code [0x000001fd84d2cfa0, 0x000001fd84d2d0f8]
Event: 23.804 Thread 0x000001fd9b423230 12266       2       com.android.tools.r8.utils.structural.l::b (42 bytes)
Event: 23.805 Thread 0x000001fd9b423230 nmethod 12266 0x000001fd84be1690 code [0x000001fd84be1860, 0x000001fd84be1ad8]
Event: 23.817 Thread 0x000001fd9b423230 12268       2       com.android.tools.r8.graph.F2::F0 (2 bytes)
Event: 23.817 Thread 0x000001fd9b423230 nmethod 12268 0x000001fd84cec410 code [0x000001fd84cec5a0, 0x000001fd84cec6b8]
Event: 23.818 Thread 0x000001fd9b423230 12270       2       com.android.tools.r8.utils.A1$g::b (13 bytes)
Event: 23.818 Thread 0x000001fd9b423230 nmethod 12270 0x000001fd84926d10 code [0x000001fd84926ea0, 0x000001fd84926fb8]
Event: 23.819 Thread 0x000001fd9b423230 12271       2       com.android.tools.r8.dex.code.d4::<init> (7 bytes)
Event: 23.819 Thread 0x000001fd9b423230 nmethod 12271 0x000001fd84926710 code [0x000001fd849268a0, 0x000001fd849269f8]
Event: 23.821 Thread 0x000001fd9b423230 12272       2       com.android.tools.r8.dex.B$$Lambda$1276/0x0000000100d49dc0::get (8 bytes)
Event: 23.821 Thread 0x000001fd9b423230 nmethod 12272 0x000001fd84c45790 code [0x000001fd84c45920, 0x000001fd84c45a48]
Event: 23.821 Thread 0x000001fd9b423230 12273       2       com.android.tools.r8.graph.S0::<init> (10 bytes)
Event: 23.821 Thread 0x000001fd9b423230 nmethod 12273 0x000001fd84c45190 code [0x000001fd84c45320, 0x000001fd84c45478]
Event: 23.837 Thread 0x000001fd9b423230 12276       2       com.android.tools.r8.utils.structural.s::e (16 bytes)
Event: 23.837 Thread 0x000001fd9b423230 nmethod 12276 0x000001fd85c8e290 code [0x000001fd85c8e420, 0x000001fd85c8e568]

GC Heap History (20 events):
Event: 18.617 GC heap after
{Heap after GC invocations=25 (full 0):
 garbage-first heap   total 159744K, used 79285K [0x0000000080000000, 0x0000000100000000)
  region size 1024K, 7 young (7168K), 7 survivors (7168K)
 Metaspace       used 90156K, committed 90816K, reserved 1130496K
  class space    used 12358K, committed 12672K, reserved 1048576K
}
Event: 19.305 GC heap before
{Heap before GC invocations=25 (full 0):
 garbage-first heap   total 159744K, used 126389K [0x0000000080000000, 0x0000000100000000)
  region size 1024K, 54 young (55296K), 7 survivors (7168K)
 Metaspace       used 90727K, committed 91392K, reserved 1130496K
  class space    used 12409K, committed 12736K, reserved 1048576K
}
Event: 19.318 GC heap after
{Heap after GC invocations=26 (full 0):
 garbage-first heap   total 159744K, used 82338K [0x0000000080000000, 0x0000000100000000)
  region size 1024K, 5 young (5120K), 5 survivors (5120K)
 Metaspace       used 90727K, committed 91392K, reserved 1130496K
  class space    used 12409K, committed 12736K, reserved 1048576K
}
Event: 20.674 GC heap before
{Heap before GC invocations=27 (full 0):
 garbage-first heap   total 159744K, used 128418K [0x0000000080000000, 0x0000000100000000)
  region size 1024K, 50 young (51200K), 5 survivors (5120K)
 Metaspace       used 93150K, committed 93888K, reserved 1130496K
  class space    used 12652K, committed 12992K, reserved 1048576K
}
Event: 20.695 GC heap after
{Heap after GC invocations=28 (full 0):
 garbage-first heap   total 159744K, used 87045K [0x0000000080000000, 0x0000000100000000)
  region size 1024K, 6 young (6144K), 6 survivors (6144K)
 Metaspace       used 93150K, committed 93888K, reserved 1130496K
  class space    used 12652K, committed 12992K, reserved 1048576K
}
Event: 20.709 GC heap before
{Heap before GC invocations=28 (full 0):
 garbage-first heap   total 159744K, used 88069K [0x0000000080000000, 0x0000000100000000)
  region size 1024K, 7 young (7168K), 6 survivors (6144K)
 Metaspace       used 93150K, committed 93888K, reserved 1130496K
  class space    used 12652K, committed 12992K, reserved 1048576K
}
Event: 20.722 GC heap after
{Heap after GC invocations=29 (full 0):
 garbage-first heap   total 192512K, used 87040K [0x0000000080000000, 0x0000000100000000)
  region size 1024K, 1 young (1024K), 1 survivors (1024K)
 Metaspace       used 93150K, committed 93888K, reserved 1130496K
  class space    used 12652K, committed 12992K, reserved 1048576K
}
Event: 21.617 GC heap before
{Heap before GC invocations=29 (full 0):
 garbage-first heap   total 192512K, used 179200K [0x0000000080000000, 0x0000000100000000)
  region size 1024K, 60 young (61440K), 1 survivors (1024K)
 Metaspace       used 96832K, committed 97536K, reserved 1138688K
  class space    used 13162K, committed 13504K, reserved 1048576K
}
Event: 21.626 GC heap after
{Heap after GC invocations=30 (full 0):
 garbage-first heap   total 192512K, used 119200K [0x0000000080000000, 0x0000000100000000)
  region size 1024K, 9 young (9216K), 9 survivors (9216K)
 Metaspace       used 96832K, committed 97536K, reserved 1138688K
  class space    used 13162K, committed 13504K, reserved 1048576K
}
Event: 21.627 GC heap before
{Heap before GC invocations=30 (full 0):
 garbage-first heap   total 192512K, used 122272K [0x0000000080000000, 0x0000000100000000)
  region size 1024K, 10 young (10240K), 9 survivors (9216K)
 Metaspace       used 96832K, committed 97536K, reserved 1138688K
  class space    used 13162K, committed 13504K, reserved 1048576K
}
Event: 21.633 GC heap after
{Heap after GC invocations=31 (full 0):
 garbage-first heap   total 192512K, used 121790K [0x0000000080000000, 0x0000000100000000)
  region size 1024K, 1 young (1024K), 1 survivors (1024K)
 Metaspace       used 96832K, committed 97536K, reserved 1138688K
  class space    used 13162K, committed 13504K, reserved 1048576K
}
Event: 22.403 GC heap before
{Heap before GC invocations=32 (full 0):
 garbage-first heap   total 220160K, used 161726K [0x0000000080000000, 0x0000000100000000)
  region size 1024K, 37 young (37888K), 1 survivors (1024K)
 Metaspace       used 97115K, committed 97728K, reserved 1138688K
  class space    used 13208K, committed 13504K, reserved 1048576K
}
Event: 22.427 GC heap after
{Heap after GC invocations=33 (full 0):
 garbage-first heap   total 220160K, used 134309K [0x0000000080000000, 0x0000000100000000)
  region size 1024K, 5 young (5120K), 5 survivors (5120K)
 Metaspace       used 97115K, committed 97728K, reserved 1138688K
  class space    used 13208K, committed 13504K, reserved 1048576K
}
Event: 22.490 GC heap before
{Heap before GC invocations=33 (full 0):
 garbage-first heap   total 220160K, used 138405K [0x0000000080000000, 0x0000000100000000)
  region size 1024K, 10 young (10240K), 5 survivors (5120K)
 Metaspace       used 97115K, committed 97728K, reserved 1138688K
  class space    used 13208K, committed 13504K, reserved 1048576K
}
Event: 22.512 GC heap after
{Heap after GC invocations=34 (full 0):
 garbage-first heap   total 220160K, used 135793K [0x0000000080000000, 0x0000000100000000)
  region size 1024K, 2 young (2048K), 2 survivors (2048K)
 Metaspace       used 97115K, committed 97728K, reserved 1138688K
  class space    used 13208K, committed 13504K, reserved 1048576K
}
Event: 22.545 GC heap before
{Heap before GC invocations=34 (full 0):
 garbage-first heap   total 220160K, used 138865K [0x0000000080000000, 0x0000000100000000)
  region size 1024K, 6 young (6144K), 2 survivors (2048K)
 Metaspace       used 97115K, committed 97728K, reserved 1138688K
  class space    used 13208K, committed 13504K, reserved 1048576K
}
Event: 22.556 GC heap after
{Heap after GC invocations=35 (full 0):
 garbage-first heap   total 220160K, used 137472K [0x0000000080000000, 0x0000000100000000)
  region size 1024K, 4 young (4096K), 4 survivors (4096K)
 Metaspace       used 97115K, committed 97728K, reserved 1138688K
  class space    used 13208K, committed 13504K, reserved 1048576K
}
Event: 23.746 GC heap before
{Heap before GC invocations=36 (full 0):
 garbage-first heap   total 247808K, used 172288K [0x0000000080000000, 0x0000000100000000)
  region size 1024K, 37 young (37888K), 4 survivors (4096K)
 Metaspace       used 99684K, committed 100352K, reserved 1138688K
  class space    used 13705K, committed 14016K, reserved 1048576K
}
Event: 23.784 GC heap after
{Heap after GC invocations=37 (full 0):
 garbage-first heap   total 247808K, used 152541K [0x0000000080000000, 0x0000000100000000)
  region size 1024K, 5 young (5120K), 5 survivors (5120K)
 Metaspace       used 99684K, committed 100352K, reserved 1138688K
  class space    used 13705K, committed 14016K, reserved 1048576K
}
Event: 23.837 GC heap before
{Heap before GC invocations=37 (full 0):
 garbage-first heap   total 247808K, used 159709K [0x0000000080000000, 0x0000000100000000)
  region size 1024K, 12 young (12288K), 5 survivors (5120K)
 Metaspace       used 99689K, committed 100352K, reserved 1138688K
  class space    used 13705K, committed 14016K, reserved 1048576K
}

Dll operation events (2 events):
Event: 0.010 Loaded shared library E:\Android\jbr\bin\java.dll
Event: 0.626 Loaded shared library E:\Android\jbr\bin\verify.dll

Deoptimization events (20 events):
Event: 22.665 Thread 0x000001fd9dd8d460 Uncommon trap: trap_request=0xffffffde fr.pc=0x000001fd8c3a1df8 relative=0x0000000000000ad8
Event: 22.665 Thread 0x000001fd9dd8d460 Uncommon trap: reason=class_check action=maybe_recompile pc=0x000001fd8c3a1df8 method=com.android.tools.r8.dex.B.a(ILjava/util/function/Supplier;)Ljava/lang/Object; @ 31 c2
Event: 22.665 Thread 0x000001fd9dd8d460 DEOPT PACKING pc=0x000001fd8c3a1df8 sp=0x00000072ceefea10
Event: 22.665 Thread 0x000001fd9dd8d460 DEOPT UNPACKING pc=0x000001fd8bd969a3 sp=0x00000072ceefea10 mode 2
Event: 22.702 Thread 0x000001fd9dd93970 Uncommon trap: trap_request=0xffffff45 fr.pc=0x000001fd8c4050f0 relative=0x0000000000000150
Event: 22.702 Thread 0x000001fd9dd93970 Uncommon trap: reason=unstable_if action=reinterpret pc=0x000001fd8c4050f0 method=com.android.tools.r8.internal.Rq.get(I)Ljava/lang/Object; @ 1 c2
Event: 22.702 Thread 0x000001fd9dd93970 DEOPT PACKING pc=0x000001fd8c4050f0 sp=0x00000072cebff050
Event: 22.703 Thread 0x000001fd9dd93970 DEOPT UNPACKING pc=0x000001fd8bd969a3 sp=0x00000072cebfefe8 mode 2
Event: 23.130 Thread 0x000001fd9dd8fae0 Uncommon trap: trap_request=0xffffff45 fr.pc=0x000001fd8c863a74 relative=0x0000000000000ef4
Event: 23.130 Thread 0x000001fd9dd8fae0 Uncommon trap: reason=unstable_if action=reinterpret pc=0x000001fd8c863a74 method=com.android.tools.r8.internal.Rq.d(I)V @ 38 c2
Event: 23.130 Thread 0x000001fd9dd8fae0 DEOPT PACKING pc=0x000001fd8c863a74 sp=0x00000072cecfe960
Event: 23.130 Thread 0x000001fd9dd8fae0 DEOPT UNPACKING pc=0x000001fd8bd969a3 sp=0x00000072cecfe8a8 mode 2
Event: 23.672 Thread 0x000001fd9dd8d460 Uncommon trap: trap_request=0xffffff45 fr.pc=0x000001fd8c889714 relative=0x00000000000066b4
Event: 23.672 Thread 0x000001fd9dd8d460 Uncommon trap: reason=unstable_if action=reinterpret pc=0x000001fd8c889714 method=com.android.tools.r8.dex.code.O.a(IILcom/android/tools/r8/dex/code/a;Lcom/android/tools/r8/graph/f5;)Lcom/android/tools/r8/dex/code/B1; @ 505 c2
Event: 23.672 Thread 0x000001fd9dd8d460 DEOPT PACKING pc=0x000001fd8c889714 sp=0x00000072ceefe820
Event: 23.672 Thread 0x000001fd9dd8d460 DEOPT UNPACKING pc=0x000001fd8bd969a3 sp=0x00000072ceefe7d0 mode 2
Event: 23.701 Thread 0x000001fd9dd8d460 Uncommon trap: trap_request=0xffffff45 fr.pc=0x000001fd8c75db1c relative=0x000000000000037c
Event: 23.701 Thread 0x000001fd9dd8d460 Uncommon trap: reason=unstable_if action=reinterpret pc=0x000001fd8c75db1c method=java.util.concurrent.ConcurrentLinkedQueue.offer(Ljava/lang/Object;)Z @ 42 c2
Event: 23.702 Thread 0x000001fd9dd8d460 DEOPT PACKING pc=0x000001fd8c75db1c sp=0x00000072ceefea50
Event: 23.702 Thread 0x000001fd9dd8d460 DEOPT UNPACKING pc=0x000001fd8bd969a3 sp=0x00000072ceefe9f0 mode 2

Classes unloaded (3 events):
Event: 21.948 Thread 0x000001fd9a90b620 Unloading class 0x0000000100c60800 'java/lang/invoke/LambdaForm$DMH+0x0000000100c60800'
Event: 21.948 Thread 0x000001fd9a90b620 Unloading class 0x0000000100c60c00 'java/lang/invoke/LambdaForm$DMH+0x0000000100c60c00'
Event: 21.948 Thread 0x000001fd9a90b620 Unloading class 0x0000000100c60400 'java/lang/invoke/LambdaForm$DMH+0x0000000100c60400'

Classes redefined (0 events):
No events

Internal exceptions (20 events):
Event: 19.836 Thread 0x000001fd9dd8e7a0 Exception <a 'java/lang/NoSuchMethodError'{0x0000000088f991d0}: static Ljava/lang/Object;.<clinit>()V> (0x0000000088f991d0) 
thrown [s\src\hotspot\share\prims\jni.cpp, line 1108]
Event: 19.838 Thread 0x000001fd9dd8e7a0 Exception <a 'java/lang/NoSuchMethodError'{0x0000000088fb44a8}: static Lcom/android/build/api/variant/impl/SerializableApplicationMultiOutputHandler;.<clinit>()V> (0x0000000088fb44a8) 
thrown [s\src\hotspot\share\prims\jni.cpp, line 1108]
Event: 19.840 Thread 0x000001fd9dd8e7a0 Exception <a 'java/lang/NoSuchMethodError'{0x0000000088fca230}: static Lcom/android/build/api/variant/impl/VariantOutputImpl$SerializedForm;.<clinit>()V> (0x0000000088fca230) 
thrown [s\src\hotspot\share\prims\jni.cpp, line 1108]
Event: 19.841 Thread 0x000001fd9dd8e7a0 Exception <a 'java/lang/NoSuchMethodError'{0x0000000088fde3f8}: static Lcom/android/build/api/variant/impl/VariantOutputConfigurationImpl;.<clinit>()V> (0x0000000088fde3f8) 
thrown [s\src\hotspot\share\prims\jni.cpp, line 1108]
Event: 19.877 Thread 0x000001fd9dd8f140 Exception <a 'sun/nio/fs/WindowsException'{0x0000000088d72990}> (0x0000000088d72990) 
thrown [s\src\hotspot\share\prims\jni.cpp, line 517]
Event: 19.890 Thread 0x000001fd9dd8f140 Exception <a 'java/lang/NoSuchMethodError'{0x0000000088c3b320}: 'int java.lang.invoke.DirectMethodHandle$Holder.invokeSpecial(java.lang.Object, java.lang.Object, java.lang.Object, java.lang.Object, java.lang.Object)'> (0x0000000088c3b320) 
thrown [s\src\hotspot\share\interpreter\linkResolver.cpp, line 771]
Event: 20.156 Thread 0x000001fd9dd8f140 Exception <a 'sun/nio/fs/WindowsException'{0x00000000882d76d8}> (0x00000000882d76d8) 
thrown [s\src\hotspot\share\prims\jni.cpp, line 517]
Event: 20.748 Thread 0x000001fd9dd8de00 Exception <a 'java/lang/NoSuchMethodError'{0x000000008b859b68}: 'void java.lang.invoke.DirectMethodHandle$Holder.invokeStatic(java.lang.Object, long)'> (0x000000008b859b68) 
thrown [s\src\hotspot\share\interpreter\linkResolver.cpp, line 771]
Event: 20.749 Thread 0x000001fd9dd8de00 Exception <a 'java/lang/NoSuchMethodError'{0x000000008b85f468}: 'java.lang.Object java.lang.invoke.DirectMethodHandle$Holder.newInvokeSpecial(java.lang.Object, long)'> (0x000000008b85f468) 
thrown [s\src\hotspot\share\interpreter\linkResolver.cpp, line 771]
Event: 20.751 Thread 0x000001fd9dd8de00 Exception <a 'java/lang/NoSuchMethodError'{0x000000008b866200}: 'java.lang.Object java.lang.invoke.DirectMethodHandle$Holder.invokeStatic(java.lang.Object, java.lang.Object, long, java.lang.Object)'> (0x000000008b866200) 
thrown [s\src\hotspot\share\interpreter\linkResolver.cpp, line 771]
Event: 20.751 Thread 0x000001fd9dd8de00 Exception <a 'java/lang/NoSuchMethodError'{0x000000008b869c80}: 'java.lang.Object java.lang.invoke.DirectMethodHandle$Holder.invokeStaticInit(java.lang.Object, java.lang.Object, long, java.lang.Object)'> (0x000000008b869c80) 
thrown [s\src\hotspot\share\interpreter\linkResolver.cpp, line 771]
Event: 21.099 Thread 0x000001fd9dd93e40 Exception <a 'sun/nio/fs/WindowsException'{0x000000008a379af8}> (0x000000008a379af8) 
thrown [s\src\hotspot\share\prims\jni.cpp, line 517]
Event: 21.251 Thread 0x000001fd9dd93e40 Exception <a 'sun/nio/fs/WindowsException'{0x000000008984d7e8}> (0x000000008984d7e8) 
thrown [s\src\hotspot\share\prims\jni.cpp, line 517]
Event: 21.345 Thread 0x000001fd9dd8de00 Exception <a 'java/lang/NoSuchMethodError'{0x00000000892176b0}: 'int java.lang.invoke.DirectMethodHandle$Holder.invokeSpecialIFC(java.lang.Object, java.lang.Object, java.lang.Object)'> (0x00000000892176b0) 
thrown [s\src\hotspot\share\interpreter\linkResolver.cpp, line 771]
Event: 21.352 Thread 0x000001fd9dd934a0 Exception <a 'sun/nio/fs/WindowsException'{0x0000000089274920}> (0x0000000089274920) 
thrown [s\src\hotspot\share\prims\jni.cpp, line 517]
Event: 21.594 Thread 0x000001fd9dd934a0 Exception <a 'java/lang/NoSuchMethodError'{0x000000008898db10}: 'java.lang.Object java.lang.invoke.DirectMethodHandle$Holder.invokeStaticInit(java.lang.Object, java.lang.Object, java.lang.Object, java.lang.Object, java.lang.Object, java.lang.Object, java.lang.Object, java.lang.Object, java.lang.Object, java.lang.Object, java.lang.Object, java.lang.Object, java.lang.Object, java.lang.Object, java.lang.Object, java.lang.Object, java.lang.Object, java.lang.Object, java.lang.Object, java.lang.Object, int, java
Event: 22.612 Thread 0x000001fd9dd93970 Exception <a 'java/lang/IncompatibleClassChangeError'{0x000000008d38ede0}: Found class java.lang.Object, but interface was expected> (0x000000008d38ede0) 
thrown [s\src\hotspot\share\interpreter\linkResolver.cpp, line 838]
Event: 22.682 Thread 0x000001fd9dd8d460 Exception <a 'java/lang/NoSuchMethodError'{0x000000008d013a80}: 'long java.lang.invoke.DirectMethodHandle$Holder.invokeStatic(java.lang.Object, java.lang.Object, java.lang.Object)'> (0x000000008d013a80) 
thrown [s\src\hotspot\share\interpreter\linkResolver.cpp, line 771]
Event: 22.739 Thread 0x000001fd9dd93970 Exception <a 'java/lang/IncompatibleClassChangeError'{0x000000008cc0a840}: Found class java.lang.Object, but interface was expected> (0x000000008cc0a840) 
thrown [s\src\hotspot\share\interpreter\linkResolver.cpp, line 838]
Event: 22.740 Thread 0x000001fd9dd93970 Exception <a 'java/lang/IncompatibleClassChangeError'{0x000000008cc560f0}: Found class java.lang.Object, but interface was expected> (0x000000008cc560f0) 
thrown [s\src\hotspot\share\interpreter\linkResolver.cpp, line 838]

VM Operations (20 events):
Event: 21.633 Executing VM operation: G1TryInitiateConcMark done
Event: 21.947 Executing VM operation: G1Concurrent
Event: 21.967 Executing VM operation: G1Concurrent done
Event: 22.105 Executing VM operation: G1Concurrent
Event: 22.105 Executing VM operation: G1Concurrent done
Event: 22.402 Executing VM operation: G1CollectForAllocation
Event: 22.427 Executing VM operation: G1CollectForAllocation done
Event: 22.489 Executing VM operation: G1CollectForAllocation
Event: 22.512 Executing VM operation: G1CollectForAllocation done
Event: 22.545 Executing VM operation: G1TryInitiateConcMark
Event: 22.557 Executing VM operation: G1TryInitiateConcMark done
Event: 22.894 Executing VM operation: G1Concurrent
Event: 22.905 Executing VM operation: G1Concurrent done
Event: 23.071 Executing VM operation: G1Concurrent
Event: 23.095 Executing VM operation: G1Concurrent done
Event: 23.666 Executing VM operation: HandshakeAllThreads
Event: 23.722 Executing VM operation: HandshakeAllThreads done
Event: 23.746 Executing VM operation: G1CollectForAllocation
Event: 23.784 Executing VM operation: G1CollectForAllocation done
Event: 23.837 Executing VM operation: G1CollectForAllocation

Events (20 events):
Event: 22.649 loading class java/lang/reflect/GenericSignatureFormatError
Event: 22.649 loading class java/lang/reflect/GenericSignatureFormatError done
Event: 22.655 Thread 0x000001fd9dd8d460 Thread added: 0x000001fd9dd8d460
Event: 22.679 loading class java/util/AbstractList$RandomAccessSubList
Event: 22.679 loading class java/util/AbstractList$SubList
Event: 22.679 loading class java/util/AbstractList$SubList done
Event: 22.679 loading class java/util/AbstractList$RandomAccessSubList done
Event: 22.680 loading class java/util/AbstractList$SubList$1
Event: 22.680 loading class java/util/AbstractList$SubList$1 done
Event: 22.831 loading class java/nio/ShortBuffer
Event: 22.832 loading class java/nio/ShortBuffer done
Event: 22.832 loading class java/nio/HeapShortBuffer
Event: 22.833 loading class java/nio/HeapShortBuffer done
Event: 23.727 Thread 0x000001fd9b42dc40 flushing nmethod 0x000001fd84926710
Event: 23.727 Thread 0x000001fd9b42dc40 flushing nmethod 0x000001fd8494d190
Event: 23.730 Thread 0x000001fd9b42dc40 flushing nmethod 0x000001fd84be1690
Event: 23.731 Thread 0x000001fd9b42dc40 flushing nmethod 0x000001fd84c45190
Event: 23.732 Thread 0x000001fd9b42dc40 flushing nmethod 0x000001fd84cec410
Event: 23.732 Thread 0x000001fd9b42dc40 flushing nmethod 0x000001fd84d2ce10
Event: 23.738 Thread 0x000001fd9b42dc40 flushing nmethod 0x000001fd8539e310


Dynamic libraries:
0x00007ff70bf50000 - 0x00007ff70bf5a000 	E:\Android\jbr\bin\java.exe
0x00007ff852650000 - 0x00007ff852866000 	C:\Windows\SYSTEM32\ntdll.dll
0x00007ff8508c0000 - 0x00007ff850984000 	C:\Windows\System32\KERNEL32.DLL
0x00007ff84f990000 - 0x00007ff84fd36000 	C:\Windows\System32\KERNELBASE.dll
0x00007ff850130000 - 0x00007ff850241000 	C:\Windows\System32\ucrtbase.dll
0x00007ff80fe60000 - 0x00007ff80fe77000 	E:\Android\jbr\bin\jli.dll
0x00007ff8494f0000 - 0x00007ff84950b000 	E:\Android\jbr\bin\VCRUNTIME140.dll
0x00007ff850eb0000 - 0x00007ff85105d000 	C:\Windows\System32\USER32.dll
0x00007ff832bc0000 - 0x00007ff832e53000 	C:\Windows\WinSxS\amd64_microsoft.windows.common-controls_6595b64144ccf1df_6.0.22621.3235_none_270f74e173860f98\COMCTL32.dll
0x00007ff850370000 - 0x00007ff850396000 	C:\Windows\System32\win32u.dll
0x00007ff851110000 - 0x00007ff8511b7000 	C:\Windows\System32\msvcrt.dll
0x00007ff850440000 - 0x00007ff850469000 	C:\Windows\System32\GDI32.dll
0x00007ff850250000 - 0x00007ff850368000 	C:\Windows\System32\gdi32full.dll
0x00007ff84fde0000 - 0x00007ff84fe7a000 	C:\Windows\System32\msvcp_win.dll
0x00007ff850e70000 - 0x00007ff850ea1000 	C:\Windows\System32\IMM32.DLL
0x00007ff849520000 - 0x00007ff84952c000 	E:\Android\jbr\bin\vcruntime140_1.dll
0x00007ff81c750000 - 0x00007ff81c7dd000 	E:\Android\jbr\bin\msvcp140.dll
0x00007fffc06c0000 - 0x00007fffc132e000 	E:\Android\jbr\bin\server\jvm.dll
0x00007ff8507e0000 - 0x00007ff850892000 	C:\Windows\System32\ADVAPI32.dll
0x00007ff851060000 - 0x00007ff851108000 	C:\Windows\System32\sechost.dll
0x00007ff84fd40000 - 0x00007ff84fd68000 	C:\Windows\System32\bcrypt.dll
0x00007ff851ba0000 - 0x00007ff851cb5000 	C:\Windows\System32\RPCRT4.dll
0x00007ff846dd0000 - 0x00007ff846dd9000 	C:\Windows\SYSTEM32\WSOCK32.dll
0x00007ff846080000 - 0x00007ff8460b4000 	C:\Windows\SYSTEM32\WINMM.dll
0x00007ff8503a0000 - 0x00007ff850411000 	C:\Windows\System32\WS2_32.dll
0x00007ff845fc0000 - 0x00007ff845fca000 	C:\Windows\SYSTEM32\VERSION.dll
0x00007ff84e9d0000 - 0x00007ff84e9e8000 	C:\Windows\SYSTEM32\kernel.appcore.dll
0x00007ff846c80000 - 0x00007ff846c8a000 	E:\Android\jbr\bin\jimage.dll
0x00007ff848910000 - 0x00007ff848b43000 	C:\Windows\SYSTEM32\DBGHELP.DLL
0x00007ff851510000 - 0x00007ff851898000 	C:\Windows\System32\combase.dll
0x00007ff851cd0000 - 0x00007ff851da7000 	C:\Windows\System32\OLEAUT32.dll
0x00007ff83e540000 - 0x00007ff83e572000 	C:\Windows\SYSTEM32\dbgcore.DLL
0x00007ff8500b0000 - 0x00007ff85012a000 	C:\Windows\System32\bcryptPrimitives.dll
0x00007ff8321d0000 - 0x00007ff8321f5000 	E:\Android\jbr\bin\java.dll
0x00007ff8360c0000 - 0x00007ff8360d8000 	E:\Android\jbr\bin\zip.dll
0x00007ff851db0000 - 0x00007ff85260d000 	C:\Windows\System32\SHELL32.dll
0x00007ff84d8f0000 - 0x00007ff84e1e8000 	C:\Windows\SYSTEM32\windows.storage.dll
0x00007ff84d7b0000 - 0x00007ff84d8ee000 	C:\Windows\SYSTEM32\wintypes.dll
0x00007ff851250000 - 0x00007ff851343000 	C:\Windows\System32\SHCORE.dll
0x00007ff850760000 - 0x00007ff8507be000 	C:\Windows\System32\shlwapi.dll
0x00007ff84f8c0000 - 0x00007ff84f8e6000 	C:\Windows\SYSTEM32\profapi.dll
0x00007ff831870000 - 0x00007ff831889000 	E:\Android\jbr\bin\net.dll
0x00007ff846370000 - 0x00007ff8464a7000 	C:\Windows\SYSTEM32\WINHTTP.dll
0x00007ff84ee50000 - 0x00007ff84eeb9000 	C:\Windows\system32\mswsock.dll
0x00007ff8200e0000 - 0x00007ff8200f6000 	E:\Android\jbr\bin\nio.dll
0x00007ff8468e0000 - 0x00007ff8468f0000 	E:\Android\jbr\bin\verify.dll
0x00007ff842740000 - 0x00007ff842767000 	C:\Users\Mr\.gradle\native\68d5fa5c4cc2d200863cafc0d521ce42e7d3e7ee720ec0a83991735586a16f82\windows-amd64\native-platform.dll
0x00007ff804410000 - 0x00007ff804554000 	C:\Users\Mr\.gradle\native\e376f236ea51e6404a007f0833ffe2c6e607c4080706a723a18a27aeea778392\windows-amd64\native-platform-file-events.dll
0x00007ff83e360000 - 0x00007ff83e369000 	E:\Android\jbr\bin\management.dll
0x00007ff8321c0000 - 0x00007ff8321cb000 	E:\Android\jbr\bin\management_ext.dll
0x00007ff8506d0000 - 0x00007ff8506d8000 	C:\Windows\System32\PSAPI.DLL
0x00007ff84f110000 - 0x00007ff84f12b000 	C:\Windows\SYSTEM32\CRYPTSP.dll
0x00007ff84e930000 - 0x00007ff84e965000 	C:\Windows\system32\rsaenh.dll
0x00007ff84efb0000 - 0x00007ff84efdc000 	C:\Windows\SYSTEM32\USERENV.dll
0x00007ff84f180000 - 0x00007ff84f18c000 	C:\Windows\SYSTEM32\CRYPTBASE.dll
0x00007ff84e490000 - 0x00007ff84e4bd000 	C:\Windows\SYSTEM32\IPHLPAPI.DLL
0x00007ff851cc0000 - 0x00007ff851cc9000 	C:\Windows\System32\NSI.dll
0x00007ff846340000 - 0x00007ff846359000 	C:\Windows\SYSTEM32\dhcpcsvc6.DLL
0x00007ff846300000 - 0x00007ff84631f000 	C:\Windows\SYSTEM32\dhcpcsvc.DLL
0x00007ff84e4c0000 - 0x00007ff84e5b9000 	C:\Windows\SYSTEM32\DNSAPI.dll
0x00007ff82d890000 - 0x00007ff82d898000 	C:\Windows\system32\wshunix.dll

dbghelp: loaded successfully - version: 4.0.5 - missing functions: none
symbol engine: initialized successfully - sym options: 0x614 - pdb path: .;E:\Android\jbr\bin;C:\Windows\SYSTEM32;C:\Windows\WinSxS\amd64_microsoft.windows.common-controls_6595b64144ccf1df_6.0.22621.3235_none_270f74e173860f98;E:\Android\jbr\bin\server;C:\Users\Mr\.gradle\native\68d5fa5c4cc2d200863cafc0d521ce42e7d3e7ee720ec0a83991735586a16f82\windows-amd64;C:\Users\Mr\.gradle\native\e376f236ea51e6404a007f0833ffe2c6e607c4080706a723a18a27aeea778392\windows-amd64

VM Arguments:
jvm_args: --add-opens=java.base/java.util=ALL-UNNAMED --add-opens=java.base/java.lang=ALL-UNNAMED --add-opens=java.base/java.lang.invoke=ALL-UNNAMED --add-opens=java.prefs/java.util.prefs=ALL-UNNAMED --add-opens=java.base/java.nio.charset=ALL-UNNAMED --add-opens=java.base/java.net=ALL-UNNAMED --add-opens=java.base/java.util.concurrent.atomic=ALL-UNNAMED -Xmx2048m -Dfile.encoding=UTF-8 -Duser.country=US -Duser.language=en -Duser.variant 
java_command: org.gradle.launcher.daemon.bootstrap.GradleDaemon 8.0
java_class_path (initial): C:\Users\Mr\.gradle\wrapper\dists\gradle-8.0-bin\ca5e32bp14vu59qr306oxotwh\gradle-8.0\lib\gradle-launcher-8.0.jar
Launcher Type: SUN_STANDARD

[Global flags]
     intx CICompilerCount                          = 3                                         {product} {ergonomic}
     uint ConcGCThreads                            = 1                                         {product} {ergonomic}
     uint G1ConcRefinementThreads                  = 4                                         {product} {ergonomic}
   size_t G1HeapRegionSize                         = 1048576                                   {product} {ergonomic}
    uintx GCDrainStackTargetSize                   = 64                                        {product} {ergonomic}
   size_t InitialHeapSize                          = 134217728                                 {product} {ergonomic}
   size_t MarkStackSize                            = 4194304                                   {product} {ergonomic}
   size_t MaxHeapSize                              = 2147483648                                {product} {command line}
   size_t MaxNewSize                               = 1287651328                                {product} {ergonomic}
   size_t MinHeapDeltaBytes                        = 1048576                                   {product} {ergonomic}
   size_t MinHeapSize                              = 8388608                                   {product} {ergonomic}
    uintx NonNMethodCodeHeapSize                   = 5832780                                {pd product} {ergonomic}
    uintx NonProfiledCodeHeapSize                  = 122912730                              {pd product} {ergonomic}
    uintx ProfiledCodeHeapSize                     = 122912730                              {pd product} {ergonomic}
    uintx ReservedCodeCacheSize                    = 251658240                              {pd product} {ergonomic}
     bool SegmentedCodeCache                       = true                                      {product} {ergonomic}
   size_t SoftMaxHeapSize                          = 2147483648                             {manageable} {ergonomic}
     bool UseCompressedClassPointers               = true                           {product lp64_product} {ergonomic}
     bool UseCompressedOops                        = true                           {product lp64_product} {ergonomic}
     bool UseG1GC                                  = true                                      {product} {ergonomic}
     bool UseLargePagesIndividualAllocation        = false                                  {pd product} {ergonomic}

Logging:
Log output configuration:
 #0: stdout all=warning uptime,level,tags
 #1: stderr all=off uptime,level,tags

Environment Variables:
PATH=C:\Program Files\Common Files\Oracle\Java\javapath;C:\Program Files\Microsoft\jdk-11.0.16.101-hotspot\bin;C:\Windows\system32;C:\Windows;C:\Windows\System32\Wbem;C:\Windows\System32\WindowsPowerShell\v1.0\;C:\Windows\System32\OpenSSH\;C:\Program Files\Git\cmd;C:\Users\Mr\AppData\Local\Microsoft\WindowsApps;E:\Microsoft VS Code\bin;C:\Program Files (x86)\Inno Setup 6;
USERNAME=Mr
OS=Windows_NT
PROCESSOR_IDENTIFIER=Intel64 Family 6 Model 142 Stepping 9, GenuineIntel
TMP=C:\Users\Mr\AppData\Local\Temp
TEMP=C:\Users\Mr\AppData\Local\Temp


JNI global refs:
JNI global refs: 26, weak refs: 25

JNI global refs memory usage: 843, weak refs: 841


---------------  S Y S T E M  ---------------

OS:
 Windows 11 , 64 bit Build 22621 (10.0.22621.3235)
OS uptime: 4 days 18:58 hours

CPU: total 4 (initial active 4) (2 cores per cpu, 2 threads per core) family 6 model 142 stepping 9 microcode 0xde, cx8, cmov, fxsr, ht, mmx, 3dnowpref, sse, sse2, sse3, ssse3, sse4.1, sse4.2, popcnt, lzcnt, tsc, tscinvbit, avx, avx2, aes, erms, clmul, bmi1, bmi2, rtm, adx, fma, vzeroupper, clflush, clflushopt

Memory: 4k page, system-wide physical 8071M (869M free)
TotalPageFile size 11741M (AvailPageFile size 292M)
current process WorkingSet (physical memory assigned to process): 532M, peak: 532M
current process commit charge ("private bytes"): 561M, peak: 927M

vm_info: OpenJDK 64-Bit Server VM (17.0.6+0-b2043.56-10027231) for windows-amd64 JRE (17.0.6+0-b2043.56-10027231), built on Apr 28 2023 00:43:19 by "androidbuild" with MS VC++ 16.10 / 16.11 (VS2019)

END.
