#
# There is insufficient memory for the Java Runtime Environment to continue.
# Native memory allocation (mmap) failed to map 351272960 bytes for G1 virtual space
# Possible reasons:
#   The system is out of physical RAM or swap space
#   The process is running with CompressedOops enabled, and the Java Heap may be blocking the growth of the native heap
# Possible solutions:
#   Reduce memory load on the system
#   Increase physical memory or swap space
#   Check if swap backing store is full
#   Decrease Java heap size (-Xmx/-Xms)
#   Decrease number of Java threads
#   Decrease Java thread stack sizes (-Xss)
#   Set larger code cache with -XX:ReservedCodeCacheSize=
#   JVM is running with Unscaled Compressed Oops mode in which the Java heap is
#     placed in the first 4GB address space. The Java Heap base address is the
#     maximum limit for the native heap growth. Please use -XX:HeapBaseMinAddress
#     to set the Java Heap base and to place the Java Heap above 4GB virtual address.
# This output file may be truncated or incomplete.
#
#  Out of Memory Error (os_windows.cpp:3769), pid=16088, tid=4540
#
# JRE version: OpenJDK Runtime Environment (17.0.6) (build 17.0.6+0-b2043.56-10027231)
# Java VM: OpenJDK 64-Bit Server VM (17.0.6+0-b2043.56-10027231, mixed mode, tiered, compressed oops, compressed class ptrs, g1 gc, windows-amd64)
# No core dump will be written. Minidumps are not enabled by default on client versions of Windows
#

---------------  S U M M A R Y ------------

Command Line: --add-opens=java.base/java.util=ALL-UNNAMED --add-opens=java.base/java.lang=ALL-UNNAMED --add-opens=java.base/java.lang.invoke=ALL-UNNAMED --add-opens=java.prefs/java.util.prefs=ALL-UNNAMED --add-opens=java.base/java.nio.charset=ALL-UNNAMED --add-opens=java.base/java.net=ALL-UNNAMED --add-opens=java.base/java.util.concurrent.atomic=ALL-UNNAMED -Xmx2048m -Dfile.encoding=UTF-8 -Duser.country=US -Duser.language=en -Duser.variant org.gradle.launcher.daemon.bootstrap.GradleDaemon 8.0

Host: Intel(R) Core(TM) i5-7300U CPU @ 2.60GHz, 4 cores, 7G,  Windows 11 , 64 bit Build 22621 (10.0.22621.3235)
Time: Sat Apr 20 16:21:01 2024 Pakistan Standard Time elapsed time: 24.979768 seconds (0d 0h 0m 24s)

---------------  T H R E A D  ---------------

Current thread (0x0000020179a1f610):  VMThread "VM Thread" [stack: 0x000000aeed200000,0x000000aeed300000] [id=4540]

Stack: [0x000000aeed200000,0x000000aeed300000]
Native frames: (J=compiled Java code, j=interpreted, Vv=VM code, C=native code)
V  [jvm.dll+0x683c9a]
V  [jvm.dll+0x8427a4]
V  [jvm.dll+0x843f9e]
V  [jvm.dll+0x844603]
V  [jvm.dll+0x249b75]
V  [jvm.dll+0x680b69]
V  [jvm.dll+0x67505a]
V  [jvm.dll+0x309acb]
V  [jvm.dll+0x310f86]
V  [jvm.dll+0x3608ee]
V  [jvm.dll+0x360b1f]
V  [jvm.dll+0x2dfbf8]
V  [jvm.dll+0x2ddec4]
V  [jvm.dll+0x2dd4cc]
V  [jvm.dll+0x321f3b]
V  [jvm.dll+0x848ccb]
V  [jvm.dll+0x849a04]
V  [jvm.dll+0x849f1d]
V  [jvm.dll+0x84a2f4]
V  [jvm.dll+0x84a3c0]
V  [jvm.dll+0x7f274a]
V  [jvm.dll+0x682ad5]
C  [ucrtbase.dll+0x29363]
C  [KERNEL32.DLL+0x1257d]
C  [ntdll.dll+0x5aa58]

VM_Operation (0x000000aef3afde10): G1CollectForAllocation, mode: safepoint, requested by thread 0x0000020113175d40


---------------  P R O C E S S  ---------------

Threads class SMR info:
_java_thread_list=0x000002017bef94d0, length=99, elements={
0x000002016f45eae0, 0x0000020179a41250, 0x0000020179a420c0, 0x000002017a41f4d0,
0x000002017a421490, 0x000002017a422040, 0x000002017a424b00, 0x000002017a42acf0,
0x000002017a4337a0, 0x000002017a4361a0, 0x000002017a5f2690, 0x000002017a5f53f0,
0x000002017b5c5050, 0x000002017bebacd0, 0x000002017b37ae00, 0x000002017bf93630,
0x000002017be56880, 0x000002017b371830, 0x000002017b1811b0, 0x000002017b74f9f0,
0x000002017b750860, 0x000002017b74fec0, 0x000002017b751200, 0x000002017b750390,
0x000002017b750d30, 0x000002017d772370, 0x000002017d7731e0, 0x000002017d775d30,
0x000002017d771ea0, 0x000002017d7736b0, 0x000002017d76e4e0, 0x000002017d775860,
0x000002017d773b80, 0x000002017d774520, 0x000002017d775390, 0x000002017d774050,
0x000002017d76f820, 0x000002017d7749f0, 0x000002017d76fcf0, 0x000002017d7701c0,
0x000002017d770690, 0x000002017d770b60, 0x000002017d771030, 0x000002017d771500,
0x000002017d772d10, 0x000002017d7719d0, 0x000002010f5e9160, 0x000002010f5e9b00,
0x000002010f5e9fd0, 0x000002010f5e82f0, 0x000002010f5e6ae0, 0x000002010f5e4930,
0x000002010f5e87c0, 0x000002010f5e57a0, 0x000002010f5e6140, 0x000002010f5e8c90,
0x000002010f5e4e00, 0x000002010f5ea4a0, 0x000002010f5ea970, 0x000002010f5e9630,
0x000002010f5e5c70, 0x000002010f5e52d0, 0x000002010f5e3ac0, 0x000002010f5e3f90,
0x000002010f5eae40, 0x000002010f5e35f0, 0x000002010f5e4460, 0x000002010f5e6610,
0x000002010f5e6fb0, 0x000002010f5e7480, 0x000002010f5e7950, 0x000002010f5e7e20,
0x000002017e6363e0, 0x000002017e6350a0, 0x000002017e6368b0, 0x000002017e6380c0,
0x000002017e6398d0, 0x000002017e636d80, 0x000002017e633890, 0x000002017e637250,
0x000002017e637720, 0x000002017e635a40, 0x000002017e634bd0, 0x000002017e632ef0,
0x000002017e638f30, 0x000002017e635570, 0x000002017e635f10, 0x0000020111dbb560,
0x000002011317a570, 0x0000020113178890, 0x0000020113175870, 0x000002011317af10,
0x0000020113177a20, 0x00000201131766e0, 0x00000201131783c0, 0x000002011317b8b0,
0x0000020113175d40, 0x0000020113174060, 0x0000020113176bb0
}

Java Threads: ( => current thread )
  0x000002016f45eae0 JavaThread "main" [_thread_blocked, id=9912, stack(0x000000aeecc00000,0x000000aeecd00000)]
  0x0000020179a41250 JavaThread "Reference Handler" daemon [_thread_blocked, id=10428, stack(0x000000aeed300000,0x000000aeed400000)]
  0x0000020179a420c0 JavaThread "Finalizer" daemon [_thread_blocked, id=5500, stack(0x000000aeed400000,0x000000aeed500000)]
  0x000002017a41f4d0 JavaThread "Signal Dispatcher" daemon [_thread_blocked, id=8848, stack(0x000000aeed500000,0x000000aeed600000)]
  0x000002017a421490 JavaThread "Attach Listener" daemon [_thread_blocked, id=6568, stack(0x000000aeed600000,0x000000aeed700000)]
  0x000002017a422040 JavaThread "Service Thread" daemon [_thread_blocked, id=11640, stack(0x000000aeed700000,0x000000aeed800000)]
  0x000002017a424b00 JavaThread "Monitor Deflation Thread" daemon [_thread_blocked, id=5996, stack(0x000000aeed800000,0x000000aeed900000)]
  0x000002017a42acf0 JavaThread "C2 CompilerThread0" daemon [_thread_in_native, id=2520, stack(0x000000aeed900000,0x000000aeeda00000)]
  0x000002017a4337a0 JavaThread "C1 CompilerThread0" daemon [_thread_blocked, id=5840, stack(0x000000aeeda00000,0x000000aeedb00000)]
  0x000002017a4361a0 JavaThread "Sweeper thread" daemon [_thread_blocked, id=8268, stack(0x000000aeedb00000,0x000000aeedc00000)]
  0x000002017a5f2690 JavaThread "Common-Cleaner" daemon [_thread_blocked, id=10248, stack(0x000000aeedc00000,0x000000aeedd00000)]
  0x000002017a5f53f0 JavaThread "Notification Thread" daemon [_thread_blocked, id=2896, stack(0x000000aeedd00000,0x000000aeede00000)]
  0x000002017b5c5050 JavaThread "Daemon health stats" [_thread_blocked, id=3848, stack(0x000000aeee300000,0x000000aeee400000)]
  0x000002017bebacd0 JavaThread "Incoming local TCP Connector on port 53455" [_thread_in_native, id=15148, stack(0x000000aeee400000,0x000000aeee500000)]
  0x000002017b37ae00 JavaThread "Daemon periodic checks" [_thread_blocked, id=13032, stack(0x000000aeee500000,0x000000aeee600000)]
  0x000002017bf93630 JavaThread "Daemon" [_thread_blocked, id=12980, stack(0x000000aeee600000,0x000000aeee700000)]
  0x000002017be56880 JavaThread "Handler for socket connection from /127.0.0.1:53455 to /127.0.0.1:53456" [_thread_in_native, id=7912, stack(0x000000aeee700000,0x000000aeee800000)]
  0x000002017b371830 JavaThread "Cancel handler" [_thread_blocked, id=10344, stack(0x000000aeee800000,0x000000aeee900000)]
  0x000002017b1811b0 JavaThread "Daemon worker" [_thread_blocked, id=4332, stack(0x000000aeee900000,0x000000aeeea00000)]
  0x000002017b74f9f0 JavaThread "Asynchronous log dispatcher for DefaultDaemonConnection: socket connection from /127.0.0.1:53455 to /127.0.0.1:53456" [_thread_blocked, id=11472, stack(0x000000aeeea00000,0x000000aeeeb00000)]
  0x000002017b750860 JavaThread "Stdin handler" [_thread_blocked, id=3236, stack(0x000000aeeeb00000,0x000000aeeec00000)]
  0x000002017b74fec0 JavaThread "Daemon client event forwarder" [_thread_blocked, id=7676, stack(0x000000aeeec00000,0x000000aeeed00000)]
  0x000002017b751200 JavaThread "Cache worker for journal cache (C:\Users\Mr\.gradle\caches\journal-1)" [_thread_blocked, id=7448, stack(0x000000aeeed00000,0x000000aeeee00000)]
  0x000002017b750390 JavaThread "File lock request listener" [_thread_in_native, id=8876, stack(0x000000aeeee00000,0x000000aeeef00000)]
  0x000002017b750d30 JavaThread "Cache worker for file hash cache (C:\Users\Mr\.gradle\caches\8.0\fileHashes)" [_thread_blocked, id=14864, stack(0x000000aeeef00000,0x000000aeef000000)]
  0x000002017d772370 JavaThread "File watcher server" daemon [_thread_blocked, id=9164, stack(0x000000aeef000000,0x000000aeef100000)]
  0x000002017d7731e0 JavaThread "File watcher consumer" daemon [_thread_blocked, id=3124, stack(0x000000aeef100000,0x000000aeef200000)]
  0x000002017d775d30 JavaThread "Cache worker for checksums cache (E:\GroceryApp\.gradle\8.0\checksums)" [_thread_blocked, id=13296, stack(0x000000aeef200000,0x000000aeef300000)]
  0x000002017d771ea0 JavaThread "Cache worker for cache directory md-rule (C:\Users\Mr\.gradle\caches\8.0\md-rule)" [_thread_blocked, id=5056, stack(0x000000aeef300000,0x000000aeef400000)]
  0x000002017d7736b0 JavaThread "Cache worker for file content cache (C:\Users\Mr\.gradle\caches\8.0\fileContent)" [_thread_blocked, id=5716, stack(0x000000aeef400000,0x000000aeef500000)]
  0x000002017d76e4e0 JavaThread "Cache worker for file hash cache (E:\GroceryApp\.gradle\8.0\fileHashes)" [_thread_blocked, id=2132, stack(0x000000aeef500000,0x000000aeef600000)]
  0x000002017d775860 JavaThread "Cache worker for cache directory md-supplier (C:\Users\Mr\.gradle\caches\8.0\md-supplier)" [_thread_blocked, id=11340, stack(0x000000aeef600000,0x000000aeef700000)]
  0x000002017d773b80 JavaThread "Cache worker for execution history cache (C:\Users\Mr\.gradle\caches\8.0\executionHistory)" [_thread_blocked, id=6672, stack(0x000000aeedf00000,0x000000aeee000000)]
  0x000002017d774520 JavaThread "jar transforms" [_thread_blocked, id=6592, stack(0x000000aeef800000,0x000000aeef900000)]
  0x000002017d775390 JavaThread "jar transforms Thread 2" [_thread_blocked, id=3784, stack(0x000000aeef900000,0x000000aeefa00000)]
  0x000002017d774050 JavaThread "Cache worker for kotlin-dsl (C:\Users\Mr\.gradle\caches\8.0\kotlin-dsl)" [_thread_blocked, id=6596, stack(0x000000aeefb00000,0x000000aeefc00000)]
  0x000002017d76f820 JavaThread "jar transforms Thread 3" [_thread_blocked, id=7860, stack(0x000000aeefc00000,0x000000aeefd00000)]
  0x000002017d7749f0 JavaThread "jar transforms Thread 4" [_thread_blocked, id=16180, stack(0x000000aeefd00000,0x000000aeefe00000)]
  0x000002017d76fcf0 JavaThread "Cache worker for dependencies-accessors (E:\GroceryApp\.gradle\8.0\dependencies-accessors)" [_thread_blocked, id=10092, stack(0x000000aeefe00000,0x000000aeeff00000)]
  0x000002017d7701c0 JavaThread "Cache worker for Build Output Cleanup Cache (E:\GroceryApp\.gradle\buildOutputCleanup)" [_thread_blocked, id=14816, stack(0x000000aeeff00000,0x000000aef0000000)]
  0x000002017d770690 JavaThread "Unconstrained build operations" [_thread_blocked, id=3344, stack(0x000000aef0000000,0x000000aef0100000)]
  0x000002017d770b60 JavaThread "Unconstrained build operations Thread 2" [_thread_blocked, id=6212, stack(0x000000aef0100000,0x000000aef0200000)]
  0x000002017d771030 JavaThread "Unconstrained build operations Thread 3" [_thread_blocked, id=4308, stack(0x000000aef0200000,0x000000aef0300000)]
  0x000002017d771500 JavaThread "Unconstrained build operations Thread 4" [_thread_blocked, id=11568, stack(0x000000aef0300000,0x000000aef0400000)]
  0x000002017d772d10 JavaThread "Unconstrained build operations Thread 5" [_thread_blocked, id=11532, stack(0x000000aef0400000,0x000000aef0500000)]
  0x000002017d7719d0 JavaThread "Unconstrained build operations Thread 6" [_thread_blocked, id=4452, stack(0x000000aef0500000,0x000000aef0600000)]
  0x000002010f5e9160 JavaThread "Unconstrained build operations Thread 7" [_thread_blocked, id=9748, stack(0x000000aef0600000,0x000000aef0700000)]
  0x000002010f5e9b00 JavaThread "Unconstrained build operations Thread 8" [_thread_blocked, id=10656, stack(0x000000aef0700000,0x000000aef0800000)]
  0x000002010f5e9fd0 JavaThread "Unconstrained build operations Thread 9" [_thread_blocked, id=14616, stack(0x000000aef0800000,0x000000aef0900000)]
  0x000002010f5e82f0 JavaThread "Unconstrained build operations Thread 10" [_thread_blocked, id=15676, stack(0x000000aef0900000,0x000000aef0a00000)]
  0x000002010f5e6ae0 JavaThread "Unconstrained build operations Thread 11" [_thread_blocked, id=8160, stack(0x000000aef0a00000,0x000000aef0b00000)]
  0x000002010f5e4930 JavaThread "Unconstrained build operations Thread 12" [_thread_blocked, id=9860, stack(0x000000aef0b00000,0x000000aef0c00000)]
  0x000002010f5e87c0 JavaThread "Unconstrained build operations Thread 13" [_thread_blocked, id=9136, stack(0x000000aef0c00000,0x000000aef0d00000)]
  0x000002010f5e57a0 JavaThread "Unconstrained build operations Thread 14" [_thread_blocked, id=15236, stack(0x000000aef0d00000,0x000000aef0e00000)]
  0x000002010f5e6140 JavaThread "Unconstrained build operations Thread 15" [_thread_blocked, id=3520, stack(0x000000aef0e00000,0x000000aef0f00000)]
  0x000002010f5e8c90 JavaThread "Unconstrained build operations Thread 16" [_thread_blocked, id=5568, stack(0x000000aef0f00000,0x000000aef1000000)]
  0x000002010f5e4e00 JavaThread "Unconstrained build operations Thread 17" [_thread_blocked, id=10104, stack(0x000000aef1000000,0x000000aef1100000)]
  0x000002010f5ea4a0 JavaThread "Unconstrained build operations Thread 18" [_thread_blocked, id=11856, stack(0x000000aef1100000,0x000000aef1200000)]
  0x000002010f5ea970 JavaThread "Unconstrained build operations Thread 19" [_thread_blocked, id=13496, stack(0x000000aef1200000,0x000000aef1300000)]
  0x000002010f5e9630 JavaThread "Unconstrained build operations Thread 20" [_thread_blocked, id=8660, stack(0x000000aef1300000,0x000000aef1400000)]
  0x000002010f5e5c70 JavaThread "Unconstrained build operations Thread 21" [_thread_blocked, id=14440, stack(0x000000aef1400000,0x000000aef1500000)]
  0x000002010f5e52d0 JavaThread "Unconstrained build operations Thread 22" [_thread_blocked, id=8572, stack(0x000000aef1500000,0x000000aef1600000)]
  0x000002010f5e3ac0 JavaThread "Unconstrained build operations Thread 23" [_thread_blocked, id=6020, stack(0x000000aef1600000,0x000000aef1700000)]
  0x000002010f5e3f90 JavaThread "Unconstrained build operations Thread 24" [_thread_blocked, id=4456, stack(0x000000aef1700000,0x000000aef1800000)]
  0x000002010f5eae40 JavaThread "Unconstrained build operations Thread 25" [_thread_blocked, id=3304, stack(0x000000aef1800000,0x000000aef1900000)]
  0x000002010f5e35f0 JavaThread "Unconstrained build operations Thread 26" [_thread_blocked, id=14348, stack(0x000000aef1900000,0x000000aef1a00000)]
  0x000002010f5e4460 JavaThread "Unconstrained build operations Thread 27" [_thread_blocked, id=7980, stack(0x000000aef1a00000,0x000000aef1b00000)]
  0x000002010f5e6610 JavaThread "Unconstrained build operations Thread 28" [_thread_blocked, id=1912, stack(0x000000aef1b00000,0x000000aef1c00000)]
  0x000002010f5e6fb0 JavaThread "Unconstrained build operations Thread 29" [_thread_blocked, id=13648, stack(0x000000aef1c00000,0x000000aef1d00000)]
  0x000002010f5e7480 JavaThread "Unconstrained build operations Thread 30" [_thread_blocked, id=6376, stack(0x000000aef1d00000,0x000000aef1e00000)]
  0x000002010f5e7950 JavaThread "Unconstrained build operations Thread 31" [_thread_blocked, id=2804, stack(0x000000aef1e00000,0x000000aef1f00000)]
  0x000002010f5e7e20 JavaThread "Unconstrained build operations Thread 32" [_thread_blocked, id=10908, stack(0x000000aef1f00000,0x000000aef2000000)]
  0x000002017e6363e0 JavaThread "Unconstrained build operations Thread 33" [_thread_blocked, id=8380, stack(0x000000aef2000000,0x000000aef2100000)]
  0x000002017e6350a0 JavaThread "Unconstrained build operations Thread 34" [_thread_blocked, id=3196, stack(0x000000aef2100000,0x000000aef2200000)]
  0x000002017e6368b0 JavaThread "Unconstrained build operations Thread 35" [_thread_blocked, id=16044, stack(0x000000aef2200000,0x000000aef2300000)]
  0x000002017e6380c0 JavaThread "Unconstrained build operations Thread 36" [_thread_blocked, id=8168, stack(0x000000aef2300000,0x000000aef2400000)]
  0x000002017e6398d0 JavaThread "Unconstrained build operations Thread 37" [_thread_blocked, id=2820, stack(0x000000aef2400000,0x000000aef2500000)]
  0x000002017e636d80 JavaThread "Unconstrained build operations Thread 38" [_thread_blocked, id=13936, stack(0x000000aef2500000,0x000000aef2600000)]
  0x000002017e633890 JavaThread "Unconstrained build operations Thread 39" [_thread_blocked, id=5728, stack(0x000000aef2600000,0x000000aef2700000)]
  0x000002017e637250 JavaThread "Unconstrained build operations Thread 40" [_thread_blocked, id=14888, stack(0x000000aef2700000,0x000000aef2800000)]
  0x000002017e637720 JavaThread "build event listener" [_thread_blocked, id=10856, stack(0x000000aef2800000,0x000000aef2900000)]
  0x000002017e635a40 JavaThread "Memory manager" [_thread_blocked, id=4016, stack(0x000000aef2900000,0x000000aef2a00000)]
  0x000002017e634bd0 JavaThread "included builds" [_thread_blocked, id=6536, stack(0x000000aef2a00000,0x000000aef2b00000)]
  0x000002017e632ef0 JavaThread "Execution worker" [_thread_blocked, id=7568, stack(0x000000aef2b00000,0x000000aef2c00000)]
  0x000002017e638f30 JavaThread "Execution worker Thread 2" [_thread_blocked, id=9076, stack(0x000000aef2c00000,0x000000aef2d00000)]
  0x000002017e635570 JavaThread "Execution worker Thread 3" [_thread_blocked, id=2052, stack(0x000000aef2d00000,0x000000aef2e00000)]
  0x000002017e635f10 JavaThread "Cache worker for execution history cache (E:\GroceryApp\.gradle\8.0\executionHistory)" [_thread_blocked, id=6468, stack(0x000000aef2e00000,0x000000aef2f00000)]
  0x0000020111dbb560 JavaThread "C2 CompilerThread1" daemon [_thread_in_native, id=9764, stack(0x000000aeef700000,0x000000aeef800000)]
  0x000002011317a570 JavaThread "WorkerExecutor Queue" [_thread_blocked, id=7908, stack(0x000000aef2f00000,0x000000aef3000000)]
  0x0000020113178890 JavaThread "WorkerExecutor Queue Thread 3" [_thread_blocked, id=5400, stack(0x000000aef3100000,0x000000aef3200000)]
  0x0000020113175870 JavaThread "WorkerExecutor Queue Thread 4" [_thread_blocked, id=9184, stack(0x000000aef3200000,0x000000aef3300000)]
  0x000002011317af10 JavaThread "WorkerExecutor Queue Thread 5" [_thread_blocked, id=9196, stack(0x000000aef3300000,0x000000aef3400000)]
  0x0000020113177a20 JavaThread "pool-3-thread-1" [_thread_blocked, id=8288, stack(0x000000aef3400000,0x000000aef3500000)]
  0x00000201131766e0 JavaThread "stderr" [_thread_in_native, id=14360, stack(0x000000aef3500000,0x000000aef3600000)]
  0x00000201131783c0 JavaThread "stdout" [_thread_in_native, id=9504, stack(0x000000aef3600000,0x000000aef3700000)]
  0x000002011317b8b0 JavaThread "ForkJoinPool-1-worker-1" daemon [_thread_blocked, id=4488, stack(0x000000aef3900000,0x000000aef3a00000)]
  0x0000020113175d40 JavaThread "ForkJoinPool-1-worker-2" daemon [_thread_blocked, id=2824, stack(0x000000aef3a00000,0x000000aef3b00000)]
  0x0000020113174060 JavaThread "ForkJoinPool-1-worker-3" daemon [_thread_blocked, id=7004, stack(0x000000aef3b00000,0x000000aef3c00000)]
  0x0000020113176bb0 JavaThread "ForkJoinPool-1-worker-4" daemon [_thread_blocked, id=13704, stack(0x000000aef3c00000,0x000000aef3d00000)]

Other Threads:
=>0x0000020179a1f610 VMThread "VM Thread" [stack: 0x000000aeed200000,0x000000aeed300000] [id=4540]
  0x000002017a5eff60 WatcherThread [stack: 0x000000aeede00000,0x000000aeedf00000] [id=11968]
  0x000002016f4ba640 GCTaskThread "GC Thread#0" [stack: 0x000000aeecd00000,0x000000aeece00000] [id=12764]
  0x000002017a9d5d80 GCTaskThread "GC Thread#1" [stack: 0x000000aeee000000,0x000000aeee100000] [id=6316]
  0x000002017ac440e0 GCTaskThread "GC Thread#2" [stack: 0x000000aeee100000,0x000000aeee200000] [id=13856]
  0x000002017a669700 GCTaskThread "GC Thread#3" [stack: 0x000000aeee200000,0x000000aeee300000] [id=1548]
  0x000002016f4cb580 ConcurrentGCThread "G1 Main Marker" [stack: 0x000000aeece00000,0x000000aeecf00000] [id=1172]
  0x000002016f4ccf40 ConcurrentGCThread "G1 Conc#0" [stack: 0x000000aeecf00000,0x000000aeed000000] [id=16268]
  0x000002016f51d6c0 ConcurrentGCThread "G1 Refine#0" [stack: 0x000000aeed000000,0x000000aeed100000] [id=4436]
  0x000002017e373810 ConcurrentGCThread "G1 Refine#1" [stack: 0x000000aeefa00000,0x000000aeefb00000] [id=6888]
  0x000002017e13b640 ConcurrentGCThread "G1 Refine#2" [stack: 0x000000aef3700000,0x000000aef3800000] [id=3632]
  0x000002017e13b920 ConcurrentGCThread "G1 Refine#3" [stack: 0x000000aef3800000,0x000000aef3900000] [id=11780]
  0x000002016f51e0e0 ConcurrentGCThread "G1 Service" [stack: 0x000000aeed100000,0x000000aeed200000] [id=11452]

Threads with active compile tasks:
C2 CompilerThread0    25026 12650 %     4       com.android.tools.r8.dex.B::a @ 316 (1021 bytes)
C2 CompilerThread1    25026 12764       4       com.android.tools.r8.dex.B::a (836 bytes)

VM state: at safepoint (normal execution)

VM Mutex/Monitor currently owned by a thread:  ([mutex/lock_event])
[0x000002016f45a520] Threads_lock - owner thread: 0x0000020179a1f610
[0x000002016f459ef0] Heap_lock - owner thread: 0x0000020113175d40

Heap address: 0x0000000080000000, size: 2048 MB, Compressed Oops mode: 32-bit

CDS archive(s) not mapped
Compressed class space mapped at: 0x0000000100000000-0x0000000140000000, reserved size: 1073741824
Narrow klass base: 0x0000000000000000, Narrow klass shift: 3, Narrow klass range: 0x140000000

GC Precious Log:
 CPUs: 4 total, 4 available
 Memory: 8071M
 Large Page Support: Disabled
 NUMA Support: Disabled
 Compressed Oops: Enabled (32-bit)
 Heap Region Size: 1M
 Heap Min Capacity: 8M
 Heap Initial Capacity: 128M
 Heap Max Capacity: 2G
 Pre-touch: Disabled
 Parallel Workers: 4
 Concurrent Workers: 1
 Concurrent Refinement Workers: 4
 Periodic GC: Disabled

Heap:
 garbage-first heap   total 241664K, used 171520K [0x0000000080000000, 0x0000000100000000)
  region size 1024K, 3 young (3072K), 3 survivors (3072K)
 Metaspace       used 102495K, committed 103232K, reserved 1138688K
  class space    used 14039K, committed 14400K, reserved 1048576K

Heap Regions: E=young(eden), S=young(survivor), O=old, HS=humongous(starts), HC=humongous(continues), CS=collection set, F=free, OA=open archive, CA=closed archive, TAMS=top-at-mark-start (previous, next)
|   0|0x0000000080000000, 0x0000000080100000, 0x0000000080100000|100%| O|  |TAMS 0x0000000080100000, 0x0000000080000000| Untracked 
|   1|0x0000000080100000, 0x0000000080200000, 0x0000000080200000|100%| O|  |TAMS 0x0000000080200000, 0x0000000080100000| Untracked 
|   2|0x0000000080200000, 0x0000000080300000, 0x0000000080300000|100%|HS|  |TAMS 0x0000000080300000, 0x0000000080200000| Complete 
|   3|0x0000000080300000, 0x0000000080400000, 0x0000000080400000|100%|HC|  |TAMS 0x0000000080400000, 0x0000000080300000| Complete 
|   4|0x0000000080400000, 0x0000000080500000, 0x0000000080500000|100%|HC|  |TAMS 0x0000000080500000, 0x0000000080400000| Complete 
|   5|0x0000000080500000, 0x0000000080600000, 0x0000000080600000|100%|HC|  |TAMS 0x0000000080600000, 0x0000000080500000| Complete 
|   6|0x0000000080600000, 0x0000000080700000, 0x0000000080700000|100%| O|  |TAMS 0x0000000080700000, 0x0000000080600000| Untracked 
|   7|0x0000000080700000, 0x0000000080800000, 0x0000000080800000|100%| O|  |TAMS 0x0000000080800000, 0x0000000080700000| Untracked 
|   8|0x0000000080800000, 0x0000000080900000, 0x0000000080900000|100%| O|  |TAMS 0x0000000080900000, 0x0000000080800000| Untracked 
|   9|0x0000000080900000, 0x0000000080a00000, 0x0000000080a00000|100%| O|  |TAMS 0x0000000080a00000, 0x0000000080900000| Untracked 
|  10|0x0000000080a00000, 0x0000000080b00000, 0x0000000080b00000|100%| O|  |TAMS 0x0000000080b00000, 0x0000000080a00000| Untracked 
|  11|0x0000000080b00000, 0x0000000080c00000, 0x0000000080c00000|100%| O|  |TAMS 0x0000000080c00000, 0x0000000080b00000| Untracked 
|  12|0x0000000080c00000, 0x0000000080d00000, 0x0000000080d00000|100%| O|  |TAMS 0x0000000080d00000, 0x0000000080c00000| Untracked 
|  13|0x0000000080d00000, 0x0000000080e00000, 0x0000000080e00000|100%| O|  |TAMS 0x0000000080e00000, 0x0000000080d00000| Untracked 
|  14|0x0000000080e00000, 0x0000000080f00000, 0x0000000080f00000|100%| O|  |TAMS 0x0000000080f00000, 0x0000000080e00000| Untracked 
|  15|0x0000000080f00000, 0x0000000081000000, 0x0000000081000000|100%| O|  |TAMS 0x0000000081000000, 0x0000000080f00000| Untracked 
|  16|0x0000000081000000, 0x0000000081100000, 0x0000000081100000|100%| O|  |TAMS 0x0000000081100000, 0x0000000081000000| Untracked 
|  17|0x0000000081100000, 0x0000000081200000, 0x0000000081200000|100%| O|  |TAMS 0x0000000081200000, 0x0000000081100000| Untracked 
|  18|0x0000000081200000, 0x0000000081300000, 0x0000000081300000|100%| O|  |TAMS 0x0000000081300000, 0x0000000081200000| Untracked 
|  19|0x0000000081300000, 0x0000000081400000, 0x0000000081400000|100%| O|  |TAMS 0x0000000081400000, 0x0000000081300000| Untracked 
|  20|0x0000000081400000, 0x0000000081500000, 0x0000000081500000|100%| O|  |TAMS 0x0000000081500000, 0x0000000081400000| Untracked 
|  21|0x0000000081500000, 0x0000000081600000, 0x0000000081600000|100%| O|  |TAMS 0x0000000081600000, 0x0000000081500000| Untracked 
|  22|0x0000000081600000, 0x0000000081700000, 0x0000000081700000|100%| O|  |TAMS 0x0000000081700000, 0x0000000081600000| Untracked 
|  23|0x0000000081700000, 0x0000000081800000, 0x0000000081800000|100%| O|  |TAMS 0x0000000081800000, 0x0000000081700000| Untracked 
|  24|0x0000000081800000, 0x0000000081900000, 0x0000000081900000|100%| O|  |TAMS 0x0000000081900000, 0x0000000081800000| Untracked 
|  25|0x0000000081900000, 0x0000000081a00000, 0x0000000081a00000|100%| O|  |TAMS 0x0000000081a00000, 0x0000000081900000| Untracked 
|  26|0x0000000081a00000, 0x0000000081b00000, 0x0000000081b00000|100%| O|  |TAMS 0x0000000081b00000, 0x0000000081a00000| Untracked 
|  27|0x0000000081b00000, 0x0000000081c00000, 0x0000000081c00000|100%| O|  |TAMS 0x0000000081b00000, 0x0000000081b00000| Untracked 
|  28|0x0000000081c00000, 0x0000000081d00000, 0x0000000081d00000|100%| O|  |TAMS 0x0000000081d00000, 0x0000000081c00000| Untracked 
|  29|0x0000000081d00000, 0x0000000081e00000, 0x0000000081e00000|100%| O|  |TAMS 0x0000000081e00000, 0x0000000081d00000| Untracked 
|  30|0x0000000081e00000, 0x0000000081f00000, 0x0000000081f00000|100%| O|  |TAMS 0x0000000081f00000, 0x0000000081e00000| Untracked 
|  31|0x0000000081f00000, 0x0000000082000000, 0x0000000082000000|100%|HS|  |TAMS 0x0000000082000000, 0x0000000081f00000| Complete 
|  32|0x0000000082000000, 0x0000000082100000, 0x0000000082100000|100%|HS|  |TAMS 0x0000000082100000, 0x0000000082000000| Complete 
|  33|0x0000000082100000, 0x0000000082200000, 0x0000000082200000|100%|HS|  |TAMS 0x0000000082200000, 0x0000000082100000| Complete 
|  34|0x0000000082200000, 0x0000000082300000, 0x0000000082300000|100%| O|  |TAMS 0x0000000082300000, 0x0000000082200000| Untracked 
|  35|0x0000000082300000, 0x0000000082400000, 0x0000000082400000|100%| O|  |TAMS 0x0000000082400000, 0x0000000082300000| Untracked 
|  36|0x0000000082400000, 0x0000000082500000, 0x0000000082500000|100%| O|  |TAMS 0x0000000082500000, 0x0000000082400000| Untracked 
|  37|0x0000000082500000, 0x0000000082600000, 0x0000000082600000|100%| O|  |TAMS 0x0000000082600000, 0x0000000082500000| Untracked 
|  38|0x0000000082600000, 0x0000000082700000, 0x0000000082700000|100%| O|  |TAMS 0x0000000082700000, 0x0000000082600000| Untracked 
|  39|0x0000000082700000, 0x0000000082800000, 0x0000000082800000|100%| O|  |TAMS 0x0000000082800000, 0x0000000082700000| Untracked 
|  40|0x0000000082800000, 0x0000000082900000, 0x0000000082900000|100%| O|  |TAMS 0x0000000082900000, 0x0000000082800000| Untracked 
|  41|0x0000000082900000, 0x0000000082a00000, 0x0000000082a00000|100%| O|  |TAMS 0x0000000082a00000, 0x0000000082900000| Untracked 
|  42|0x0000000082a00000, 0x0000000082b00000, 0x0000000082b00000|100%| O|  |TAMS 0x0000000082b00000, 0x0000000082a00000| Untracked 
|  43|0x0000000082b00000, 0x0000000082c00000, 0x0000000082c00000|100%| O|  |TAMS 0x0000000082c00000, 0x0000000082b00000| Untracked 
|  44|0x0000000082c00000, 0x0000000082d00000, 0x0000000082d00000|100%| O|  |TAMS 0x0000000082d00000, 0x0000000082c00000| Untracked 
|  45|0x0000000082d00000, 0x0000000082e00000, 0x0000000082e00000|100%| O|  |TAMS 0x0000000082e00000, 0x0000000082d00000| Untracked 
|  46|0x0000000082e00000, 0x0000000082f00000, 0x0000000082f00000|100%| O|  |TAMS 0x0000000082f00000, 0x0000000082e00000| Untracked 
|  47|0x0000000082f00000, 0x0000000083000000, 0x0000000083000000|100%| O|  |TAMS 0x0000000083000000, 0x0000000082f00000| Untracked 
|  48|0x0000000083000000, 0x0000000083100000, 0x0000000083100000|100%| O|  |TAMS 0x0000000083100000, 0x0000000083000000| Untracked 
|  49|0x0000000083100000, 0x0000000083200000, 0x0000000083200000|100%| O|  |TAMS 0x0000000083200000, 0x0000000083100000| Untracked 
|  50|0x0000000083200000, 0x0000000083300000, 0x0000000083300000|100%| O|  |TAMS 0x0000000083300000, 0x0000000083200000| Untracked 
|  51|0x0000000083300000, 0x0000000083400000, 0x0000000083400000|100%| O|  |TAMS 0x0000000083400000, 0x0000000083300000| Untracked 
|  52|0x0000000083400000, 0x0000000083500000, 0x0000000083500000|100%| O|  |TAMS 0x0000000083500000, 0x0000000083400000| Untracked 
|  53|0x0000000083500000, 0x0000000083600000, 0x0000000083600000|100%| O|  |TAMS 0x0000000083600000, 0x0000000083500000| Untracked 
|  54|0x0000000083600000, 0x0000000083700000, 0x0000000083700000|100%| O|  |TAMS 0x0000000083700000, 0x0000000083600000| Untracked 
|  55|0x0000000083700000, 0x0000000083800000, 0x0000000083800000|100%|HS|  |TAMS 0x0000000083700000, 0x0000000083700000| Complete 
|  56|0x0000000083800000, 0x0000000083900000, 0x0000000083900000|100%| O|  |TAMS 0x0000000083800000, 0x0000000083800000| Untracked 
|  57|0x0000000083900000, 0x0000000083a00000, 0x0000000083a00000|100%| O|  |TAMS 0x0000000083900000, 0x0000000083900000| Untracked 
|  58|0x0000000083a00000, 0x0000000083b00000, 0x0000000083b00000|100%| O|  |TAMS 0x0000000083a00000, 0x0000000083a00000| Untracked 
|  59|0x0000000083b00000, 0x0000000083c00000, 0x0000000083c00000|100%| O|  |TAMS 0x0000000083b00000, 0x0000000083b00000| Untracked 
|  60|0x0000000083c00000, 0x0000000083d00000, 0x0000000083d00000|100%| O|  |TAMS 0x0000000083c00000, 0x0000000083c00000| Untracked 
|  61|0x0000000083d00000, 0x0000000083e00000, 0x0000000083e00000|100%| O|  |TAMS 0x0000000083d00000, 0x0000000083d00000| Untracked 
|  62|0x0000000083e00000, 0x0000000083f00000, 0x0000000083f00000|100%| O|  |TAMS 0x0000000083e00000, 0x0000000083e00000| Untracked 
|  63|0x0000000083f00000, 0x0000000084000000, 0x0000000084000000|100%| O|  |TAMS 0x0000000083f00000, 0x0000000083f00000| Untracked 
|  64|0x0000000084000000, 0x0000000084100000, 0x0000000084100000|100%| O|  |TAMS 0x0000000084000000, 0x0000000084000000| Untracked 
|  65|0x0000000084100000, 0x0000000084200000, 0x0000000084200000|100%| O|  |TAMS 0x0000000084100000, 0x0000000084100000| Untracked 
|  66|0x0000000084200000, 0x0000000084300000, 0x0000000084300000|100%| O|  |TAMS 0x0000000084200000, 0x0000000084200000| Untracked 
|  67|0x0000000084300000, 0x0000000084400000, 0x0000000084400000|100%| O|  |TAMS 0x0000000084300000, 0x0000000084300000| Untracked 
|  68|0x0000000084400000, 0x0000000084500000, 0x0000000084500000|100%| O|  |TAMS 0x0000000084400000, 0x0000000084400000| Untracked 
|  69|0x0000000084500000, 0x0000000084600000, 0x0000000084600000|100%| O|  |TAMS 0x0000000084500000, 0x0000000084500000| Untracked 
|  70|0x0000000084600000, 0x0000000084700000, 0x0000000084700000|100%| O|  |TAMS 0x0000000084600000, 0x0000000084600000| Untracked 
|  71|0x0000000084700000, 0x0000000084800000, 0x0000000084800000|100%| O|  |TAMS 0x0000000084700000, 0x0000000084700000| Untracked 
|  72|0x0000000084800000, 0x0000000084900000, 0x0000000084900000|100%| O|  |TAMS 0x0000000084800000, 0x0000000084800000| Untracked 
|  73|0x0000000084900000, 0x0000000084a00000, 0x0000000084a00000|100%| O|  |TAMS 0x0000000084900000, 0x0000000084900000| Untracked 
|  74|0x0000000084a00000, 0x0000000084b00000, 0x0000000084b00000|100%| O|  |TAMS 0x0000000084a00000, 0x0000000084a00000| Untracked 
|  75|0x0000000084b00000, 0x0000000084c00000, 0x0000000084c00000|100%| O|  |TAMS 0x0000000084b00000, 0x0000000084b00000| Untracked 
|  76|0x0000000084c00000, 0x0000000084d00000, 0x0000000084d00000|100%| O|  |TAMS 0x0000000084c00000, 0x0000000084c00000| Untracked 
|  77|0x0000000084d00000, 0x0000000084e00000, 0x0000000084e00000|100%|HS|  |TAMS 0x0000000084d00000, 0x0000000084d00000| Complete 
|  78|0x0000000084e00000, 0x0000000084f00000, 0x0000000084f00000|100%|HC|  |TAMS 0x0000000084e00000, 0x0000000084e00000| Complete 
|  79|0x0000000084f00000, 0x0000000085000000, 0x0000000085000000|100%|HS|  |TAMS 0x0000000084f00000, 0x0000000084f00000| Complete 
|  80|0x0000000085000000, 0x0000000085100000, 0x0000000085100000|100%|HS|  |TAMS 0x0000000085000000, 0x0000000085000000| Complete 
|  81|0x0000000085100000, 0x0000000085200000, 0x0000000085200000|100%|HC|  |TAMS 0x0000000085100000, 0x0000000085100000| Complete 
|  82|0x0000000085200000, 0x0000000085300000, 0x0000000085300000|100%|HS|  |TAMS 0x0000000085200000, 0x0000000085200000| Complete 
|  83|0x0000000085300000, 0x0000000085400000, 0x0000000085400000|100%|HC|  |TAMS 0x0000000085300000, 0x0000000085300000| Complete 
|  84|0x0000000085400000, 0x0000000085500000, 0x0000000085500000|100%|HS|  |TAMS 0x0000000085400000, 0x0000000085400000| Complete 
|  85|0x0000000085500000, 0x0000000085600000, 0x0000000085600000|100%|HC|  |TAMS 0x0000000085500000, 0x0000000085500000| Complete 
|  86|0x0000000085600000, 0x0000000085700000, 0x0000000085700000|100%|HC|  |TAMS 0x0000000085600000, 0x0000000085600000| Complete 
|  87|0x0000000085700000, 0x0000000085800000, 0x0000000085800000|100%| O|  |TAMS 0x0000000085700000, 0x0000000085700000| Untracked 
|  88|0x0000000085800000, 0x0000000085900000, 0x0000000085900000|100%| O|  |TAMS 0x0000000085800000, 0x0000000085800000| Untracked 
|  89|0x0000000085900000, 0x0000000085a00000, 0x0000000085a00000|100%| O|  |TAMS 0x0000000085900000, 0x0000000085900000| Untracked 
|  90|0x0000000085a00000, 0x0000000085b00000, 0x0000000085b00000|100%|HS|  |TAMS 0x0000000085a00000, 0x0000000085a00000| Complete 
|  91|0x0000000085b00000, 0x0000000085c00000, 0x0000000085c00000|100%|HC|  |TAMS 0x0000000085b00000, 0x0000000085b00000| Complete 
|  92|0x0000000085c00000, 0x0000000085d00000, 0x0000000085d00000|100%| O|  |TAMS 0x0000000085c00000, 0x0000000085c00000| Untracked 
|  93|0x0000000085d00000, 0x0000000085e00000, 0x0000000085e00000|100%|HS|  |TAMS 0x0000000085d00000, 0x0000000085d00000| Complete 
|  94|0x0000000085e00000, 0x0000000085f00000, 0x0000000085f00000|100%| O|  |TAMS 0x0000000085e00000, 0x0000000085e00000| Untracked 
|  95|0x0000000085f00000, 0x0000000086000000, 0x0000000086000000|100%|HS|  |TAMS 0x0000000085f00000, 0x0000000085f00000| Complete 
|  96|0x0000000086000000, 0x0000000086100000, 0x0000000086100000|100%| O|  |TAMS 0x0000000086000000, 0x0000000086000000| Untracked 
|  97|0x0000000086100000, 0x0000000086200000, 0x0000000086200000|100%| O|  |TAMS 0x0000000086100000, 0x0000000086100000| Untracked 
|  98|0x0000000086200000, 0x0000000086300000, 0x0000000086300000|100%| O|  |TAMS 0x0000000086200000, 0x0000000086200000| Untracked 
|  99|0x0000000086300000, 0x0000000086400000, 0x0000000086400000|100%| O|  |TAMS 0x0000000086300000, 0x0000000086300000| Untracked 
| 100|0x0000000086400000, 0x0000000086500000, 0x0000000086500000|100%| O|  |TAMS 0x0000000086400000, 0x0000000086400000| Untracked 
| 101|0x0000000086500000, 0x0000000086600000, 0x0000000086600000|100%| O|  |TAMS 0x0000000086500000, 0x0000000086500000| Untracked 
| 102|0x0000000086600000, 0x0000000086700000, 0x0000000086700000|100%|HS|  |TAMS 0x0000000086600000, 0x0000000086600000| Complete 
| 103|0x0000000086700000, 0x0000000086800000, 0x0000000086800000|100%|HC|  |TAMS 0x0000000086700000, 0x0000000086700000| Complete 
| 104|0x0000000086800000, 0x0000000086900000, 0x0000000086900000|100%| O|  |TAMS 0x0000000086800000, 0x0000000086800000| Untracked 
| 105|0x0000000086900000, 0x0000000086a00000, 0x0000000086a00000|100%| O|  |TAMS 0x0000000086900000, 0x0000000086900000| Untracked 
| 106|0x0000000086a00000, 0x0000000086b00000, 0x0000000086b00000|100%|HS|  |TAMS 0x0000000086a00000, 0x0000000086a00000| Complete 
| 107|0x0000000086b00000, 0x0000000086c00000, 0x0000000086c00000|100%|HC|  |TAMS 0x0000000086b00000, 0x0000000086b00000| Complete 
| 108|0x0000000086c00000, 0x0000000086d00000, 0x0000000086d00000|100%| O|  |TAMS 0x0000000086c00000, 0x0000000086c00000| Untracked 
| 109|0x0000000086d00000, 0x0000000086e00000, 0x0000000086e00000|100%| O|  |TAMS 0x0000000086d00000, 0x0000000086d00000| Untracked 
| 110|0x0000000086e00000, 0x0000000086f00000, 0x0000000086f00000|100%| O|  |TAMS 0x0000000086e00000, 0x0000000086e00000| Untracked 
| 111|0x0000000086f00000, 0x0000000087000000, 0x0000000087000000|100%| O|  |TAMS 0x0000000086f00000, 0x0000000086f00000| Untracked 
| 112|0x0000000087000000, 0x0000000087100000, 0x0000000087100000|100%| O|  |TAMS 0x0000000087000000, 0x0000000087000000| Untracked 
| 113|0x0000000087100000, 0x0000000087200000, 0x0000000087200000|100%| O|  |TAMS 0x0000000087100000, 0x0000000087100000| Untracked 
| 114|0x0000000087200000, 0x0000000087300000, 0x0000000087300000|100%| O|  |TAMS 0x0000000087200000, 0x0000000087200000| Untracked 
| 115|0x0000000087300000, 0x0000000087400000, 0x0000000087400000|100%| O|  |TAMS 0x0000000087300000, 0x0000000087300000| Untracked 
| 116|0x0000000087400000, 0x0000000087500000, 0x0000000087500000|100%| O|  |TAMS 0x0000000087400000, 0x0000000087400000| Untracked 
| 117|0x0000000087500000, 0x0000000087600000, 0x0000000087600000|100%| O|  |TAMS 0x0000000087500000, 0x0000000087500000| Untracked 
| 118|0x0000000087600000, 0x0000000087700000, 0x0000000087700000|100%| O|  |TAMS 0x0000000087600000, 0x0000000087600000| Untracked 
| 119|0x0000000087700000, 0x0000000087800000, 0x0000000087800000|100%| O|  |TAMS 0x0000000087700000, 0x0000000087700000| Untracked 
| 120|0x0000000087800000, 0x0000000087900000, 0x0000000087900000|100%| O|  |TAMS 0x0000000087800000, 0x0000000087800000| Untracked 
| 121|0x0000000087900000, 0x0000000087a00000, 0x0000000087a00000|100%|HS|  |TAMS 0x0000000087900000, 0x0000000087900000| Complete 
| 122|0x0000000087a00000, 0x0000000087b00000, 0x0000000087b00000|100%|HC|  |TAMS 0x0000000087a00000, 0x0000000087a00000| Complete 
| 123|0x0000000087b00000, 0x0000000087c00000, 0x0000000087c00000|100%|HC|  |TAMS 0x0000000087b00000, 0x0000000087b00000| Complete 
| 124|0x0000000087c00000, 0x0000000087d00000, 0x0000000087d00000|100%| O|  |TAMS 0x0000000087c00000, 0x0000000087c00000| Untracked 
| 125|0x0000000087d00000, 0x0000000087e00000, 0x0000000087e00000|100%| O|  |TAMS 0x0000000087d00000, 0x0000000087d00000| Untracked 
| 126|0x0000000087e00000, 0x0000000087f00000, 0x0000000087f00000|100%| O|  |TAMS 0x0000000087e00000, 0x0000000087e00000| Untracked 
| 127|0x0000000087f00000, 0x0000000088000000, 0x0000000088000000|100%|HS|  |TAMS 0x0000000087f00000, 0x0000000087f00000| Complete 
| 128|0x0000000088000000, 0x0000000088100000, 0x0000000088100000|100%|HS|  |TAMS 0x0000000088000000, 0x0000000088000000| Complete 
| 129|0x0000000088100000, 0x0000000088200000, 0x0000000088200000|100%| O|  |TAMS 0x0000000088100000, 0x0000000088100000| Untracked 
| 130|0x0000000088200000, 0x0000000088300000, 0x0000000088300000|100%| O|  |TAMS 0x0000000088200000, 0x0000000088200000| Untracked 
| 131|0x0000000088300000, 0x0000000088400000, 0x0000000088400000|100%| O|  |TAMS 0x0000000088300000, 0x0000000088300000| Untracked 
| 132|0x0000000088400000, 0x0000000088500000, 0x0000000088500000|100%| O|  |TAMS 0x0000000088400000, 0x0000000088400000| Untracked 
| 133|0x0000000088500000, 0x0000000088600000, 0x0000000088600000|100%| O|  |TAMS 0x0000000088500000, 0x0000000088500000| Untracked 
| 134|0x0000000088600000, 0x0000000088700000, 0x0000000088700000|100%| O|  |TAMS 0x0000000088600000, 0x0000000088600000| Untracked 
| 135|0x0000000088700000, 0x0000000088800000, 0x0000000088800000|100%| O|  |TAMS 0x0000000088700000, 0x0000000088700000| Untracked 
| 136|0x0000000088800000, 0x0000000088900000, 0x0000000088900000|100%| O|  |TAMS 0x0000000088800000, 0x0000000088800000| Untracked 
| 137|0x0000000088900000, 0x0000000088a00000, 0x0000000088a00000|100%| O|  |TAMS 0x0000000088900000, 0x0000000088900000| Untracked 
| 138|0x0000000088a00000, 0x0000000088b00000, 0x0000000088b00000|100%| O|  |TAMS 0x0000000088a00000, 0x0000000088a00000| Untracked 
| 139|0x0000000088b00000, 0x0000000088c00000, 0x0000000088c00000|100%| O|  |TAMS 0x0000000088b00000, 0x0000000088b00000| Untracked 
| 140|0x0000000088c00000, 0x0000000088d00000, 0x0000000088d00000|100%| O|  |TAMS 0x0000000088c00000, 0x0000000088c00000| Untracked 
| 141|0x0000000088d00000, 0x0000000088e00000, 0x0000000088e00000|100%| O|  |TAMS 0x0000000088d00000, 0x0000000088d00000| Untracked 
| 142|0x0000000088e00000, 0x0000000088f00000, 0x0000000088f00000|100%| O|  |TAMS 0x0000000088e00000, 0x0000000088e00000| Untracked 
| 143|0x0000000088f00000, 0x0000000089000000, 0x0000000089000000|100%| O|  |TAMS 0x0000000088f00000, 0x0000000088f00000| Untracked 
| 144|0x0000000089000000, 0x0000000089100000, 0x0000000089100000|100%| O|  |TAMS 0x0000000089000000, 0x0000000089000000| Untracked 
| 145|0x0000000089100000, 0x0000000089200000, 0x0000000089200000|100%| O|  |TAMS 0x0000000089100000, 0x0000000089100000| Untracked 
| 146|0x0000000089200000, 0x0000000089300000, 0x0000000089300000|100%| O|  |TAMS 0x0000000089200000, 0x0000000089200000| Untracked 
| 147|0x0000000089300000, 0x0000000089400000, 0x0000000089400000|100%| O|  |TAMS 0x0000000089300000, 0x0000000089300000| Untracked 
| 148|0x0000000089400000, 0x0000000089500000, 0x0000000089500000|100%| O|  |TAMS 0x0000000089400000, 0x0000000089400000| Untracked 
| 149|0x0000000089500000, 0x0000000089600000, 0x0000000089600000|100%| O|  |TAMS 0x0000000089500000, 0x0000000089500000| Untracked 
| 150|0x0000000089600000, 0x0000000089700000, 0x0000000089700000|100%| O|  |TAMS 0x0000000089600000, 0x0000000089600000| Untracked 
| 151|0x0000000089700000, 0x0000000089800000, 0x0000000089800000|100%| O|  |TAMS 0x0000000089700000, 0x0000000089700000| Untracked 
| 152|0x0000000089800000, 0x0000000089900000, 0x0000000089900000|100%| O|  |TAMS 0x0000000089800000, 0x0000000089800000| Untracked 
| 153|0x0000000089900000, 0x0000000089a00000, 0x0000000089a00000|100%| O|  |TAMS 0x0000000089900000, 0x0000000089900000| Untracked 
| 154|0x0000000089a00000, 0x0000000089b00000, 0x0000000089b00000|100%| O|  |TAMS 0x0000000089a00000, 0x0000000089a00000| Untracked 
| 155|0x0000000089b00000, 0x0000000089c00000, 0x0000000089c00000|100%| O|  |TAMS 0x0000000089b00000, 0x0000000089b00000| Untracked 
| 156|0x0000000089c00000, 0x0000000089c80000, 0x0000000089d00000| 50%| O|  |TAMS 0x0000000089c00000, 0x0000000089c00000| Untracked 
| 157|0x0000000089d00000, 0x0000000089d00000, 0x0000000089e00000|  0%| F|  |TAMS 0x0000000089d00000, 0x0000000089d00000| Untracked 
| 158|0x0000000089e00000, 0x0000000089e00000, 0x0000000089f00000|  0%| F|  |TAMS 0x0000000089e00000, 0x0000000089e00000| Untracked 
| 159|0x0000000089f00000, 0x0000000089f00000, 0x000000008a000000|  0%| F|  |TAMS 0x0000000089f00000, 0x0000000089f00000| Untracked 
| 160|0x000000008a000000, 0x000000008a000000, 0x000000008a100000|  0%| F|  |TAMS 0x000000008a000000, 0x000000008a000000| Untracked 
| 161|0x000000008a100000, 0x000000008a100000, 0x000000008a200000|  0%| F|  |TAMS 0x000000008a100000, 0x000000008a100000| Untracked 
| 162|0x000000008a200000, 0x000000008a200000, 0x000000008a300000|  0%| F|  |TAMS 0x000000008a200000, 0x000000008a200000| Untracked 
| 163|0x000000008a300000, 0x000000008a300000, 0x000000008a400000|  0%| F|  |TAMS 0x000000008a300000, 0x000000008a300000| Untracked 
| 164|0x000000008a400000, 0x000000008a400000, 0x000000008a500000|  0%| F|  |TAMS 0x000000008a400000, 0x000000008a400000| Untracked 
| 165|0x000000008a500000, 0x000000008a500000, 0x000000008a600000|  0%| F|  |TAMS 0x000000008a500000, 0x000000008a500000| Untracked 
| 166|0x000000008a600000, 0x000000008a600000, 0x000000008a700000|  0%| F|  |TAMS 0x000000008a600000, 0x000000008a600000| Untracked 
| 167|0x000000008a700000, 0x000000008a700000, 0x000000008a800000|  0%| F|  |TAMS 0x000000008a700000, 0x000000008a700000| Untracked 
| 168|0x000000008a800000, 0x000000008a800000, 0x000000008a900000|  0%| F|  |TAMS 0x000000008a800000, 0x000000008a800000| Untracked 
| 169|0x000000008a900000, 0x000000008a900000, 0x000000008aa00000|  0%| F|  |TAMS 0x000000008a900000, 0x000000008a900000| Untracked 
| 170|0x000000008aa00000, 0x000000008aa00000, 0x000000008ab00000|  0%| F|  |TAMS 0x000000008aa00000, 0x000000008aa00000| Untracked 
| 171|0x000000008ab00000, 0x000000008ab00000, 0x000000008ac00000|  0%| F|  |TAMS 0x000000008ab00000, 0x000000008ab00000| Untracked 
| 172|0x000000008ac00000, 0x000000008ac00000, 0x000000008ad00000|  0%| F|  |TAMS 0x000000008ac00000, 0x000000008ac00000| Untracked 
| 173|0x000000008ad00000, 0x000000008ad00000, 0x000000008ae00000|  0%| F|  |TAMS 0x000000008ad00000, 0x000000008ad00000| Untracked 
| 174|0x000000008ae00000, 0x000000008ae00000, 0x000000008af00000|  0%| F|  |TAMS 0x000000008ae00000, 0x000000008ae00000| Untracked 
| 175|0x000000008af00000, 0x000000008af00000, 0x000000008b000000|  0%| F|  |TAMS 0x000000008af00000, 0x000000008af00000| Untracked 
| 176|0x000000008b000000, 0x000000008b000000, 0x000000008b100000|  0%| F|  |TAMS 0x000000008b000000, 0x000000008b000000| Untracked 
| 177|0x000000008b100000, 0x000000008b100000, 0x000000008b200000|  0%| F|  |TAMS 0x000000008b100000, 0x000000008b100000| Untracked 
| 178|0x000000008b200000, 0x000000008b200000, 0x000000008b300000|  0%| F|  |TAMS 0x000000008b200000, 0x000000008b200000| Untracked 
| 179|0x000000008b300000, 0x000000008b300000, 0x000000008b400000|  0%| F|  |TAMS 0x000000008b300000, 0x000000008b300000| Untracked 
| 180|0x000000008b400000, 0x000000008b400000, 0x000000008b500000|  0%| F|  |TAMS 0x000000008b400000, 0x000000008b400000| Untracked 
| 181|0x000000008b500000, 0x000000008b500000, 0x000000008b600000|  0%| F|  |TAMS 0x000000008b500000, 0x000000008b500000| Untracked 
| 182|0x000000008b600000, 0x000000008b600000, 0x000000008b700000|  0%| F|  |TAMS 0x000000008b600000, 0x000000008b600000| Untracked 
| 183|0x000000008b700000, 0x000000008b700000, 0x000000008b800000|  0%| F|  |TAMS 0x000000008b700000, 0x000000008b700000| Untracked 
| 184|0x000000008b800000, 0x000000008b800000, 0x000000008b900000|  0%| F|  |TAMS 0x000000008b800000, 0x000000008b800000| Untracked 
| 185|0x000000008b900000, 0x000000008b900000, 0x000000008ba00000|  0%| F|  |TAMS 0x000000008b900000, 0x000000008b900000| Untracked 
| 186|0x000000008ba00000, 0x000000008ba00000, 0x000000008bb00000|  0%| F|  |TAMS 0x000000008ba00000, 0x000000008ba00000| Untracked 
| 187|0x000000008bb00000, 0x000000008bc00000, 0x000000008bc00000|100%| S|CS|TAMS 0x000000008bb00000, 0x000000008bb00000| Complete 
| 188|0x000000008bc00000, 0x000000008bd00000, 0x000000008bd00000|100%| S|CS|TAMS 0x000000008bc00000, 0x000000008bc00000| Complete 
| 189|0x000000008bd00000, 0x000000008be00000, 0x000000008be00000|100%| S|CS|TAMS 0x000000008bd00000, 0x000000008bd00000| Complete 
| 190|0x000000008be00000, 0x000000008be00000, 0x000000008bf00000|  0%| F|  |TAMS 0x000000008be00000, 0x000000008be00000| Untracked 
| 191|0x000000008bf00000, 0x000000008bf00000, 0x000000008c000000|  0%| F|  |TAMS 0x000000008bf00000, 0x000000008bf00000| Untracked 
| 192|0x000000008c000000, 0x000000008c000000, 0x000000008c100000|  0%| F|  |TAMS 0x000000008c000000, 0x000000008c000000| Untracked 
| 193|0x000000008c100000, 0x000000008c100000, 0x000000008c200000|  0%| F|  |TAMS 0x000000008c100000, 0x000000008c100000| Untracked 
| 194|0x000000008c200000, 0x000000008c200000, 0x000000008c300000|  0%| F|  |TAMS 0x000000008c200000, 0x000000008c200000| Untracked 
| 195|0x000000008c300000, 0x000000008c300000, 0x000000008c400000|  0%| F|  |TAMS 0x000000008c300000, 0x000000008c300000| Untracked 
| 196|0x000000008c400000, 0x000000008c400000, 0x000000008c500000|  0%| F|  |TAMS 0x000000008c400000, 0x000000008c400000| Untracked 
| 197|0x000000008c500000, 0x000000008c500000, 0x000000008c600000|  0%| F|  |TAMS 0x000000008c500000, 0x000000008c500000| Untracked 
| 198|0x000000008c600000, 0x000000008c600000, 0x000000008c700000|  0%| F|  |TAMS 0x000000008c600000, 0x000000008c600000| Untracked 
| 199|0x000000008c700000, 0x000000008c700000, 0x000000008c800000|  0%| F|  |TAMS 0x000000008c700000, 0x000000008c700000| Untracked 
| 200|0x000000008c800000, 0x000000008c800000, 0x000000008c900000|  0%| F|  |TAMS 0x000000008c800000, 0x000000008c800000| Untracked 
| 201|0x000000008c900000, 0x000000008c900000, 0x000000008ca00000|  0%| F|  |TAMS 0x000000008c900000, 0x000000008c900000| Untracked 
| 202|0x000000008ca00000, 0x000000008ca00000, 0x000000008cb00000|  0%| F|  |TAMS 0x000000008ca00000, 0x000000008ca00000| Untracked 
| 203|0x000000008cb00000, 0x000000008cb00000, 0x000000008cc00000|  0%| F|  |TAMS 0x000000008cb00000, 0x000000008cb00000| Untracked 
| 204|0x000000008cc00000, 0x000000008cc00000, 0x000000008cd00000|  0%| F|  |TAMS 0x000000008cc00000, 0x000000008cc00000| Untracked 
| 205|0x000000008cd00000, 0x000000008cd00000, 0x000000008ce00000|  0%| F|  |TAMS 0x000000008cd00000, 0x000000008cd00000| Untracked 
| 206|0x000000008ce00000, 0x000000008ce00000, 0x000000008cf00000|  0%| F|  |TAMS 0x000000008ce00000, 0x000000008ce00000| Untracked 
| 207|0x000000008cf00000, 0x000000008cf00000, 0x000000008d000000|  0%| F|  |TAMS 0x000000008cf00000, 0x000000008cf00000| Untracked 
| 208|0x000000008d000000, 0x000000008d000000, 0x000000008d100000|  0%| F|  |TAMS 0x000000008d000000, 0x000000008d000000| Untracked 
| 209|0x000000008d100000, 0x000000008d100000, 0x000000008d200000|  0%| F|  |TAMS 0x000000008d100000, 0x000000008d100000| Untracked 
| 210|0x000000008d200000, 0x000000008d200000, 0x000000008d300000|  0%| F|  |TAMS 0x000000008d200000, 0x000000008d200000| Untracked 
| 211|0x000000008d300000, 0x000000008d300000, 0x000000008d400000|  0%| F|  |TAMS 0x000000008d300000, 0x000000008d300000| Untracked 
| 212|0x000000008d400000, 0x000000008d400000, 0x000000008d500000|  0%| F|  |TAMS 0x000000008d400000, 0x000000008d400000| Untracked 
| 213|0x000000008d500000, 0x000000008d500000, 0x000000008d600000|  0%| F|  |TAMS 0x000000008d500000, 0x000000008d500000| Untracked 
| 214|0x000000008d600000, 0x000000008d600000, 0x000000008d700000|  0%| F|  |TAMS 0x000000008d600000, 0x000000008d600000| Untracked 
| 215|0x000000008d700000, 0x000000008d700000, 0x000000008d800000|  0%| F|  |TAMS 0x000000008d700000, 0x000000008d700000| Untracked 
| 216|0x000000008d800000, 0x000000008d800000, 0x000000008d900000|  0%| F|  |TAMS 0x000000008d800000, 0x000000008d800000| Untracked 
| 217|0x000000008d900000, 0x000000008d900000, 0x000000008da00000|  0%| F|  |TAMS 0x000000008d900000, 0x000000008d900000| Untracked 
| 218|0x000000008da00000, 0x000000008da00000, 0x000000008db00000|  0%| F|  |TAMS 0x000000008da00000, 0x000000008da00000| Untracked 
| 219|0x000000008db00000, 0x000000008db00000, 0x000000008dc00000|  0%| F|  |TAMS 0x000000008db00000, 0x000000008db00000| Untracked 
| 220|0x000000008dc00000, 0x000000008dc00000, 0x000000008dd00000|  0%| F|  |TAMS 0x000000008dc00000, 0x000000008dc00000| Untracked 
| 221|0x000000008dd00000, 0x000000008dd00000, 0x000000008de00000|  0%| F|  |TAMS 0x000000008dd00000, 0x000000008dd00000| Untracked 
| 222|0x000000008de00000, 0x000000008de00000, 0x000000008df00000|  0%| F|  |TAMS 0x000000008de00000, 0x000000008de00000| Untracked 
| 223|0x000000008df00000, 0x000000008df00000, 0x000000008e000000|  0%| F|  |TAMS 0x000000008df00000, 0x000000008df00000| Untracked 
| 224|0x000000008e000000, 0x000000008e000000, 0x000000008e100000|  0%| F|  |TAMS 0x000000008e000000, 0x000000008e000000| Untracked 
| 225|0x000000008e100000, 0x000000008e100000, 0x000000008e200000|  0%| F|  |TAMS 0x000000008e100000, 0x000000008e100000| Untracked 
| 226|0x000000008e200000, 0x000000008e200000, 0x000000008e300000|  0%| F|  |TAMS 0x000000008e200000, 0x000000008e200000| Untracked 
| 227|0x000000008e300000, 0x000000008e300000, 0x000000008e400000|  0%| F|  |TAMS 0x000000008e300000, 0x000000008e300000| Untracked 
|2040|0x00000000ff800000, 0x00000000ff900000, 0x00000000ff900000|100%| O|  |TAMS 0x00000000ff800000, 0x00000000ff800000| Untracked 
|2041|0x00000000ff900000, 0x00000000ffa00000, 0x00000000ffa00000|100%| O|  |TAMS 0x00000000ff900000, 0x00000000ff900000| Untracked 
|2042|0x00000000ffa00000, 0x00000000ffb00000, 0x00000000ffb00000|100%| O|  |TAMS 0x00000000ffa00000, 0x00000000ffa00000| Untracked 
|2043|0x00000000ffb00000, 0x00000000ffc00000, 0x00000000ffc00000|100%| O|  |TAMS 0x00000000ffb00000, 0x00000000ffb00000| Untracked 
|2044|0x00000000ffc00000, 0x00000000ffd00000, 0x00000000ffd00000|100%| O|  |TAMS 0x00000000ffc00000, 0x00000000ffc00000| Untracked 
|2045|0x00000000ffd00000, 0x00000000ffe00000, 0x00000000ffe00000|100%| O|  |TAMS 0x00000000ffd00000, 0x00000000ffd00000| Untracked 
|2046|0x00000000ffe00000, 0x00000000fff00000, 0x00000000fff00000|100%| O|  |TAMS 0x00000000ffe00000, 0x00000000ffe00000| Untracked 
|2047|0x00000000fff00000, 0x0000000100000000, 0x0000000100000000|100%| O|  |TAMS 0x00000000fff00000, 0x00000000fff00000| Untracked 

Card table byte_map: [0x0000020172d20000,0x0000020173120000] _byte_map_base: 0x0000020172920000

Marking Bits (Prev, Next): (CMBitMap*) 0x000002016f4bac50, (CMBitMap*) 0x000002016f4bac90
 Prev Bits: [0x0000020173520000, 0x0000020175520000)
 Next Bits: [0x0000020175520000, 0x0000020177520000)

Polling page: 0x000002016d240000

Metaspace:

Usage:
  Non-class:     86.38 MB used.
      Class:     13.71 MB used.
       Both:    100.09 MB used.

Virtual space:
  Non-class space:       88.00 MB reserved,      86.75 MB ( 99%) committed,  11 nodes.
      Class space:        1.00 GB reserved,      14.06 MB (  1%) committed,  1 nodes.
             Both:        1.09 GB reserved,     100.81 MB (  9%) committed. 

Chunk freelists:
   Non-Class:  864.00 KB
       Class:  1.97 MB
        Both:  2.81 MB

MaxMetaspaceSize: unlimited
CompressedClassSpaceSize: 1.00 GB
Initial GC threshold: 21.00 MB
Current GC threshold: 125.75 MB
CDS: off
MetaspaceReclaimPolicy: balanced
 - commit_granule_bytes: 65536.
 - commit_granule_words: 8192.
 - virtual_space_node_default_size: 1048576.
 - enlarge_chunks_in_place: 1.
 - new_chunks_are_fully_committed: 0.
 - uncommit_free_chunks: 1.
 - use_allocation_guard: 0.
 - handle_deallocations: 1.


Internal statistics:

num_allocs_failed_limit: 6.
num_arena_births: 1066.
num_arena_deaths: 0.
num_vsnodes_births: 12.
num_vsnodes_deaths: 0.
num_space_committed: 1612.
num_space_uncommitted: 0.
num_chunks_returned_to_freelist: 6.
num_chunks_taken_from_freelist: 4848.
num_chunk_merges: 6.
num_chunk_splits: 3242.
num_chunks_enlarged: 2220.
num_purges: 0.
num_inconsistent_stats: 0.

CodeHeap 'non-profiled nmethods': size=120000Kb used=5895Kb max_used=5924Kb free=114104Kb
 bounds [0x0000020107ad0000, 0x00000201080a0000, 0x000002010f000000]
CodeHeap 'profiled nmethods': size=120000Kb used=21734Kb max_used=21734Kb free=98265Kb
 bounds [0x0000020100000000, 0x0000020101540000, 0x0000020107530000]
CodeHeap 'non-nmethods': size=5760Kb used=2412Kb max_used=2476Kb free=3347Kb
 bounds [0x0000020107530000, 0x00000201077b0000, 0x0000020107ad0000]
 total_blobs=12075 nmethods=11128 adapters=859
 compilation: enabled
              stopped_count=0, restarted_count=0
 full_count=0

Compilation events (20 events):
Event: 24.799 Thread 0x000002017a4337a0 12912       2       com.android.tools.r8.internal.a9$$Lambda$1267/0x0000000100d8b6c8::a (5 bytes)
Event: 24.799 Thread 0x000002017a4337a0 nmethod 12912 0x0000020101535510 code [0x00000201015356c0, 0x0000020101535838]
Event: 24.799 Thread 0x000002017a4337a0 12913       2       com.android.tools.r8.internal.a9::a (19 bytes)
Event: 24.800 Thread 0x000002017a4337a0 nmethod 12913 0x0000020101535910 code [0x0000020101535ac0, 0x0000020101535bf8]
Event: 24.862 Thread 0x000002017a4337a0 12914       2       com.android.tools.r8.graph.y4::a (160 bytes)
Event: 24.877 Thread 0x000002017a4337a0 nmethod 12914 0x0000020101535c90 code [0x0000020101535ee0, 0x0000020101536678]
Event: 24.877 Thread 0x000002017a4337a0 12917       2       com.android.tools.r8.graph.y4::g (64 bytes)
Event: 24.877 Thread 0x000002017a4337a0 nmethod 12917 0x0000020101536b10 code [0x0000020101536d00, 0x0000020101537018]
Event: 24.877 Thread 0x000002017a4337a0 12918       2       com.android.tools.r8.dex.code.b3::<init> (58 bytes)
Event: 24.878 Thread 0x000002017a4337a0 nmethod 12918 0x0000020101537210 code [0x0000020101537420, 0x00000201015379a8]
Event: 24.883 Thread 0x000002017a4337a0 12919       2       java.util.Arrays::hashCode (44 bytes)
Event: 24.884 Thread 0x000002017a4337a0 nmethod 12919 0x0000020101537e10 code [0x0000020101537fa0, 0x0000020101538138]
Event: 24.884 Thread 0x000002017a4337a0 12920       2       com.android.tools.r8.dex.code.y0::<init> (97 bytes)
Event: 24.885 Thread 0x000002017a4337a0 nmethod 12920 0x0000020101538210 code [0x00000201015383e0, 0x0000020101538848]
Event: 24.885 Thread 0x000002017a4337a0 12921       2       com.android.tools.r8.dex.code.b1::<init> (20 bytes)
Event: 24.885 Thread 0x000002017a4337a0 nmethod 12921 0x0000020101538b90 code [0x0000020101538d40, 0x0000020101538ec8]
Event: 24.922 Thread 0x000002017a4337a0 12924       2       com.android.tools.r8.dex.code.Q0::hashCode (28 bytes)
Event: 24.923 Thread 0x000002017a4337a0 nmethod 12924 0x0000020101539010 code [0x00000201015391a0, 0x0000020101539308]
Event: 24.923 Thread 0x000002017a4337a0 12925       2       com.android.tools.r8.dex.code.Q0::<init> (34 bytes)
Event: 24.923 Thread 0x000002017a4337a0 nmethod 12925 0x0000020101539390 code [0x0000020101539540, 0x0000020101539728]

GC Heap History (20 events):
Event: 14.224 GC heap after
{Heap after GC invocations=28 (full 0):
 garbage-first heap   total 109568K, used 56329K [0x0000000080000000, 0x0000000100000000)
  region size 1024K, 1 young (1024K), 1 survivors (1024K)
 Metaspace       used 72728K, committed 73408K, reserved 1114112K
  class space    used 9647K, committed 9984K, reserved 1048576K
}
Event: 14.965 GC heap before
{Heap before GC invocations=28 (full 0):
 garbage-first heap   total 109568K, used 87049K [0x0000000080000000, 0x0000000100000000)
  region size 1024K, 30 young (30720K), 1 survivors (1024K)
 Metaspace       used 76169K, committed 76736K, reserved 1122304K
  class space    used 10224K, committed 10496K, reserved 1048576K
}
Event: 14.971 GC heap after
{Heap after GC invocations=29 (full 0):
 garbage-first heap   total 233472K, used 56878K [0x0000000080000000, 0x0000000100000000)
  region size 1024K, 2 young (2048K), 2 survivors (2048K)
 Metaspace       used 76169K, committed 76736K, reserved 1122304K
  class space    used 10224K, committed 10496K, reserved 1048576K
}
Event: 17.959 GC heap before
{Heap before GC invocations=30 (full 0):
 garbage-first heap   total 208896K, used 179758K [0x0000000080000000, 0x0000000100000000)
  region size 1024K, 122 young (124928K), 2 survivors (2048K)
 Metaspace       used 87970K, committed 88640K, reserved 1130496K
  class space    used 11999K, committed 12352K, reserved 1048576K
}
Event: 17.978 GC heap after
{Heap after GC invocations=31 (full 0):
 garbage-first heap   total 208896K, used 67532K [0x0000000080000000, 0x0000000100000000)
  region size 1024K, 12 young (12288K), 12 survivors (12288K)
 Metaspace       used 87970K, committed 88640K, reserved 1130496K
  class space    used 11999K, committed 12352K, reserved 1048576K
}
Event: 17.989 GC heap before
{Heap before GC invocations=31 (full 0):
 garbage-first heap   total 208896K, used 68556K [0x0000000080000000, 0x0000000100000000)
  region size 1024K, 13 young (13312K), 12 survivors (12288K)
 Metaspace       used 87978K, committed 88640K, reserved 1130496K
  class space    used 12000K, committed 12352K, reserved 1048576K
}
Event: 18.006 GC heap after
{Heap after GC invocations=32 (full 0):
 garbage-first heap   total 208896K, used 68900K [0x0000000080000000, 0x0000000100000000)
  region size 1024K, 2 young (2048K), 2 survivors (2048K)
 Metaspace       used 87978K, committed 88640K, reserved 1130496K
  class space    used 12000K, committed 12352K, reserved 1048576K
}
Event: 19.589 GC heap before
{Heap before GC invocations=32 (full 0):
 garbage-first heap   total 208896K, used 156964K [0x0000000080000000, 0x0000000100000000)
  region size 1024K, 89 young (91136K), 2 survivors (2048K)
 Metaspace       used 90121K, committed 90752K, reserved 1130496K
  class space    used 12339K, committed 12672K, reserved 1048576K
}
Event: 19.607 GC heap after
{Heap after GC invocations=33 (full 0):
 garbage-first heap   total 208896K, used 78273K [0x0000000080000000, 0x0000000100000000)
  region size 1024K, 11 young (11264K), 11 survivors (11264K)
 Metaspace       used 90121K, committed 90752K, reserved 1130496K
  class space    used 12339K, committed 12672K, reserved 1048576K
}
Event: 21.666 GC heap before
{Heap before GC invocations=33 (full 0):
 garbage-first heap   total 208896K, used 160193K [0x0000000080000000, 0x0000000100000000)
  region size 1024K, 91 young (93184K), 11 survivors (11264K)
 Metaspace       used 94932K, committed 95680K, reserved 1138688K
  class space    used 12874K, committed 13248K, reserved 1048576K
}
Event: 21.687 GC heap after
{Heap after GC invocations=34 (full 0):
 garbage-first heap   total 208896K, used 84507K [0x0000000080000000, 0x0000000100000000)
  region size 1024K, 8 young (8192K), 8 survivors (8192K)
 Metaspace       used 94932K, committed 95680K, reserved 1138688K
  class space    used 12874K, committed 13248K, reserved 1048576K
}
Event: 23.389 GC heap before
{Heap before GC invocations=34 (full 0):
 garbage-first heap   total 208896K, used 182811K [0x0000000080000000, 0x0000000100000000)
  region size 1024K, 85 young (87040K), 8 survivors (8192K)
 Metaspace       used 98834K, committed 99520K, reserved 1138688K
  class space    used 13401K, committed 13760K, reserved 1048576K
}
Event: 23.408 GC heap after
{Heap after GC invocations=35 (full 0):
 garbage-first heap   total 208896K, used 109942K [0x0000000080000000, 0x0000000100000000)
  region size 1024K, 11 young (11264K), 11 survivors (11264K)
 Metaspace       used 98834K, committed 99520K, reserved 1138688K
  class space    used 13401K, committed 13760K, reserved 1048576K
}
Event: 24.016 GC heap before
{Heap before GC invocations=35 (full 0):
 garbage-first heap   total 208896K, used 185717K [0x0000000080000000, 0x0000000100000000)
  region size 1024K, 66 young (67584K), 11 survivors (11264K)
 Metaspace       used 99821K, committed 100544K, reserved 1138688K
  class space    used 13526K, committed 13888K, reserved 1048576K
}
Event: 24.059 GC heap after
{Heap after GC invocations=36 (full 0):
 garbage-first heap   total 217088K, used 136986K [0x0000000080000000, 0x0000000100000000)
  region size 1024K, 9 young (9216K), 9 survivors (9216K)
 Metaspace       used 99821K, committed 100544K, reserved 1138688K
  class space    used 13526K, committed 13888K, reserved 1048576K
}
Event: 24.587 GC heap before
{Heap before GC invocations=36 (full 0):
 garbage-first heap   total 217088K, used 171802K [0x0000000080000000, 0x0000000100000000)
  region size 1024K, 44 young (45056K), 9 survivors (9216K)
 Metaspace       used 102411K, committed 103168K, reserved 1138688K
  class space    used 14038K, committed 14400K, reserved 1048576K
}
Event: 24.640 GC heap after
{Heap after GC invocations=37 (full 0):
 garbage-first heap   total 217088K, used 151552K [0x0000000080000000, 0x0000000100000000)
  region size 1024K, 6 young (6144K), 6 survivors (6144K)
 Metaspace       used 102411K, committed 103168K, reserved 1138688K
  class space    used 14038K, committed 14400K, reserved 1048576K
}
Event: 24.805 GC heap before
{Heap before GC invocations=37 (full 0):
 garbage-first heap   total 217088K, used 174080K [0x0000000080000000, 0x0000000100000000)
  region size 1024K, 28 young (28672K), 6 survivors (6144K)
 Metaspace       used 102490K, committed 103232K, reserved 1138688K
  class space    used 14039K, committed 14400K, reserved 1048576K
}
Event: 24.848 GC heap after
{Heap after GC invocations=38 (full 0):
 garbage-first heap   total 217088K, used 163328K [0x0000000080000000, 0x0000000100000000)
  region size 1024K, 4 young (4096K), 4 survivors (4096K)
 Metaspace       used 102490K, committed 103232K, reserved 1138688K
  class space    used 14039K, committed 14400K, reserved 1048576K
}
Event: 24.937 GC heap before
{Heap before GC invocations=38 (full 0):
 garbage-first heap   total 217088K, used 177664K [0x0000000080000000, 0x0000000100000000)
  region size 1024K, 18 young (18432K), 4 survivors (4096K)
 Metaspace       used 102495K, committed 103232K, reserved 1138688K
  class space    used 14039K, committed 14400K, reserved 1048576K
}

Dll operation events (2 events):
Event: 0.008 Loaded shared library E:\Android\jbr\bin\java.dll
Event: 0.732 Loaded shared library E:\Android\jbr\bin\verify.dll

Deoptimization events (20 events):
Event: 24.122 Thread 0x0000020113174060 Uncommon trap: trap_request=0xffffffde fr.pc=0x000002010806109c relative=0x000000000000051c
Event: 24.122 Thread 0x0000020113174060 Uncommon trap: reason=class_check action=maybe_recompile pc=0x000002010806109c method=com.android.tools.r8.dex.B.a(ILjava/util/function/Supplier;)Ljava/lang/Object; @ 31 c2
Event: 24.122 Thread 0x0000020113174060 DEOPT PACKING pc=0x000002010806109c sp=0x000000aef3bfeca0
Event: 24.122 Thread 0x0000020113174060 DEOPT UNPACKING pc=0x00000201075869a3 sp=0x000000aef3bfec80 mode 2
Event: 24.264 Thread 0x0000020113174060 Uncommon trap: trap_request=0xffffff45 fr.pc=0x000002010807a3c0 relative=0x0000000000000120
Event: 24.264 Thread 0x0000020113174060 Uncommon trap: reason=unstable_if action=reinterpret pc=0x000002010807a3c0 method=com.android.tools.r8.internal.Rq.get(I)Ljava/lang/Object; @ 8 c2
Event: 24.264 Thread 0x0000020113174060 DEOPT PACKING pc=0x000002010807a3c0 sp=0x000000aef3bfe7e0
Event: 24.264 Thread 0x0000020113174060 DEOPT UNPACKING pc=0x00000201075869a3 sp=0x000000aef3bfe778 mode 2
Event: 24.272 Thread 0x0000020113175d40 Uncommon trap: trap_request=0xffffff45 fr.pc=0x0000020108079da0 relative=0x0000000000000360
Event: 24.272 Thread 0x0000020113175d40 Uncommon trap: reason=unstable_if action=reinterpret pc=0x0000020108079da0 method=com.android.tools.r8.internal.Rq.a(ILjava/lang/Object;)Ljava/lang/Object; @ 1 c2
Event: 24.272 Thread 0x0000020113175d40 DEOPT PACKING pc=0x0000020108079da0 sp=0x000000aef3afe470
Event: 24.272 Thread 0x0000020113175d40 DEOPT UNPACKING pc=0x00000201075869a3 sp=0x000000aef3afe438 mode 2
Event: 24.672 Thread 0x0000020113176bb0 DEOPT PACKING pc=0x000002010148ca64 sp=0x000000aef3cfef80
Event: 24.672 Thread 0x0000020113176bb0 DEOPT UNPACKING pc=0x0000020107587143 sp=0x000000aef3cfe498 mode 0
Event: 24.684 Thread 0x000002011317b8b0 Uncommon trap: trap_request=0xffffffad fr.pc=0x0000020108090d90 relative=0x0000000000003510
Event: 24.684 Thread 0x0000020113175d40 DEOPT PACKING pc=0x000002010148ca64 sp=0x000000aef3afe800
Event: 24.684 Thread 0x0000020113175d40 DEOPT UNPACKING pc=0x0000020107587143 sp=0x000000aef3afdd18 mode 0
Event: 24.684 Thread 0x000002011317b8b0 Uncommon trap: reason=uninitialized action=reinterpret pc=0x0000020108090d90 method=com.android.tools.r8.dex.code.O.a(IILcom/android/tools/r8/dex/code/a;Lcom/android/tools/r8/graph/f5;)Lcom/android/tools/r8/dex/code/B1; @ 3148 c2
Event: 24.702 Thread 0x000002011317b8b0 DEOPT PACKING pc=0x0000020108090d90 sp=0x000000aef39fee40
Event: 24.702 Thread 0x000002011317b8b0 DEOPT UNPACKING pc=0x00000201075869a3 sp=0x000000aef39fedf8 mode 2

Classes unloaded (0 events):
No events

Classes redefined (0 events):
No events

Internal exceptions (20 events):
Event: 23.425 Thread 0x000002017e635570 Exception <a 'sun/nio/fs/WindowsException'{0x000000008c7f2028}> (0x000000008c7f2028) 
thrown [s\src\hotspot\share\prims\jni.cpp, line 517]
Event: 23.425 Thread 0x000002017e635570 Exception <a 'sun/nio/fs/WindowsException'{0x000000008c7f2e70}> (0x000000008c7f2e70) 
thrown [s\src\hotspot\share\prims\jni.cpp, line 517]
Event: 23.425 Thread 0x000002017e635570 Exception <a 'sun/nio/fs/WindowsException'{0x000000008c7f2ee0}> (0x000000008c7f2ee0) 
thrown [s\src\hotspot\share\prims\jni.cpp, line 517]
Event: 23.425 Thread 0x000002017e635570 Exception <a 'sun/nio/fs/WindowsException'{0x000000008c7f31b0}> (0x000000008c7f31b0) 
thrown [s\src\hotspot\share\prims\jni.cpp, line 517]
Event: 23.425 Thread 0x000002017e635570 Exception <a 'sun/nio/fs/WindowsException'{0x000000008c7f4f20}> (0x000000008c7f4f20) 
thrown [s\src\hotspot\share\prims\jni.cpp, line 517]
Event: 23.440 Thread 0x000002017e635570 Exception <a 'java/lang/NoSuchMethodError'{0x000000008c5c3bd8}: static Lcom/android/builder/internal/aapt/AaptOptions;.<clinit>()V> (0x000000008c5c3bd8) 
thrown [s\src\hotspot\share\prims\jni.cpp, line 1108]
Event: 23.443 Thread 0x000002017e635570 Exception <a 'java/lang/NoSuchMethodError'{0x000000008c5e5448}: static Ljava/lang/Object;.<clinit>()V> (0x000000008c5e5448) 
thrown [s\src\hotspot\share\prims\jni.cpp, line 1108]
Event: 23.464 Thread 0x000002017e635570 Exception <a 'java/lang/NoSuchMethodError'{0x000000008c4f7158}: static Lcom/android/build/api/variant/impl/SerializableApplicationMultiOutputHandler;.<clinit>()V> (0x000000008c4f7158) 
thrown [s\src\hotspot\share\prims\jni.cpp, line 1108]
Event: 23.466 Thread 0x000002017e635570 Exception <a 'java/lang/NoSuchMethodError'{0x000000008c30cf68}: static Lcom/android/build/api/variant/impl/VariantOutputImpl$SerializedForm;.<clinit>()V> (0x000000008c30cf68) 
thrown [s\src\hotspot\share\prims\jni.cpp, line 1108]
Event: 23.468 Thread 0x000002017e635570 Exception <a 'java/lang/NoSuchMethodError'{0x000000008c320c18}: static Lcom/android/build/api/variant/impl/VariantOutputConfigurationImpl;.<clinit>()V> (0x000000008c320c18) 
thrown [s\src\hotspot\share\prims\jni.cpp, line 1108]
Event: 23.580 Thread 0x0000020113175870 Exception <a 'java/lang/NoSuchMethodError'{0x000000008bc1b5d0}: 'void java.lang.invoke.DirectMethodHandle$Holder.invokeStatic(java.lang.Object, long)'> (0x000000008bc1b5d0) 
thrown [s\src\hotspot\share\interpreter\linkResolver.cpp, line 771]
Event: 23.581 Thread 0x0000020113175870 Exception <a 'java/lang/NoSuchMethodError'{0x000000008bca2350}: 'java.lang.Object java.lang.invoke.DirectMethodHandle$Holder.newInvokeSpecial(java.lang.Object, long)'> (0x000000008bca2350) 
thrown [s\src\hotspot\share\interpreter\linkResolver.cpp, line 771]
Event: 23.584 Thread 0x0000020113175870 Exception <a 'java/lang/NoSuchMethodError'{0x000000008bce6b88}: 'java.lang.Object java.lang.invoke.DirectMethodHandle$Holder.invokeStatic(java.lang.Object, java.lang.Object, long, java.lang.Object)'> (0x000000008bce6b88) 
thrown [s\src\hotspot\share\interpreter\linkResolver.cpp, line 771]
Event: 23.584 Thread 0x0000020113175870 Exception <a 'java/lang/NoSuchMethodError'{0x000000008bcea858}: 'java.lang.Object java.lang.invoke.DirectMethodHandle$Holder.invokeStaticInit(java.lang.Object, java.lang.Object, long, java.lang.Object)'> (0x000000008bcea858) 
thrown [s\src\hotspot\share\interpreter\linkResolver.cpp, line 771]
Event: 23.740 Thread 0x0000020113175870 Exception <a 'java/lang/NoSuchMethodError'{0x000000008aeeaad0}: 'int java.lang.invoke.DirectMethodHandle$Holder.invokeSpecialIFC(java.lang.Object, java.lang.Object, java.lang.Object)'> (0x000000008aeeaad0) 
thrown [s\src\hotspot\share\interpreter\linkResolver.cpp, line 771]
Event: 24.096 Thread 0x000002011317b8b0 Exception <a 'java/lang/IncompatibleClassChangeError'{0x000000008e0d0388}: Found class java.lang.Object, but interface was expected> (0x000000008e0d0388) 
thrown [s\src\hotspot\share\interpreter\linkResolver.cpp, line 838]
Event: 24.136 Thread 0x000002011317b8b0 Exception <a 'java/lang/NoSuchMethodError'{0x000000008c64ba10}: 'long java.lang.invoke.DirectMethodHandle$Holder.invokeStatic(java.lang.Object, java.lang.Object, java.lang.Object)'> (0x000000008c64ba10) 
thrown [s\src\hotspot\share\interpreter\linkResolver.cpp, line 771]
Event: 24.136 Thread 0x0000020113176bb0 Exception <a 'java/lang/NoSuchMethodError'{0x000000008c6562e8}: 'long java.lang.invoke.DirectMethodHandle$Holder.invokeStatic(java.lang.Object, java.lang.Object, java.lang.Object)'> (0x000000008c6562e8) 
thrown [s\src\hotspot\share\interpreter\linkResolver.cpp, line 771]
Event: 24.150 Thread 0x000002011317b8b0 Exception <a 'java/lang/IncompatibleClassChangeError'{0x000000008c530af8}: Found class java.lang.Object, but interface was expected> (0x000000008c530af8) 
thrown [s\src\hotspot\share\interpreter\linkResolver.cpp, line 838]
Event: 24.151 Thread 0x000002011317b8b0 Exception <a 'java/lang/IncompatibleClassChangeError'{0x000000008c5394b8}: Found class java.lang.Object, but interface was expected> (0x000000008c5394b8) 
thrown [s\src\hotspot\share\interpreter\linkResolver.cpp, line 838]

VM Operations (20 events):
Event: 22.921 Executing VM operation: ICBufferFull done
Event: 23.185 Executing VM operation: HandshakeAllThreads
Event: 23.186 Executing VM operation: HandshakeAllThreads done
Event: 23.240 Executing VM operation: ICBufferFull
Event: 23.241 Executing VM operation: ICBufferFull done
Event: 23.389 Executing VM operation: G1CollectForAllocation
Event: 23.408 Executing VM operation: G1CollectForAllocation done
Event: 23.588 Executing VM operation: HandshakeAllThreads
Event: 23.588 Executing VM operation: HandshakeAllThreads done
Event: 24.016 Executing VM operation: G1CollectForAllocation
Event: 24.059 Executing VM operation: G1CollectForAllocation done
Event: 24.586 Executing VM operation: G1CollectForAllocation
Event: 24.642 Executing VM operation: G1CollectForAllocation done
Event: 24.670 Executing VM operation: HandshakeAllThreads
Event: 24.671 Executing VM operation: HandshakeAllThreads done
Event: 24.683 Executing VM operation: HandshakeAllThreads
Event: 24.691 Executing VM operation: HandshakeAllThreads done
Event: 24.805 Executing VM operation: G1CollectForAllocation
Event: 24.858 Executing VM operation: G1CollectForAllocation done
Event: 24.925 Executing VM operation: G1CollectForAllocation

Events (20 events):
Event: 24.133 loading class java/util/AbstractList$RandomAccessSubList done
Event: 24.133 loading class java/util/AbstractList$SubList$1
Event: 24.133 loading class java/util/AbstractList$SubList$1 done
Event: 24.222 loading class java/nio/ShortBuffer
Event: 24.222 loading class java/nio/ShortBuffer done
Event: 24.223 loading class java/nio/HeapShortBuffer
Event: 24.223 loading class java/nio/HeapShortBuffer done
Event: 24.238 Thread 0x000002011317aa40 Thread exited: 0x000002011317aa40
Event: 24.692 Thread 0x000002017a4361a0 flushing nmethod 0x0000020107b7a490
Event: 24.692 Thread 0x000002017a4361a0 flushing nmethod 0x0000020107b7c610
Event: 24.695 Thread 0x000002017a4361a0 flushing nmethod 0x0000020107ffee10
Event: 24.695 Thread 0x000002017a4361a0 flushing nmethod 0x0000020108055210
Event: 24.695 Thread 0x000002017a4361a0 flushing nmethod 0x0000020108055c10
Event: 24.695 Thread 0x000002017a4361a0 flushing nmethod 0x0000020108059210
Event: 24.705 Thread 0x000002017a4361a0 flushing nmethod 0x0000020100922490
Event: 24.705 Thread 0x000002017a4361a0 flushing nmethod 0x0000020100923090
Event: 24.705 Thread 0x000002017a4361a0 flushing nmethod 0x0000020100975d90
Event: 24.705 Thread 0x000002017a4361a0 flushing nmethod 0x00000201009b2290
Event: 24.712 Thread 0x000002017a4361a0 flushing nmethod 0x0000020100cfa290
Event: 24.715 Thread 0x000002017a4361a0 flushing nmethod 0x0000020101054b90


Dynamic libraries:
0x00007ff70bf50000 - 0x00007ff70bf5a000 	E:\Android\jbr\bin\java.exe
0x00007ff852650000 - 0x00007ff852866000 	C:\Windows\SYSTEM32\ntdll.dll
0x00007ff8508c0000 - 0x00007ff850984000 	C:\Windows\System32\KERNEL32.DLL
0x00007ff84f990000 - 0x00007ff84fd36000 	C:\Windows\System32\KERNELBASE.dll
0x00007ff850130000 - 0x00007ff850241000 	C:\Windows\System32\ucrtbase.dll
0x00007ff80fe60000 - 0x00007ff80fe77000 	E:\Android\jbr\bin\jli.dll
0x00007ff8494f0000 - 0x00007ff84950b000 	E:\Android\jbr\bin\VCRUNTIME140.dll
0x00007ff850eb0000 - 0x00007ff85105d000 	C:\Windows\System32\USER32.dll
0x00007ff850370000 - 0x00007ff850396000 	C:\Windows\System32\win32u.dll
0x00007ff832bc0000 - 0x00007ff832e53000 	C:\Windows\WinSxS\amd64_microsoft.windows.common-controls_6595b64144ccf1df_6.0.22621.3235_none_270f74e173860f98\COMCTL32.dll
0x00007ff851110000 - 0x00007ff8511b7000 	C:\Windows\System32\msvcrt.dll
0x00007ff850440000 - 0x00007ff850469000 	C:\Windows\System32\GDI32.dll
0x00007ff850250000 - 0x00007ff850368000 	C:\Windows\System32\gdi32full.dll
0x00007ff84fde0000 - 0x00007ff84fe7a000 	C:\Windows\System32\msvcp_win.dll
0x00007ff850e70000 - 0x00007ff850ea1000 	C:\Windows\System32\IMM32.DLL
0x00007ff849520000 - 0x00007ff84952c000 	E:\Android\jbr\bin\vcruntime140_1.dll
0x00007ff81c750000 - 0x00007ff81c7dd000 	E:\Android\jbr\bin\msvcp140.dll
0x00007fffc06c0000 - 0x00007fffc132e000 	E:\Android\jbr\bin\server\jvm.dll
0x00007ff8507e0000 - 0x00007ff850892000 	C:\Windows\System32\ADVAPI32.dll
0x00007ff851060000 - 0x00007ff851108000 	C:\Windows\System32\sechost.dll
0x00007ff84fd40000 - 0x00007ff84fd68000 	C:\Windows\System32\bcrypt.dll
0x00007ff851ba0000 - 0x00007ff851cb5000 	C:\Windows\System32\RPCRT4.dll
0x00007ff846080000 - 0x00007ff8460b4000 	C:\Windows\SYSTEM32\WINMM.dll
0x00007ff846dd0000 - 0x00007ff846dd9000 	C:\Windows\SYSTEM32\WSOCK32.dll
0x00007ff845fc0000 - 0x00007ff845fca000 	C:\Windows\SYSTEM32\VERSION.dll
0x00007ff8503a0000 - 0x00007ff850411000 	C:\Windows\System32\WS2_32.dll
0x00007ff84e9d0000 - 0x00007ff84e9e8000 	C:\Windows\SYSTEM32\kernel.appcore.dll
0x00007ff846c80000 - 0x00007ff846c8a000 	E:\Android\jbr\bin\jimage.dll
0x00007ff848910000 - 0x00007ff848b43000 	C:\Windows\SYSTEM32\DBGHELP.DLL
0x00007ff851510000 - 0x00007ff851898000 	C:\Windows\System32\combase.dll
0x00007ff851cd0000 - 0x00007ff851da7000 	C:\Windows\System32\OLEAUT32.dll
0x00007ff83e540000 - 0x00007ff83e572000 	C:\Windows\SYSTEM32\dbgcore.DLL
0x00007ff8500b0000 - 0x00007ff85012a000 	C:\Windows\System32\bcryptPrimitives.dll
0x00007ff8321d0000 - 0x00007ff8321f5000 	E:\Android\jbr\bin\java.dll
0x00007ff8360c0000 - 0x00007ff8360d8000 	E:\Android\jbr\bin\zip.dll
0x00007ff851db0000 - 0x00007ff85260d000 	C:\Windows\System32\SHELL32.dll
0x00007ff84d8f0000 - 0x00007ff84e1e8000 	C:\Windows\SYSTEM32\windows.storage.dll
0x00007ff84d7b0000 - 0x00007ff84d8ee000 	C:\Windows\SYSTEM32\wintypes.dll
0x00007ff851250000 - 0x00007ff851343000 	C:\Windows\System32\SHCORE.dll
0x00007ff850760000 - 0x00007ff8507be000 	C:\Windows\System32\shlwapi.dll
0x00007ff84f8c0000 - 0x00007ff84f8e6000 	C:\Windows\SYSTEM32\profapi.dll
0x00007ff831870000 - 0x00007ff831889000 	E:\Android\jbr\bin\net.dll
0x00007ff846370000 - 0x00007ff8464a7000 	C:\Windows\SYSTEM32\WINHTTP.dll
0x00007ff84ee50000 - 0x00007ff84eeb9000 	C:\Windows\system32\mswsock.dll
0x00007ff8200e0000 - 0x00007ff8200f6000 	E:\Android\jbr\bin\nio.dll
0x00007ff8468e0000 - 0x00007ff8468f0000 	E:\Android\jbr\bin\verify.dll
0x00007ff842740000 - 0x00007ff842767000 	C:\Users\Mr\.gradle\native\68d5fa5c4cc2d200863cafc0d521ce42e7d3e7ee720ec0a83991735586a16f82\windows-amd64\native-platform.dll
0x00007ff804410000 - 0x00007ff804554000 	C:\Users\Mr\.gradle\native\e376f236ea51e6404a007f0833ffe2c6e607c4080706a723a18a27aeea778392\windows-amd64\native-platform-file-events.dll
0x00007ff83e360000 - 0x00007ff83e369000 	E:\Android\jbr\bin\management.dll
0x00007ff8321c0000 - 0x00007ff8321cb000 	E:\Android\jbr\bin\management_ext.dll
0x00007ff8506d0000 - 0x00007ff8506d8000 	C:\Windows\System32\PSAPI.DLL
0x00007ff84f110000 - 0x00007ff84f12b000 	C:\Windows\SYSTEM32\CRYPTSP.dll
0x00007ff84e930000 - 0x00007ff84e965000 	C:\Windows\system32\rsaenh.dll
0x00007ff84efb0000 - 0x00007ff84efdc000 	C:\Windows\SYSTEM32\USERENV.dll
0x00007ff84f180000 - 0x00007ff84f18c000 	C:\Windows\SYSTEM32\CRYPTBASE.dll
0x00007ff84e490000 - 0x00007ff84e4bd000 	C:\Windows\SYSTEM32\IPHLPAPI.DLL
0x00007ff851cc0000 - 0x00007ff851cc9000 	C:\Windows\System32\NSI.dll
0x00007ff846340000 - 0x00007ff846359000 	C:\Windows\SYSTEM32\dhcpcsvc6.DLL
0x00007ff846300000 - 0x00007ff84631f000 	C:\Windows\SYSTEM32\dhcpcsvc.DLL
0x00007ff84e4c0000 - 0x00007ff84e5b9000 	C:\Windows\SYSTEM32\DNSAPI.dll
0x00007ff82d890000 - 0x00007ff82d898000 	C:\Windows\system32\wshunix.dll

dbghelp: loaded successfully - version: 4.0.5 - missing functions: none
symbol engine: initialized successfully - sym options: 0x614 - pdb path: .;E:\Android\jbr\bin;C:\Windows\SYSTEM32;C:\Windows\WinSxS\amd64_microsoft.windows.common-controls_6595b64144ccf1df_6.0.22621.3235_none_270f74e173860f98;E:\Android\jbr\bin\server;C:\Users\Mr\.gradle\native\68d5fa5c4cc2d200863cafc0d521ce42e7d3e7ee720ec0a83991735586a16f82\windows-amd64;C:\Users\Mr\.gradle\native\e376f236ea51e6404a007f0833ffe2c6e607c4080706a723a18a27aeea778392\windows-amd64

VM Arguments:
jvm_args: --add-opens=java.base/java.util=ALL-UNNAMED --add-opens=java.base/java.lang=ALL-UNNAMED --add-opens=java.base/java.lang.invoke=ALL-UNNAMED --add-opens=java.prefs/java.util.prefs=ALL-UNNAMED --add-opens=java.base/java.nio.charset=ALL-UNNAMED --add-opens=java.base/java.net=ALL-UNNAMED --add-opens=java.base/java.util.concurrent.atomic=ALL-UNNAMED -Xmx2048m -Dfile.encoding=UTF-8 -Duser.country=US -Duser.language=en -Duser.variant 
java_command: org.gradle.launcher.daemon.bootstrap.GradleDaemon 8.0
java_class_path (initial): C:\Users\Mr\.gradle\wrapper\dists\gradle-8.0-bin\ca5e32bp14vu59qr306oxotwh\gradle-8.0\lib\gradle-launcher-8.0.jar
Launcher Type: SUN_STANDARD

[Global flags]
     intx CICompilerCount                          = 3                                         {product} {ergonomic}
     uint ConcGCThreads                            = 1                                         {product} {ergonomic}
     uint G1ConcRefinementThreads                  = 4                                         {product} {ergonomic}
   size_t G1HeapRegionSize                         = 1048576                                   {product} {ergonomic}
    uintx GCDrainStackTargetSize                   = 64                                        {product} {ergonomic}
   size_t InitialHeapSize                          = 134217728                                 {product} {ergonomic}
   size_t MarkStackSize                            = 4194304                                   {product} {ergonomic}
   size_t MaxHeapSize                              = 2147483648                                {product} {command line}
   size_t MaxNewSize                               = 1287651328                                {product} {ergonomic}
   size_t MinHeapDeltaBytes                        = 1048576                                   {product} {ergonomic}
   size_t MinHeapSize                              = 8388608                                   {product} {ergonomic}
    uintx NonNMethodCodeHeapSize                   = 5832780                                {pd product} {ergonomic}
    uintx NonProfiledCodeHeapSize                  = 122912730                              {pd product} {ergonomic}
    uintx ProfiledCodeHeapSize                     = 122912730                              {pd product} {ergonomic}
    uintx ReservedCodeCacheSize                    = 251658240                              {pd product} {ergonomic}
     bool SegmentedCodeCache                       = true                                      {product} {ergonomic}
   size_t SoftMaxHeapSize                          = 2147483648                             {manageable} {ergonomic}
     bool UseCompressedClassPointers               = true                           {product lp64_product} {ergonomic}
     bool UseCompressedOops                        = true                           {product lp64_product} {ergonomic}
     bool UseG1GC                                  = true                                      {product} {ergonomic}
     bool UseLargePagesIndividualAllocation        = false                                  {pd product} {ergonomic}

Logging:
Log output configuration:
 #0: stdout all=warning uptime,level,tags
 #1: stderr all=off uptime,level,tags

Environment Variables:
PATH=C:\Program Files\Common Files\Oracle\Java\javapath;C:\Program Files\Microsoft\jdk-11.0.16.101-hotspot\bin;C:\Windows\system32;C:\Windows;C:\Windows\System32\Wbem;C:\Windows\System32\WindowsPowerShell\v1.0\;C:\Windows\System32\OpenSSH\;C:\Program Files\Git\cmd;C:\Users\Mr\AppData\Local\Microsoft\WindowsApps;E:\Microsoft VS Code\bin;C:\Program Files (x86)\Inno Setup 6;
USERNAME=Mr
OS=Windows_NT
PROCESSOR_IDENTIFIER=Intel64 Family 6 Model 142 Stepping 9, GenuineIntel
TMP=C:\Users\Mr\AppData\Local\Temp
TEMP=C:\Users\Mr\AppData\Local\Temp


JNI global refs:
JNI global refs: 26, weak refs: 40

JNI global refs memory usage: 843, weak refs: 841


---------------  S Y S T E M  ---------------

OS:
 Windows 11 , 64 bit Build 22621 (10.0.22621.3235)
OS uptime: 4 days 19:00 hours

CPU: total 4 (initial active 4) (2 cores per cpu, 2 threads per core) family 6 model 142 stepping 9 microcode 0xde, cx8, cmov, fxsr, ht, mmx, 3dnowpref, sse, sse2, sse3, ssse3, sse4.1, sse4.2, popcnt, lzcnt, tsc, tscinvbit, avx, avx2, aes, erms, clmul, bmi1, bmi2, rtm, adx, fma, vzeroupper, clflush, clflushopt

Memory: 4k page, system-wide physical 8071M (871M free)
TotalPageFile size 11741M (AvailPageFile size 278M)
current process WorkingSet (physical memory assigned to process): 500M, peak: 500M
current process commit charge ("private bytes"): 557M, peak: 892M

vm_info: OpenJDK 64-Bit Server VM (17.0.6+0-b2043.56-10027231) for windows-amd64 JRE (17.0.6+0-b2043.56-10027231), built on Apr 28 2023 00:43:19 by "androidbuild" with MS VC++ 16.10 / 16.11 (VS2019)

END.
