#
# There is insufficient memory for the Java Runtime Environment to continue.
# Native memory allocation (mmap) failed to map 301989888 bytes for G1 virtual space
# Possible reasons:
#   The system is out of physical RAM or swap space
#   The process is running with CompressedOops enabled, and the Java Heap may be blocking the growth of the native heap
# Possible solutions:
#   Reduce memory load on the system
#   Increase physical memory or swap space
#   Check if swap backing store is full
#   Decrease Java heap size (-Xmx/-Xms)
#   Decrease number of Java threads
#   Decrease Java thread stack sizes (-Xss)
#   Set larger code cache with -XX:ReservedCodeCacheSize=
#   JVM is running with Unscaled Compressed Oops mode in which the Java heap is
#     placed in the first 4GB address space. The Java Heap base address is the
#     maximum limit for the native heap growth. Please use -XX:HeapBaseMinAddress
#     to set the Java Heap base and to place the Java Heap above 4GB virtual address.
# This output file may be truncated or incomplete.
#
#  Out of Memory Error (os_windows.cpp:3769), pid=12728, tid=2888
#
# JRE version: OpenJDK Runtime Environment (17.0.6) (build 17.0.6+0-b2043.56-10027231)
# Java VM: OpenJDK 64-Bit Server VM (17.0.6+0-b2043.56-10027231, mixed mode, tiered, compressed oops, compressed class ptrs, g1 gc, windows-amd64)
# No core dump will be written. Minidumps are not enabled by default on client versions of Windows
#

---------------  S U M M A R Y ------------

Command Line: --add-opens=java.base/java.util=ALL-UNNAMED --add-opens=java.base/java.lang=ALL-UNNAMED --add-opens=java.base/java.lang.invoke=ALL-UNNAMED --add-opens=java.prefs/java.util.prefs=ALL-UNNAMED --add-opens=java.base/java.nio.charset=ALL-UNNAMED --add-opens=java.base/java.net=ALL-UNNAMED --add-opens=java.base/java.util.concurrent.atomic=ALL-UNNAMED -Xmx2048m -Dfile.encoding=UTF-8 -Duser.country=US -Duser.language=en -Duser.variant org.gradle.launcher.daemon.bootstrap.GradleDaemon 8.0

Host: Intel(R) Core(TM) i5-7300U CPU @ 2.60GHz, 4 cores, 7G,  Windows 11 , 64 bit Build 22621 (10.0.22621.3235)
Time: Sat Apr 20 16:12:15 2024 Pakistan Standard Time elapsed time: 33.423111 seconds (0d 0h 0m 33s)

---------------  T H R E A D  ---------------

Current thread (0x00000283e0a70710):  VMThread "VM Thread" [stack: 0x000000bfee100000,0x000000bfee200000] [id=2888]

Stack: [0x000000bfee100000,0x000000bfee200000]
Native frames: (J=compiled Java code, j=interpreted, Vv=VM code, C=native code)
V  [jvm.dll+0x683c9a]
V  [jvm.dll+0x8427a4]
V  [jvm.dll+0x843f9e]
V  [jvm.dll+0x844603]
V  [jvm.dll+0x249b75]
V  [jvm.dll+0x680b69]
V  [jvm.dll+0x67505a]
V  [jvm.dll+0x309acb]
V  [jvm.dll+0x310f86]
V  [jvm.dll+0x3608ee]
V  [jvm.dll+0x360b1f]
V  [jvm.dll+0x2dfbf8]
V  [jvm.dll+0x2ddec4]
V  [jvm.dll+0x2dd4cc]
V  [jvm.dll+0x321f3b]
V  [jvm.dll+0x848ccb]
V  [jvm.dll+0x849a04]
V  [jvm.dll+0x849f1d]
V  [jvm.dll+0x84a2f4]
V  [jvm.dll+0x84a3c0]
V  [jvm.dll+0x7f274a]
V  [jvm.dll+0x682ad5]
C  [ucrtbase.dll+0x29363]
C  [KERNEL32.DLL+0x1257d]
C  [ntdll.dll+0x5aa58]

VM_Operation (0x000000bff46fd5e0): G1CollectForAllocation, mode: safepoint, requested by thread 0x00000283ea22d9d0


---------------  P R O C E S S  ---------------

Threads class SMR info:
_java_thread_list=0x00000283e6dacb20, length=105, elements={
0x00000283c74ad6f0, 0x00000283e0a92260, 0x00000283e0a92fe0, 0x00000283e14226c0,
0x00000283e1424190, 0x00000283e1424c50, 0x00000283e1427520, 0x00000283e142d780,
0x00000283e1436090, 0x00000283e1449160, 0x00000283e1598bb0, 0x00000283e1599080,
0x00000283e2981490, 0x00000283e258c670, 0x00000283e3d01e70, 0x00000283e2c02b70,
0x00000283e28f5a50, 0x00000283e2a42ca0, 0x00000283e28e10f0, 0x00000283e2a330e0,
0x00000283e2a32c10, 0x00000283e2a31da0, 0x00000283e2a300c0, 0x00000283e2a335b0,
0x00000283e2a31400, 0x00000283e2a30590, 0x00000283e2a32270, 0x00000283e2a30f30,
0x00000283e2a30a60, 0x00000283e2a318d0, 0x00000283e2a2fbf0, 0x00000283e2a32740,
0x00000283e5cf7c90, 0x00000283e5cf5140, 0x00000283e5cf9e40, 0x00000283e5cfa310,
0x00000283e5cfacb0, 0x00000283e5cf47a0, 0x00000283e5cf8160, 0x00000283e5cf3e00,
0x00000283e5cf94a0, 0x00000283e5cf6950, 0x00000283e5cf5fb0, 0x00000283e5cf6480,
0x00000283e5cfa7e0, 0x00000283e5cf9970, 0x00000283e5cfb180, 0x00000283e5cf3930,
0x00000283e5cf5610, 0x00000283e5cf8fd0, 0x00000283e5cf42d0, 0x00000283e5cf4c70,
0x00000283e5cf6e20, 0x00000283e5cf77c0, 0x00000283e5cf8630, 0x00000283e5cf8b00,
0x00000283e63908b0, 0x00000283e6390d80, 0x00000283e6392f30, 0x00000283e6391bf0,
0x00000283e6392a60, 0x00000283e63903e0, 0x00000283e6396420, 0x00000283e63950e0,
0x00000283e63955b0, 0x00000283e6391250, 0x00000283e6395a80, 0x00000283e638ff10,
0x00000283e63920c0, 0x00000283e6391720, 0x00000283e6392590, 0x00000283e6395f50,
0x00000283e63938d0, 0x00000283e63968f0, 0x00000283e638f0a0, 0x00000283e6393da0,
0x00000283e638f570, 0x00000283e6393400, 0x00000283e638fa40, 0x00000283e6394270,
0x00000283e6394c10, 0x00000283e65c5400, 0x00000283e65c5da0, 0x00000283e65c4a60,
0x00000283e65c7a80, 0x00000283e65c4f30, 0x00000283e65c6c10, 0x00000283e65c3720,
0x00000283e65c10a0, 0x00000283e65c3bf0, 0x00000283e65c3250, 0x00000283e65c40c0,
0x00000283e7599a00, 0x00000283ea22dea0, 0x00000283ea22e840, 0x00000283ea22f1e0,
0x00000283ea22fb80, 0x00000283ea22d9d0, 0x00000283ea230050, 0x00000283ea2309f0,
0x00000283ea22ed10, 0x00000283ea22f6b0, 0x00000283ea230ec0, 0x00000283ea22d500,
0x00000283ea22e370
}

Java Threads: ( => current thread )
  0x00000283c74ad6f0 JavaThread "main" [_thread_blocked, id=11608, stack(0x000000bfedb00000,0x000000bfedc00000)]
  0x00000283e0a92260 JavaThread "Reference Handler" daemon [_thread_blocked, id=10052, stack(0x000000bfee200000,0x000000bfee300000)]
  0x00000283e0a92fe0 JavaThread "Finalizer" daemon [_thread_blocked, id=11216, stack(0x000000bfee300000,0x000000bfee400000)]
  0x00000283e14226c0 JavaThread "Signal Dispatcher" daemon [_thread_blocked, id=4156, stack(0x000000bfee400000,0x000000bfee500000)]
  0x00000283e1424190 JavaThread "Attach Listener" daemon [_thread_blocked, id=9752, stack(0x000000bfee500000,0x000000bfee600000)]
  0x00000283e1424c50 JavaThread "Service Thread" daemon [_thread_blocked, id=15700, stack(0x000000bfee600000,0x000000bfee700000)]
  0x00000283e1427520 JavaThread "Monitor Deflation Thread" daemon [_thread_blocked, id=14432, stack(0x000000bfee700000,0x000000bfee800000)]
  0x00000283e142d780 JavaThread "C2 CompilerThread0" daemon [_thread_blocked, id=11252, stack(0x000000bfee800000,0x000000bfee900000)]
  0x00000283e1436090 JavaThread "C1 CompilerThread0" daemon [_thread_blocked, id=3928, stack(0x000000bfee900000,0x000000bfeea00000)]
  0x00000283e1449160 JavaThread "Sweeper thread" daemon [_thread_blocked, id=5644, stack(0x000000bfeea00000,0x000000bfeeb00000)]
  0x00000283e1598bb0 JavaThread "Common-Cleaner" daemon [_thread_blocked, id=3920, stack(0x000000bfeeb00000,0x000000bfeec00000)]
  0x00000283e1599080 JavaThread "Notification Thread" daemon [_thread_blocked, id=9096, stack(0x000000bfeec00000,0x000000bfeed00000)]
  0x00000283e2981490 JavaThread "Daemon health stats" [_thread_blocked, id=6876, stack(0x000000bfef200000,0x000000bfef300000)]
  0x00000283e258c670 JavaThread "Incoming local TCP Connector on port 53163" [_thread_in_native, id=15356, stack(0x000000bfef300000,0x000000bfef400000)]
  0x00000283e3d01e70 JavaThread "Daemon periodic checks" [_thread_blocked, id=4500, stack(0x000000bfef400000,0x000000bfef500000)]
  0x00000283e2c02b70 JavaThread "Daemon" [_thread_blocked, id=3964, stack(0x000000bfef500000,0x000000bfef600000)]
  0x00000283e28f5a50 JavaThread "Handler for socket connection from /127.0.0.1:53163 to /127.0.0.1:53164" [_thread_in_native, id=4416, stack(0x000000bfef600000,0x000000bfef700000)]
  0x00000283e2a42ca0 JavaThread "Cancel handler" [_thread_blocked, id=3824, stack(0x000000bfef700000,0x000000bfef800000)]
  0x00000283e28e10f0 JavaThread "Daemon worker" [_thread_blocked, id=5976, stack(0x000000bfef800000,0x000000bfef900000)]
  0x00000283e2a330e0 JavaThread "Asynchronous log dispatcher for DefaultDaemonConnection: socket connection from /127.0.0.1:53163 to /127.0.0.1:53164" [_thread_blocked, id=4460, stack(0x000000bfef900000,0x000000bfefa00000)]
  0x00000283e2a32c10 JavaThread "Stdin handler" [_thread_blocked, id=11900, stack(0x000000bfefa00000,0x000000bfefb00000)]
  0x00000283e2a31da0 JavaThread "Daemon client event forwarder" [_thread_blocked, id=14164, stack(0x000000bfefb00000,0x000000bfefc00000)]
  0x00000283e2a300c0 JavaThread "Cache worker for journal cache (C:\Users\Mr\.gradle\caches\journal-1)" [_thread_blocked, id=2944, stack(0x000000bfeee00000,0x000000bfeef00000)]
  0x00000283e2a335b0 JavaThread "File lock request listener" [_thread_in_native, id=9596, stack(0x000000bfefc00000,0x000000bfefd00000)]
  0x00000283e2a31400 JavaThread "Cache worker for file hash cache (C:\Users\Mr\.gradle\caches\8.0\fileHashes)" [_thread_blocked, id=8392, stack(0x000000bfefd00000,0x000000bfefe00000)]
  0x00000283e2a30590 JavaThread "File watcher server" daemon [_thread_blocked, id=14968, stack(0x000000bfeff00000,0x000000bff0000000)]
  0x00000283e2a32270 JavaThread "File watcher consumer" daemon [_thread_blocked, id=13400, stack(0x000000bff0000000,0x000000bff0100000)]
  0x00000283e2a30f30 JavaThread "Cache worker for checksums cache (E:\GroceryApp\.gradle\8.0\checksums)" [_thread_blocked, id=6552, stack(0x000000bff0100000,0x000000bff0200000)]
  0x00000283e2a30a60 JavaThread "Cache worker for cache directory md-rule (C:\Users\Mr\.gradle\caches\8.0\md-rule)" [_thread_blocked, id=6432, stack(0x000000bff0200000,0x000000bff0300000)]
  0x00000283e2a318d0 JavaThread "Cache worker for file content cache (C:\Users\Mr\.gradle\caches\8.0\fileContent)" [_thread_blocked, id=16012, stack(0x000000bff0300000,0x000000bff0400000)]
  0x00000283e2a2fbf0 JavaThread "Cache worker for file hash cache (E:\GroceryApp\.gradle\8.0\fileHashes)" [_thread_blocked, id=2520, stack(0x000000bff0400000,0x000000bff0500000)]
  0x00000283e2a32740 JavaThread "Cache worker for cache directory md-supplier (C:\Users\Mr\.gradle\caches\8.0\md-supplier)" [_thread_blocked, id=16228, stack(0x000000bff0500000,0x000000bff0600000)]
  0x00000283e5cf7c90 JavaThread "Cache worker for execution history cache (C:\Users\Mr\.gradle\caches\8.0\executionHistory)" [_thread_blocked, id=12132, stack(0x000000bfefe00000,0x000000bfeff00000)]
  0x00000283e5cf5140 JavaThread "jar transforms" [_thread_blocked, id=8640, stack(0x000000bff0700000,0x000000bff0800000)]
  0x00000283e5cf9e40 JavaThread "jar transforms Thread 2" [_thread_blocked, id=5252, stack(0x000000bff0800000,0x000000bff0900000)]
  0x00000283e5cfa310 JavaThread "Cache worker for kotlin-dsl (C:\Users\Mr\.gradle\caches\8.0\kotlin-dsl)" [_thread_blocked, id=13364, stack(0x000000bff0900000,0x000000bff0a00000)]
  0x00000283e5cfacb0 JavaThread "jar transforms Thread 3" [_thread_blocked, id=13016, stack(0x000000bff0a00000,0x000000bff0b00000)]
  0x00000283e5cf47a0 JavaThread "jar transforms Thread 4" [_thread_blocked, id=10308, stack(0x000000bff0b00000,0x000000bff0c00000)]
  0x00000283e5cf8160 JavaThread "Cache worker for dependencies-accessors (E:\GroceryApp\.gradle\8.0\dependencies-accessors)" [_thread_blocked, id=5860, stack(0x000000bff0c00000,0x000000bff0d00000)]
  0x00000283e5cf3e00 JavaThread "Cache worker for Build Output Cleanup Cache (E:\GroceryApp\.gradle\buildOutputCleanup)" [_thread_blocked, id=3784, stack(0x000000bff0d00000,0x000000bff0e00000)]
  0x00000283e5cf94a0 JavaThread "Unconstrained build operations" [_thread_blocked, id=6416, stack(0x000000bff0e00000,0x000000bff0f00000)]
  0x00000283e5cf6950 JavaThread "Unconstrained build operations Thread 2" [_thread_blocked, id=13064, stack(0x000000bff0f00000,0x000000bff1000000)]
  0x00000283e5cf5fb0 JavaThread "Unconstrained build operations Thread 3" [_thread_blocked, id=7036, stack(0x000000bff1000000,0x000000bff1100000)]
  0x00000283e5cf6480 JavaThread "Unconstrained build operations Thread 4" [_thread_blocked, id=11612, stack(0x000000bff1100000,0x000000bff1200000)]
  0x00000283e5cfa7e0 JavaThread "Unconstrained build operations Thread 5" [_thread_blocked, id=12664, stack(0x000000bff1200000,0x000000bff1300000)]
  0x00000283e5cf9970 JavaThread "Unconstrained build operations Thread 6" [_thread_blocked, id=7032, stack(0x000000bff1300000,0x000000bff1400000)]
  0x00000283e5cfb180 JavaThread "Unconstrained build operations Thread 7" [_thread_blocked, id=10716, stack(0x000000bff1400000,0x000000bff1500000)]
  0x00000283e5cf3930 JavaThread "Unconstrained build operations Thread 8" [_thread_blocked, id=9344, stack(0x000000bff1500000,0x000000bff1600000)]
  0x00000283e5cf5610 JavaThread "Unconstrained build operations Thread 9" [_thread_blocked, id=15164, stack(0x000000bff1600000,0x000000bff1700000)]
  0x00000283e5cf8fd0 JavaThread "Unconstrained build operations Thread 10" [_thread_blocked, id=4640, stack(0x000000bff1700000,0x000000bff1800000)]
  0x00000283e5cf42d0 JavaThread "Unconstrained build operations Thread 11" [_thread_blocked, id=4744, stack(0x000000bff1800000,0x000000bff1900000)]
  0x00000283e5cf4c70 JavaThread "Unconstrained build operations Thread 12" [_thread_blocked, id=4052, stack(0x000000bff1900000,0x000000bff1a00000)]
  0x00000283e5cf6e20 JavaThread "Unconstrained build operations Thread 13" [_thread_blocked, id=13984, stack(0x000000bff1a00000,0x000000bff1b00000)]
  0x00000283e5cf77c0 JavaThread "Unconstrained build operations Thread 14" [_thread_blocked, id=13508, stack(0x000000bff1b00000,0x000000bff1c00000)]
  0x00000283e5cf8630 JavaThread "Unconstrained build operations Thread 15" [_thread_blocked, id=11632, stack(0x000000bff1c00000,0x000000bff1d00000)]
  0x00000283e5cf8b00 JavaThread "Unconstrained build operations Thread 16" [_thread_blocked, id=16152, stack(0x000000bff1d00000,0x000000bff1e00000)]
  0x00000283e63908b0 JavaThread "Unconstrained build operations Thread 17" [_thread_blocked, id=6532, stack(0x000000bff1e00000,0x000000bff1f00000)]
  0x00000283e6390d80 JavaThread "Unconstrained build operations Thread 18" [_thread_blocked, id=11080, stack(0x000000bff1f00000,0x000000bff2000000)]
  0x00000283e6392f30 JavaThread "Unconstrained build operations Thread 19" [_thread_blocked, id=7336, stack(0x000000bff2000000,0x000000bff2100000)]
  0x00000283e6391bf0 JavaThread "Unconstrained build operations Thread 20" [_thread_blocked, id=9200, stack(0x000000bff2100000,0x000000bff2200000)]
  0x00000283e6392a60 JavaThread "Unconstrained build operations Thread 21" [_thread_blocked, id=12916, stack(0x000000bff2200000,0x000000bff2300000)]
  0x00000283e63903e0 JavaThread "Unconstrained build operations Thread 22" [_thread_blocked, id=12948, stack(0x000000bff2300000,0x000000bff2400000)]
  0x00000283e6396420 JavaThread "Unconstrained build operations Thread 23" [_thread_blocked, id=1748, stack(0x000000bff2400000,0x000000bff2500000)]
  0x00000283e63950e0 JavaThread "Unconstrained build operations Thread 24" [_thread_blocked, id=3228, stack(0x000000bff2500000,0x000000bff2600000)]
  0x00000283e63955b0 JavaThread "Unconstrained build operations Thread 25" [_thread_blocked, id=10788, stack(0x000000bff2600000,0x000000bff2700000)]
  0x00000283e6391250 JavaThread "Unconstrained build operations Thread 26" [_thread_blocked, id=12532, stack(0x000000bff2700000,0x000000bff2800000)]
  0x00000283e6395a80 JavaThread "Unconstrained build operations Thread 27" [_thread_blocked, id=508, stack(0x000000bff2800000,0x000000bff2900000)]
  0x00000283e638ff10 JavaThread "Unconstrained build operations Thread 28" [_thread_blocked, id=8832, stack(0x000000bff2900000,0x000000bff2a00000)]
  0x00000283e63920c0 JavaThread "Unconstrained build operations Thread 29" [_thread_blocked, id=14928, stack(0x000000bff2a00000,0x000000bff2b00000)]
  0x00000283e6391720 JavaThread "Unconstrained build operations Thread 30" [_thread_blocked, id=11836, stack(0x000000bff2b00000,0x000000bff2c00000)]
  0x00000283e6392590 JavaThread "Unconstrained build operations Thread 31" [_thread_blocked, id=1452, stack(0x000000bff2c00000,0x000000bff2d00000)]
  0x00000283e6395f50 JavaThread "Unconstrained build operations Thread 32" [_thread_blocked, id=1864, stack(0x000000bff2d00000,0x000000bff2e00000)]
  0x00000283e63938d0 JavaThread "Unconstrained build operations Thread 33" [_thread_blocked, id=4884, stack(0x000000bff2e00000,0x000000bff2f00000)]
  0x00000283e63968f0 JavaThread "Unconstrained build operations Thread 34" [_thread_blocked, id=3568, stack(0x000000bff2f00000,0x000000bff3000000)]
  0x00000283e638f0a0 JavaThread "Unconstrained build operations Thread 35" [_thread_blocked, id=9804, stack(0x000000bff3000000,0x000000bff3100000)]
  0x00000283e6393da0 JavaThread "Unconstrained build operations Thread 36" [_thread_blocked, id=7236, stack(0x000000bff3100000,0x000000bff3200000)]
  0x00000283e638f570 JavaThread "Unconstrained build operations Thread 37" [_thread_blocked, id=3828, stack(0x000000bff3200000,0x000000bff3300000)]
  0x00000283e6393400 JavaThread "Unconstrained build operations Thread 38" [_thread_blocked, id=13864, stack(0x000000bff3300000,0x000000bff3400000)]
  0x00000283e638fa40 JavaThread "Unconstrained build operations Thread 39" [_thread_blocked, id=5828, stack(0x000000bff3400000,0x000000bff3500000)]
  0x00000283e6394270 JavaThread "Unconstrained build operations Thread 40" [_thread_blocked, id=6184, stack(0x000000bff3500000,0x000000bff3600000)]
  0x00000283e6394c10 JavaThread "build event listener" [_thread_blocked, id=5636, stack(0x000000bff3600000,0x000000bff3700000)]
  0x00000283e65c5400 JavaThread "Memory manager" [_thread_blocked, id=9720, stack(0x000000bff3700000,0x000000bff3800000)]
  0x00000283e65c5da0 JavaThread "included builds" [_thread_blocked, id=52, stack(0x000000bff3800000,0x000000bff3900000)]
  0x00000283e65c4a60 JavaThread "Execution worker" [_thread_blocked, id=9724, stack(0x000000bff3900000,0x000000bff3a00000)]
  0x00000283e65c7a80 JavaThread "Execution worker Thread 2" [_thread_blocked, id=10932, stack(0x000000bff3a00000,0x000000bff3b00000)]
  0x00000283e65c4f30 JavaThread "Execution worker Thread 3" [_thread_blocked, id=3976, stack(0x000000bff3b00000,0x000000bff3c00000)]
  0x00000283e65c6c10 JavaThread "Cache worker for execution history cache (E:\GroceryApp\.gradle\8.0\executionHistory)" [_thread_blocked, id=9588, stack(0x000000bff3c00000,0x000000bff3d00000)]
  0x00000283e65c3720 JavaThread "WorkerExecutor Queue" [_thread_blocked, id=9528, stack(0x000000bff3d00000,0x000000bff3e00000)]
  0x00000283e65c10a0 JavaThread "pool-3-thread-1" [_thread_blocked, id=1420, stack(0x000000bff3e00000,0x000000bff3f00000)]
  0x00000283e65c3bf0 JavaThread "stderr" [_thread_in_native, id=12004, stack(0x000000bff3f00000,0x000000bff4000000)]
  0x00000283e65c3250 JavaThread "stdout" [_thread_in_native, id=2752, stack(0x000000bff4000000,0x000000bff4100000)]
  0x00000283e65c40c0 JavaThread "Cache worker for Java compile cache (C:\Users\Mr\.gradle\caches\8.0\javaCompile)" [_thread_blocked, id=12036, stack(0x000000bff4100000,0x000000bff4200000)]
  0x00000283e7599a00 JavaThread "C2 CompilerThread1" daemon [_thread_blocked, id=13220, stack(0x000000bff0600000,0x000000bff0700000)]
  0x00000283ea22dea0 JavaThread "Build operations" [_thread_blocked, id=13424, stack(0x000000bff4200000,0x000000bff4300000)]
  0x00000283ea22e840 JavaThread "Build operations Thread 2" [_thread_blocked, id=2244, stack(0x000000bff4300000,0x000000bff4400000)]
  0x00000283ea22f1e0 JavaThread "Build operations Thread 3" [_thread_blocked, id=752, stack(0x000000bff4400000,0x000000bff4500000)]
  0x00000283ea22fb80 JavaThread "Build operations Thread 4" [_thread_blocked, id=14128, stack(0x000000bff4500000,0x000000bff4600000)]
  0x00000283ea22d9d0 JavaThread "WorkerExecutor Queue Thread 2" [_thread_blocked, id=9912, stack(0x000000bff4600000,0x000000bff4700000)]
  0x00000283ea230050 JavaThread "WorkerExecutor Queue Thread 3" [_thread_blocked, id=8556, stack(0x000000bff4700000,0x000000bff4800000)]
  0x00000283ea2309f0 JavaThread "WorkerExecutor Queue Thread 4" [_thread_blocked, id=14212, stack(0x000000bff4800000,0x000000bff4900000)]
  0x00000283ea22ed10 JavaThread "WorkerExecutor Queue Thread 5" [_thread_blocked, id=12784, stack(0x000000bff4900000,0x000000bff4a00000)]
  0x00000283ea22f6b0 JavaThread "ForkJoinPool-1-worker-1" daemon [_thread_blocked, id=7392, stack(0x000000bff4d00000,0x000000bff4e00000)]
  0x00000283ea230ec0 JavaThread "ForkJoinPool-1-worker-2" daemon [_thread_blocked, id=6056, stack(0x000000bff4e00000,0x000000bff4f00000)]
  0x00000283ea22d500 JavaThread "ForkJoinPool-1-worker-3" daemon [_thread_blocked, id=14572, stack(0x000000bff4f00000,0x000000bff5000000)]
  0x00000283ea22e370 JavaThread "ForkJoinPool-1-worker-4" daemon [_thread_blocked, id=2248, stack(0x000000bff5000000,0x000000bff5100000)]

Other Threads:
=>0x00000283e0a70710 VMThread "VM Thread" [stack: 0x000000bfee100000,0x000000bfee200000] [id=2888]
  0x00000283c752d070 WatcherThread [stack: 0x000000bfeed00000,0x000000bfeee00000] [id=15816]
  0x00000283c750b530 GCTaskThread "GC Thread#0" [stack: 0x000000bfedc00000,0x000000bfedd00000] [id=9092]
  0x00000283e1cb6770 GCTaskThread "GC Thread#1" [stack: 0x000000bfeef00000,0x000000bfef000000] [id=8244]
  0x00000283e1cb6a20 GCTaskThread "GC Thread#2" [stack: 0x000000bfef000000,0x000000bfef100000] [id=1564]
  0x00000283e235f9c0 GCTaskThread "GC Thread#3" [stack: 0x000000bfef100000,0x000000bfef200000] [id=15308]
  0x00000283c751c380 ConcurrentGCThread "G1 Main Marker" [stack: 0x000000bfedd00000,0x000000bfede00000] [id=4480]
  0x00000283c751d440 ConcurrentGCThread "G1 Conc#0" [stack: 0x000000bfede00000,0x000000bfedf00000] [id=4488]
  0x00000283c756d840 ConcurrentGCThread "G1 Refine#0" [stack: 0x000000bfedf00000,0x000000bfee000000] [id=14664]
  0x00000283e6b38f80 ConcurrentGCThread "G1 Refine#1" [stack: 0x000000bff4a00000,0x000000bff4b00000] [id=7300]
  0x00000283e441e370 ConcurrentGCThread "G1 Refine#2" [stack: 0x000000bff4b00000,0x000000bff4c00000] [id=6728]
  0x00000283e66cd530 ConcurrentGCThread "G1 Refine#3" [stack: 0x000000bff4c00000,0x000000bff4d00000] [id=1752]
  0x00000283c756e170 ConcurrentGCThread "G1 Service" [stack: 0x000000bfee000000,0x000000bfee100000] [id=3268]

Threads with active compile tasks:
C2 CompilerThread0    33463 15704 %     4       com.android.tools.r8.dex.B::a @ 316 (1021 bytes)
C2 CompilerThread1    33463 16403 %     4       com.android.tools.r8.ir.optimize.F::m @ 1773 (1823 bytes)

VM state: at safepoint (normal execution)

VM Mutex/Monitor currently owned by a thread:  ([mutex/lock_event])
[0x00000283c74a8ef0] Threads_lock - owner thread: 0x00000283e0a70710
[0x00000283c74a7ea0] Heap_lock - owner thread: 0x00000283ea22d9d0

Heap address: 0x0000000080000000, size: 2048 MB, Compressed Oops mode: 32-bit

CDS archive(s) not mapped
Compressed class space mapped at: 0x0000000100000000-0x0000000140000000, reserved size: 1073741824
Narrow klass base: 0x0000000000000000, Narrow klass shift: 3, Narrow klass range: 0x140000000

GC Precious Log:
 CPUs: 4 total, 4 available
 Memory: 8071M
 Large Page Support: Disabled
 NUMA Support: Disabled
 Compressed Oops: Enabled (32-bit)
 Heap Region Size: 1M
 Heap Min Capacity: 8M
 Heap Initial Capacity: 128M
 Heap Max Capacity: 2G
 Pre-touch: Disabled
 Parallel Workers: 4
 Concurrent Workers: 1
 Concurrent Refinement Workers: 4
 Periodic GC: Disabled

Heap:
 garbage-first heap   total 294912K, used 212987K [0x0000000080000000, 0x0000000100000000)
  region size 1024K, 4 young (4096K), 4 survivors (4096K)
 Metaspace       used 122118K, committed 122880K, reserved 1155072K
  class space    used 16661K, committed 17024K, reserved 1048576K

Heap Regions: E=young(eden), S=young(survivor), O=old, HS=humongous(starts), HC=humongous(continues), CS=collection set, F=free, OA=open archive, CA=closed archive, TAMS=top-at-mark-start (previous, next)
|   0|0x0000000080000000, 0x0000000080100000, 0x0000000080100000|100%| O|  |TAMS 0x0000000080100000, 0x0000000080000000| Untracked 
|   1|0x0000000080100000, 0x0000000080200000, 0x0000000080200000|100%| O|  |TAMS 0x0000000080200000, 0x0000000080100000| Untracked 
|   2|0x0000000080200000, 0x0000000080300000, 0x0000000080300000|100%|HS|  |TAMS 0x0000000080300000, 0x0000000080200000| Complete 
|   3|0x0000000080300000, 0x0000000080400000, 0x0000000080400000|100%|HC|  |TAMS 0x0000000080400000, 0x0000000080300000| Complete 
|   4|0x0000000080400000, 0x0000000080500000, 0x0000000080500000|100%|HC|  |TAMS 0x0000000080500000, 0x0000000080400000| Complete 
|   5|0x0000000080500000, 0x0000000080600000, 0x0000000080600000|100%|HC|  |TAMS 0x0000000080600000, 0x0000000080500000| Complete 
|   6|0x0000000080600000, 0x0000000080700000, 0x0000000080700000|100%| O|  |TAMS 0x0000000080700000, 0x0000000080600000| Untracked 
|   7|0x0000000080700000, 0x0000000080800000, 0x0000000080800000|100%| O|  |TAMS 0x0000000080800000, 0x0000000080700000| Untracked 
|   8|0x0000000080800000, 0x0000000080900000, 0x0000000080900000|100%| O|  |TAMS 0x0000000080900000, 0x0000000080800000| Untracked 
|   9|0x0000000080900000, 0x0000000080a00000, 0x0000000080a00000|100%| O|  |TAMS 0x0000000080a00000, 0x0000000080900000| Untracked 
|  10|0x0000000080a00000, 0x0000000080b00000, 0x0000000080b00000|100%| O|  |TAMS 0x0000000080b00000, 0x0000000080a00000| Untracked 
|  11|0x0000000080b00000, 0x0000000080c00000, 0x0000000080c00000|100%|HS|  |TAMS 0x0000000080c00000, 0x0000000080b00000| Complete 
|  12|0x0000000080c00000, 0x0000000080d00000, 0x0000000080d00000|100%| O|  |TAMS 0x0000000080d00000, 0x0000000080c00000| Untracked 
|  13|0x0000000080d00000, 0x0000000080e00000, 0x0000000080e00000|100%| O|  |TAMS 0x0000000080e00000, 0x0000000080d00000| Untracked 
|  14|0x0000000080e00000, 0x0000000080f00000, 0x0000000080f00000|100%| O|  |TAMS 0x0000000080f00000, 0x0000000080e00000| Untracked 
|  15|0x0000000080f00000, 0x0000000081000000, 0x0000000081000000|100%| O|  |TAMS 0x0000000081000000, 0x0000000080f00000| Untracked 
|  16|0x0000000081000000, 0x0000000081100000, 0x0000000081100000|100%| O|  |TAMS 0x0000000081100000, 0x0000000081000000| Untracked 
|  17|0x0000000081100000, 0x0000000081200000, 0x0000000081200000|100%| O|  |TAMS 0x0000000081200000, 0x0000000081100000| Untracked 
|  18|0x0000000081200000, 0x0000000081300000, 0x0000000081300000|100%| O|  |TAMS 0x0000000081300000, 0x0000000081200000| Untracked 
|  19|0x0000000081300000, 0x0000000081400000, 0x0000000081400000|100%| O|  |TAMS 0x0000000081400000, 0x0000000081300000| Untracked 
|  20|0x0000000081400000, 0x0000000081500000, 0x0000000081500000|100%| O|  |TAMS 0x0000000081400000, 0x0000000081400000| Untracked 
|  21|0x0000000081500000, 0x0000000081600000, 0x0000000081600000|100%| O|  |TAMS 0x0000000081600000, 0x0000000081500000| Untracked 
|  22|0x0000000081600000, 0x0000000081700000, 0x0000000081700000|100%| O|  |TAMS 0x0000000081700000, 0x0000000081600000| Untracked 
|  23|0x0000000081700000, 0x0000000081800000, 0x0000000081800000|100%| O|  |TAMS 0x0000000081800000, 0x0000000081700000| Untracked 
|  24|0x0000000081800000, 0x0000000081900000, 0x0000000081900000|100%| O|  |TAMS 0x0000000081900000, 0x0000000081800000| Untracked 
|  25|0x0000000081900000, 0x0000000081a00000, 0x0000000081a00000|100%| O|  |TAMS 0x0000000081a00000, 0x0000000081900000| Untracked 
|  26|0x0000000081a00000, 0x0000000081b00000, 0x0000000081b00000|100%| O|  |TAMS 0x0000000081b00000, 0x0000000081a00000| Untracked 
|  27|0x0000000081b00000, 0x0000000081c00000, 0x0000000081c00000|100%| O|  |TAMS 0x0000000081c00000, 0x0000000081b00000| Untracked 
|  28|0x0000000081c00000, 0x0000000081d00000, 0x0000000081d00000|100%| O|  |TAMS 0x0000000081d00000, 0x0000000081c00000| Untracked 
|  29|0x0000000081d00000, 0x0000000081e00000, 0x0000000081e00000|100%|HS|  |TAMS 0x0000000081e00000, 0x0000000081d00000| Complete 
|  30|0x0000000081e00000, 0x0000000081f00000, 0x0000000081f00000|100%|HS|  |TAMS 0x0000000081f00000, 0x0000000081e00000| Complete 
|  31|0x0000000081f00000, 0x0000000082000000, 0x0000000082000000|100%| O|  |TAMS 0x0000000082000000, 0x0000000081f00000| Untracked 
|  32|0x0000000082000000, 0x0000000082100000, 0x0000000082100000|100%| O|  |TAMS 0x0000000082100000, 0x0000000082000000| Untracked 
|  33|0x0000000082100000, 0x0000000082200000, 0x0000000082200000|100%| O|  |TAMS 0x0000000082200000, 0x0000000082100000| Untracked 
|  34|0x0000000082200000, 0x0000000082300000, 0x0000000082300000|100%| O|  |TAMS 0x0000000082300000, 0x0000000082200000| Untracked 
|  35|0x0000000082300000, 0x0000000082400000, 0x0000000082400000|100%| O|  |TAMS 0x0000000082400000, 0x0000000082300000| Untracked 
|  36|0x0000000082400000, 0x0000000082500000, 0x0000000082500000|100%| O|  |TAMS 0x0000000082500000, 0x0000000082400000| Untracked 
|  37|0x0000000082500000, 0x0000000082600000, 0x0000000082600000|100%| O|  |TAMS 0x0000000082500000, 0x0000000082500000| Untracked 
|  38|0x0000000082600000, 0x0000000082700000, 0x0000000082700000|100%| O|  |TAMS 0x0000000082700000, 0x0000000082600000| Untracked 
|  39|0x0000000082700000, 0x0000000082800000, 0x0000000082800000|100%| O|  |TAMS 0x0000000082800000, 0x0000000082700000| Untracked 
|  40|0x0000000082800000, 0x0000000082900000, 0x0000000082900000|100%| O|  |TAMS 0x0000000082900000, 0x0000000082800000| Untracked 
|  41|0x0000000082900000, 0x0000000082a00000, 0x0000000082a00000|100%| O|  |TAMS 0x0000000082a00000, 0x0000000082900000| Untracked 
|  42|0x0000000082a00000, 0x0000000082b00000, 0x0000000082b00000|100%| O|  |TAMS 0x0000000082b00000, 0x0000000082a00000| Untracked 
|  43|0x0000000082b00000, 0x0000000082c00000, 0x0000000082c00000|100%| O|  |TAMS 0x0000000082c00000, 0x0000000082b00000| Untracked 
|  44|0x0000000082c00000, 0x0000000082d00000, 0x0000000082d00000|100%| O|  |TAMS 0x0000000082d00000, 0x0000000082c00000| Untracked 
|  45|0x0000000082d00000, 0x0000000082e00000, 0x0000000082e00000|100%| O|  |TAMS 0x0000000082e00000, 0x0000000082d00000| Untracked 
|  46|0x0000000082e00000, 0x0000000082f00000, 0x0000000082f00000|100%| O|  |TAMS 0x0000000082f00000, 0x0000000082e00000| Untracked 
|  47|0x0000000082f00000, 0x0000000083000000, 0x0000000083000000|100%| O|  |TAMS 0x0000000083000000, 0x0000000082f00000| Untracked 
|  48|0x0000000083000000, 0x0000000083100000, 0x0000000083100000|100%| O|  |TAMS 0x0000000083100000, 0x0000000083000000| Untracked 
|  49|0x0000000083100000, 0x0000000083200000, 0x0000000083200000|100%| O|  |TAMS 0x0000000083200000, 0x0000000083100000| Untracked 
|  50|0x0000000083200000, 0x0000000083300000, 0x0000000083300000|100%| O|  |TAMS 0x0000000083300000, 0x0000000083200000| Untracked 
|  51|0x0000000083300000, 0x0000000083400000, 0x0000000083400000|100%| O|  |TAMS 0x0000000083400000, 0x0000000083300000| Untracked 
|  52|0x0000000083400000, 0x0000000083500000, 0x0000000083500000|100%| O|  |TAMS 0x0000000083500000, 0x0000000083400000| Untracked 
|  53|0x0000000083500000, 0x0000000083600000, 0x0000000083600000|100%| O|  |TAMS 0x0000000083600000, 0x0000000083500000| Untracked 
|  54|0x0000000083600000, 0x0000000083700000, 0x0000000083700000|100%| O|  |TAMS 0x0000000083700000, 0x0000000083600000| Untracked 
|  55|0x0000000083700000, 0x0000000083800000, 0x0000000083800000|100%| O|  |TAMS 0x0000000083800000, 0x0000000083700000| Untracked 
|  56|0x0000000083800000, 0x0000000083900000, 0x0000000083900000|100%| O|  |TAMS 0x0000000083900000, 0x0000000083800000| Untracked 
|  57|0x0000000083900000, 0x0000000083a00000, 0x0000000083a00000|100%| O|  |TAMS 0x0000000083988800, 0x0000000083900000| Untracked 
|  58|0x0000000083a00000, 0x0000000083b00000, 0x0000000083b00000|100%| O|  |TAMS 0x0000000083a00000, 0x0000000083a00000| Untracked 
|  59|0x0000000083b00000, 0x0000000083c00000, 0x0000000083c00000|100%| O|  |TAMS 0x0000000083b00000, 0x0000000083b00000| Untracked 
|  60|0x0000000083c00000, 0x0000000083d00000, 0x0000000083d00000|100%| O|  |TAMS 0x0000000083c00000, 0x0000000083c00000| Untracked 
|  61|0x0000000083d00000, 0x0000000083e00000, 0x0000000083e00000|100%| O|  |TAMS 0x0000000083d00000, 0x0000000083d00000| Untracked 
|  62|0x0000000083e00000, 0x0000000083f00000, 0x0000000083f00000|100%| O|  |TAMS 0x0000000083e00000, 0x0000000083e00000| Untracked 
|  63|0x0000000083f00000, 0x0000000084000000, 0x0000000084000000|100%| O|  |TAMS 0x0000000083f00000, 0x0000000083f00000| Untracked 
|  64|0x0000000084000000, 0x0000000084100000, 0x0000000084100000|100%| O|  |TAMS 0x0000000084000000, 0x0000000084000000| Untracked 
|  65|0x0000000084100000, 0x0000000084200000, 0x0000000084200000|100%| O|  |TAMS 0x0000000084100000, 0x0000000084100000| Untracked 
|  66|0x0000000084200000, 0x0000000084300000, 0x0000000084300000|100%| O|  |TAMS 0x0000000084200000, 0x0000000084200000| Untracked 
|  67|0x0000000084300000, 0x0000000084400000, 0x0000000084400000|100%| O|  |TAMS 0x0000000084300000, 0x0000000084300000| Untracked 
|  68|0x0000000084400000, 0x0000000084500000, 0x0000000084500000|100%| O|  |TAMS 0x0000000084400000, 0x0000000084400000| Untracked 
|  69|0x0000000084500000, 0x0000000084600000, 0x0000000084600000|100%| O|  |TAMS 0x0000000084500000, 0x0000000084500000| Untracked 
|  70|0x0000000084600000, 0x0000000084700000, 0x0000000084700000|100%| O|  |TAMS 0x0000000084600000, 0x0000000084600000| Untracked 
|  71|0x0000000084700000, 0x0000000084800000, 0x0000000084800000|100%| O|  |TAMS 0x0000000084700000, 0x0000000084700000| Untracked 
|  72|0x0000000084800000, 0x0000000084900000, 0x0000000084900000|100%| O|  |TAMS 0x0000000084800000, 0x0000000084800000| Untracked 
|  73|0x0000000084900000, 0x0000000084a00000, 0x0000000084a00000|100%| O|  |TAMS 0x0000000084900000, 0x0000000084900000| Untracked 
|  74|0x0000000084a00000, 0x0000000084b00000, 0x0000000084b00000|100%| O|  |TAMS 0x0000000084a00000, 0x0000000084a00000| Untracked 
|  75|0x0000000084b00000, 0x0000000084c00000, 0x0000000084c00000|100%|HS|  |TAMS 0x0000000084b00000, 0x0000000084b00000| Complete 
|  76|0x0000000084c00000, 0x0000000084d00000, 0x0000000084d00000|100%| O|  |TAMS 0x0000000084c00000, 0x0000000084c00000| Untracked 
|  77|0x0000000084d00000, 0x0000000084e00000, 0x0000000084e00000|100%| O|  |TAMS 0x0000000084d00000, 0x0000000084d00000| Untracked 
|  78|0x0000000084e00000, 0x0000000084f00000, 0x0000000084f00000|100%| O|  |TAMS 0x0000000084e00000, 0x0000000084e00000| Untracked 
|  79|0x0000000084f00000, 0x0000000085000000, 0x0000000085000000|100%| O|  |TAMS 0x0000000084f00000, 0x0000000084f00000| Untracked 
|  80|0x0000000085000000, 0x0000000085100000, 0x0000000085100000|100%| O|  |TAMS 0x0000000085000000, 0x0000000085000000| Untracked 
|  81|0x0000000085100000, 0x0000000085200000, 0x0000000085200000|100%| O|  |TAMS 0x0000000085100000, 0x0000000085100000| Untracked 
|  82|0x0000000085200000, 0x0000000085300000, 0x0000000085300000|100%| O|  |TAMS 0x0000000085200000, 0x0000000085200000| Untracked 
|  83|0x0000000085300000, 0x0000000085400000, 0x0000000085400000|100%| O|  |TAMS 0x0000000085300000, 0x0000000085300000| Untracked 
|  84|0x0000000085400000, 0x0000000085500000, 0x0000000085500000|100%| O|  |TAMS 0x0000000085400000, 0x0000000085400000| Untracked 
|  85|0x0000000085500000, 0x0000000085600000, 0x0000000085600000|100%| O|  |TAMS 0x0000000085500000, 0x0000000085500000| Untracked 
|  86|0x0000000085600000, 0x0000000085700000, 0x0000000085700000|100%| O|  |TAMS 0x0000000085600000, 0x0000000085600000| Untracked 
|  87|0x0000000085700000, 0x0000000085800000, 0x0000000085800000|100%| O|  |TAMS 0x0000000085700000, 0x0000000085700000| Untracked 
|  88|0x0000000085800000, 0x0000000085900000, 0x0000000085900000|100%| O|  |TAMS 0x0000000085800000, 0x0000000085800000| Untracked 
|  89|0x0000000085900000, 0x0000000085a00000, 0x0000000085a00000|100%| O|  |TAMS 0x0000000085900000, 0x0000000085900000| Untracked 
|  90|0x0000000085a00000, 0x0000000085b00000, 0x0000000085b00000|100%|HS|  |TAMS 0x0000000085a00000, 0x0000000085a00000| Complete 
|  91|0x0000000085b00000, 0x0000000085c00000, 0x0000000085c00000|100%|HC|  |TAMS 0x0000000085b00000, 0x0000000085b00000| Complete 
|  92|0x0000000085c00000, 0x0000000085d00000, 0x0000000085d00000|100%|HS|  |TAMS 0x0000000085c00000, 0x0000000085c00000| Complete 
|  93|0x0000000085d00000, 0x0000000085e00000, 0x0000000085e00000|100%|HS|  |TAMS 0x0000000085d00000, 0x0000000085d00000| Complete 
|  94|0x0000000085e00000, 0x0000000085f00000, 0x0000000085f00000|100%|HS|  |TAMS 0x0000000085e00000, 0x0000000085e00000| Complete 
|  95|0x0000000085f00000, 0x0000000086000000, 0x0000000086000000|100%|HC|  |TAMS 0x0000000085f00000, 0x0000000085f00000| Complete 
|  96|0x0000000086000000, 0x0000000086100000, 0x0000000086100000|100%| O|  |TAMS 0x0000000086000000, 0x0000000086000000| Untracked 
|  97|0x0000000086100000, 0x0000000086200000, 0x0000000086200000|100%| O|  |TAMS 0x0000000086100000, 0x0000000086100000| Untracked 
|  98|0x0000000086200000, 0x0000000086300000, 0x0000000086300000|100%|HS|  |TAMS 0x0000000086200000, 0x0000000086200000| Complete 
|  99|0x0000000086300000, 0x0000000086400000, 0x0000000086400000|100%|HC|  |TAMS 0x0000000086300000, 0x0000000086300000| Complete 
| 100|0x0000000086400000, 0x0000000086500000, 0x0000000086500000|100%|HS|  |TAMS 0x0000000086400000, 0x0000000086400000| Complete 
| 101|0x0000000086500000, 0x0000000086600000, 0x0000000086600000|100%|HC|  |TAMS 0x0000000086500000, 0x0000000086500000| Complete 
| 102|0x0000000086600000, 0x0000000086700000, 0x0000000086700000|100%|HC|  |TAMS 0x0000000086600000, 0x0000000086600000| Complete 
| 103|0x0000000086700000, 0x0000000086800000, 0x0000000086800000|100%| O|  |TAMS 0x0000000086700000, 0x0000000086700000| Untracked 
| 104|0x0000000086800000, 0x0000000086900000, 0x0000000086900000|100%| O|  |TAMS 0x0000000086800000, 0x0000000086800000| Untracked 
| 105|0x0000000086900000, 0x0000000086a00000, 0x0000000086a00000|100%| O|  |TAMS 0x0000000086900000, 0x0000000086900000| Untracked 
| 106|0x0000000086a00000, 0x0000000086b00000, 0x0000000086b00000|100%|HS|  |TAMS 0x0000000086a00000, 0x0000000086a00000| Complete 
| 107|0x0000000086b00000, 0x0000000086c00000, 0x0000000086c00000|100%|HC|  |TAMS 0x0000000086b00000, 0x0000000086b00000| Complete 
| 108|0x0000000086c00000, 0x0000000086d00000, 0x0000000086d00000|100%| O|  |TAMS 0x0000000086c00000, 0x0000000086c00000| Untracked 
| 109|0x0000000086d00000, 0x0000000086e00000, 0x0000000086e00000|100%|HS|  |TAMS 0x0000000086d00000, 0x0000000086d00000| Complete 
| 110|0x0000000086e00000, 0x0000000086f00000, 0x0000000086f00000|100%| O|  |TAMS 0x0000000086e00000, 0x0000000086e00000| Untracked 
| 111|0x0000000086f00000, 0x0000000087000000, 0x0000000087000000|100%|HS|  |TAMS 0x0000000086f00000, 0x0000000086f00000| Complete 
| 112|0x0000000087000000, 0x0000000087100000, 0x0000000087100000|100%| O|  |TAMS 0x0000000087000000, 0x0000000087000000| Untracked 
| 113|0x0000000087100000, 0x0000000087200000, 0x0000000087200000|100%| O|  |TAMS 0x0000000087100000, 0x0000000087100000| Untracked 
| 114|0x0000000087200000, 0x0000000087300000, 0x0000000087300000|100%| O|  |TAMS 0x0000000087200000, 0x0000000087200000| Untracked 
| 115|0x0000000087300000, 0x0000000087400000, 0x0000000087400000|100%|HS|  |TAMS 0x0000000087300000, 0x0000000087300000| Complete 
| 116|0x0000000087400000, 0x0000000087500000, 0x0000000087500000|100%|HC|  |TAMS 0x0000000087400000, 0x0000000087400000| Complete 
| 117|0x0000000087500000, 0x0000000087600000, 0x0000000087600000|100%| O|  |TAMS 0x0000000087500000, 0x0000000087500000| Untracked 
| 118|0x0000000087600000, 0x0000000087700000, 0x0000000087700000|100%| O|  |TAMS 0x0000000087600000, 0x0000000087600000| Untracked 
| 119|0x0000000087700000, 0x0000000087800000, 0x0000000087800000|100%| O|  |TAMS 0x0000000087700000, 0x0000000087700000| Untracked 
| 120|0x0000000087800000, 0x0000000087900000, 0x0000000087900000|100%|HS|  |TAMS 0x0000000087800000, 0x0000000087800000| Complete 
| 121|0x0000000087900000, 0x0000000087a00000, 0x0000000087a00000|100%|HC|  |TAMS 0x0000000087900000, 0x0000000087900000| Complete 
| 122|0x0000000087a00000, 0x0000000087b00000, 0x0000000087b00000|100%| O|  |TAMS 0x0000000087a00000, 0x0000000087a00000| Untracked 
| 123|0x0000000087b00000, 0x0000000087c00000, 0x0000000087c00000|100%| O|  |TAMS 0x0000000087b00000, 0x0000000087b00000| Untracked 
| 124|0x0000000087c00000, 0x0000000087d00000, 0x0000000087d00000|100%| O|  |TAMS 0x0000000087c00000, 0x0000000087c00000| Untracked 
| 125|0x0000000087d00000, 0x0000000087e00000, 0x0000000087e00000|100%| O|  |TAMS 0x0000000087d00000, 0x0000000087d00000| Untracked 
| 126|0x0000000087e00000, 0x0000000087f00000, 0x0000000087f00000|100%| O|  |TAMS 0x0000000087e00000, 0x0000000087e00000| Untracked 
| 127|0x0000000087f00000, 0x0000000088000000, 0x0000000088000000|100%| O|  |TAMS 0x0000000087f00000, 0x0000000087f00000| Untracked 
| 128|0x0000000088000000, 0x0000000088100000, 0x0000000088100000|100%|HS|  |TAMS 0x0000000088000000, 0x0000000088000000| Complete 
| 129|0x0000000088100000, 0x0000000088200000, 0x0000000088200000|100%|HC|  |TAMS 0x0000000088100000, 0x0000000088100000| Complete 
| 130|0x0000000088200000, 0x0000000088300000, 0x0000000088300000|100%|HC|  |TAMS 0x0000000088200000, 0x0000000088200000| Complete 
| 131|0x0000000088300000, 0x0000000088400000, 0x0000000088400000|100%|HS|  |TAMS 0x0000000088300000, 0x0000000088300000| Complete 
| 132|0x0000000088400000, 0x0000000088500000, 0x0000000088500000|100%| O|  |TAMS 0x0000000088400000, 0x0000000088400000| Untracked 
| 133|0x0000000088500000, 0x0000000088600000, 0x0000000088600000|100%| O|  |TAMS 0x0000000088500000, 0x0000000088500000| Untracked 
| 134|0x0000000088600000, 0x0000000088700000, 0x0000000088700000|100%| O|  |TAMS 0x0000000088600000, 0x0000000088600000| Untracked 
| 135|0x0000000088700000, 0x0000000088800000, 0x0000000088800000|100%| O|  |TAMS 0x0000000088700000, 0x0000000088700000| Untracked 
| 136|0x0000000088800000, 0x0000000088900000, 0x0000000088900000|100%| O|  |TAMS 0x0000000088800000, 0x0000000088800000| Untracked 
| 137|0x0000000088900000, 0x0000000088a00000, 0x0000000088a00000|100%| O|  |TAMS 0x0000000088900000, 0x0000000088900000| Untracked 
| 138|0x0000000088a00000, 0x0000000088b00000, 0x0000000088b00000|100%| O|  |TAMS 0x0000000088a00000, 0x0000000088a00000| Untracked 
| 139|0x0000000088b00000, 0x0000000088c00000, 0x0000000088c00000|100%| O|  |TAMS 0x0000000088b00000, 0x0000000088b00000| Untracked 
| 140|0x0000000088c00000, 0x0000000088d00000, 0x0000000088d00000|100%| O|  |TAMS 0x0000000088c00000, 0x0000000088c00000| Untracked 
| 141|0x0000000088d00000, 0x0000000088e00000, 0x0000000088e00000|100%| O|  |TAMS 0x0000000088d00000, 0x0000000088d00000| Untracked 
| 142|0x0000000088e00000, 0x0000000088f00000, 0x0000000088f00000|100%| O|  |TAMS 0x0000000088e00000, 0x0000000088e00000| Untracked 
| 143|0x0000000088f00000, 0x0000000089000000, 0x0000000089000000|100%| O|  |TAMS 0x0000000088f00000, 0x0000000088f00000| Untracked 
| 144|0x0000000089000000, 0x0000000089100000, 0x0000000089100000|100%| O|  |TAMS 0x0000000089000000, 0x0000000089000000| Untracked 
| 145|0x0000000089100000, 0x0000000089200000, 0x0000000089200000|100%| O|  |TAMS 0x0000000089100000, 0x0000000089100000| Untracked 
| 146|0x0000000089200000, 0x0000000089300000, 0x0000000089300000|100%| O|  |TAMS 0x0000000089200000, 0x0000000089200000| Untracked 
| 147|0x0000000089300000, 0x0000000089400000, 0x0000000089400000|100%| O|  |TAMS 0x0000000089300000, 0x0000000089300000| Untracked 
| 148|0x0000000089400000, 0x0000000089500000, 0x0000000089500000|100%| O|  |TAMS 0x0000000089400000, 0x0000000089400000| Untracked 
| 149|0x0000000089500000, 0x0000000089600000, 0x0000000089600000|100%| O|  |TAMS 0x0000000089500000, 0x0000000089500000| Untracked 
| 150|0x0000000089600000, 0x0000000089700000, 0x0000000089700000|100%| O|  |TAMS 0x0000000089600000, 0x0000000089600000| Untracked 
| 151|0x0000000089700000, 0x0000000089800000, 0x0000000089800000|100%| O|  |TAMS 0x0000000089700000, 0x0000000089700000| Untracked 
| 152|0x0000000089800000, 0x0000000089900000, 0x0000000089900000|100%| O|  |TAMS 0x0000000089800000, 0x0000000089800000| Untracked 
| 153|0x0000000089900000, 0x0000000089a00000, 0x0000000089a00000|100%| O|  |TAMS 0x0000000089900000, 0x0000000089900000| Untracked 
| 154|0x0000000089a00000, 0x0000000089b00000, 0x0000000089b00000|100%| O|  |TAMS 0x0000000089a00000, 0x0000000089a00000| Untracked 
| 155|0x0000000089b00000, 0x0000000089c00000, 0x0000000089c00000|100%| O|  |TAMS 0x0000000089b00000, 0x0000000089b00000| Untracked 
| 156|0x0000000089c00000, 0x0000000089d00000, 0x0000000089d00000|100%| O|  |TAMS 0x0000000089c00000, 0x0000000089c00000| Untracked 
| 157|0x0000000089d00000, 0x0000000089e00000, 0x0000000089e00000|100%| O|  |TAMS 0x0000000089d00000, 0x0000000089d00000| Untracked 
| 158|0x0000000089e00000, 0x0000000089f00000, 0x0000000089f00000|100%| O|  |TAMS 0x0000000089e00000, 0x0000000089e00000| Untracked 
| 159|0x0000000089f00000, 0x000000008a000000, 0x000000008a000000|100%| O|  |TAMS 0x0000000089f00000, 0x0000000089f00000| Untracked 
| 160|0x000000008a000000, 0x000000008a100000, 0x000000008a100000|100%| O|  |TAMS 0x000000008a000000, 0x000000008a000000| Untracked 
| 161|0x000000008a100000, 0x000000008a200000, 0x000000008a200000|100%| O|  |TAMS 0x000000008a100000, 0x000000008a100000| Untracked 
| 162|0x000000008a200000, 0x000000008a300000, 0x000000008a300000|100%| O|  |TAMS 0x000000008a200000, 0x000000008a200000| Untracked 
| 163|0x000000008a300000, 0x000000008a400000, 0x000000008a400000|100%| O|  |TAMS 0x000000008a300000, 0x000000008a300000| Untracked 
| 164|0x000000008a400000, 0x000000008a500000, 0x000000008a500000|100%| O|  |TAMS 0x000000008a400000, 0x000000008a400000| Untracked 
| 165|0x000000008a500000, 0x000000008a600000, 0x000000008a600000|100%| O|  |TAMS 0x000000008a500000, 0x000000008a500000| Untracked 
| 166|0x000000008a600000, 0x000000008a700000, 0x000000008a700000|100%| O|  |TAMS 0x000000008a600000, 0x000000008a600000| Untracked 
| 167|0x000000008a700000, 0x000000008a800000, 0x000000008a800000|100%| O|  |TAMS 0x000000008a700000, 0x000000008a700000| Untracked 
| 168|0x000000008a800000, 0x000000008a900000, 0x000000008a900000|100%| O|  |TAMS 0x000000008a800000, 0x000000008a800000| Untracked 
| 169|0x000000008a900000, 0x000000008aa00000, 0x000000008aa00000|100%| O|  |TAMS 0x000000008a900000, 0x000000008a900000| Untracked 
| 170|0x000000008aa00000, 0x000000008ab00000, 0x000000008ab00000|100%| O|  |TAMS 0x000000008aa00000, 0x000000008aa00000| Untracked 
| 171|0x000000008ab00000, 0x000000008ac00000, 0x000000008ac00000|100%| O|  |TAMS 0x000000008ab00000, 0x000000008ab00000| Untracked 
| 172|0x000000008ac00000, 0x000000008ad00000, 0x000000008ad00000|100%| O|  |TAMS 0x000000008ac00000, 0x000000008ac00000| Untracked 
| 173|0x000000008ad00000, 0x000000008ae00000, 0x000000008ae00000|100%| O|  |TAMS 0x000000008ad00000, 0x000000008ad00000| Untracked 
| 174|0x000000008ae00000, 0x000000008af00000, 0x000000008af00000|100%| O|  |TAMS 0x000000008ae00000, 0x000000008ae00000| Untracked 
| 175|0x000000008af00000, 0x000000008b000000, 0x000000008b000000|100%| O|  |TAMS 0x000000008af00000, 0x000000008af00000| Untracked 
| 176|0x000000008b000000, 0x000000008b100000, 0x000000008b100000|100%| O|  |TAMS 0x000000008b000000, 0x000000008b000000| Untracked 
| 177|0x000000008b100000, 0x000000008b200000, 0x000000008b200000|100%| O|  |TAMS 0x000000008b100000, 0x000000008b100000| Untracked 
| 178|0x000000008b200000, 0x000000008b300000, 0x000000008b300000|100%| O|  |TAMS 0x000000008b200000, 0x000000008b200000| Untracked 
| 179|0x000000008b300000, 0x000000008b400000, 0x000000008b400000|100%| O|  |TAMS 0x000000008b300000, 0x000000008b300000| Untracked 
| 180|0x000000008b400000, 0x000000008b500000, 0x000000008b500000|100%| O|  |TAMS 0x000000008b400000, 0x000000008b400000| Untracked 
| 181|0x000000008b500000, 0x000000008b600000, 0x000000008b600000|100%| O|  |TAMS 0x000000008b500000, 0x000000008b500000| Untracked 
| 182|0x000000008b600000, 0x000000008b700000, 0x000000008b700000|100%| O|  |TAMS 0x000000008b600000, 0x000000008b600000| Untracked 
| 183|0x000000008b700000, 0x000000008b800000, 0x000000008b800000|100%| O|  |TAMS 0x000000008b700000, 0x000000008b700000| Untracked 
| 184|0x000000008b800000, 0x000000008b900000, 0x000000008b900000|100%| O|  |TAMS 0x000000008b800000, 0x000000008b800000| Untracked 
| 185|0x000000008b900000, 0x000000008ba00000, 0x000000008ba00000|100%| O|  |TAMS 0x000000008b900000, 0x000000008b900000| Untracked 
| 186|0x000000008ba00000, 0x000000008bb00000, 0x000000008bb00000|100%| O|  |TAMS 0x000000008ba00000, 0x000000008ba00000| Untracked 
| 187|0x000000008bb00000, 0x000000008bc00000, 0x000000008bc00000|100%| O|  |TAMS 0x000000008bb00000, 0x000000008bb00000| Untracked 
| 188|0x000000008bc00000, 0x000000008bd00000, 0x000000008bd00000|100%| O|  |TAMS 0x000000008bc00000, 0x000000008bc00000| Untracked 
| 189|0x000000008bd00000, 0x000000008be00000, 0x000000008be00000|100%| O|  |TAMS 0x000000008bd00000, 0x000000008bd00000| Untracked 
| 190|0x000000008be00000, 0x000000008bf00000, 0x000000008bf00000|100%| O|  |TAMS 0x000000008be00000, 0x000000008be00000| Untracked 
| 191|0x000000008bf00000, 0x000000008c000000, 0x000000008c000000|100%| O|  |TAMS 0x000000008bf00000, 0x000000008bf00000| Untracked 
| 192|0x000000008c000000, 0x000000008c100000, 0x000000008c100000|100%| O|  |TAMS 0x000000008c000000, 0x000000008c000000| Untracked 
| 193|0x000000008c100000, 0x000000008c200000, 0x000000008c200000|100%| O|  |TAMS 0x000000008c100000, 0x000000008c100000| Untracked 
| 194|0x000000008c200000, 0x000000008c300000, 0x000000008c300000|100%| O|  |TAMS 0x000000008c200000, 0x000000008c200000| Untracked 
| 195|0x000000008c300000, 0x000000008c400000, 0x000000008c400000|100%| O|  |TAMS 0x000000008c300000, 0x000000008c300000| Untracked 
| 196|0x000000008c400000, 0x000000008c400000, 0x000000008c500000|  0%| F|  |TAMS 0x000000008c400000, 0x000000008c400000| Untracked 
| 197|0x000000008c500000, 0x000000008c500000, 0x000000008c600000|  0%| F|  |TAMS 0x000000008c500000, 0x000000008c500000| Untracked 
| 198|0x000000008c600000, 0x000000008c600000, 0x000000008c700000|  0%| F|  |TAMS 0x000000008c600000, 0x000000008c600000| Untracked 
| 199|0x000000008c700000, 0x000000008c700000, 0x000000008c800000|  0%| F|  |TAMS 0x000000008c700000, 0x000000008c700000| Untracked 
| 200|0x000000008c800000, 0x000000008c800000, 0x000000008c900000|  0%| F|  |TAMS 0x000000008c800000, 0x000000008c800000| Untracked 
| 201|0x000000008c900000, 0x000000008c900000, 0x000000008ca00000|  0%| F|  |TAMS 0x000000008c900000, 0x000000008c900000| Untracked 
| 202|0x000000008ca00000, 0x000000008ca00000, 0x000000008cb00000|  0%| F|  |TAMS 0x000000008ca00000, 0x000000008ca00000| Untracked 
| 203|0x000000008cb00000, 0x000000008cb00000, 0x000000008cc00000|  0%| F|  |TAMS 0x000000008cb00000, 0x000000008cb00000| Untracked 
| 204|0x000000008cc00000, 0x000000008cc00000, 0x000000008cd00000|  0%| F|  |TAMS 0x000000008cc00000, 0x000000008cc00000| Untracked 
| 205|0x000000008cd00000, 0x000000008cd00000, 0x000000008ce00000|  0%| F|  |TAMS 0x000000008cd00000, 0x000000008cd00000| Untracked 
| 206|0x000000008ce00000, 0x000000008ce00000, 0x000000008cf00000|  0%| F|  |TAMS 0x000000008ce00000, 0x000000008ce00000| Untracked 
| 207|0x000000008cf00000, 0x000000008cf00000, 0x000000008d000000|  0%| F|  |TAMS 0x000000008cf00000, 0x000000008cf00000| Untracked 
| 208|0x000000008d000000, 0x000000008d000000, 0x000000008d100000|  0%| F|  |TAMS 0x000000008d000000, 0x000000008d000000| Untracked 
| 209|0x000000008d100000, 0x000000008d100000, 0x000000008d200000|  0%| F|  |TAMS 0x000000008d100000, 0x000000008d100000| Untracked 
| 210|0x000000008d200000, 0x000000008d200000, 0x000000008d300000|  0%| F|  |TAMS 0x000000008d200000, 0x000000008d200000| Untracked 
| 211|0x000000008d300000, 0x000000008d300000, 0x000000008d400000|  0%| F|  |TAMS 0x000000008d300000, 0x000000008d300000| Untracked 
| 212|0x000000008d400000, 0x000000008d400000, 0x000000008d500000|  0%| F|  |TAMS 0x000000008d400000, 0x000000008d400000| Untracked 
| 213|0x000000008d500000, 0x000000008d500000, 0x000000008d600000|  0%| F|  |TAMS 0x000000008d500000, 0x000000008d500000| Untracked 
| 214|0x000000008d600000, 0x000000008d600000, 0x000000008d700000|  0%| F|  |TAMS 0x000000008d600000, 0x000000008d600000| Untracked 
| 215|0x000000008d700000, 0x000000008d700000, 0x000000008d800000|  0%| F|  |TAMS 0x000000008d700000, 0x000000008d700000| Untracked 
| 216|0x000000008d800000, 0x000000008d800000, 0x000000008d900000|  0%| F|  |TAMS 0x000000008d800000, 0x000000008d800000| Untracked 
| 217|0x000000008d900000, 0x000000008d900000, 0x000000008da00000|  0%| F|  |TAMS 0x000000008d900000, 0x000000008d900000| Untracked 
| 218|0x000000008da00000, 0x000000008da00000, 0x000000008db00000|  0%| F|  |TAMS 0x000000008da00000, 0x000000008da00000| Untracked 
| 219|0x000000008db00000, 0x000000008db00000, 0x000000008dc00000|  0%| F|  |TAMS 0x000000008db00000, 0x000000008db00000| Untracked 
| 220|0x000000008dc00000, 0x000000008dc00000, 0x000000008dd00000|  0%| F|  |TAMS 0x000000008dc00000, 0x000000008dc00000| Untracked 
| 221|0x000000008dd00000, 0x000000008dd00000, 0x000000008de00000|  0%| F|  |TAMS 0x000000008dd00000, 0x000000008dd00000| Untracked 
| 222|0x000000008de00000, 0x000000008de00000, 0x000000008df00000|  0%| F|  |TAMS 0x000000008de00000, 0x000000008de00000| Untracked 
| 223|0x000000008df00000, 0x000000008df00000, 0x000000008e000000|  0%| F|  |TAMS 0x000000008df00000, 0x000000008df00000| Untracked 
| 224|0x000000008e000000, 0x000000008e000000, 0x000000008e100000|  0%| F|  |TAMS 0x000000008e000000, 0x000000008e000000| Untracked 
| 225|0x000000008e100000, 0x000000008e100000, 0x000000008e200000|  0%| F|  |TAMS 0x000000008e100000, 0x000000008e100000| Untracked 
| 226|0x000000008e200000, 0x000000008e200000, 0x000000008e300000|  0%| F|  |TAMS 0x000000008e200000, 0x000000008e200000| Untracked 
| 227|0x000000008e300000, 0x000000008e300000, 0x000000008e400000|  0%| F|  |TAMS 0x000000008e300000, 0x000000008e300000| Untracked 
| 228|0x000000008e400000, 0x000000008e400000, 0x000000008e500000|  0%| F|  |TAMS 0x000000008e400000, 0x000000008e400000| Untracked 
| 229|0x000000008e500000, 0x000000008e500000, 0x000000008e600000|  0%| F|  |TAMS 0x000000008e500000, 0x000000008e500000| Untracked 
| 230|0x000000008e600000, 0x000000008e600000, 0x000000008e700000|  0%| F|  |TAMS 0x000000008e600000, 0x000000008e600000| Untracked 
| 231|0x000000008e700000, 0x000000008e700000, 0x000000008e800000|  0%| F|  |TAMS 0x000000008e700000, 0x000000008e700000| Untracked 
| 232|0x000000008e800000, 0x000000008e800000, 0x000000008e900000|  0%| F|  |TAMS 0x000000008e800000, 0x000000008e800000| Untracked 
| 233|0x000000008e900000, 0x000000008e900000, 0x000000008ea00000|  0%| F|  |TAMS 0x000000008e900000, 0x000000008e900000| Untracked 
| 234|0x000000008ea00000, 0x000000008ea00000, 0x000000008eb00000|  0%| F|  |TAMS 0x000000008ea00000, 0x000000008ea00000| Untracked 
| 235|0x000000008eb00000, 0x000000008eb00000, 0x000000008ec00000|  0%| F|  |TAMS 0x000000008eb00000, 0x000000008eb00000| Untracked 
| 236|0x000000008ec00000, 0x000000008ec00000, 0x000000008ed00000|  0%| F|  |TAMS 0x000000008ec00000, 0x000000008ec00000| Untracked 
| 237|0x000000008ed00000, 0x000000008ed00000, 0x000000008ee00000|  0%| F|  |TAMS 0x000000008ed00000, 0x000000008ed00000| Untracked 
| 238|0x000000008ee00000, 0x000000008ee00000, 0x000000008ef00000|  0%| F|  |TAMS 0x000000008ee00000, 0x000000008ee00000| Untracked 
| 239|0x000000008ef00000, 0x000000008ef00000, 0x000000008f000000|  0%| F|  |TAMS 0x000000008ef00000, 0x000000008ef00000| Untracked 
| 240|0x000000008f000000, 0x000000008f000000, 0x000000008f100000|  0%| F|  |TAMS 0x000000008f000000, 0x000000008f000000| Untracked 
| 241|0x000000008f100000, 0x000000008f100000, 0x000000008f200000|  0%| F|  |TAMS 0x000000008f100000, 0x000000008f100000| Untracked 
| 242|0x000000008f200000, 0x000000008f200000, 0x000000008f300000|  0%| F|  |TAMS 0x000000008f200000, 0x000000008f200000| Untracked 
| 243|0x000000008f300000, 0x000000008f300000, 0x000000008f400000|  0%| F|  |TAMS 0x000000008f300000, 0x000000008f300000| Untracked 
| 244|0x000000008f400000, 0x000000008f400000, 0x000000008f500000|  0%| F|  |TAMS 0x000000008f400000, 0x000000008f400000| Untracked 
| 245|0x000000008f500000, 0x000000008f500000, 0x000000008f600000|  0%| F|  |TAMS 0x000000008f500000, 0x000000008f500000| Untracked 
| 246|0x000000008f600000, 0x000000008f6fee20, 0x000000008f700000| 99%| S|CS|TAMS 0x000000008f600000, 0x000000008f600000| Complete 
| 247|0x000000008f700000, 0x000000008f800000, 0x000000008f800000|100%| S|CS|TAMS 0x000000008f700000, 0x000000008f700000| Complete 
| 248|0x000000008f800000, 0x000000008f900000, 0x000000008f900000|100%| S|CS|TAMS 0x000000008f800000, 0x000000008f800000| Complete 
| 249|0x000000008f900000, 0x000000008fa00000, 0x000000008fa00000|100%| S|CS|TAMS 0x000000008f900000, 0x000000008f900000| Complete 
| 250|0x000000008fa00000, 0x000000008fa00000, 0x000000008fb00000|  0%| F|  |TAMS 0x000000008fa00000, 0x000000008fa00000| Untracked 
| 251|0x000000008fb00000, 0x000000008fb00000, 0x000000008fc00000|  0%| F|  |TAMS 0x000000008fb00000, 0x000000008fb00000| Untracked 
| 252|0x000000008fc00000, 0x000000008fc00000, 0x000000008fd00000|  0%| F|  |TAMS 0x000000008fc00000, 0x000000008fc00000| Untracked 
| 253|0x000000008fd00000, 0x000000008fd00000, 0x000000008fe00000|  0%| F|  |TAMS 0x000000008fd00000, 0x000000008fd00000| Untracked 
| 254|0x000000008fe00000, 0x000000008fe00000, 0x000000008ff00000|  0%| F|  |TAMS 0x000000008fe00000, 0x000000008fe00000| Untracked 
| 255|0x000000008ff00000, 0x000000008ff00000, 0x0000000090000000|  0%| F|  |TAMS 0x000000008ff00000, 0x000000008ff00000| Untracked 
| 256|0x0000000090000000, 0x0000000090000000, 0x0000000090100000|  0%| F|  |TAMS 0x0000000090000000, 0x0000000090000000| Untracked 
| 257|0x0000000090100000, 0x0000000090100000, 0x0000000090200000|  0%| F|  |TAMS 0x0000000090100000, 0x0000000090100000| Untracked 
| 258|0x0000000090200000, 0x0000000090200000, 0x0000000090300000|  0%| F|  |TAMS 0x0000000090200000, 0x0000000090200000| Untracked 
| 259|0x0000000090300000, 0x0000000090300000, 0x0000000090400000|  0%| F|  |TAMS 0x0000000090300000, 0x0000000090300000| Untracked 
| 260|0x0000000090400000, 0x0000000090400000, 0x0000000090500000|  0%| F|  |TAMS 0x0000000090400000, 0x0000000090400000| Untracked 
| 261|0x0000000090500000, 0x0000000090500000, 0x0000000090600000|  0%| F|  |TAMS 0x0000000090500000, 0x0000000090500000| Untracked 
| 262|0x0000000090600000, 0x0000000090600000, 0x0000000090700000|  0%| F|  |TAMS 0x0000000090600000, 0x0000000090600000| Untracked 
| 263|0x0000000090700000, 0x0000000090700000, 0x0000000090800000|  0%| F|  |TAMS 0x0000000090700000, 0x0000000090700000| Untracked 
| 264|0x0000000090800000, 0x0000000090800000, 0x0000000090900000|  0%| F|  |TAMS 0x0000000090800000, 0x0000000090800000| Untracked 
| 265|0x0000000090900000, 0x0000000090900000, 0x0000000090a00000|  0%| F|  |TAMS 0x0000000090900000, 0x0000000090900000| Untracked 
| 266|0x0000000090a00000, 0x0000000090a00000, 0x0000000090b00000|  0%| F|  |TAMS 0x0000000090a00000, 0x0000000090a00000| Untracked 
| 267|0x0000000090b00000, 0x0000000090b00000, 0x0000000090c00000|  0%| F|  |TAMS 0x0000000090b00000, 0x0000000090b00000| Untracked 
| 268|0x0000000090c00000, 0x0000000090c00000, 0x0000000090d00000|  0%| F|  |TAMS 0x0000000090c00000, 0x0000000090c00000| Untracked 
| 269|0x0000000090d00000, 0x0000000090d00000, 0x0000000090e00000|  0%| F|  |TAMS 0x0000000090d00000, 0x0000000090d00000| Untracked 
| 270|0x0000000090e00000, 0x0000000090e00000, 0x0000000090f00000|  0%| F|  |TAMS 0x0000000090e00000, 0x0000000090e00000| Untracked 
| 271|0x0000000090f00000, 0x0000000090f00000, 0x0000000091000000|  0%| F|  |TAMS 0x0000000090f00000, 0x0000000090f00000| Untracked 
| 272|0x0000000091000000, 0x0000000091000000, 0x0000000091100000|  0%| F|  |TAMS 0x0000000091000000, 0x0000000091000000| Untracked 
| 273|0x0000000091100000, 0x0000000091100000, 0x0000000091200000|  0%| F|  |TAMS 0x0000000091100000, 0x0000000091100000| Untracked 
| 274|0x0000000091200000, 0x0000000091200000, 0x0000000091300000|  0%| F|  |TAMS 0x0000000091200000, 0x0000000091200000| Untracked 
| 275|0x0000000091300000, 0x0000000091300000, 0x0000000091400000|  0%| F|  |TAMS 0x0000000091300000, 0x0000000091300000| Untracked 
| 276|0x0000000091400000, 0x0000000091400000, 0x0000000091500000|  0%| F|  |TAMS 0x0000000091400000, 0x0000000091400000| Untracked 
| 277|0x0000000091500000, 0x0000000091500000, 0x0000000091600000|  0%| F|  |TAMS 0x0000000091500000, 0x0000000091500000| Untracked 
| 278|0x0000000091600000, 0x0000000091600000, 0x0000000091700000|  0%| F|  |TAMS 0x0000000091600000, 0x0000000091600000| Untracked 
| 279|0x0000000091700000, 0x0000000091700000, 0x0000000091800000|  0%| F|  |TAMS 0x0000000091700000, 0x0000000091700000| Untracked 
|2040|0x00000000ff800000, 0x00000000ff900000, 0x00000000ff900000|100%| O|  |TAMS 0x00000000ff800000, 0x00000000ff800000| Untracked 
|2041|0x00000000ff900000, 0x00000000ffa00000, 0x00000000ffa00000|100%| O|  |TAMS 0x00000000ff900000, 0x00000000ff900000| Untracked 
|2042|0x00000000ffa00000, 0x00000000ffb00000, 0x00000000ffb00000|100%| O|  |TAMS 0x00000000ffa00000, 0x00000000ffa00000| Untracked 
|2043|0x00000000ffb00000, 0x00000000ffc00000, 0x00000000ffc00000|100%| O|  |TAMS 0x00000000ffb00000, 0x00000000ffb00000| Untracked 
|2044|0x00000000ffc00000, 0x00000000ffd00000, 0x00000000ffd00000|100%| O|  |TAMS 0x00000000ffc00000, 0x00000000ffc00000| Untracked 
|2045|0x00000000ffd00000, 0x00000000ffe00000, 0x00000000ffe00000|100%| O|  |TAMS 0x00000000ffd00000, 0x00000000ffd00000| Untracked 
|2046|0x00000000ffe00000, 0x00000000fff00000, 0x00000000fff00000|100%| O|  |TAMS 0x00000000ffe00000, 0x00000000ffe00000| Untracked 
|2047|0x00000000fff00000, 0x0000000100000000, 0x0000000100000000|100%| O|  |TAMS 0x00000000fff00000, 0x00000000fff00000| Untracked 

Card table byte_map: [0x00000283d9d70000,0x00000283da170000] _byte_map_base: 0x00000283d9970000

Marking Bits (Prev, Next): (CMBitMap*) 0x00000283c750ba90, (CMBitMap*) 0x00000283c750ba50
 Prev Bits: [0x00000283dc570000, 0x00000283de570000)
 Next Bits: [0x00000283da570000, 0x00000283dc570000)

Polling page: 0x00000283c5430000

Metaspace:

Usage:
  Non-class:    102.99 MB used.
      Class:     16.27 MB used.
       Both:    119.26 MB used.

Virtual space:
  Non-class space:      104.00 MB reserved,     103.38 MB (>99%) committed,  13 nodes.
      Class space:        1.00 GB reserved,      16.62 MB (  2%) committed,  1 nodes.
             Both:        1.10 GB reserved,     120.00 MB ( 11%) committed. 

Chunk freelists:
   Non-Class:  496.00 KB
       Class:  3.28 MB
        Both:  3.77 MB

MaxMetaspaceSize: unlimited
CompressedClassSpaceSize: 1.00 GB
Initial GC threshold: 21.00 MB
Current GC threshold: 133.75 MB
CDS: off
MetaspaceReclaimPolicy: balanced
 - commit_granule_bytes: 65536.
 - commit_granule_words: 8192.
 - virtual_space_node_default_size: 1048576.
 - enlarge_chunks_in_place: 1.
 - new_chunks_are_fully_committed: 0.
 - uncommit_free_chunks: 1.
 - use_allocation_guard: 0.
 - handle_deallocations: 1.


Internal statistics:

num_allocs_failed_limit: 11.
num_arena_births: 1162.
num_arena_deaths: 0.
num_vsnodes_births: 14.
num_vsnodes_deaths: 0.
num_space_committed: 1919.
num_space_uncommitted: 0.
num_chunks_returned_to_freelist: 11.
num_chunks_taken_from_freelist: 5743.
num_chunk_merges: 11.
num_chunk_splits: 3908.
num_chunks_enlarged: 2750.
num_purges: 0.
num_inconsistent_stats: 0.

CodeHeap 'non-profiled nmethods': size=120000Kb used=6811Kb max_used=7011Kb free=113188Kb
 bounds [0x00000283d2440000, 0x00000283d2b30000, 0x00000283d9970000]
CodeHeap 'profiled nmethods': size=120000Kb used=27401Kb max_used=27401Kb free=92598Kb
 bounds [0x00000283ca970000, 0x00000283cc440000, 0x00000283d1ea0000]
CodeHeap 'non-nmethods': size=5760Kb used=2433Kb max_used=2507Kb free=3326Kb
 bounds [0x00000283d1ea0000, 0x00000283d2130000, 0x00000283d2440000]
 total_blobs=14979 nmethods=14005 adapters=886
 compilation: enabled
              stopped_count=0, restarted_count=0
 full_count=0

Compilation events (20 events):
Event: 33.340 Thread 0x00000283e7599a00 nmethod 16585 0x00000283d2a53d90 code [0x00000283d2a53f20, 0x00000283d2a54438]
Event: 33.340 Thread 0x00000283e7599a00 16591       4       java.util.IdentityHashMap::get (60 bytes)
Event: 33.344 Thread 0x00000283e7599a00 nmethod 16591 0x00000283d2a53890 code [0x00000283d2a53a20, 0x00000283d2a53c08]
Event: 33.344 Thread 0x00000283e7599a00 16403 %     4       com.android.tools.r8.ir.optimize.F::m @ 1773 (1823 bytes)
Event: 33.345 Thread 0x00000283e1436090 16592       2       com.android.tools.r8.internal.A4::nextIndex (10 bytes)
Event: 33.345 Thread 0x00000283e1436090 nmethod 16592 0x00000283cc42ed90 code [0x00000283cc42ef20, 0x00000283cc42f048]
Event: 33.354 Thread 0x00000283e1436090 16593       2       com.android.tools.r8.internal.U10::a (183 bytes)
Event: 33.355 Thread 0x00000283e1436090 nmethod 16593 0x00000283cc42f110 code [0x00000283cc42f400, 0x00000283cc42fdb8]
Event: 33.357 Thread 0x00000283e1436090 16594       2       com.android.tools.r8.internal.K4::put (43 bytes)
Event: 33.357 Thread 0x00000283e1436090 nmethod 16594 0x00000283cc430390 code [0x00000283cc430560, 0x00000283cc430798]
Event: 33.366 Thread 0x00000283e1436090 16595       2       com.android.tools.r8.graph.W0::H1 (24 bytes)
Event: 33.367 Thread 0x00000283e1436090 nmethod 16595 0x00000283cc430910 code [0x00000283cc430aa0, 0x00000283cc430c58]
Event: 33.370 Thread 0x00000283e1436090 16596       2       com.android.tools.r8.graph.W0::a (73 bytes)
Event: 33.371 Thread 0x00000283e1436090 nmethod 16596 0x00000283cc430d10 code [0x00000283cc430f20, 0x00000283cc4314e8]
Event: 33.385 Thread 0x00000283e1436090 16597       2       com.android.tools.r8.ir.optimize.info.g::d (5 bytes)
Event: 33.385 Thread 0x00000283e1436090 nmethod 16597 0x00000283cc431810 code [0x00000283cc4319a0, 0x00000283cc431ad8]
Event: 33.385 Thread 0x00000283e1436090 16598       2       com.android.tools.r8.internal.M4::e (55 bytes)
Event: 33.386 Thread 0x00000283e1436090 nmethod 16598 0x00000283cc431b90 code [0x00000283cc431d80, 0x00000283cc432018]
Event: 33.386 Thread 0x00000283e1436090 16599       2       com.android.tools.r8.internal.K4::e (57 bytes)
Event: 33.386 Thread 0x00000283e1436090 nmethod 16599 0x00000283cc432190 code [0x00000283cc432380, 0x00000283cc432608]

GC Heap History (20 events):
Event: 15.998 GC heap after
{Heap after GC invocations=31 (full 0):
 garbage-first heap   total 143360K, used 65243K [0x0000000080000000, 0x0000000100000000)
  region size 1024K, 1 young (1024K), 1 survivors (1024K)
 Metaspace       used 87344K, committed 87936K, reserved 1130496K
  class space    used 11931K, committed 12224K, reserved 1048576K
}
Event: 16.670 GC heap before
{Heap before GC invocations=31 (full 0):
 garbage-first heap   total 143360K, used 116443K [0x0000000080000000, 0x0000000100000000)
  region size 1024K, 51 young (52224K), 1 survivors (1024K)
 Metaspace       used 88687K, committed 89280K, reserved 1130496K
  class space    used 12134K, committed 12416K, reserved 1048576K
}
Event: 16.684 GC heap after
{Heap after GC invocations=32 (full 0):
 garbage-first heap   total 143360K, used 72446K [0x0000000080000000, 0x0000000100000000)
  region size 1024K, 7 young (7168K), 7 survivors (7168K)
 Metaspace       used 88687K, committed 89280K, reserved 1130496K
  class space    used 12134K, committed 12416K, reserved 1048576K
}
Event: 17.609 GC heap before
{Heap before GC invocations=32 (full 0):
 garbage-first heap   total 143360K, used 114430K [0x0000000080000000, 0x0000000100000000)
  region size 1024K, 49 young (50176K), 7 survivors (7168K)
 Metaspace       used 89975K, committed 90688K, reserved 1130496K
  class space    used 12344K, committed 12672K, reserved 1048576K
}
Event: 17.627 GC heap after
{Heap after GC invocations=33 (full 0):
 garbage-first heap   total 143360K, used 77973K [0x0000000080000000, 0x0000000100000000)
  region size 1024K, 6 young (6144K), 6 survivors (6144K)
 Metaspace       used 89975K, committed 90688K, reserved 1130496K
  class space    used 12344K, committed 12672K, reserved 1048576K
}
Event: 18.352 GC heap before
{Heap before GC invocations=33 (full 0):
 garbage-first heap   total 143360K, used 114837K [0x0000000080000000, 0x0000000100000000)
  region size 1024K, 43 young (44032K), 6 survivors (6144K)
 Metaspace       used 90472K, committed 91136K, reserved 1130496K
  class space    used 12383K, committed 12672K, reserved 1048576K
}
Event: 18.364 GC heap after
{Heap after GC invocations=34 (full 0):
 garbage-first heap   total 286720K, used 81420K [0x0000000080000000, 0x0000000100000000)
  region size 1024K, 5 young (5120K), 5 survivors (5120K)
 Metaspace       used 90472K, committed 91136K, reserved 1130496K
  class space    used 12383K, committed 12672K, reserved 1048576K
}
Event: 23.815 GC heap before
{Heap before GC invocations=34 (full 0):
 garbage-first heap   total 286720K, used 215564K [0x0000000080000000, 0x0000000100000000)
  region size 1024K, 136 young (139264K), 5 survivors (5120K)
 Metaspace       used 94689K, committed 95424K, reserved 1138688K
  class space    used 12840K, committed 13184K, reserved 1048576K
}
Event: 23.838 GC heap after
{Heap after GC invocations=35 (full 0):
 garbage-first heap   total 286720K, used 90980K [0x0000000080000000, 0x0000000100000000)
  region size 1024K, 14 young (14336K), 14 survivors (14336K)
 Metaspace       used 94689K, committed 95424K, reserved 1138688K
  class space    used 12840K, committed 13184K, reserved 1048576K
}
Event: 28.786 GC heap before
{Heap before GC invocations=35 (full 0):
 garbage-first heap   total 286720K, used 213860K [0x0000000080000000, 0x0000000100000000)
  region size 1024K, 133 young (136192K), 14 survivors (14336K)
 Metaspace       used 104591K, committed 105344K, reserved 1146880K
  class space    used 14079K, committed 14464K, reserved 1048576K
}
Event: 28.810 GC heap after
{Heap after GC invocations=36 (full 0):
 garbage-first heap   total 286720K, used 98689K [0x0000000080000000, 0x0000000100000000)
  region size 1024K, 7 young (7168K), 7 survivors (7168K)
 Metaspace       used 104591K, committed 105344K, reserved 1146880K
  class space    used 14079K, committed 14464K, reserved 1048576K
}
Event: 30.444 GC heap before
{Heap before GC invocations=36 (full 0):
 garbage-first heap   total 286720K, used 260481K [0x0000000080000000, 0x0000000100000000)
  region size 1024K, 125 young (128000K), 7 survivors (7168K)
 Metaspace       used 117303K, committed 118080K, reserved 1155072K
  class space    used 15999K, committed 16384K, reserved 1048576K
}
Event: 30.494 GC heap after
{Heap after GC invocations=37 (full 0):
 garbage-first heap   total 294912K, used 145375K [0x0000000080000000, 0x0000000100000000)
  region size 1024K, 16 young (16384K), 16 survivors (16384K)
 Metaspace       used 117303K, committed 118080K, reserved 1155072K
  class space    used 15999K, committed 16384K, reserved 1048576K
}
Event: 31.622 GC heap before
{Heap before GC invocations=37 (full 0):
 garbage-first heap   total 294912K, used 229343K [0x0000000080000000, 0x0000000100000000)
  region size 1024K, 98 young (100352K), 16 survivors (16384K)
 Metaspace       used 120457K, committed 121216K, reserved 1155072K
  class space    used 16533K, committed 16896K, reserved 1048576K
}
Event: 31.727 GC heap after
{Heap after GC invocations=38 (full 0):
 garbage-first heap   total 294912K, used 179197K [0x0000000080000000, 0x0000000100000000)
  region size 1024K, 13 young (13312K), 13 survivors (13312K)
 Metaspace       used 120457K, committed 121216K, reserved 1155072K
  class space    used 16533K, committed 16896K, reserved 1048576K
}
Event: 32.133 GC heap before
{Heap before GC invocations=38 (full 0):
 garbage-first heap   total 294912K, used 228349K [0x0000000080000000, 0x0000000100000000)
  region size 1024K, 62 young (63488K), 13 survivors (13312K)
 Metaspace       used 120685K, committed 121472K, reserved 1155072K
  class space    used 16535K, committed 16896K, reserved 1048576K
}
Event: 32.204 GC heap after
{Heap after GC invocations=39 (full 0):
 garbage-first heap   total 294912K, used 199168K [0x0000000080000000, 0x0000000100000000)
  region size 1024K, 8 young (8192K), 8 survivors (8192K)
 Metaspace       used 120685K, committed 121472K, reserved 1155072K
  class space    used 16535K, committed 16896K, reserved 1048576K
}
Event: 32.689 GC heap before
{Heap before GC invocations=39 (full 0):
 garbage-first heap   total 294912K, used 233984K [0x0000000080000000, 0x0000000100000000)
  region size 1024K, 42 young (43008K), 8 survivors (8192K)
 Metaspace       used 121334K, committed 122112K, reserved 1155072K
  class space    used 16565K, committed 16896K, reserved 1048576K
}
Event: 32.762 GC heap after
{Heap after GC invocations=40 (full 0):
 garbage-first heap   total 294912K, used 208896K [0x0000000080000000, 0x0000000100000000)
  region size 1024K, 6 young (6144K), 6 survivors (6144K)
 Metaspace       used 121334K, committed 122112K, reserved 1155072K
  class space    used 16565K, committed 16896K, reserved 1048576K
}
Event: 33.399 GC heap before
{Heap before GC invocations=40 (full 0):
 garbage-first heap   total 294912K, used 238592K [0x0000000080000000, 0x0000000100000000)
  region size 1024K, 36 young (36864K), 6 survivors (6144K)
 Metaspace       used 122118K, committed 122880K, reserved 1155072K
  class space    used 16661K, committed 17024K, reserved 1048576K
}

Dll operation events (2 events):
Event: 0.013 Loaded shared library E:\Android\jbr\bin\java.dll
Event: 0.728 Loaded shared library E:\Android\jbr\bin\verify.dll

Deoptimization events (20 events):
Event: 33.176 Thread 0x00000283ea22d9d0 DEOPT PACKING pc=0x00000283d26125f0 sp=0x000000bff46fd770
Event: 33.176 Thread 0x00000283ea22d9d0 DEOPT UNPACKING pc=0x00000283d1ef69a3 sp=0x000000bff46fd740 mode 2
Event: 33.178 Thread 0x00000283ea22d9d0 Uncommon trap: trap_request=0xffffffc6 fr.pc=0x00000283d26125f0 relative=0x0000000000000510
Event: 33.178 Thread 0x00000283ea22d9d0 Uncommon trap: reason=bimorphic_or_optimized_type_check action=maybe_recompile pc=0x00000283d26125f0 method=com.android.tools.r8.internal.pt.b(Ljava/lang/Iterable;Lcom/android/tools/r8/internal/wM;)Z @ 2 c2
Event: 33.178 Thread 0x00000283ea22d9d0 DEOPT PACKING pc=0x00000283d26125f0 sp=0x000000bff46fd780
Event: 33.178 Thread 0x00000283ea22d9d0 DEOPT UNPACKING pc=0x00000283d1ef69a3 sp=0x000000bff46fd750 mode 2
Event: 33.179 Thread 0x00000283ea22d9d0 Uncommon trap: trap_request=0xffffffc6 fr.pc=0x00000283d26125f0 relative=0x0000000000000510
Event: 33.179 Thread 0x00000283ea22d9d0 Uncommon trap: reason=bimorphic_or_optimized_type_check action=maybe_recompile pc=0x00000283d26125f0 method=com.android.tools.r8.internal.pt.b(Ljava/lang/Iterable;Lcom/android/tools/r8/internal/wM;)Z @ 2 c2
Event: 33.179 Thread 0x00000283ea22d9d0 DEOPT PACKING pc=0x00000283d26125f0 sp=0x000000bff46fd780
Event: 33.179 Thread 0x00000283ea22d9d0 DEOPT UNPACKING pc=0x00000283d1ef69a3 sp=0x000000bff46fd750 mode 2
Event: 33.180 Thread 0x00000283ea22d9d0 Uncommon trap: trap_request=0xffffffc6 fr.pc=0x00000283d26125f0 relative=0x0000000000000510
Event: 33.180 Thread 0x00000283ea22d9d0 Uncommon trap: reason=bimorphic_or_optimized_type_check action=maybe_recompile pc=0x00000283d26125f0 method=com.android.tools.r8.internal.pt.b(Ljava/lang/Iterable;Lcom/android/tools/r8/internal/wM;)Z @ 2 c2
Event: 33.180 Thread 0x00000283ea22d9d0 DEOPT PACKING pc=0x00000283d26125f0 sp=0x000000bff46fd780
Event: 33.180 Thread 0x00000283ea22d9d0 DEOPT UNPACKING pc=0x00000283d1ef69a3 sp=0x000000bff46fd750 mode 2
Event: 33.209 Thread 0x00000283ea22d9d0 Uncommon trap: trap_request=0xffffff45 fr.pc=0x00000283d27b7084 relative=0x0000000000000164
Event: 33.209 Thread 0x00000283ea22d9d0 Uncommon trap: reason=unstable_if action=reinterpret pc=0x00000283d27b7084 method=java.util.IdentityHashMap.maskNull(Ljava/lang/Object;)Ljava/lang/Object; @ 1 c2
Event: 33.209 Thread 0x00000283ea22d9d0 DEOPT PACKING pc=0x00000283d27b7084 sp=0x000000bff46fcd50
Event: 33.209 Thread 0x00000283ea22d9d0 DEOPT UNPACKING pc=0x00000283d1ef69a3 sp=0x000000bff46fcc78 mode 2
Event: 33.236 Thread 0x00000283ea230050 DEOPT PACKING pc=0x00000283cc4044f5 sp=0x000000bff47fc5b0
Event: 33.236 Thread 0x00000283ea230050 DEOPT UNPACKING pc=0x00000283d1ef7143 sp=0x000000bff47fba60 mode 0

Classes unloaded (0 events):
No events

Classes redefined (0 events):
No events

Internal exceptions (20 events):
Event: 31.278 Thread 0x00000283ea2309f0 Exception <a 'sun/nio/fs/WindowsException'{0x000000008e946278}> (0x000000008e946278) 
thrown [s\src\hotspot\share\prims\jni.cpp, line 517]
Event: 31.279 Thread 0x00000283ea2309f0 Exception <a 'sun/nio/fs/WindowsException'{0x000000008e946c50}> (0x000000008e946c50) 
thrown [s\src\hotspot\share\prims\jni.cpp, line 517]
Event: 31.279 Thread 0x00000283ea2309f0 Exception <a 'sun/nio/fs/WindowsException'{0x000000008e946f60}> (0x000000008e946f60) 
thrown [s\src\hotspot\share\prims\jni.cpp, line 517]
Event: 31.279 Thread 0x00000283ea2309f0 Exception <a 'sun/nio/fs/WindowsException'{0x000000008e948148}> (0x000000008e948148) 
thrown [s\src\hotspot\share\prims\jni.cpp, line 517]
Event: 31.279 Thread 0x00000283ea2309f0 Exception <a 'sun/nio/fs/WindowsException'{0x000000008e948428}> (0x000000008e948428) 
thrown [s\src\hotspot\share\prims\jni.cpp, line 517]
Event: 31.279 Thread 0x00000283ea2309f0 Exception <a 'sun/nio/fs/WindowsException'{0x000000008e949608}> (0x000000008e949608) 
thrown [s\src\hotspot\share\prims\jni.cpp, line 517]
Event: 31.283 Thread 0x00000283ea230050 Exception <a 'sun/nio/fs/WindowsException'{0x000000008ed8fb18}> (0x000000008ed8fb18) 
thrown [s\src\hotspot\share\prims\jni.cpp, line 517]
Event: 31.283 Thread 0x00000283ea230050 Exception <a 'sun/nio/fs/WindowsException'{0x000000008ed904f0}> (0x000000008ed904f0) 
thrown [s\src\hotspot\share\prims\jni.cpp, line 517]
Event: 31.283 Thread 0x00000283ea230050 Exception <a 'sun/nio/fs/WindowsException'{0x000000008ed90800}> (0x000000008ed90800) 
thrown [s\src\hotspot\share\prims\jni.cpp, line 517]
Event: 31.283 Thread 0x00000283ea230050 Exception <a 'sun/nio/fs/WindowsException'{0x000000008ed919e8}> (0x000000008ed919e8) 
thrown [s\src\hotspot\share\prims\jni.cpp, line 517]
Event: 31.447 Thread 0x00000283ea2309f0 Exception <a 'sun/nio/fs/WindowsException'{0x000000008e94a9d0}> (0x000000008e94a9d0) 
thrown [s\src\hotspot\share\prims\jni.cpp, line 517]
Event: 31.448 Thread 0x00000283ea2309f0 Exception <a 'sun/nio/fs/WindowsException'{0x000000008e94b668}> (0x000000008e94b668) 
thrown [s\src\hotspot\share\prims\jni.cpp, line 517]
Event: 31.739 Thread 0x00000283ea2309f0 Exception <a 'sun/nio/fs/WindowsException'{0x0000000091723378}> (0x0000000091723378) 
thrown [s\src\hotspot\share\prims\jni.cpp, line 517]
Event: 31.835 Thread 0x00000283ea230050 Exception <a 'sun/nio/fs/WindowsException'{0x0000000090ce2038}> (0x0000000090ce2038) 
thrown [s\src\hotspot\share\prims\jni.cpp, line 517]
Event: 31.837 Thread 0x00000283ea230050 Exception <a 'sun/nio/fs/WindowsException'{0x0000000090ce8f00}> (0x0000000090ce8f00) 
thrown [s\src\hotspot\share\prims\jni.cpp, line 517]
Event: 31.839 Thread 0x00000283ea230050 Exception <a 'sun/nio/fs/WindowsException'{0x0000000090cefd10}> (0x0000000090cefd10) 
thrown [s\src\hotspot\share\prims\jni.cpp, line 517]
Event: 32.965 Thread 0x00000283ea22d9d0 Exception <a 'java/lang/IncompatibleClassChangeError'{0x0000000090e474f8}: Found class java.lang.Object, but interface was expected> (0x0000000090e474f8) 
thrown [s\src\hotspot\share\interpreter\linkResolver.cpp, line 838]
Event: 33.031 Thread 0x00000283ea22d9d0 Exception <a 'java/lang/NoSuchMethodError'{0x000000009091cda8}: 'java.lang.Object java.lang.invoke.DirectMethodHandle$Holder.newInvokeSpecial(java.lang.Object, int, java.lang.Object, java.lang.Object)'> (0x000000009091cda8) 
thrown [s\src\hotspot\share\interpreter\linkResolver.cpp, line 771]
Event: 33.032 Thread 0x00000283ea22d9d0 Exception <a 'java/lang/NoSuchMethodError'{0x0000000090920e98}: 'java.lang.Object java.lang.invoke.DirectMethodHandle$Holder.invokeSpecial(java.lang.Object, java.lang.Object, int, java.lang.Object, java.lang.Object)'> (0x0000000090920e98) 
thrown [s\src\hotspot\share\interpreter\linkResolver.cpp, line 771]
Event: 33.209 Thread 0x00000283ea22d9d0 Implicit null exception at 0x00000283d27b6f4f to 0x00000283d27b7070

VM Operations (20 events):
Event: 31.067 Executing VM operation: HandshakeAllThreads done
Event: 31.178 Executing VM operation: ICBufferFull
Event: 31.182 Executing VM operation: ICBufferFull done
Event: 31.247 Executing VM operation: HandshakeAllThreads
Event: 31.254 Executing VM operation: HandshakeAllThreads done
Event: 31.272 Executing VM operation: HandshakeAllThreads
Event: 31.371 Executing VM operation: HandshakeAllThreads done
Event: 31.439 Executing VM operation: HandshakeAllThreads
Event: 31.439 Executing VM operation: HandshakeAllThreads done
Event: 31.621 Executing VM operation: G1CollectForAllocation
Event: 31.742 Executing VM operation: G1CollectForAllocation done
Event: 32.132 Executing VM operation: G1CollectForAllocation
Event: 32.207 Executing VM operation: G1CollectForAllocation done
Event: 32.689 Executing VM operation: G1CollectForAllocation
Event: 32.776 Executing VM operation: G1CollectForAllocation done
Event: 32.965 Executing VM operation: HandshakeAllThreads
Event: 32.965 Executing VM operation: HandshakeAllThreads done
Event: 33.083 Executing VM operation: ICBufferFull
Event: 33.083 Executing VM operation: ICBufferFull done
Event: 33.399 Executing VM operation: G1CollectForAllocation

Events (20 events):
Event: 31.395 Thread 0x00000283e1449160 flushing nmethod 0x00000283cc107e90
Event: 31.395 Thread 0x00000283e1449160 flushing nmethod 0x00000283cc108390
Event: 31.395 Thread 0x00000283e1449160 flushing nmethod 0x00000283cc108690
Event: 31.395 Thread 0x00000283e1449160 flushing nmethod 0x00000283cc123410
Event: 31.395 Thread 0x00000283e1449160 flushing nmethod 0x00000283cc123e10
Event: 31.395 Thread 0x00000283e1449160 flushing nmethod 0x00000283cc12fd90
Event: 31.395 Thread 0x00000283e1449160 flushing nmethod 0x00000283cc135b90
Event: 31.396 Thread 0x00000283e1449160 flushing nmethod 0x00000283cc169990
Event: 32.487 loading class java/util/IdentityHashMap$EntrySet
Event: 32.506 loading class java/util/IdentityHashMap$EntrySet done
Event: 32.520 loading class java/util/concurrent/ForkJoinTask$AdaptedCallable
Event: 32.521 loading class java/util/concurrent/ForkJoinTask$AdaptedCallable done
Event: 32.967 loading class java/util/zip/Deflater
Event: 32.968 loading class java/util/zip/Deflater done
Event: 32.968 loading class java/util/zip/Deflater$DeflaterZStreamRef
Event: 32.969 loading class java/util/zip/Deflater$DeflaterZStreamRef done
Event: 32.970 loading class java/util/zip/ZipOutputStream$XEntry
Event: 32.971 loading class java/util/zip/ZipOutputStream$XEntry done
Event: 32.988 loading class java/util/Vector$Itr
Event: 32.988 loading class java/util/Vector$Itr done


Dynamic libraries:
0x00007ff70bf50000 - 0x00007ff70bf5a000 	E:\Android\jbr\bin\java.exe
0x00007ff852650000 - 0x00007ff852866000 	C:\Windows\SYSTEM32\ntdll.dll
0x00007ff8508c0000 - 0x00007ff850984000 	C:\Windows\System32\KERNEL32.DLL
0x00007ff84f990000 - 0x00007ff84fd36000 	C:\Windows\System32\KERNELBASE.dll
0x00007ff850130000 - 0x00007ff850241000 	C:\Windows\System32\ucrtbase.dll
0x00007ff80fe60000 - 0x00007ff80fe77000 	E:\Android\jbr\bin\jli.dll
0x00007ff8494f0000 - 0x00007ff84950b000 	E:\Android\jbr\bin\VCRUNTIME140.dll
0x00007ff850eb0000 - 0x00007ff85105d000 	C:\Windows\System32\USER32.dll
0x00007ff832bc0000 - 0x00007ff832e53000 	C:\Windows\WinSxS\amd64_microsoft.windows.common-controls_6595b64144ccf1df_6.0.22621.3235_none_270f74e173860f98\COMCTL32.dll
0x00007ff851110000 - 0x00007ff8511b7000 	C:\Windows\System32\msvcrt.dll
0x00007ff850370000 - 0x00007ff850396000 	C:\Windows\System32\win32u.dll
0x00007ff850440000 - 0x00007ff850469000 	C:\Windows\System32\GDI32.dll
0x00007ff850250000 - 0x00007ff850368000 	C:\Windows\System32\gdi32full.dll
0x00007ff84fde0000 - 0x00007ff84fe7a000 	C:\Windows\System32\msvcp_win.dll
0x00007ff850e70000 - 0x00007ff850ea1000 	C:\Windows\System32\IMM32.DLL
0x00007ff849520000 - 0x00007ff84952c000 	E:\Android\jbr\bin\vcruntime140_1.dll
0x00007ff81c750000 - 0x00007ff81c7dd000 	E:\Android\jbr\bin\msvcp140.dll
0x00007fffc06c0000 - 0x00007fffc132e000 	E:\Android\jbr\bin\server\jvm.dll
0x00007ff8507e0000 - 0x00007ff850892000 	C:\Windows\System32\ADVAPI32.dll
0x00007ff851060000 - 0x00007ff851108000 	C:\Windows\System32\sechost.dll
0x00007ff84fd40000 - 0x00007ff84fd68000 	C:\Windows\System32\bcrypt.dll
0x00007ff851ba0000 - 0x00007ff851cb5000 	C:\Windows\System32\RPCRT4.dll
0x00007ff846dd0000 - 0x00007ff846dd9000 	C:\Windows\SYSTEM32\WSOCK32.dll
0x00007ff846080000 - 0x00007ff8460b4000 	C:\Windows\SYSTEM32\WINMM.dll
0x00007ff8503a0000 - 0x00007ff850411000 	C:\Windows\System32\WS2_32.dll
0x00007ff845fc0000 - 0x00007ff845fca000 	C:\Windows\SYSTEM32\VERSION.dll
0x00007ff84e9d0000 - 0x00007ff84e9e8000 	C:\Windows\SYSTEM32\kernel.appcore.dll
0x00007ff846c80000 - 0x00007ff846c8a000 	E:\Android\jbr\bin\jimage.dll
0x00007ff848910000 - 0x00007ff848b43000 	C:\Windows\SYSTEM32\DBGHELP.DLL
0x00007ff851510000 - 0x00007ff851898000 	C:\Windows\System32\combase.dll
0x00007ff851cd0000 - 0x00007ff851da7000 	C:\Windows\System32\OLEAUT32.dll
0x00007ff83e540000 - 0x00007ff83e572000 	C:\Windows\SYSTEM32\dbgcore.DLL
0x00007ff8500b0000 - 0x00007ff85012a000 	C:\Windows\System32\bcryptPrimitives.dll
0x00007ff8321d0000 - 0x00007ff8321f5000 	E:\Android\jbr\bin\java.dll
0x00007ff8360c0000 - 0x00007ff8360d8000 	E:\Android\jbr\bin\zip.dll
0x00007ff851db0000 - 0x00007ff85260d000 	C:\Windows\System32\SHELL32.dll
0x00007ff84d8f0000 - 0x00007ff84e1e8000 	C:\Windows\SYSTEM32\windows.storage.dll
0x00007ff84d7b0000 - 0x00007ff84d8ee000 	C:\Windows\SYSTEM32\wintypes.dll
0x00007ff851250000 - 0x00007ff851343000 	C:\Windows\System32\SHCORE.dll
0x00007ff850760000 - 0x00007ff8507be000 	C:\Windows\System32\shlwapi.dll
0x00007ff84f8c0000 - 0x00007ff84f8e6000 	C:\Windows\SYSTEM32\profapi.dll
0x00007ff831870000 - 0x00007ff831889000 	E:\Android\jbr\bin\net.dll
0x00007ff846370000 - 0x00007ff8464a7000 	C:\Windows\SYSTEM32\WINHTTP.dll
0x00007ff84ee50000 - 0x00007ff84eeb9000 	C:\Windows\system32\mswsock.dll
0x00007ff8200e0000 - 0x00007ff8200f6000 	E:\Android\jbr\bin\nio.dll
0x00007ff8468e0000 - 0x00007ff8468f0000 	E:\Android\jbr\bin\verify.dll
0x00007ff842740000 - 0x00007ff842767000 	C:\Users\Mr\.gradle\native\68d5fa5c4cc2d200863cafc0d521ce42e7d3e7ee720ec0a83991735586a16f82\windows-amd64\native-platform.dll
0x00007ff8113e0000 - 0x00007ff811524000 	C:\Users\Mr\.gradle\native\e376f236ea51e6404a007f0833ffe2c6e607c4080706a723a18a27aeea778392\windows-amd64\native-platform-file-events.dll
0x00007ff83e360000 - 0x00007ff83e369000 	E:\Android\jbr\bin\management.dll
0x00007ff8321c0000 - 0x00007ff8321cb000 	E:\Android\jbr\bin\management_ext.dll
0x00007ff8506d0000 - 0x00007ff8506d8000 	C:\Windows\System32\PSAPI.DLL
0x00007ff84f110000 - 0x00007ff84f12b000 	C:\Windows\SYSTEM32\CRYPTSP.dll
0x00007ff84e930000 - 0x00007ff84e965000 	C:\Windows\system32\rsaenh.dll
0x00007ff84efb0000 - 0x00007ff84efdc000 	C:\Windows\SYSTEM32\USERENV.dll
0x00007ff84f180000 - 0x00007ff84f18c000 	C:\Windows\SYSTEM32\CRYPTBASE.dll
0x00007ff84e490000 - 0x00007ff84e4bd000 	C:\Windows\SYSTEM32\IPHLPAPI.DLL
0x00007ff851cc0000 - 0x00007ff851cc9000 	C:\Windows\System32\NSI.dll
0x00007ff846340000 - 0x00007ff846359000 	C:\Windows\SYSTEM32\dhcpcsvc6.DLL
0x00007ff846300000 - 0x00007ff84631f000 	C:\Windows\SYSTEM32\dhcpcsvc.DLL
0x00007ff84e4c0000 - 0x00007ff84e5b9000 	C:\Windows\SYSTEM32\DNSAPI.dll
0x00007ff82d890000 - 0x00007ff82d898000 	C:\Windows\system32\wshunix.dll

dbghelp: loaded successfully - version: 4.0.5 - missing functions: none
symbol engine: initialized successfully - sym options: 0x614 - pdb path: .;E:\Android\jbr\bin;C:\Windows\SYSTEM32;C:\Windows\WinSxS\amd64_microsoft.windows.common-controls_6595b64144ccf1df_6.0.22621.3235_none_270f74e173860f98;E:\Android\jbr\bin\server;C:\Users\Mr\.gradle\native\68d5fa5c4cc2d200863cafc0d521ce42e7d3e7ee720ec0a83991735586a16f82\windows-amd64;C:\Users\Mr\.gradle\native\e376f236ea51e6404a007f0833ffe2c6e607c4080706a723a18a27aeea778392\windows-amd64

VM Arguments:
jvm_args: --add-opens=java.base/java.util=ALL-UNNAMED --add-opens=java.base/java.lang=ALL-UNNAMED --add-opens=java.base/java.lang.invoke=ALL-UNNAMED --add-opens=java.prefs/java.util.prefs=ALL-UNNAMED --add-opens=java.base/java.nio.charset=ALL-UNNAMED --add-opens=java.base/java.net=ALL-UNNAMED --add-opens=java.base/java.util.concurrent.atomic=ALL-UNNAMED -Xmx2048m -Dfile.encoding=UTF-8 -Duser.country=US -Duser.language=en -Duser.variant 
java_command: org.gradle.launcher.daemon.bootstrap.GradleDaemon 8.0
java_class_path (initial): C:\Users\Mr\.gradle\wrapper\dists\gradle-8.0-bin\ca5e32bp14vu59qr306oxotwh\gradle-8.0\lib\gradle-launcher-8.0.jar
Launcher Type: SUN_STANDARD

[Global flags]
     intx CICompilerCount                          = 3                                         {product} {ergonomic}
     uint ConcGCThreads                            = 1                                         {product} {ergonomic}
     uint G1ConcRefinementThreads                  = 4                                         {product} {ergonomic}
   size_t G1HeapRegionSize                         = 1048576                                   {product} {ergonomic}
    uintx GCDrainStackTargetSize                   = 64                                        {product} {ergonomic}
   size_t InitialHeapSize                          = 134217728                                 {product} {ergonomic}
   size_t MarkStackSize                            = 4194304                                   {product} {ergonomic}
   size_t MaxHeapSize                              = 2147483648                                {product} {command line}
   size_t MaxNewSize                               = 1287651328                                {product} {ergonomic}
   size_t MinHeapDeltaBytes                        = 1048576                                   {product} {ergonomic}
   size_t MinHeapSize                              = 8388608                                   {product} {ergonomic}
    uintx NonNMethodCodeHeapSize                   = 5832780                                {pd product} {ergonomic}
    uintx NonProfiledCodeHeapSize                  = 122912730                              {pd product} {ergonomic}
    uintx ProfiledCodeHeapSize                     = 122912730                              {pd product} {ergonomic}
    uintx ReservedCodeCacheSize                    = 251658240                              {pd product} {ergonomic}
     bool SegmentedCodeCache                       = true                                      {product} {ergonomic}
   size_t SoftMaxHeapSize                          = 2147483648                             {manageable} {ergonomic}
     bool UseCompressedClassPointers               = true                           {product lp64_product} {ergonomic}
     bool UseCompressedOops                        = true                           {product lp64_product} {ergonomic}
     bool UseG1GC                                  = true                                      {product} {ergonomic}
     bool UseLargePagesIndividualAllocation        = false                                  {pd product} {ergonomic}

Logging:
Log output configuration:
 #0: stdout all=warning uptime,level,tags
 #1: stderr all=off uptime,level,tags

Environment Variables:
PATH=C:\Program Files\Common Files\Oracle\Java\javapath;C:\Program Files\Microsoft\jdk-11.0.16.101-hotspot\bin;C:\Windows\system32;C:\Windows;C:\Windows\System32\Wbem;C:\Windows\System32\WindowsPowerShell\v1.0\;C:\Windows\System32\OpenSSH\;C:\Program Files\Git\cmd;C:\Users\Mr\AppData\Local\Microsoft\WindowsApps;E:\Microsoft VS Code\bin;C:\Program Files (x86)\Inno Setup 6;
USERNAME=Mr
OS=Windows_NT
PROCESSOR_IDENTIFIER=Intel64 Family 6 Model 142 Stepping 9, GenuineIntel
TMP=C:\Users\Mr\AppData\Local\Temp
TEMP=C:\Users\Mr\AppData\Local\Temp


JNI global refs:
JNI global refs: 26, weak refs: 30

JNI global refs memory usage: 843, weak refs: 1473


---------------  S Y S T E M  ---------------

OS:
 Windows 11 , 64 bit Build 22621 (10.0.22621.3235)
OS uptime: 4 days 18:51 hours

CPU: total 4 (initial active 4) (2 cores per cpu, 2 threads per core) family 6 model 142 stepping 9 microcode 0xde, cx8, cmov, fxsr, ht, mmx, 3dnowpref, sse, sse2, sse3, ssse3, sse4.1, sse4.2, popcnt, lzcnt, tsc, tscinvbit, avx, avx2, aes, erms, clmul, bmi1, bmi2, rtm, adx, fma, vzeroupper, clflush, clflushopt

Memory: 4k page, system-wide physical 8071M (806M free)
TotalPageFile size 11741M (AvailPageFile size 192M)
current process WorkingSet (physical memory assigned to process): 636M, peak: 640M
current process commit charge ("private bytes"): 667M, peak: 959M

vm_info: OpenJDK 64-Bit Server VM (17.0.6+0-b2043.56-10027231) for windows-amd64 JRE (17.0.6+0-b2043.56-10027231), built on Apr 28 2023 00:43:19 by "androidbuild" with MS VC++ 16.10 / 16.11 (VS2019)

END.
