#
# There is insufficient memory for the Java Runtime Environment to continue.
# Native memory allocation (mmap) failed to map 296747008 bytes for G1 virtual space
# Possible reasons:
#   The system is out of physical RAM or swap space
#   The process is running with CompressedOops enabled, and the Java Heap may be blocking the growth of the native heap
# Possible solutions:
#   Reduce memory load on the system
#   Increase physical memory or swap space
#   Check if swap backing store is full
#   Decrease Java heap size (-Xmx/-Xms)
#   Decrease number of Java threads
#   Decrease Java thread stack sizes (-Xss)
#   Set larger code cache with -XX:ReservedCodeCacheSize=
#   JVM is running with Unscaled Compressed Oops mode in which the Java heap is
#     placed in the first 4GB address space. The Java Heap base address is the
#     maximum limit for the native heap growth. Please use -XX:HeapBaseMinAddress
#     to set the Java Heap base and to place the Java Heap above 4GB virtual address.
# This output file may be truncated or incomplete.
#
#  Out of Memory Error (os_windows.cpp:3769), pid=12944, tid=13792
#
# JRE version: OpenJDK Runtime Environment (17.0.6) (build 17.0.6+0-b2043.56-10027231)
# Java VM: OpenJDK 64-Bit Server VM (17.0.6+0-b2043.56-10027231, mixed mode, tiered, compressed oops, compressed class ptrs, g1 gc, windows-amd64)
# No core dump will be written. Minidumps are not enabled by default on client versions of Windows
#

---------------  S U M M A R Y ------------

Command Line: --add-opens=java.base/java.util=ALL-UNNAMED --add-opens=java.base/java.lang=ALL-UNNAMED --add-opens=java.base/java.lang.invoke=ALL-UNNAMED --add-opens=java.prefs/java.util.prefs=ALL-UNNAMED --add-opens=java.base/java.nio.charset=ALL-UNNAMED --add-opens=java.base/java.net=ALL-UNNAMED --add-opens=java.base/java.util.concurrent.atomic=ALL-UNNAMED -Xmx2048m -Dfile.encoding=UTF-8 -Duser.country=US -Duser.language=en -Duser.variant org.gradle.launcher.daemon.bootstrap.GradleDaemon 8.0

Host: Intel(R) Core(TM) i5-7300U CPU @ 2.60GHz, 4 cores, 7G,  Windows 11 , 64 bit Build 22621 (10.0.22621.3235)
Time: Sat Apr 20 16:15:26 2024 Pakistan Standard Time elapsed time: 26.803091 seconds (0d 0h 0m 26s)

---------------  T H R E A D  ---------------

Current thread (0x0000020d7c50ee50):  VMThread "VM Thread" [stack: 0x000000e65f300000,0x000000e65f400000] [id=13792]

Stack: [0x000000e65f300000,0x000000e65f400000]
Native frames: (J=compiled Java code, j=interpreted, Vv=VM code, C=native code)
V  [jvm.dll+0x683c9a]
V  [jvm.dll+0x8427a4]
V  [jvm.dll+0x843f9e]
V  [jvm.dll+0x844603]
V  [jvm.dll+0x249b75]
V  [jvm.dll+0x680b69]
V  [jvm.dll+0x67505a]
V  [jvm.dll+0x309acb]
V  [jvm.dll+0x310f86]
V  [jvm.dll+0x3608ee]
V  [jvm.dll+0x360b1f]
V  [jvm.dll+0x2dfbf8]
V  [jvm.dll+0x2ddec4]
V  [jvm.dll+0x2dd4cc]
V  [jvm.dll+0x321f3b]
V  [jvm.dll+0x848ccb]
V  [jvm.dll+0x849a04]
V  [jvm.dll+0x849f1d]
V  [jvm.dll+0x84a2f4]
V  [jvm.dll+0x84a3c0]
V  [jvm.dll+0x7f274a]
V  [jvm.dll+0x682ad5]
C  [ucrtbase.dll+0x29363]
C  [KERNEL32.DLL+0x1257d]
C  [ntdll.dll+0x5aa58]

VM_Operation (0x000000e6658fb650): G1CollectForAllocation, mode: safepoint, requested by thread 0x0000020d01cbfa70


---------------  P R O C E S S  ---------------

Threads class SMR info:
_java_thread_list=0x0000020d0590b150, length=102, elements={
0x0000020d6100eb60, 0x0000020d7d0002c0, 0x0000020d7d0013b0, 0x0000020d7c5374a0,
0x0000020d7d026120, 0x0000020d7d026ee0, 0x0000020d7d0298a0, 0x0000020d7d02df40,
0x0000020d7d0369f0, 0x0000020d7d039800, 0x0000020d7d1a34c0, 0x0000020d7d1a5db0,
0x0000020d003578c0, 0x0000020d003300d0, 0x0000020d007357b0, 0x0000020d7dff3fc0,
0x0000020d00169770, 0x0000020d7e4f6760, 0x0000020d7e41c1b0, 0x0000020d7e738300,
0x0000020d7e739170, 0x0000020d7e7387d0, 0x0000020d7e739fe0, 0x0000020d7e736af0,
0x0000020d7e738ca0, 0x0000020d7e739640, 0x0000020d7e739b10, 0x0000020d7e736fc0,
0x0000020d7e73a4b0, 0x0000020d7e737490, 0x0000020d7e737960, 0x0000020d7e737e30,
0x0000020d00323da0, 0x0000020d003238d0, 0x0000020d00324c10, 0x0000020d003220c0,
0x0000020d00324740, 0x0000020d00322f30, 0x0000020d00321250, 0x0000020d00323400,
0x0000020d01c8f070, 0x0000020d01c94240, 0x0000020d01c968c0, 0x0000020d01c95580,
0x0000020d01c91220, 0x0000020d01c8f540, 0x0000020d01c90d50, 0x0000020d01c94be0,
0x0000020d01c938a0, 0x0000020d01c92560, 0x0000020d01c933d0, 0x0000020d01c92a30,
0x0000020d01c94710, 0x0000020d01c950b0, 0x0000020d01c92090, 0x0000020d01c93d70,
0x0000020d01c903b0, 0x0000020d01c90880, 0x0000020d01c95a50, 0x0000020d01c95f20,
0x0000020d01c963f0, 0x0000020d01c916f0, 0x0000020d01c8fa10, 0x0000020d01c91bc0,
0x0000020d01c92f00, 0x0000020d01c8fee0, 0x0000020d00104550, 0x0000020d001083e0,
0x0000020d00101a00, 0x0000020d00106700, 0x0000020d00106bd0, 0x0000020d00101ed0,
0x0000020d001070a0, 0x0000020d001023a0, 0x0000020d00107f10, 0x0000020d00104080,
0x0000020d00104a20, 0x0000020d00102870, 0x0000020d001088b0, 0x0000020d00102d40,
0x0000020d00103210, 0x0000020d00107570, 0x0000020d00105d60, 0x0000020d00106230,
0x0000020d00101530, 0x0000020d01cc2f60, 0x0000020d01cc20f0, 0x0000020d01cc5110,
0x0000020d01cc0db0, 0x0000020d01cc1c20, 0x0000020d01cc1280, 0x0000020d01cc2a90,
0x0000020d01e9dc20, 0x0000020d01cc3dd0, 0x0000020d01cc4c40, 0x0000020d01cc5f80,
0x0000020d01cc6450, 0x0000020d01cbfa70, 0x0000020d039ab890, 0x0000020d06241730,
0x0000020d0623ff20, 0x0000020d7e3ceaf0
}

Java Threads: ( => current thread )
  0x0000020d6100eb60 JavaThread "main" [_thread_blocked, id=13036, stack(0x000000e65ed00000,0x000000e65ee00000)]
  0x0000020d7d0002c0 JavaThread "Reference Handler" daemon [_thread_blocked, id=6200, stack(0x000000e65f400000,0x000000e65f500000)]
  0x0000020d7d0013b0 JavaThread "Finalizer" daemon [_thread_blocked, id=14220, stack(0x000000e65f500000,0x000000e65f600000)]
  0x0000020d7c5374a0 JavaThread "Signal Dispatcher" daemon [_thread_blocked, id=10596, stack(0x000000e65f600000,0x000000e65f700000)]
  0x0000020d7d026120 JavaThread "Attach Listener" daemon [_thread_blocked, id=2436, stack(0x000000e65f700000,0x000000e65f800000)]
  0x0000020d7d026ee0 JavaThread "Service Thread" daemon [_thread_blocked, id=8808, stack(0x000000e65f800000,0x000000e65f900000)]
  0x0000020d7d0298a0 JavaThread "Monitor Deflation Thread" daemon [_thread_blocked, id=3564, stack(0x000000e65f900000,0x000000e65fa00000)]
  0x0000020d7d02df40 JavaThread "C2 CompilerThread0" daemon [_thread_in_native, id=6776, stack(0x000000e65fa00000,0x000000e65fb00000)]
  0x0000020d7d0369f0 JavaThread "C1 CompilerThread0" daemon [_thread_blocked, id=5012, stack(0x000000e65fb00000,0x000000e65fc00000)]
  0x0000020d7d039800 JavaThread "Sweeper thread" daemon [_thread_blocked, id=4680, stack(0x000000e65fc00000,0x000000e65fd00000)]
  0x0000020d7d1a34c0 JavaThread "Common-Cleaner" daemon [_thread_blocked, id=12340, stack(0x000000e65fd00000,0x000000e65fe00000)]
  0x0000020d7d1a5db0 JavaThread "Notification Thread" daemon [_thread_blocked, id=3320, stack(0x000000e65fe00000,0x000000e65ff00000)]
  0x0000020d003578c0 JavaThread "Daemon health stats" [_thread_blocked, id=15000, stack(0x000000e660400000,0x000000e660500000)]
  0x0000020d003300d0 JavaThread "Incoming local TCP Connector on port 53267" [_thread_in_native, id=11508, stack(0x000000e660000000,0x000000e660100000)]
  0x0000020d007357b0 JavaThread "Daemon periodic checks" [_thread_blocked, id=9636, stack(0x000000e660600000,0x000000e660700000)]
  0x0000020d7dff3fc0 JavaThread "Daemon" [_thread_blocked, id=10132, stack(0x000000e660700000,0x000000e660800000)]
  0x0000020d00169770 JavaThread "Handler for socket connection from /127.0.0.1:53267 to /127.0.0.1:53268" [_thread_in_native, id=13060, stack(0x000000e660800000,0x000000e660900000)]
  0x0000020d7e4f6760 JavaThread "Cancel handler" [_thread_blocked, id=5468, stack(0x000000e660900000,0x000000e660a00000)]
  0x0000020d7e41c1b0 JavaThread "Daemon worker" [_thread_blocked, id=15200, stack(0x000000e660a00000,0x000000e660b00000)]
  0x0000020d7e738300 JavaThread "Asynchronous log dispatcher for DefaultDaemonConnection: socket connection from /127.0.0.1:53267 to /127.0.0.1:53268" [_thread_blocked, id=16124, stack(0x000000e660b00000,0x000000e660c00000)]
  0x0000020d7e739170 JavaThread "Stdin handler" [_thread_blocked, id=6412, stack(0x000000e660c00000,0x000000e660d00000)]
  0x0000020d7e7387d0 JavaThread "Daemon client event forwarder" [_thread_blocked, id=15804, stack(0x000000e660d00000,0x000000e660e00000)]
  0x0000020d7e739fe0 JavaThread "Cache worker for journal cache (C:\Users\Mr\.gradle\caches\journal-1)" [_thread_blocked, id=4992, stack(0x000000e660500000,0x000000e660600000)]
  0x0000020d7e736af0 JavaThread "File lock request listener" [_thread_in_native, id=8836, stack(0x000000e660e00000,0x000000e660f00000)]
  0x0000020d7e738ca0 JavaThread "Cache worker for file hash cache (C:\Users\Mr\.gradle\caches\8.0\fileHashes)" [_thread_blocked, id=11456, stack(0x000000e660f00000,0x000000e661000000)]
  0x0000020d7e739640 JavaThread "File watcher server" daemon [_thread_blocked, id=15400, stack(0x000000e661100000,0x000000e661200000)]
  0x0000020d7e739b10 JavaThread "File watcher consumer" daemon [_thread_blocked, id=10540, stack(0x000000e661200000,0x000000e661300000)]
  0x0000020d7e736fc0 JavaThread "Cache worker for checksums cache (E:\GroceryApp\.gradle\8.0\checksums)" [_thread_blocked, id=10852, stack(0x000000e661300000,0x000000e661400000)]
  0x0000020d7e73a4b0 JavaThread "Cache worker for cache directory md-rule (C:\Users\Mr\.gradle\caches\8.0\md-rule)" [_thread_blocked, id=13800, stack(0x000000e661400000,0x000000e661500000)]
  0x0000020d7e737490 JavaThread "Cache worker for file content cache (C:\Users\Mr\.gradle\caches\8.0\fileContent)" [_thread_blocked, id=16248, stack(0x000000e661500000,0x000000e661600000)]
  0x0000020d7e737960 JavaThread "Cache worker for file hash cache (E:\GroceryApp\.gradle\8.0\fileHashes)" [_thread_blocked, id=10328, stack(0x000000e661600000,0x000000e661700000)]
  0x0000020d7e737e30 JavaThread "Cache worker for cache directory md-supplier (C:\Users\Mr\.gradle\caches\8.0\md-supplier)" [_thread_blocked, id=8720, stack(0x000000e661700000,0x000000e661800000)]
  0x0000020d00323da0 JavaThread "Cache worker for execution history cache (C:\Users\Mr\.gradle\caches\8.0\executionHistory)" [_thread_blocked, id=15108, stack(0x000000e661800000,0x000000e661900000)]
  0x0000020d003238d0 JavaThread "jar transforms" [_thread_blocked, id=6972, stack(0x000000e661900000,0x000000e661a00000)]
  0x0000020d00324c10 JavaThread "jar transforms Thread 2" [_thread_blocked, id=15476, stack(0x000000e661a00000,0x000000e661b00000)]
  0x0000020d003220c0 JavaThread "Cache worker for kotlin-dsl (C:\Users\Mr\.gradle\caches\8.0\kotlin-dsl)" [_thread_blocked, id=9700, stack(0x000000e661b00000,0x000000e661c00000)]
  0x0000020d00324740 JavaThread "jar transforms Thread 3" [_thread_blocked, id=2496, stack(0x000000e661c00000,0x000000e661d00000)]
  0x0000020d00322f30 JavaThread "jar transforms Thread 4" [_thread_blocked, id=8824, stack(0x000000e661d00000,0x000000e661e00000)]
  0x0000020d00321250 JavaThread "Cache worker for dependencies-accessors (E:\GroceryApp\.gradle\8.0\dependencies-accessors)" [_thread_blocked, id=1124, stack(0x000000e661e00000,0x000000e661f00000)]
  0x0000020d00323400 JavaThread "Cache worker for Build Output Cleanup Cache (E:\GroceryApp\.gradle\buildOutputCleanup)" [_thread_blocked, id=13340, stack(0x000000e661f00000,0x000000e662000000)]
  0x0000020d01c8f070 JavaThread "Unconstrained build operations" [_thread_blocked, id=14648, stack(0x000000e662000000,0x000000e662100000)]
  0x0000020d01c94240 JavaThread "Unconstrained build operations Thread 2" [_thread_blocked, id=932, stack(0x000000e662100000,0x000000e662200000)]
  0x0000020d01c968c0 JavaThread "Unconstrained build operations Thread 3" [_thread_blocked, id=8844, stack(0x000000e662200000,0x000000e662300000)]
  0x0000020d01c95580 JavaThread "Unconstrained build operations Thread 4" [_thread_blocked, id=9116, stack(0x000000e662300000,0x000000e662400000)]
  0x0000020d01c91220 JavaThread "Unconstrained build operations Thread 5" [_thread_blocked, id=9060, stack(0x000000e662400000,0x000000e662500000)]
  0x0000020d01c8f540 JavaThread "Unconstrained build operations Thread 6" [_thread_blocked, id=9204, stack(0x000000e662500000,0x000000e662600000)]
  0x0000020d01c90d50 JavaThread "Unconstrained build operations Thread 7" [_thread_blocked, id=5560, stack(0x000000e662600000,0x000000e662700000)]
  0x0000020d01c94be0 JavaThread "Unconstrained build operations Thread 8" [_thread_blocked, id=7900, stack(0x000000e662700000,0x000000e662800000)]
  0x0000020d01c938a0 JavaThread "Unconstrained build operations Thread 9" [_thread_blocked, id=8336, stack(0x000000e662800000,0x000000e662900000)]
  0x0000020d01c92560 JavaThread "Unconstrained build operations Thread 10" [_thread_blocked, id=2364, stack(0x000000e662900000,0x000000e662a00000)]
  0x0000020d01c933d0 JavaThread "Unconstrained build operations Thread 11" [_thread_blocked, id=11192, stack(0x000000e662a00000,0x000000e662b00000)]
  0x0000020d01c92a30 JavaThread "Unconstrained build operations Thread 12" [_thread_blocked, id=16204, stack(0x000000e662b00000,0x000000e662c00000)]
  0x0000020d01c94710 JavaThread "Unconstrained build operations Thread 13" [_thread_blocked, id=11616, stack(0x000000e662c00000,0x000000e662d00000)]
  0x0000020d01c950b0 JavaThread "Unconstrained build operations Thread 14" [_thread_blocked, id=4724, stack(0x000000e662d00000,0x000000e662e00000)]
  0x0000020d01c92090 JavaThread "Unconstrained build operations Thread 15" [_thread_blocked, id=9932, stack(0x000000e662e00000,0x000000e662f00000)]
  0x0000020d01c93d70 JavaThread "Unconstrained build operations Thread 16" [_thread_blocked, id=16088, stack(0x000000e662f00000,0x000000e663000000)]
  0x0000020d01c903b0 JavaThread "Unconstrained build operations Thread 17" [_thread_blocked, id=13236, stack(0x000000e663000000,0x000000e663100000)]
  0x0000020d01c90880 JavaThread "Unconstrained build operations Thread 18" [_thread_blocked, id=14248, stack(0x000000e663100000,0x000000e663200000)]
  0x0000020d01c95a50 JavaThread "Unconstrained build operations Thread 19" [_thread_blocked, id=500, stack(0x000000e663200000,0x000000e663300000)]
  0x0000020d01c95f20 JavaThread "Unconstrained build operations Thread 20" [_thread_blocked, id=14176, stack(0x000000e663300000,0x000000e663400000)]
  0x0000020d01c963f0 JavaThread "Unconstrained build operations Thread 21" [_thread_blocked, id=8276, stack(0x000000e663400000,0x000000e663500000)]
  0x0000020d01c916f0 JavaThread "Unconstrained build operations Thread 22" [_thread_blocked, id=9540, stack(0x000000e663500000,0x000000e663600000)]
  0x0000020d01c8fa10 JavaThread "Unconstrained build operations Thread 23" [_thread_blocked, id=908, stack(0x000000e663600000,0x000000e663700000)]
  0x0000020d01c91bc0 JavaThread "Unconstrained build operations Thread 24" [_thread_blocked, id=3624, stack(0x000000e663700000,0x000000e663800000)]
  0x0000020d01c92f00 JavaThread "Unconstrained build operations Thread 25" [_thread_blocked, id=12468, stack(0x000000e663800000,0x000000e663900000)]
  0x0000020d01c8fee0 JavaThread "Unconstrained build operations Thread 26" [_thread_blocked, id=7144, stack(0x000000e663900000,0x000000e663a00000)]
  0x0000020d00104550 JavaThread "Unconstrained build operations Thread 27" [_thread_blocked, id=6012, stack(0x000000e663a00000,0x000000e663b00000)]
  0x0000020d001083e0 JavaThread "Unconstrained build operations Thread 28" [_thread_blocked, id=8044, stack(0x000000e663b00000,0x000000e663c00000)]
  0x0000020d00101a00 JavaThread "Unconstrained build operations Thread 29" [_thread_blocked, id=1604, stack(0x000000e663c00000,0x000000e663d00000)]
  0x0000020d00106700 JavaThread "Unconstrained build operations Thread 30" [_thread_blocked, id=2232, stack(0x000000e663d00000,0x000000e663e00000)]
  0x0000020d00106bd0 JavaThread "Unconstrained build operations Thread 31" [_thread_blocked, id=7864, stack(0x000000e663e00000,0x000000e663f00000)]
  0x0000020d00101ed0 JavaThread "Unconstrained build operations Thread 32" [_thread_blocked, id=12300, stack(0x000000e663f00000,0x000000e664000000)]
  0x0000020d001070a0 JavaThread "Unconstrained build operations Thread 33" [_thread_blocked, id=3880, stack(0x000000e664000000,0x000000e664100000)]
  0x0000020d001023a0 JavaThread "Unconstrained build operations Thread 34" [_thread_blocked, id=11172, stack(0x000000e664100000,0x000000e664200000)]
  0x0000020d00107f10 JavaThread "Unconstrained build operations Thread 35" [_thread_blocked, id=9264, stack(0x000000e664200000,0x000000e664300000)]
  0x0000020d00104080 JavaThread "Unconstrained build operations Thread 36" [_thread_blocked, id=16332, stack(0x000000e664300000,0x000000e664400000)]
  0x0000020d00104a20 JavaThread "Unconstrained build operations Thread 37" [_thread_blocked, id=12384, stack(0x000000e664400000,0x000000e664500000)]
  0x0000020d00102870 JavaThread "Unconstrained build operations Thread 38" [_thread_blocked, id=9968, stack(0x000000e664500000,0x000000e664600000)]
  0x0000020d001088b0 JavaThread "Unconstrained build operations Thread 39" [_thread_blocked, id=9896, stack(0x000000e664600000,0x000000e664700000)]
  0x0000020d00102d40 JavaThread "Unconstrained build operations Thread 40" [_thread_blocked, id=7940, stack(0x000000e664700000,0x000000e664800000)]
  0x0000020d00103210 JavaThread "build event listener" [_thread_blocked, id=9044, stack(0x000000e664800000,0x000000e664900000)]
  0x0000020d00107570 JavaThread "Memory manager" [_thread_blocked, id=5796, stack(0x000000e664900000,0x000000e664a00000)]
  0x0000020d00105d60 JavaThread "included builds" [_thread_blocked, id=12260, stack(0x000000e664a00000,0x000000e664b00000)]
  0x0000020d00106230 JavaThread "Execution worker" [_thread_blocked, id=13076, stack(0x000000e664b00000,0x000000e664c00000)]
  0x0000020d00101530 JavaThread "Execution worker Thread 2" [_thread_blocked, id=1616, stack(0x000000e664c00000,0x000000e664d00000)]
  0x0000020d01cc2f60 JavaThread "Execution worker Thread 3" [_thread_blocked, id=8932, stack(0x000000e664d00000,0x000000e664e00000)]
  0x0000020d01cc20f0 JavaThread "Cache worker for execution history cache (E:\GroceryApp\.gradle\8.0\executionHistory)" [_thread_blocked, id=14892, stack(0x000000e664e00000,0x000000e664f00000)]
  0x0000020d01cc5110 JavaThread "Cache worker for Java compile cache (C:\Users\Mr\.gradle\caches\8.0\javaCompile)" [_thread_blocked, id=8992, stack(0x000000e664f00000,0x000000e665000000)]
  0x0000020d01cc0db0 JavaThread "Build operations" [_thread_blocked, id=14836, stack(0x000000e665000000,0x000000e665100000)]
  0x0000020d01cc1c20 JavaThread "Build operations Thread 2" [_thread_blocked, id=8000, stack(0x000000e665100000,0x000000e665200000)]
  0x0000020d01cc1280 JavaThread "Build operations Thread 3" [_thread_blocked, id=13456, stack(0x000000e665200000,0x000000e665300000)]
  0x0000020d01cc2a90 JavaThread "Build operations Thread 4" [_thread_blocked, id=16116, stack(0x000000e665300000,0x000000e665400000)]
  0x0000020d01e9dc20 JavaThread "C2 CompilerThread1" daemon [_thread_in_native, id=3960, stack(0x000000e661000000,0x000000e661100000)]
  0x0000020d01cc3dd0 JavaThread "WorkerExecutor Queue" [_thread_blocked, id=11800, stack(0x000000e665400000,0x000000e665500000)]
  0x0000020d01cc4c40 JavaThread "WorkerExecutor Queue Thread 2" [_thread_blocked, id=1244, stack(0x000000e665500000,0x000000e665600000)]
  0x0000020d01cc5f80 JavaThread "WorkerExecutor Queue Thread 3" [_thread_blocked, id=5320, stack(0x000000e665600000,0x000000e665700000)]
  0x0000020d01cc6450 JavaThread "WorkerExecutor Queue Thread 4" [_thread_blocked, id=6832, stack(0x000000e665700000,0x000000e665800000)]
  0x0000020d01cbfa70 JavaThread "WorkerExecutor Queue Thread 5" [_thread_blocked, id=11168, stack(0x000000e665800000,0x000000e665900000)]
  0x0000020d039ab890 JavaThread "ForkJoinPool-1-worker-1" daemon [_thread_blocked, id=12580, stack(0x000000e665c00000,0x000000e665d00000)]
  0x0000020d06241730 JavaThread "ForkJoinPool-1-worker-2" daemon [_thread_blocked, id=3492, stack(0x000000e665d00000,0x000000e665e00000)]
  0x0000020d0623ff20 JavaThread "ForkJoinPool-1-worker-3" daemon [_thread_blocked, id=8908, stack(0x000000e665e00000,0x000000e665f00000)]
  0x0000020d7e3ceaf0 JavaThread "ForkJoinPool-1-worker-4" daemon [_thread_blocked, id=6540, stack(0x000000e665f00000,0x000000e666000000)]

Other Threads:
=>0x0000020d7c50ee50 VMThread "VM Thread" [stack: 0x000000e65f300000,0x000000e65f400000] [id=13792]
  0x0000020d7c532720 WatcherThread [stack: 0x000000e65ff00000,0x000000e660000000] [id=5116]
  0x0000020d61068270 GCTaskThread "GC Thread#0" [stack: 0x000000e65ee00000,0x000000e65ef00000] [id=272]
  0x0000020d7d847fc0 GCTaskThread "GC Thread#1" [stack: 0x000000e660100000,0x000000e660200000] [id=4188]
  0x0000020d7d848270 GCTaskThread "GC Thread#2" [stack: 0x000000e660200000,0x000000e660300000] [id=12720]
  0x0000020d7e370420 GCTaskThread "GC Thread#3" [stack: 0x000000e660300000,0x000000e660400000] [id=5660]
  0x0000020d610791b0 ConcurrentGCThread "G1 Main Marker" [stack: 0x000000e65ef00000,0x000000e65f000000] [id=13732]
  0x0000020d6107a360 ConcurrentGCThread "G1 Conc#0" [stack: 0x000000e65f000000,0x000000e65f100000] [id=13840]
  0x0000020d610cdb80 ConcurrentGCThread "G1 Refine#0" [stack: 0x000000e65f100000,0x000000e65f200000] [id=12576]
  0x0000020d0691a6f0 ConcurrentGCThread "G1 Refine#1" [stack: 0x000000e665900000,0x000000e665a00000] [id=11136]
  0x0000020d02ce4910 ConcurrentGCThread "G1 Refine#2" [stack: 0x000000e665a00000,0x000000e665b00000] [id=10424]
  0x0000020d7e162920 ConcurrentGCThread "G1 Refine#3" [stack: 0x000000e665b00000,0x000000e665c00000] [id=9764]
  0x0000020d7c3644c0 ConcurrentGCThread "G1 Service" [stack: 0x000000e65f200000,0x000000e65f300000] [id=1960]

Threads with active compile tasks:
C2 CompilerThread0    26846 14015 %     4       com.android.tools.r8.dex.B::a @ 316 (1021 bytes)
C1 CompilerThread0    26846 14456       2       com.android.tools.r8.graph.O3::a (189 bytes)
C2 CompilerThread1    26846 14092       4       com.android.tools.r8.dex.B::a (836 bytes)

VM state: at safepoint (normal execution)

VM Mutex/Monitor currently owned by a thread:  ([mutex/lock_event])
[0x0000020d6100bd00] Threads_lock - owner thread: 0x0000020d7c50ee50
[0x0000020d6100b910] Heap_lock - owner thread: 0x0000020d01cbfa70

Heap address: 0x0000000080000000, size: 2048 MB, Compressed Oops mode: 32-bit

CDS archive(s) not mapped
Compressed class space mapped at: 0x0000000100000000-0x0000000140000000, reserved size: 1073741824
Narrow klass base: 0x0000000000000000, Narrow klass shift: 3, Narrow klass range: 0x140000000

GC Precious Log:
 CPUs: 4 total, 4 available
 Memory: 8071M
 Large Page Support: Disabled
 NUMA Support: Disabled
 Compressed Oops: Enabled (32-bit)
 Heap Region Size: 1M
 Heap Min Capacity: 8M
 Heap Initial Capacity: 128M
 Heap Max Capacity: 2G
 Pre-touch: Disabled
 Parallel Workers: 4
 Concurrent Workers: 1
 Concurrent Refinement Workers: 4
 Periodic GC: Disabled

Heap:
 garbage-first heap   total 269312K, used 198656K [0x0000000080000000, 0x0000000100000000)
  region size 1024K, 5 young (5120K), 5 survivors (5120K)
 Metaspace       used 117884K, committed 118656K, reserved 1155072K
  class space    used 16197K, committed 16576K, reserved 1048576K

Heap Regions: E=young(eden), S=young(survivor), O=old, HS=humongous(starts), HC=humongous(continues), CS=collection set, F=free, OA=open archive, CA=closed archive, TAMS=top-at-mark-start (previous, next)
|   0|0x0000000080000000, 0x0000000080100000, 0x0000000080100000|100%| O|  |TAMS 0x0000000080100000, 0x0000000080000000| Untracked 
|   1|0x0000000080100000, 0x0000000080200000, 0x0000000080200000|100%| O|  |TAMS 0x0000000080200000, 0x0000000080100000| Untracked 
|   2|0x0000000080200000, 0x0000000080300000, 0x0000000080300000|100%|HS|  |TAMS 0x0000000080300000, 0x0000000080200000| Complete 
|   3|0x0000000080300000, 0x0000000080400000, 0x0000000080400000|100%|HC|  |TAMS 0x0000000080400000, 0x0000000080300000| Complete 
|   4|0x0000000080400000, 0x0000000080500000, 0x0000000080500000|100%|HC|  |TAMS 0x0000000080500000, 0x0000000080400000| Complete 
|   5|0x0000000080500000, 0x0000000080600000, 0x0000000080600000|100%|HC|  |TAMS 0x0000000080600000, 0x0000000080500000| Complete 
|   6|0x0000000080600000, 0x0000000080700000, 0x0000000080700000|100%| O|  |TAMS 0x0000000080700000, 0x0000000080600000| Untracked 
|   7|0x0000000080700000, 0x0000000080800000, 0x0000000080800000|100%| O|  |TAMS 0x0000000080800000, 0x0000000080700000| Untracked 
|   8|0x0000000080800000, 0x0000000080900000, 0x0000000080900000|100%| O|  |TAMS 0x0000000080900000, 0x0000000080800000| Untracked 
|   9|0x0000000080900000, 0x0000000080a00000, 0x0000000080a00000|100%| O|  |TAMS 0x0000000080a00000, 0x0000000080900000| Untracked 
|  10|0x0000000080a00000, 0x0000000080b00000, 0x0000000080b00000|100%| O|  |TAMS 0x0000000080b00000, 0x0000000080a00000| Untracked 
|  11|0x0000000080b00000, 0x0000000080c00000, 0x0000000080c00000|100%| O|  |TAMS 0x0000000080c00000, 0x0000000080b00000| Untracked 
|  12|0x0000000080c00000, 0x0000000080d00000, 0x0000000080d00000|100%| O|  |TAMS 0x0000000080d00000, 0x0000000080c00000| Untracked 
|  13|0x0000000080d00000, 0x0000000080e00000, 0x0000000080e00000|100%| O|  |TAMS 0x0000000080e00000, 0x0000000080d00000| Untracked 
|  14|0x0000000080e00000, 0x0000000080f00000, 0x0000000080f00000|100%| O|  |TAMS 0x0000000080f00000, 0x0000000080e00000| Untracked 
|  15|0x0000000080f00000, 0x0000000081000000, 0x0000000081000000|100%| O|  |TAMS 0x0000000081000000, 0x0000000080f00000| Untracked 
|  16|0x0000000081000000, 0x0000000081100000, 0x0000000081100000|100%| O|  |TAMS 0x0000000081100000, 0x0000000081000000| Untracked 
|  17|0x0000000081100000, 0x0000000081200000, 0x0000000081200000|100%| O|  |TAMS 0x0000000081200000, 0x0000000081100000| Untracked 
|  18|0x0000000081200000, 0x0000000081300000, 0x0000000081300000|100%| O|  |TAMS 0x0000000081300000, 0x0000000081200000| Untracked 
|  19|0x0000000081300000, 0x0000000081400000, 0x0000000081400000|100%| O|  |TAMS 0x0000000081400000, 0x0000000081300000| Untracked 
|  20|0x0000000081400000, 0x0000000081500000, 0x0000000081500000|100%| O|  |TAMS 0x0000000081500000, 0x0000000081400000| Untracked 
|  21|0x0000000081500000, 0x0000000081600000, 0x0000000081600000|100%| O|  |TAMS 0x0000000081600000, 0x0000000081500000| Untracked 
|  22|0x0000000081600000, 0x0000000081700000, 0x0000000081700000|100%| O|  |TAMS 0x0000000081700000, 0x0000000081600000| Untracked 
|  23|0x0000000081700000, 0x0000000081800000, 0x0000000081800000|100%| O|  |TAMS 0x0000000081800000, 0x0000000081700000| Untracked 
|  24|0x0000000081800000, 0x0000000081900000, 0x0000000081900000|100%| O|  |TAMS 0x0000000081900000, 0x0000000081800000| Untracked 
|  25|0x0000000081900000, 0x0000000081a00000, 0x0000000081a00000|100%|HS|  |TAMS 0x0000000081a00000, 0x0000000081900000| Complete 
|  26|0x0000000081a00000, 0x0000000081b00000, 0x0000000081b00000|100%| O|  |TAMS 0x0000000081b00000, 0x0000000081a00000| Untracked 
|  27|0x0000000081b00000, 0x0000000081c00000, 0x0000000081c00000|100%| O|  |TAMS 0x0000000081c00000, 0x0000000081b00000| Untracked 
|  28|0x0000000081c00000, 0x0000000081d00000, 0x0000000081d00000|100%| O|  |TAMS 0x0000000081d00000, 0x0000000081c00000| Untracked 
|  29|0x0000000081d00000, 0x0000000081e00000, 0x0000000081e00000|100%| O|  |TAMS 0x0000000081e00000, 0x0000000081d00000| Untracked 
|  30|0x0000000081e00000, 0x0000000081f00000, 0x0000000081f00000|100%| O|  |TAMS 0x0000000081f00000, 0x0000000081e00000| Untracked 
|  31|0x0000000081f00000, 0x0000000082000000, 0x0000000082000000|100%|HS|  |TAMS 0x0000000082000000, 0x0000000081f00000| Complete 
|  32|0x0000000082000000, 0x0000000082100000, 0x0000000082100000|100%|HS|  |TAMS 0x0000000082100000, 0x0000000082000000| Complete 
|  33|0x0000000082100000, 0x0000000082200000, 0x0000000082200000|100%| O|  |TAMS 0x0000000082200000, 0x0000000082100000| Untracked 
|  34|0x0000000082200000, 0x0000000082300000, 0x0000000082300000|100%| O|  |TAMS 0x0000000082300000, 0x0000000082200000| Untracked 
|  35|0x0000000082300000, 0x0000000082400000, 0x0000000082400000|100%| O|  |TAMS 0x0000000082400000, 0x0000000082300000| Untracked 
|  36|0x0000000082400000, 0x0000000082500000, 0x0000000082500000|100%|HS|  |TAMS 0x0000000082400000, 0x0000000082400000| Complete 
|  37|0x0000000082500000, 0x0000000082600000, 0x0000000082600000|100%| O|  |TAMS 0x0000000082600000, 0x0000000082500000| Untracked 
|  38|0x0000000082600000, 0x0000000082700000, 0x0000000082700000|100%| O|  |TAMS 0x0000000082700000, 0x0000000082600000| Untracked 
|  39|0x0000000082700000, 0x0000000082800000, 0x0000000082800000|100%| O|  |TAMS 0x0000000082800000, 0x0000000082700000| Untracked 
|  40|0x0000000082800000, 0x0000000082900000, 0x0000000082900000|100%| O|  |TAMS 0x0000000082900000, 0x0000000082800000| Untracked 
|  41|0x0000000082900000, 0x0000000082a00000, 0x0000000082a00000|100%| O|  |TAMS 0x0000000082a00000, 0x0000000082900000| Untracked 
|  42|0x0000000082a00000, 0x0000000082b00000, 0x0000000082b00000|100%| O|  |TAMS 0x0000000082b00000, 0x0000000082a00000| Untracked 
|  43|0x0000000082b00000, 0x0000000082c00000, 0x0000000082c00000|100%| O|  |TAMS 0x0000000082c00000, 0x0000000082b00000| Untracked 
|  44|0x0000000082c00000, 0x0000000082d00000, 0x0000000082d00000|100%| O|  |TAMS 0x0000000082d00000, 0x0000000082c00000| Untracked 
|  45|0x0000000082d00000, 0x0000000082e00000, 0x0000000082e00000|100%| O|  |TAMS 0x0000000082e00000, 0x0000000082d00000| Untracked 
|  46|0x0000000082e00000, 0x0000000082f00000, 0x0000000082f00000|100%| O|  |TAMS 0x0000000082f00000, 0x0000000082e00000| Untracked 
|  47|0x0000000082f00000, 0x0000000083000000, 0x0000000083000000|100%| O|  |TAMS 0x0000000083000000, 0x0000000082f00000| Untracked 
|  48|0x0000000083000000, 0x0000000083100000, 0x0000000083100000|100%| O|  |TAMS 0x0000000083100000, 0x0000000083000000| Untracked 
|  49|0x0000000083100000, 0x0000000083200000, 0x0000000083200000|100%| O|  |TAMS 0x0000000083200000, 0x0000000083100000| Untracked 
|  50|0x0000000083200000, 0x0000000083300000, 0x0000000083300000|100%| O|  |TAMS 0x0000000083300000, 0x0000000083200000| Untracked 
|  51|0x0000000083300000, 0x0000000083400000, 0x0000000083400000|100%| O|  |TAMS 0x0000000083400000, 0x0000000083300000| Untracked 
|  52|0x0000000083400000, 0x0000000083500000, 0x0000000083500000|100%| O|  |TAMS 0x0000000083500000, 0x0000000083400000| Untracked 
|  53|0x0000000083500000, 0x0000000083600000, 0x0000000083600000|100%| O|  |TAMS 0x0000000083600000, 0x0000000083500000| Untracked 
|  54|0x0000000083600000, 0x0000000083700000, 0x0000000083700000|100%| O|  |TAMS 0x0000000083700000, 0x0000000083600000| Untracked 
|  55|0x0000000083700000, 0x0000000083800000, 0x0000000083800000|100%| O|  |TAMS 0x0000000083800000, 0x0000000083700000| Untracked 
|  56|0x0000000083800000, 0x0000000083900000, 0x0000000083900000|100%| O|  |TAMS 0x0000000083900000, 0x0000000083800000| Untracked 
|  57|0x0000000083900000, 0x0000000083a00000, 0x0000000083a00000|100%| O|  |TAMS 0x0000000083a00000, 0x0000000083900000| Untracked 
|  58|0x0000000083a00000, 0x0000000083b00000, 0x0000000083b00000|100%| O|  |TAMS 0x0000000083b00000, 0x0000000083a00000| Untracked 
|  59|0x0000000083b00000, 0x0000000083c00000, 0x0000000083c00000|100%| O|  |TAMS 0x0000000083c00000, 0x0000000083b00000| Untracked 
|  60|0x0000000083c00000, 0x0000000083d00000, 0x0000000083d00000|100%| O|  |TAMS 0x0000000083c58e00, 0x0000000083c00000| Untracked 
|  61|0x0000000083d00000, 0x0000000083e00000, 0x0000000083e00000|100%| O|  |TAMS 0x0000000083d00000, 0x0000000083d00000| Untracked 
|  62|0x0000000083e00000, 0x0000000083f00000, 0x0000000083f00000|100%| O|  |TAMS 0x0000000083e00000, 0x0000000083e00000| Untracked 
|  63|0x0000000083f00000, 0x0000000084000000, 0x0000000084000000|100%| O|  |TAMS 0x0000000083f00000, 0x0000000083f00000| Untracked 
|  64|0x0000000084000000, 0x0000000084100000, 0x0000000084100000|100%| O|  |TAMS 0x0000000084000000, 0x0000000084000000| Untracked 
|  65|0x0000000084100000, 0x0000000084200000, 0x0000000084200000|100%| O|  |TAMS 0x0000000084100000, 0x0000000084100000| Untracked 
|  66|0x0000000084200000, 0x0000000084300000, 0x0000000084300000|100%| O|  |TAMS 0x0000000084200000, 0x0000000084200000| Untracked 
|  67|0x0000000084300000, 0x0000000084400000, 0x0000000084400000|100%| O|  |TAMS 0x0000000084300000, 0x0000000084300000| Untracked 
|  68|0x0000000084400000, 0x0000000084500000, 0x0000000084500000|100%| O|  |TAMS 0x0000000084400000, 0x0000000084400000| Untracked 
|  69|0x0000000084500000, 0x0000000084600000, 0x0000000084600000|100%| O|  |TAMS 0x0000000084500000, 0x0000000084500000| Untracked 
|  70|0x0000000084600000, 0x0000000084700000, 0x0000000084700000|100%| O|  |TAMS 0x0000000084600000, 0x0000000084600000| Untracked 
|  71|0x0000000084700000, 0x0000000084800000, 0x0000000084800000|100%| O|  |TAMS 0x0000000084700000, 0x0000000084700000| Untracked 
|  72|0x0000000084800000, 0x0000000084900000, 0x0000000084900000|100%| O|  |TAMS 0x0000000084800000, 0x0000000084800000| Untracked 
|  73|0x0000000084900000, 0x0000000084a00000, 0x0000000084a00000|100%| O|  |TAMS 0x0000000084900000, 0x0000000084900000| Untracked 
|  74|0x0000000084a00000, 0x0000000084b00000, 0x0000000084b00000|100%| O|  |TAMS 0x0000000084a00000, 0x0000000084a00000| Untracked 
|  75|0x0000000084b00000, 0x0000000084c00000, 0x0000000084c00000|100%| O|  |TAMS 0x0000000084b00000, 0x0000000084b00000| Untracked 
|  76|0x0000000084c00000, 0x0000000084d00000, 0x0000000084d00000|100%| O|  |TAMS 0x0000000084c00000, 0x0000000084c00000| Untracked 
|  77|0x0000000084d00000, 0x0000000084e00000, 0x0000000084e00000|100%|HS|  |TAMS 0x0000000084d00000, 0x0000000084d00000| Complete 
|  78|0x0000000084e00000, 0x0000000084f00000, 0x0000000084f00000|100%| O|  |TAMS 0x0000000084e00000, 0x0000000084e00000| Untracked 
|  79|0x0000000084f00000, 0x0000000085000000, 0x0000000085000000|100%|HS|  |TAMS 0x0000000084f00000, 0x0000000084f00000| Complete 
|  80|0x0000000085000000, 0x0000000085100000, 0x0000000085100000|100%|HC|  |TAMS 0x0000000085000000, 0x0000000085000000| Complete 
|  81|0x0000000085100000, 0x0000000085200000, 0x0000000085200000|100%|HS|  |TAMS 0x0000000085100000, 0x0000000085100000| Complete 
|  82|0x0000000085200000, 0x0000000085300000, 0x0000000085300000|100%| O|  |TAMS 0x0000000085200000, 0x0000000085200000| Untracked 
|  83|0x0000000085300000, 0x0000000085400000, 0x0000000085400000|100%| O|  |TAMS 0x0000000085300000, 0x0000000085300000| Untracked 
|  84|0x0000000085400000, 0x0000000085500000, 0x0000000085500000|100%| O|  |TAMS 0x0000000085400000, 0x0000000085400000| Untracked 
|  85|0x0000000085500000, 0x0000000085600000, 0x0000000085600000|100%| O|  |TAMS 0x0000000085500000, 0x0000000085500000| Untracked 
|  86|0x0000000085600000, 0x0000000085700000, 0x0000000085700000|100%| O|  |TAMS 0x0000000085600000, 0x0000000085600000| Untracked 
|  87|0x0000000085700000, 0x0000000085800000, 0x0000000085800000|100%| O|  |TAMS 0x0000000085700000, 0x0000000085700000| Untracked 
|  88|0x0000000085800000, 0x0000000085900000, 0x0000000085900000|100%| O|  |TAMS 0x0000000085800000, 0x0000000085800000| Untracked 
|  89|0x0000000085900000, 0x0000000085a00000, 0x0000000085a00000|100%| O|  |TAMS 0x0000000085900000, 0x0000000085900000| Untracked 
|  90|0x0000000085a00000, 0x0000000085b00000, 0x0000000085b00000|100%| O|  |TAMS 0x0000000085a00000, 0x0000000085a00000| Untracked 
|  91|0x0000000085b00000, 0x0000000085c00000, 0x0000000085c00000|100%|HS|  |TAMS 0x0000000085b00000, 0x0000000085b00000| Complete 
|  92|0x0000000085c00000, 0x0000000085d00000, 0x0000000085d00000|100%|HC|  |TAMS 0x0000000085c00000, 0x0000000085c00000| Complete 
|  93|0x0000000085d00000, 0x0000000085e00000, 0x0000000085e00000|100%|HS|  |TAMS 0x0000000085d00000, 0x0000000085d00000| Complete 
|  94|0x0000000085e00000, 0x0000000085f00000, 0x0000000085f00000|100%|HC|  |TAMS 0x0000000085e00000, 0x0000000085e00000| Complete 
|  95|0x0000000085f00000, 0x0000000086000000, 0x0000000086000000|100%|HS|  |TAMS 0x0000000085f00000, 0x0000000085f00000| Complete 
|  96|0x0000000086000000, 0x0000000086100000, 0x0000000086100000|100%|HC|  |TAMS 0x0000000086000000, 0x0000000086000000| Complete 
|  97|0x0000000086100000, 0x0000000086200000, 0x0000000086200000|100%|HC|  |TAMS 0x0000000086100000, 0x0000000086100000| Complete 
|  98|0x0000000086200000, 0x0000000086300000, 0x0000000086300000|100%| O|  |TAMS 0x0000000086200000, 0x0000000086200000| Untracked 
|  99|0x0000000086300000, 0x0000000086400000, 0x0000000086400000|100%| O|  |TAMS 0x0000000086300000, 0x0000000086300000| Untracked 
| 100|0x0000000086400000, 0x0000000086500000, 0x0000000086500000|100%| O|  |TAMS 0x0000000086400000, 0x0000000086400000| Untracked 
| 101|0x0000000086500000, 0x0000000086600000, 0x0000000086600000|100%| O|  |TAMS 0x0000000086500000, 0x0000000086500000| Untracked 
| 102|0x0000000086600000, 0x0000000086700000, 0x0000000086700000|100%| O|  |TAMS 0x0000000086600000, 0x0000000086600000| Untracked 
| 103|0x0000000086700000, 0x0000000086800000, 0x0000000086800000|100%|HS|  |TAMS 0x0000000086700000, 0x0000000086700000| Complete 
| 104|0x0000000086800000, 0x0000000086900000, 0x0000000086900000|100%|HC|  |TAMS 0x0000000086800000, 0x0000000086800000| Complete 
| 105|0x0000000086900000, 0x0000000086a00000, 0x0000000086a00000|100%| O|  |TAMS 0x0000000086900000, 0x0000000086900000| Untracked 
| 106|0x0000000086a00000, 0x0000000086b00000, 0x0000000086b00000|100%|HS|  |TAMS 0x0000000086a00000, 0x0000000086a00000| Complete 
| 107|0x0000000086b00000, 0x0000000086c00000, 0x0000000086c00000|100%| O|  |TAMS 0x0000000086b00000, 0x0000000086b00000| Untracked 
| 108|0x0000000086c00000, 0x0000000086d00000, 0x0000000086d00000|100%|HS|  |TAMS 0x0000000086c00000, 0x0000000086c00000| Complete 
| 109|0x0000000086d00000, 0x0000000086e00000, 0x0000000086e00000|100%| O|  |TAMS 0x0000000086d00000, 0x0000000086d00000| Untracked 
| 110|0x0000000086e00000, 0x0000000086f00000, 0x0000000086f00000|100%| O|  |TAMS 0x0000000086e00000, 0x0000000086e00000| Untracked 
| 111|0x0000000086f00000, 0x0000000087000000, 0x0000000087000000|100%| O|  |TAMS 0x0000000086f00000, 0x0000000086f00000| Untracked 
| 112|0x0000000087000000, 0x0000000087100000, 0x0000000087100000|100%|HS|  |TAMS 0x0000000087000000, 0x0000000087000000| Complete 
| 113|0x0000000087100000, 0x0000000087200000, 0x0000000087200000|100%|HC|  |TAMS 0x0000000087100000, 0x0000000087100000| Complete 
| 114|0x0000000087200000, 0x0000000087300000, 0x0000000087300000|100%| O|  |TAMS 0x0000000087200000, 0x0000000087200000| Untracked 
| 115|0x0000000087300000, 0x0000000087400000, 0x0000000087400000|100%| O|  |TAMS 0x0000000087300000, 0x0000000087300000| Untracked 
| 116|0x0000000087400000, 0x0000000087500000, 0x0000000087500000|100%| O|  |TAMS 0x0000000087400000, 0x0000000087400000| Untracked 
| 117|0x0000000087500000, 0x0000000087600000, 0x0000000087600000|100%|HS|  |TAMS 0x0000000087500000, 0x0000000087500000| Complete 
| 118|0x0000000087600000, 0x0000000087700000, 0x0000000087700000|100%|HC|  |TAMS 0x0000000087600000, 0x0000000087600000| Complete 
| 119|0x0000000087700000, 0x0000000087800000, 0x0000000087800000|100%| O|  |TAMS 0x0000000087700000, 0x0000000087700000| Untracked 
| 120|0x0000000087800000, 0x0000000087900000, 0x0000000087900000|100%| O|  |TAMS 0x0000000087800000, 0x0000000087800000| Untracked 
| 121|0x0000000087900000, 0x0000000087a00000, 0x0000000087a00000|100%| O|  |TAMS 0x0000000087900000, 0x0000000087900000| Untracked 
| 122|0x0000000087a00000, 0x0000000087b00000, 0x0000000087b00000|100%| O|  |TAMS 0x0000000087a00000, 0x0000000087a00000| Untracked 
| 123|0x0000000087b00000, 0x0000000087c00000, 0x0000000087c00000|100%| O|  |TAMS 0x0000000087b00000, 0x0000000087b00000| Untracked 
| 124|0x0000000087c00000, 0x0000000087d00000, 0x0000000087d00000|100%| O|  |TAMS 0x0000000087c00000, 0x0000000087c00000| Untracked 
| 125|0x0000000087d00000, 0x0000000087e00000, 0x0000000087e00000|100%|HS|  |TAMS 0x0000000087d00000, 0x0000000087d00000| Complete 
| 126|0x0000000087e00000, 0x0000000087f00000, 0x0000000087f00000|100%|HC|  |TAMS 0x0000000087e00000, 0x0000000087e00000| Complete 
| 127|0x0000000087f00000, 0x0000000088000000, 0x0000000088000000|100%|HC|  |TAMS 0x0000000087f00000, 0x0000000087f00000| Complete 
| 128|0x0000000088000000, 0x0000000088100000, 0x0000000088100000|100%|HS|  |TAMS 0x0000000088000000, 0x0000000088000000| Complete 
| 129|0x0000000088100000, 0x0000000088200000, 0x0000000088200000|100%| O|  |TAMS 0x0000000088100000, 0x0000000088100000| Untracked 
| 130|0x0000000088200000, 0x0000000088300000, 0x0000000088300000|100%| O|  |TAMS 0x0000000088200000, 0x0000000088200000| Untracked 
| 131|0x0000000088300000, 0x0000000088400000, 0x0000000088400000|100%| O|  |TAMS 0x0000000088300000, 0x0000000088300000| Untracked 
| 132|0x0000000088400000, 0x0000000088500000, 0x0000000088500000|100%| O|  |TAMS 0x0000000088400000, 0x0000000088400000| Untracked 
| 133|0x0000000088500000, 0x0000000088600000, 0x0000000088600000|100%| O|  |TAMS 0x0000000088500000, 0x0000000088500000| Untracked 
| 134|0x0000000088600000, 0x0000000088700000, 0x0000000088700000|100%| O|  |TAMS 0x0000000088600000, 0x0000000088600000| Untracked 
| 135|0x0000000088700000, 0x0000000088800000, 0x0000000088800000|100%| O|  |TAMS 0x0000000088700000, 0x0000000088700000| Untracked 
| 136|0x0000000088800000, 0x0000000088900000, 0x0000000088900000|100%| O|  |TAMS 0x0000000088800000, 0x0000000088800000| Untracked 
| 137|0x0000000088900000, 0x0000000088a00000, 0x0000000088a00000|100%| O|  |TAMS 0x0000000088900000, 0x0000000088900000| Untracked 
| 138|0x0000000088a00000, 0x0000000088b00000, 0x0000000088b00000|100%| O|  |TAMS 0x0000000088a00000, 0x0000000088a00000| Untracked 
| 139|0x0000000088b00000, 0x0000000088c00000, 0x0000000088c00000|100%| O|  |TAMS 0x0000000088b00000, 0x0000000088b00000| Untracked 
| 140|0x0000000088c00000, 0x0000000088d00000, 0x0000000088d00000|100%| O|  |TAMS 0x0000000088c00000, 0x0000000088c00000| Untracked 
| 141|0x0000000088d00000, 0x0000000088e00000, 0x0000000088e00000|100%| O|  |TAMS 0x0000000088d00000, 0x0000000088d00000| Untracked 
| 142|0x0000000088e00000, 0x0000000088f00000, 0x0000000088f00000|100%| O|  |TAMS 0x0000000088e00000, 0x0000000088e00000| Untracked 
| 143|0x0000000088f00000, 0x0000000089000000, 0x0000000089000000|100%| O|  |TAMS 0x0000000088f00000, 0x0000000088f00000| Untracked 
| 144|0x0000000089000000, 0x0000000089100000, 0x0000000089100000|100%| O|  |TAMS 0x0000000089000000, 0x0000000089000000| Untracked 
| 145|0x0000000089100000, 0x0000000089200000, 0x0000000089200000|100%| O|  |TAMS 0x0000000089100000, 0x0000000089100000| Untracked 
| 146|0x0000000089200000, 0x0000000089300000, 0x0000000089300000|100%| O|  |TAMS 0x0000000089200000, 0x0000000089200000| Untracked 
| 147|0x0000000089300000, 0x0000000089400000, 0x0000000089400000|100%| O|  |TAMS 0x0000000089300000, 0x0000000089300000| Untracked 
| 148|0x0000000089400000, 0x0000000089500000, 0x0000000089500000|100%| O|  |TAMS 0x0000000089400000, 0x0000000089400000| Untracked 
| 149|0x0000000089500000, 0x0000000089600000, 0x0000000089600000|100%| O|  |TAMS 0x0000000089500000, 0x0000000089500000| Untracked 
| 150|0x0000000089600000, 0x0000000089700000, 0x0000000089700000|100%| O|  |TAMS 0x0000000089600000, 0x0000000089600000| Untracked 
| 151|0x0000000089700000, 0x0000000089800000, 0x0000000089800000|100%| O|  |TAMS 0x0000000089700000, 0x0000000089700000| Untracked 
| 152|0x0000000089800000, 0x0000000089900000, 0x0000000089900000|100%| O|  |TAMS 0x0000000089800000, 0x0000000089800000| Untracked 
| 153|0x0000000089900000, 0x0000000089a00000, 0x0000000089a00000|100%| O|  |TAMS 0x0000000089900000, 0x0000000089900000| Untracked 
| 154|0x0000000089a00000, 0x0000000089b00000, 0x0000000089b00000|100%| O|  |TAMS 0x0000000089a00000, 0x0000000089a00000| Untracked 
| 155|0x0000000089b00000, 0x0000000089c00000, 0x0000000089c00000|100%| O|  |TAMS 0x0000000089b00000, 0x0000000089b00000| Untracked 
| 156|0x0000000089c00000, 0x0000000089d00000, 0x0000000089d00000|100%| O|  |TAMS 0x0000000089c00000, 0x0000000089c00000| Untracked 
| 157|0x0000000089d00000, 0x0000000089e00000, 0x0000000089e00000|100%| O|  |TAMS 0x0000000089d00000, 0x0000000089d00000| Untracked 
| 158|0x0000000089e00000, 0x0000000089f00000, 0x0000000089f00000|100%| O|  |TAMS 0x0000000089e00000, 0x0000000089e00000| Untracked 
| 159|0x0000000089f00000, 0x000000008a000000, 0x000000008a000000|100%| O|  |TAMS 0x0000000089f00000, 0x0000000089f00000| Untracked 
| 160|0x000000008a000000, 0x000000008a100000, 0x000000008a100000|100%| O|  |TAMS 0x000000008a000000, 0x000000008a000000| Untracked 
| 161|0x000000008a100000, 0x000000008a200000, 0x000000008a200000|100%| O|  |TAMS 0x000000008a100000, 0x000000008a100000| Untracked 
| 162|0x000000008a200000, 0x000000008a300000, 0x000000008a300000|100%| O|  |TAMS 0x000000008a200000, 0x000000008a200000| Untracked 
| 163|0x000000008a300000, 0x000000008a400000, 0x000000008a400000|100%| O|  |TAMS 0x000000008a300000, 0x000000008a300000| Untracked 
| 164|0x000000008a400000, 0x000000008a500000, 0x000000008a500000|100%| O|  |TAMS 0x000000008a400000, 0x000000008a400000| Untracked 
| 165|0x000000008a500000, 0x000000008a600000, 0x000000008a600000|100%| O|  |TAMS 0x000000008a500000, 0x000000008a500000| Untracked 
| 166|0x000000008a600000, 0x000000008a700000, 0x000000008a700000|100%| O|  |TAMS 0x000000008a600000, 0x000000008a600000| Untracked 
| 167|0x000000008a700000, 0x000000008a800000, 0x000000008a800000|100%| O|  |TAMS 0x000000008a700000, 0x000000008a700000| Untracked 
| 168|0x000000008a800000, 0x000000008a900000, 0x000000008a900000|100%| O|  |TAMS 0x000000008a800000, 0x000000008a800000| Untracked 
| 169|0x000000008a900000, 0x000000008aa00000, 0x000000008aa00000|100%| O|  |TAMS 0x000000008a900000, 0x000000008a900000| Untracked 
| 170|0x000000008aa00000, 0x000000008ab00000, 0x000000008ab00000|100%| O|  |TAMS 0x000000008aa00000, 0x000000008aa00000| Untracked 
| 171|0x000000008ab00000, 0x000000008ac00000, 0x000000008ac00000|100%| O|  |TAMS 0x000000008ab00000, 0x000000008ab00000| Untracked 
| 172|0x000000008ac00000, 0x000000008ad00000, 0x000000008ad00000|100%| O|  |TAMS 0x000000008ac00000, 0x000000008ac00000| Untracked 
| 173|0x000000008ad00000, 0x000000008ae00000, 0x000000008ae00000|100%| O|  |TAMS 0x000000008ad00000, 0x000000008ad00000| Untracked 
| 174|0x000000008ae00000, 0x000000008af00000, 0x000000008af00000|100%| O|  |TAMS 0x000000008ae00000, 0x000000008ae00000| Untracked 
| 175|0x000000008af00000, 0x000000008b000000, 0x000000008b000000|100%| O|  |TAMS 0x000000008af00000, 0x000000008af00000| Untracked 
| 176|0x000000008b000000, 0x000000008b100000, 0x000000008b100000|100%| O|  |TAMS 0x000000008b000000, 0x000000008b000000| Untracked 
| 177|0x000000008b100000, 0x000000008b200000, 0x000000008b200000|100%| O|  |TAMS 0x000000008b100000, 0x000000008b100000| Untracked 
| 178|0x000000008b200000, 0x000000008b300000, 0x000000008b300000|100%| O|  |TAMS 0x000000008b200000, 0x000000008b200000| Untracked 
| 179|0x000000008b300000, 0x000000008b400000, 0x000000008b400000|100%| O|  |TAMS 0x000000008b300000, 0x000000008b300000| Untracked 
| 180|0x000000008b400000, 0x000000008b500000, 0x000000008b500000|100%| O|  |TAMS 0x000000008b400000, 0x000000008b400000| Untracked 
| 181|0x000000008b500000, 0x000000008b600000, 0x000000008b600000|100%| O|  |TAMS 0x000000008b500000, 0x000000008b500000| Untracked 
| 182|0x000000008b600000, 0x000000008b700000, 0x000000008b700000|100%| O|  |TAMS 0x000000008b600000, 0x000000008b600000| Untracked 
| 183|0x000000008b700000, 0x000000008b700000, 0x000000008b800000|  0%| F|  |TAMS 0x000000008b700000, 0x000000008b700000| Untracked 
| 184|0x000000008b800000, 0x000000008b800000, 0x000000008b900000|  0%| F|  |TAMS 0x000000008b800000, 0x000000008b800000| Untracked 
| 185|0x000000008b900000, 0x000000008b900000, 0x000000008ba00000|  0%| F|  |TAMS 0x000000008b900000, 0x000000008b900000| Untracked 
| 186|0x000000008ba00000, 0x000000008ba00000, 0x000000008bb00000|  0%| F|  |TAMS 0x000000008ba00000, 0x000000008ba00000| Untracked 
| 187|0x000000008bb00000, 0x000000008bb00000, 0x000000008bc00000|  0%| F|  |TAMS 0x000000008bb00000, 0x000000008bb00000| Untracked 
| 188|0x000000008bc00000, 0x000000008bc00000, 0x000000008bd00000|  0%| F|  |TAMS 0x000000008bc00000, 0x000000008bc00000| Untracked 
| 189|0x000000008bd00000, 0x000000008bd00000, 0x000000008be00000|  0%| F|  |TAMS 0x000000008bd00000, 0x000000008bd00000| Untracked 
| 190|0x000000008be00000, 0x000000008be00000, 0x000000008bf00000|  0%| F|  |TAMS 0x000000008be00000, 0x000000008be00000| Untracked 
| 191|0x000000008bf00000, 0x000000008bf00000, 0x000000008c000000|  0%| F|  |TAMS 0x000000008bf00000, 0x000000008bf00000| Untracked 
| 192|0x000000008c000000, 0x000000008c000000, 0x000000008c100000|  0%| F|  |TAMS 0x000000008c000000, 0x000000008c000000| Untracked 
| 193|0x000000008c100000, 0x000000008c100000, 0x000000008c200000|  0%| F|  |TAMS 0x000000008c100000, 0x000000008c100000| Untracked 
| 194|0x000000008c200000, 0x000000008c200000, 0x000000008c300000|  0%| F|  |TAMS 0x000000008c200000, 0x000000008c200000| Untracked 
| 195|0x000000008c300000, 0x000000008c300000, 0x000000008c400000|  0%| F|  |TAMS 0x000000008c300000, 0x000000008c300000| Untracked 
| 196|0x000000008c400000, 0x000000008c400000, 0x000000008c500000|  0%| F|  |TAMS 0x000000008c400000, 0x000000008c400000| Untracked 
| 197|0x000000008c500000, 0x000000008c500000, 0x000000008c600000|  0%| F|  |TAMS 0x000000008c500000, 0x000000008c500000| Untracked 
| 198|0x000000008c600000, 0x000000008c600000, 0x000000008c700000|  0%| F|  |TAMS 0x000000008c600000, 0x000000008c600000| Untracked 
| 199|0x000000008c700000, 0x000000008c700000, 0x000000008c800000|  0%| F|  |TAMS 0x000000008c700000, 0x000000008c700000| Untracked 
| 200|0x000000008c800000, 0x000000008c800000, 0x000000008c900000|  0%| F|  |TAMS 0x000000008c800000, 0x000000008c800000| Untracked 
| 201|0x000000008c900000, 0x000000008c900000, 0x000000008ca00000|  0%| F|  |TAMS 0x000000008c900000, 0x000000008c900000| Untracked 
| 202|0x000000008ca00000, 0x000000008ca00000, 0x000000008cb00000|  0%| F|  |TAMS 0x000000008ca00000, 0x000000008ca00000| Untracked 
| 203|0x000000008cb00000, 0x000000008cb00000, 0x000000008cc00000|  0%| F|  |TAMS 0x000000008cb00000, 0x000000008cb00000| Untracked 
| 204|0x000000008cc00000, 0x000000008cc00000, 0x000000008cd00000|  0%| F|  |TAMS 0x000000008cc00000, 0x000000008cc00000| Untracked 
| 205|0x000000008cd00000, 0x000000008cd00000, 0x000000008ce00000|  0%| F|  |TAMS 0x000000008cd00000, 0x000000008cd00000| Untracked 
| 206|0x000000008ce00000, 0x000000008ce00000, 0x000000008cf00000|  0%| F|  |TAMS 0x000000008ce00000, 0x000000008ce00000| Untracked 
| 207|0x000000008cf00000, 0x000000008cf00000, 0x000000008d000000|  0%| F|  |TAMS 0x000000008cf00000, 0x000000008cf00000| Untracked 
| 208|0x000000008d000000, 0x000000008d000000, 0x000000008d100000|  0%| F|  |TAMS 0x000000008d000000, 0x000000008d000000| Untracked 
| 209|0x000000008d100000, 0x000000008d100000, 0x000000008d200000|  0%| F|  |TAMS 0x000000008d100000, 0x000000008d100000| Untracked 
| 210|0x000000008d200000, 0x000000008d200000, 0x000000008d300000|  0%| F|  |TAMS 0x000000008d200000, 0x000000008d200000| Untracked 
| 211|0x000000008d300000, 0x000000008d300000, 0x000000008d400000|  0%| F|  |TAMS 0x000000008d300000, 0x000000008d300000| Untracked 
| 212|0x000000008d400000, 0x000000008d400000, 0x000000008d500000|  0%| F|  |TAMS 0x000000008d400000, 0x000000008d400000| Untracked 
| 213|0x000000008d500000, 0x000000008d500000, 0x000000008d600000|  0%| F|  |TAMS 0x000000008d500000, 0x000000008d500000| Untracked 
| 214|0x000000008d600000, 0x000000008d600000, 0x000000008d700000|  0%| F|  |TAMS 0x000000008d600000, 0x000000008d600000| Untracked 
| 215|0x000000008d700000, 0x000000008d700000, 0x000000008d800000|  0%| F|  |TAMS 0x000000008d700000, 0x000000008d700000| Untracked 
| 216|0x000000008d800000, 0x000000008d800000, 0x000000008d900000|  0%| F|  |TAMS 0x000000008d800000, 0x000000008d800000| Untracked 
| 217|0x000000008d900000, 0x000000008d900000, 0x000000008da00000|  0%| F|  |TAMS 0x000000008d900000, 0x000000008d900000| Untracked 
| 218|0x000000008da00000, 0x000000008da00000, 0x000000008db00000|  0%| F|  |TAMS 0x000000008da00000, 0x000000008da00000| Untracked 
| 219|0x000000008db00000, 0x000000008db00000, 0x000000008dc00000|  0%| F|  |TAMS 0x000000008db00000, 0x000000008db00000| Untracked 
| 220|0x000000008dc00000, 0x000000008dc00000, 0x000000008dd00000|  0%| F|  |TAMS 0x000000008dc00000, 0x000000008dc00000| Untracked 
| 221|0x000000008dd00000, 0x000000008dd00000, 0x000000008de00000|  0%| F|  |TAMS 0x000000008dd00000, 0x000000008dd00000| Untracked 
| 222|0x000000008de00000, 0x000000008de00000, 0x000000008df00000|  0%| F|  |TAMS 0x000000008de00000, 0x000000008de00000| Untracked 
| 223|0x000000008df00000, 0x000000008e000000, 0x000000008e000000|100%| S|CS|TAMS 0x000000008df00000, 0x000000008df00000| Complete 
| 224|0x000000008e000000, 0x000000008e100000, 0x000000008e100000|100%| S|CS|TAMS 0x000000008e000000, 0x000000008e000000| Complete 
| 225|0x000000008e100000, 0x000000008e200000, 0x000000008e200000|100%| S|CS|TAMS 0x000000008e100000, 0x000000008e100000| Complete 
| 226|0x000000008e200000, 0x000000008e300000, 0x000000008e300000|100%| S|CS|TAMS 0x000000008e200000, 0x000000008e200000| Complete 
| 227|0x000000008e300000, 0x000000008e400000, 0x000000008e400000|100%| S|CS|TAMS 0x000000008e300000, 0x000000008e300000| Complete 
| 228|0x000000008e400000, 0x000000008e400000, 0x000000008e500000|  0%| F|  |TAMS 0x000000008e400000, 0x000000008e400000| Untracked 
| 229|0x000000008e500000, 0x000000008e500000, 0x000000008e600000|  0%| F|  |TAMS 0x000000008e500000, 0x000000008e500000| Untracked 
| 230|0x000000008e600000, 0x000000008e600000, 0x000000008e700000|  0%| F|  |TAMS 0x000000008e600000, 0x000000008e600000| Untracked 
| 231|0x000000008e700000, 0x000000008e700000, 0x000000008e800000|  0%| F|  |TAMS 0x000000008e700000, 0x000000008e700000| Untracked 
| 232|0x000000008e800000, 0x000000008e800000, 0x000000008e900000|  0%| F|  |TAMS 0x000000008e800000, 0x000000008e800000| Untracked 
| 233|0x000000008e900000, 0x000000008e900000, 0x000000008ea00000|  0%| F|  |TAMS 0x000000008e900000, 0x000000008e900000| Untracked 
| 234|0x000000008ea00000, 0x000000008ea00000, 0x000000008eb00000|  0%| F|  |TAMS 0x000000008ea00000, 0x000000008ea00000| Untracked 
| 235|0x000000008eb00000, 0x000000008eb00000, 0x000000008ec00000|  0%| F|  |TAMS 0x000000008eb00000, 0x000000008eb00000| Untracked 
| 236|0x000000008ec00000, 0x000000008ec00000, 0x000000008ed00000|  0%| F|  |TAMS 0x000000008ec00000, 0x000000008ec00000| Untracked 
| 237|0x000000008ed00000, 0x000000008ed00000, 0x000000008ee00000|  0%| F|  |TAMS 0x000000008ed00000, 0x000000008ed00000| Untracked 
| 238|0x000000008ee00000, 0x000000008ee00000, 0x000000008ef00000|  0%| F|  |TAMS 0x000000008ee00000, 0x000000008ee00000| Untracked 
| 239|0x000000008ef00000, 0x000000008ef00000, 0x000000008f000000|  0%| F|  |TAMS 0x000000008ef00000, 0x000000008ef00000| Untracked 
| 240|0x000000008f000000, 0x000000008f000000, 0x000000008f100000|  0%| F|  |TAMS 0x000000008f000000, 0x000000008f000000| Untracked 
| 241|0x000000008f100000, 0x000000008f100000, 0x000000008f200000|  0%| F|  |TAMS 0x000000008f100000, 0x000000008f100000| Untracked 
| 242|0x000000008f200000, 0x000000008f200000, 0x000000008f300000|  0%| F|  |TAMS 0x000000008f200000, 0x000000008f200000| Untracked 
| 243|0x000000008f300000, 0x000000008f300000, 0x000000008f400000|  0%| F|  |TAMS 0x000000008f300000, 0x000000008f300000| Untracked 
| 244|0x000000008f400000, 0x000000008f400000, 0x000000008f500000|  0%| F|  |TAMS 0x000000008f400000, 0x000000008f400000| Untracked 
| 245|0x000000008f500000, 0x000000008f500000, 0x000000008f600000|  0%| F|  |TAMS 0x000000008f500000, 0x000000008f500000| Untracked 
| 246|0x000000008f600000, 0x000000008f600000, 0x000000008f700000|  0%| F|  |TAMS 0x000000008f600000, 0x000000008f600000| Untracked 
| 247|0x000000008f700000, 0x000000008f700000, 0x000000008f800000|  0%| F|  |TAMS 0x000000008f700000, 0x000000008f700000| Untracked 
| 248|0x000000008f800000, 0x000000008f800000, 0x000000008f900000|  0%| F|  |TAMS 0x000000008f800000, 0x000000008f800000| Untracked 
| 249|0x000000008f900000, 0x000000008f900000, 0x000000008fa00000|  0%| F|  |TAMS 0x000000008f900000, 0x000000008f900000| Untracked 
| 250|0x000000008fa00000, 0x000000008fa00000, 0x000000008fb00000|  0%| F|  |TAMS 0x000000008fa00000, 0x000000008fa00000| Untracked 
| 251|0x000000008fb00000, 0x000000008fb00000, 0x000000008fc00000|  0%| F|  |TAMS 0x000000008fb00000, 0x000000008fb00000| Untracked 
| 252|0x000000008fc00000, 0x000000008fc00000, 0x000000008fd00000|  0%| F|  |TAMS 0x000000008fc00000, 0x000000008fc00000| Untracked 
| 253|0x000000008fd00000, 0x000000008fd00000, 0x000000008fe00000|  0%| F|  |TAMS 0x000000008fd00000, 0x000000008fd00000| Untracked 
| 254|0x000000008fe00000, 0x000000008fe00000, 0x000000008ff00000|  0%| F|  |TAMS 0x000000008fe00000, 0x000000008fe00000| Untracked 
| 255|0x000000008ff00000, 0x000000008ff00000, 0x0000000090000000|  0%| F|  |TAMS 0x000000008ff00000, 0x000000008ff00000| Untracked 
| 256|0x0000000090000000, 0x0000000090000000, 0x0000000090100000|  0%| F|  |TAMS 0x0000000090000000, 0x0000000090000000| Untracked 
|2042|0x00000000ffa00000, 0x00000000ffb00000, 0x00000000ffb00000|100%| O|  |TAMS 0x00000000ffa00000, 0x00000000ffa00000| Untracked 
|2043|0x00000000ffb00000, 0x00000000ffc00000, 0x00000000ffc00000|100%| O|  |TAMS 0x00000000ffb00000, 0x00000000ffb00000| Untracked 
|2044|0x00000000ffc00000, 0x00000000ffd00000, 0x00000000ffd00000|100%| O|  |TAMS 0x00000000ffc00000, 0x00000000ffc00000| Untracked 
|2045|0x00000000ffd00000, 0x00000000ffe00000, 0x00000000ffe00000|100%| O|  |TAMS 0x00000000ffd00000, 0x00000000ffd00000| Untracked 
|2046|0x00000000ffe00000, 0x00000000fff00000, 0x00000000fff00000|100%| O|  |TAMS 0x00000000ffe00000, 0x00000000ffe00000| Untracked 
|2047|0x00000000fff00000, 0x0000000100000000, 0x0000000100000000|100%| O|  |TAMS 0x00000000fff00000, 0x00000000fff00000| Untracked 

Card table byte_map: [0x0000020d75700000,0x0000020d75b00000] _byte_map_base: 0x0000020d75300000

Marking Bits (Prev, Next): (CMBitMap*) 0x0000020d61068880, (CMBitMap*) 0x0000020d610688c0
 Prev Bits: [0x0000020d75f00000, 0x0000020d77f00000)
 Next Bits: [0x0000020d77f00000, 0x0000020d79f00000)

Polling page: 0x0000020d60de0000

Metaspace:

Usage:
  Non-class:     99.30 MB used.
      Class:     15.82 MB used.
       Both:    115.12 MB used.

Virtual space:
  Non-class space:      104.00 MB reserved,      99.69 MB ( 96%) committed,  13 nodes.
      Class space:        1.00 GB reserved,      16.19 MB (  2%) committed,  1 nodes.
             Both:        1.10 GB reserved,     115.88 MB ( 10%) committed. 

Chunk freelists:
   Non-Class:  3.89 MB
       Class:  3.72 MB
        Both:  7.61 MB

MaxMetaspaceSize: unlimited
CompressedClassSpaceSize: 1.00 GB
Initial GC threshold: 21.00 MB
Current GC threshold: 145.62 MB
CDS: off
MetaspaceReclaimPolicy: balanced
 - commit_granule_bytes: 65536.
 - commit_granule_words: 8192.
 - virtual_space_node_default_size: 1048576.
 - enlarge_chunks_in_place: 1.
 - new_chunks_are_fully_committed: 0.
 - uncommit_free_chunks: 1.
 - use_allocation_guard: 0.
 - handle_deallocations: 1.


Internal statistics:

num_allocs_failed_limit: 9.
num_arena_births: 1124.
num_arena_deaths: 0.
num_vsnodes_births: 14.
num_vsnodes_deaths: 0.
num_space_committed: 1853.
num_space_uncommitted: 0.
num_chunks_returned_to_freelist: 9.
num_chunks_taken_from_freelist: 5471.
num_chunk_merges: 9.
num_chunk_splits: 3768.
num_chunks_enlarged: 2665.
num_purges: 0.
num_inconsistent_stats: 0.

CodeHeap 'non-profiled nmethods': size=120000Kb used=6659Kb max_used=6659Kb free=113340Kb
 bounds [0x0000020d6d7b0000, 0x0000020d6de40000, 0x0000020d74ce0000]
CodeHeap 'profiled nmethods': size=120000Kb used=24995Kb max_used=24995Kb free=95004Kb
 bounds [0x0000020d65ce0000, 0x0000020d67550000, 0x0000020d6d210000]
CodeHeap 'non-nmethods': size=5760Kb used=2422Kb max_used=2502Kb free=3337Kb
 bounds [0x0000020d6d210000, 0x0000020d6d4a0000, 0x0000020d6d7b0000]
 total_blobs=13623 nmethods=12661 adapters=874
 compilation: enabled
              stopped_count=0, restarted_count=0
 full_count=0

Compilation events (20 events):
Event: 26.710 Thread 0x0000020d7d0369f0 nmethod 14446 0x0000020d67545f90 code [0x0000020d67546120, 0x0000020d67546248]
Event: 26.710 Thread 0x0000020d7d0369f0 14447       2       com.android.tools.r8.graph.d5::a (200 bytes)
Event: 26.711 Thread 0x0000020d7d0369f0 nmethod 14447 0x0000020d67546310 code [0x0000020d67546520, 0x0000020d67546918]
Event: 26.712 Thread 0x0000020d7d0369f0 14448       2       com.android.tools.r8.graph.e5$$Lambda$2162/0x0000000100feecf8::compare (20 bytes)
Event: 26.712 Thread 0x0000020d7d0369f0 nmethod 14448 0x0000020d67546c10 code [0x0000020d67546dc0, 0x0000020d67546f68]
Event: 26.712 Thread 0x0000020d7d0369f0 14449       2       com.android.tools.r8.graph.e5::a (41 bytes)
Event: 26.712 Thread 0x0000020d7d0369f0 nmethod 14449 0x0000020d67547090 code [0x0000020d67547240, 0x0000020d675473e8]
Event: 26.713 Thread 0x0000020d7d0369f0 14450       2       com.android.tools.r8.graph.h$$Lambda$1763/0x0000000100f19478::<init> (10 bytes)
Event: 26.713 Thread 0x0000020d7d0369f0 nmethod 14450 0x0000020d67547590 code [0x0000020d67547720, 0x0000020d67547878]
Event: 26.713 Thread 0x0000020d7d0369f0 14451       2       com.android.tools.r8.graph.h$$Lambda$1763/0x0000000100f19478::apply (14 bytes)
Event: 26.713 Thread 0x0000020d7d0369f0 nmethod 14451 0x0000020d67547910 code [0x0000020d67547ac0, 0x0000020d67547c28]
Event: 26.713 Thread 0x0000020d7d0369f0 14452       2       com.android.tools.r8.graph.J::<init> (5 bytes)
Event: 26.713 Thread 0x0000020d7d0369f0 nmethod 14452 0x0000020d67547d10 code [0x0000020d67547ea0, 0x0000020d67547f98]
Event: 26.713 Thread 0x0000020d7d0369f0 14453       2       com.android.tools.r8.graph.b4$$Lambda$1770/0x0000000100f1a998::<init> (10 bytes)
Event: 26.713 Thread 0x0000020d7d0369f0 nmethod 14453 0x0000020d67548010 code [0x0000020d675481a0, 0x0000020d675482f8]
Event: 26.713 Thread 0x0000020d7d0369f0 14454       2       com.android.tools.r8.graph.b4$$Lambda$1772/0x0000000100f1ae48::<init> (10 bytes)
Event: 26.714 Thread 0x0000020d7d0369f0 nmethod 14454 0x0000020d67548390 code [0x0000020d67548520, 0x0000020d67548678]
Event: 26.714 Thread 0x0000020d7d0369f0 14455       2       com.android.tools.r8.graph.J::a (130 bytes)
Event: 26.714 Thread 0x0000020d7d0369f0 nmethod 14455 0x0000020d67548710 code [0x0000020d67548920, 0x0000020d67548c68]
Event: 26.714 Thread 0x0000020d7d0369f0 14456       2       com.android.tools.r8.graph.O3::a (189 bytes)

GC Heap History (20 events):
Event: 16.226 GC heap after
{Heap after GC invocations=26 (full 0):
 garbage-first heap   total 135168K, used 61935K [0x0000000080000000, 0x0000000100000000)
  region size 1024K, 4 young (4096K), 4 survivors (4096K)
 Metaspace       used 83325K, committed 83904K, reserved 1122304K
  class space    used 11354K, committed 11648K, reserved 1048576K
}
Event: 17.149 GC heap before
{Heap before GC invocations=26 (full 0):
 garbage-first heap   total 135168K, used 105967K [0x0000000080000000, 0x0000000100000000)
  region size 1024K, 47 young (48128K), 4 survivors (4096K)
 Metaspace       used 87834K, committed 88448K, reserved 1130496K
  class space    used 11992K, committed 12288K, reserved 1048576K
}
Event: 17.163 GC heap after
{Heap after GC invocations=27 (full 0):
 garbage-first heap   total 135168K, used 66032K [0x0000000080000000, 0x0000000100000000)
  region size 1024K, 5 young (5120K), 5 survivors (5120K)
 Metaspace       used 87834K, committed 88448K, reserved 1130496K
  class space    used 11992K, committed 12288K, reserved 1048576K
}
Event: 17.694 GC heap before
{Heap before GC invocations=27 (full 0):
 garbage-first heap   total 135168K, used 106992K [0x0000000080000000, 0x0000000100000000)
  region size 1024K, 45 young (46080K), 5 survivors (5120K)
 Metaspace       used 88435K, committed 89088K, reserved 1130496K
  class space    used 12090K, committed 12416K, reserved 1048576K
}
Event: 17.711 GC heap after
{Heap after GC invocations=28 (full 0):
 garbage-first heap   total 135168K, used 72621K [0x0000000080000000, 0x0000000100000000)
  region size 1024K, 6 young (6144K), 6 survivors (6144K)
 Metaspace       used 88435K, committed 89088K, reserved 1130496K
  class space    used 12090K, committed 12416K, reserved 1048576K
}
Event: 18.583 GC heap before
{Heap before GC invocations=29 (full 0):
 garbage-first heap   total 135168K, used 107437K [0x0000000080000000, 0x0000000100000000)
  region size 1024K, 41 young (41984K), 6 survivors (6144K)
 Metaspace       used 89841K, committed 90560K, reserved 1130496K
  class space    used 12342K, committed 12672K, reserved 1048576K
}
Event: 18.600 GC heap after
{Heap after GC invocations=30 (full 0):
 garbage-first heap   total 135168K, used 78017K [0x0000000080000000, 0x0000000100000000)
  region size 1024K, 5 young (5120K), 5 survivors (5120K)
 Metaspace       used 89841K, committed 90560K, reserved 1130496K
  class space    used 12342K, committed 12672K, reserved 1048576K
}
Event: 18.623 GC heap before
{Heap before GC invocations=30 (full 0):
 garbage-first heap   total 135168K, used 79041K [0x0000000080000000, 0x0000000100000000)
  region size 1024K, 6 young (6144K), 5 survivors (5120K)
 Metaspace       used 89848K, committed 90560K, reserved 1130496K
  class space    used 12343K, committed 12672K, reserved 1048576K
}
Event: 18.637 GC heap after
{Heap after GC invocations=31 (full 0):
 garbage-first heap   total 263168K, used 78055K [0x0000000080000000, 0x0000000100000000)
  region size 1024K, 1 young (1024K), 1 survivors (1024K)
 Metaspace       used 89848K, committed 90560K, reserved 1130496K
  class space    used 12343K, committed 12672K, reserved 1048576K
}
Event: 21.491 GC heap before
{Heap before GC invocations=31 (full 0):
 garbage-first heap   total 263168K, used 205031K [0x0000000080000000, 0x0000000100000000)
  region size 1024K, 125 young (128000K), 1 survivors (1024K)
 Metaspace       used 96272K, committed 96960K, reserved 1138688K
  class space    used 13112K, committed 13440K, reserved 1048576K
}
Event: 21.512 GC heap after
{Heap after GC invocations=32 (full 0):
 garbage-first heap   total 263168K, used 88617K [0x0000000080000000, 0x0000000100000000)
  region size 1024K, 12 young (12288K), 12 survivors (12288K)
 Metaspace       used 96272K, committed 96960K, reserved 1138688K
  class space    used 13112K, committed 13440K, reserved 1048576K
}
Event: 23.492 GC heap before
{Heap before GC invocations=32 (full 0):
 garbage-first heap   total 263168K, used 200233K [0x0000000080000000, 0x0000000100000000)
  region size 1024K, 116 young (118784K), 12 survivors (12288K)
 Metaspace       used 101741K, committed 102464K, reserved 1138688K
  class space    used 13773K, committed 14144K, reserved 1048576K
}
Event: 23.512 GC heap after
{Heap after GC invocations=33 (full 0):
 garbage-first heap   total 263168K, used 99609K [0x0000000080000000, 0x0000000100000000)
  region size 1024K, 8 young (8192K), 8 survivors (8192K)
 Metaspace       used 101741K, committed 102464K, reserved 1138688K
  class space    used 13773K, committed 14144K, reserved 1048576K
}
Event: 24.763 GC heap before
{Heap before GC invocations=33 (full 0):
 garbage-first heap   total 263168K, used 236825K [0x0000000080000000, 0x0000000100000000)
  region size 1024K, 106 young (108544K), 8 survivors (8192K)
 Metaspace       used 113130K, committed 113856K, reserved 1155072K
  class space    used 15480K, committed 15872K, reserved 1048576K
}
Event: 24.801 GC heap after
{Heap after GC invocations=34 (full 0):
 garbage-first heap   total 269312K, used 138629K [0x0000000080000000, 0x0000000100000000)
  region size 1024K, 14 young (14336K), 14 survivors (14336K)
 Metaspace       used 113130K, committed 113856K, reserved 1155072K
  class space    used 15480K, committed 15872K, reserved 1048576K
}
Event: 25.957 GC heap before
{Heap before GC invocations=34 (full 0):
 garbage-first heap   total 269312K, used 210309K [0x0000000080000000, 0x0000000100000000)
  region size 1024K, 84 young (86016K), 14 survivors (14336K)
 Metaspace       used 117425K, committed 118208K, reserved 1155072K
  class space    used 16184K, committed 16576K, reserved 1048576K
}
Event: 26.025 GC heap after
{Heap after GC invocations=35 (full 0):
 garbage-first heap   total 269312K, used 162234K [0x0000000080000000, 0x0000000100000000)
  region size 1024K, 11 young (11264K), 11 survivors (11264K)
 Metaspace       used 117425K, committed 118208K, reserved 1155072K
  class space    used 16184K, committed 16576K, reserved 1048576K
}
Event: 26.447 GC heap before
{Heap before GC invocations=35 (full 0):
 garbage-first heap   total 269312K, used 210362K [0x0000000080000000, 0x0000000100000000)
  region size 1024K, 58 young (59392K), 11 survivors (11264K)
 Metaspace       used 117727K, committed 118528K, reserved 1155072K
  class space    used 16188K, committed 16576K, reserved 1048576K
}
Event: 26.508 GC heap after
{Heap after GC invocations=36 (full 0):
 garbage-first heap   total 269312K, used 184832K [0x0000000080000000, 0x0000000100000000)
  region size 1024K, 8 young (8192K), 8 survivors (8192K)
 Metaspace       used 117727K, committed 118528K, reserved 1155072K
  class space    used 16188K, committed 16576K, reserved 1048576K
}
Event: 26.715 GC heap before
{Heap before GC invocations=36 (full 0):
 garbage-first heap   total 269312K, used 213504K [0x0000000080000000, 0x0000000100000000)
  region size 1024K, 37 young (37888K), 8 survivors (8192K)
 Metaspace       used 117884K, committed 118656K, reserved 1155072K
  class space    used 16197K, committed 16576K, reserved 1048576K
}

Dll operation events (2 events):
Event: 0.009 Loaded shared library E:\Android\jbr\bin\java.dll
Event: 0.630 Loaded shared library E:\Android\jbr\bin\verify.dll

Deoptimization events (20 events):
Event: 26.567 Thread 0x0000020d01cc5f80 DEOPT PACKING pc=0x0000020d6668854c sp=0x000000e6656ff320
Event: 26.567 Thread 0x0000020d01cc5f80 DEOPT UNPACKING pc=0x0000020d6d267143 sp=0x000000e6656fe920 mode 0
Event: 26.575 Thread 0x0000020d01cc2f60 Uncommon trap: trap_request=0xffffff45 fr.pc=0x0000020d6dc17560 relative=0x0000000000001720
Event: 26.575 Thread 0x0000020d01cc2f60 Uncommon trap: reason=unstable_if action=reinterpret pc=0x0000020d6dc17560 method=java.util.concurrent.locks.AbstractQueuedSynchronizer.acquire(Ljava/util/concurrent/locks/AbstractQueuedSynchronizer$Node;IZZZJ)I @ 180 c2
Event: 26.575 Thread 0x0000020d01cc2f60 DEOPT PACKING pc=0x0000020d6dc17560 sp=0x000000e664df9f20
Event: 26.575 Thread 0x0000020d01cc2f60 DEOPT UNPACKING pc=0x0000020d6d2669a3 sp=0x000000e664df9f10 mode 2
Event: 26.633 Thread 0x0000020d01cc6450 Uncommon trap: trap_request=0xffffffd6 fr.pc=0x0000020d6d8b4b64 relative=0x00000000000006c4
Event: 26.633 Thread 0x0000020d01cc6450 Uncommon trap: reason=array_check action=maybe_recompile pc=0x0000020d6d8b4b64 method=java.util.TimSort.reverseRange([Ljava/lang/Object;II)V @ 20 c2
Event: 26.633 Thread 0x0000020d01cc6450 DEOPT PACKING pc=0x0000020d6d8b4b64 sp=0x000000e6657fd5b0
Event: 26.634 Thread 0x0000020d01cc6450 DEOPT UNPACKING pc=0x0000020d6d2669a3 sp=0x000000e6657fd4e0 mode 2
Event: 26.634 Thread 0x0000020d01cc6450 Uncommon trap: trap_request=0xffffffd6 fr.pc=0x0000020d6d8b4b64 relative=0x00000000000006c4
Event: 26.634 Thread 0x0000020d01cc6450 Uncommon trap: reason=array_check action=maybe_recompile pc=0x0000020d6d8b4b64 method=java.util.TimSort.reverseRange([Ljava/lang/Object;II)V @ 20 c2
Event: 26.634 Thread 0x0000020d01cc6450 DEOPT PACKING pc=0x0000020d6d8b4b64 sp=0x000000e6657fd5b0
Event: 26.634 Thread 0x0000020d01cc6450 DEOPT UNPACKING pc=0x0000020d6d2669a3 sp=0x000000e6657fd4e0 mode 2
Event: 26.652 Thread 0x0000020d06241730 DEOPT PACKING pc=0x0000020d674304ae sp=0x000000e665dfe970
Event: 26.652 Thread 0x0000020d06241730 DEOPT UNPACKING pc=0x0000020d6d267143 sp=0x000000e665dfde58 mode 0
Event: 26.703 Thread 0x0000020d01cc6450 Uncommon trap: trap_request=0xffffff45 fr.pc=0x0000020d6dc1a8c4 relative=0x0000000000001ec4
Event: 26.703 Thread 0x0000020d01cc6450 Uncommon trap: reason=unstable_if action=reinterpret pc=0x0000020d6dc1a8c4 method=java.util.TimSort.countRunAndMakeAscending([Ljava/lang/Object;IILjava/util/Comparator;)I @ 27 c2
Event: 26.703 Thread 0x0000020d01cc6450 DEOPT PACKING pc=0x0000020d6dc1a8c4 sp=0x000000e6657fcde0
Event: 26.703 Thread 0x0000020d01cc6450 DEOPT UNPACKING pc=0x0000020d6d2669a3 sp=0x000000e6657fccb0 mode 2

Classes unloaded (0 events):
No events

Classes redefined (0 events):
No events

Internal exceptions (20 events):
Event: 25.240 Thread 0x0000020d01cbfa70 Exception <a 'java/lang/IncompatibleClassChangeError'{0x000000008e900238}: Found class java.lang.Object, but interface was expected> (0x000000008e900238) 
thrown [s\src\hotspot\share\interpreter\linkResolver.cpp, line 838]
Event: 25.307 Thread 0x0000020d01cc5f80 Exception <a 'java/lang/NoSuchMethodError'{0x000000008e52f1d8}: 'void java.lang.invoke.DirectMethodHandle$Holder.invokeSpecial(java.lang.Object, java.lang.Object, int)'> (0x000000008e52f1d8) 
thrown [s\src\hotspot\share\interpreter\linkResolver.cpp, line 771]
Event: 25.308 Thread 0x0000020d01cbfa70 Exception <a 'java/lang/NoSuchMethodError'{0x000000008e5378b8}: 'void java.lang.invoke.DirectMethodHandle$Holder.invokeSpecial(java.lang.Object, java.lang.Object, int)'> (0x000000008e5378b8) 
thrown [s\src\hotspot\share\interpreter\linkResolver.cpp, line 771]
Event: 25.337 Thread 0x0000020d01cbfa70 Exception <a 'sun/nio/fs/WindowsException'{0x000000008e241308}> (0x000000008e241308) 
thrown [s\src\hotspot\share\prims\jni.cpp, line 517]
Event: 25.337 Thread 0x0000020d01cc5f80 Exception <a 'sun/nio/fs/WindowsException'{0x000000008e23aa68}> (0x000000008e23aa68) 
thrown [s\src\hotspot\share\prims\jni.cpp, line 517]
Event: 25.337 Thread 0x0000020d01cbfa70 Exception <a 'sun/nio/fs/WindowsException'{0x000000008e241ce0}> (0x000000008e241ce0) 
thrown [s\src\hotspot\share\prims\jni.cpp, line 517]
Event: 25.337 Thread 0x0000020d01cbfa70 Exception <a 'sun/nio/fs/WindowsException'{0x000000008e241ff0}> (0x000000008e241ff0) 
thrown [s\src\hotspot\share\prims\jni.cpp, line 517]
Event: 25.337 Thread 0x0000020d01cc5f80 Exception <a 'sun/nio/fs/WindowsException'{0x000000008e23b440}> (0x000000008e23b440) 
thrown [s\src\hotspot\share\prims\jni.cpp, line 517]
Event: 25.337 Thread 0x0000020d01cbfa70 Exception <a 'sun/nio/fs/WindowsException'{0x000000008e2431d8}> (0x000000008e2431d8) 
thrown [s\src\hotspot\share\prims\jni.cpp, line 517]
Event: 25.337 Thread 0x0000020d01cbfa70 Exception <a 'sun/nio/fs/WindowsException'{0x000000008e2434b8}> (0x000000008e2434b8) 
thrown [s\src\hotspot\share\prims\jni.cpp, line 517]
Event: 25.337 Thread 0x0000020d01cc5f80 Exception <a 'sun/nio/fs/WindowsException'{0x000000008e23b750}> (0x000000008e23b750) 
thrown [s\src\hotspot\share\prims\jni.cpp, line 517]
Event: 25.337 Thread 0x0000020d01cbfa70 Exception <a 'sun/nio/fs/WindowsException'{0x000000008e244698}> (0x000000008e244698) 
thrown [s\src\hotspot\share\prims\jni.cpp, line 517]
Event: 25.339 Thread 0x0000020d01cc5f80 Exception <a 'sun/nio/fs/WindowsException'{0x000000008e1000c0}> (0x000000008e1000c0) 
thrown [s\src\hotspot\share\prims\jni.cpp, line 517]
Event: 25.339 Thread 0x0000020d01cc5f80 Exception <a 'sun/nio/fs/WindowsException'{0x000000008e10e5c8}> (0x000000008e10e5c8) 
thrown [s\src\hotspot\share\prims\jni.cpp, line 517]
Event: 25.372 Thread 0x0000020d039ab890 Exception <a 'java/lang/NoSuchMethodError'{0x000000008df1b1b0}: 'long java.lang.invoke.DirectMethodHandle$Holder.invokeStatic(java.lang.Object, java.lang.Object, java.lang.Object)'> (0x000000008df1b1b0) 
thrown [s\src\hotspot\share\interpreter\linkResolver.cpp, line 771]
Event: 25.375 Thread 0x0000020d01cc5f80 Exception <a 'sun/nio/fs/WindowsException'{0x000000008e0cc0e0}> (0x000000008e0cc0e0) 
thrown [s\src\hotspot\share\prims\jni.cpp, line 517]
Event: 25.417 Thread 0x0000020d01cbfa70 Exception <a 'sun/nio/fs/WindowsException'{0x000000008e245d80}> (0x000000008e245d80) 
thrown [s\src\hotspot\share\prims\jni.cpp, line 517]
Event: 25.566 Thread 0x0000020d01cbfa70 Exception <a 'sun/nio/fs/WindowsException'{0x000000008e24b3c0}> (0x000000008e24b3c0) 
thrown [s\src\hotspot\share\prims\jni.cpp, line 517]
Event: 25.653 Thread 0x0000020d01cc5f80 Exception <a 'sun/nio/fs/WindowsException'{0x000000008e0d2fa8}> (0x000000008e0d2fa8) 
thrown [s\src\hotspot\share\prims\jni.cpp, line 517]
Event: 25.793 Thread 0x0000020d01cc5f80 Exception <a 'sun/nio/fs/WindowsException'{0x000000008e0d9a70}> (0x000000008e0d9a70) 
thrown [s\src\hotspot\share\prims\jni.cpp, line 517]

VM Operations (20 events):
Event: 24.920 Executing VM operation: HandshakeAllThreads done
Event: 24.929 Executing VM operation: HandshakeAllThreads
Event: 24.929 Executing VM operation: HandshakeAllThreads done
Event: 24.934 Executing VM operation: HandshakeAllThreads
Event: 24.935 Executing VM operation: HandshakeAllThreads done
Event: 25.128 Executing VM operation: ICBufferFull
Event: 25.130 Executing VM operation: ICBufferFull done
Event: 25.333 Executing VM operation: HandshakeAllThreads
Event: 25.334 Executing VM operation: HandshakeAllThreads done
Event: 25.542 Executing VM operation: ICBufferFull
Event: 25.558 Executing VM operation: ICBufferFull done
Event: 25.559 Executing VM operation: ICBufferFull
Event: 25.567 Executing VM operation: ICBufferFull done
Event: 25.948 Executing VM operation: HandshakeAllThreads
Event: 25.957 Executing VM operation: HandshakeAllThreads done
Event: 25.957 Executing VM operation: G1CollectForAllocation
Event: 26.028 Executing VM operation: G1CollectForAllocation done
Event: 26.446 Executing VM operation: G1CollectForAllocation
Event: 26.524 Executing VM operation: G1CollectForAllocation done
Event: 26.714 Executing VM operation: G1CollectForAllocation

Events (20 events):
Event: 25.332 loading class java/util/zip/Adler32
Event: 25.332 loading class java/util/zip/Adler32 done
Event: 25.349 loading class java/util/concurrent/ForkJoinTask$AdaptedRunnableAction
Event: 25.349 loading class java/util/concurrent/ForkJoinTask$AdaptedRunnableAction done
Event: 25.349 loading class java/util/concurrent/ForkJoinTask$Aux
Event: 25.349 loading class java/util/concurrent/ForkJoinTask$Aux done
Event: 25.350 loading class java/util/concurrent/ForkJoinPool$DefaultForkJoinWorkerThreadFactory$1
Event: 25.350 loading class java/util/concurrent/ForkJoinPool$DefaultForkJoinWorkerThreadFactory$1 done
Event: 25.350 Thread 0x0000020d039ab890 Thread added: 0x0000020d039ab890
Event: 25.359 Thread 0x0000020d06241730 Thread added: 0x0000020d06241730
Event: 25.369 loading class java/util/AbstractList$RandomAccessSubList
Event: 25.369 loading class java/util/AbstractList$SubList
Event: 25.370 loading class java/util/AbstractList$SubList done
Event: 25.370 loading class java/util/AbstractList$RandomAccessSubList done
Event: 25.370 loading class java/util/AbstractList$SubList$1
Event: 25.371 loading class java/util/AbstractList$SubList$1 done
Event: 25.376 Thread 0x0000020d0623ff20 Thread added: 0x0000020d0623ff20
Event: 25.422 Thread 0x0000020d7e3ceaf0 Thread added: 0x0000020d7e3ceaf0
Event: 25.467 loading class java/nio/HeapShortBuffer
Event: 25.467 loading class java/nio/HeapShortBuffer done


Dynamic libraries:
0x00007ff70bf50000 - 0x00007ff70bf5a000 	E:\Android\jbr\bin\java.exe
0x00007ff852650000 - 0x00007ff852866000 	C:\Windows\SYSTEM32\ntdll.dll
0x00007ff8508c0000 - 0x00007ff850984000 	C:\Windows\System32\KERNEL32.DLL
0x00007ff84f990000 - 0x00007ff84fd36000 	C:\Windows\System32\KERNELBASE.dll
0x00007ff850130000 - 0x00007ff850241000 	C:\Windows\System32\ucrtbase.dll
0x00007ff80fe60000 - 0x00007ff80fe77000 	E:\Android\jbr\bin\jli.dll
0x00007ff8494f0000 - 0x00007ff84950b000 	E:\Android\jbr\bin\VCRUNTIME140.dll
0x00007ff850eb0000 - 0x00007ff85105d000 	C:\Windows\System32\USER32.dll
0x00007ff850370000 - 0x00007ff850396000 	C:\Windows\System32\win32u.dll
0x00007ff850440000 - 0x00007ff850469000 	C:\Windows\System32\GDI32.dll
0x00007ff832bc0000 - 0x00007ff832e53000 	C:\Windows\WinSxS\amd64_microsoft.windows.common-controls_6595b64144ccf1df_6.0.22621.3235_none_270f74e173860f98\COMCTL32.dll
0x00007ff850250000 - 0x00007ff850368000 	C:\Windows\System32\gdi32full.dll
0x00007ff851110000 - 0x00007ff8511b7000 	C:\Windows\System32\msvcrt.dll
0x00007ff84fde0000 - 0x00007ff84fe7a000 	C:\Windows\System32\msvcp_win.dll
0x00007ff850e70000 - 0x00007ff850ea1000 	C:\Windows\System32\IMM32.DLL
0x00007ff849520000 - 0x00007ff84952c000 	E:\Android\jbr\bin\vcruntime140_1.dll
0x00007ff81c750000 - 0x00007ff81c7dd000 	E:\Android\jbr\bin\msvcp140.dll
0x00007fffc06c0000 - 0x00007fffc132e000 	E:\Android\jbr\bin\server\jvm.dll
0x00007ff8507e0000 - 0x00007ff850892000 	C:\Windows\System32\ADVAPI32.dll
0x00007ff851060000 - 0x00007ff851108000 	C:\Windows\System32\sechost.dll
0x00007ff84fd40000 - 0x00007ff84fd68000 	C:\Windows\System32\bcrypt.dll
0x00007ff851ba0000 - 0x00007ff851cb5000 	C:\Windows\System32\RPCRT4.dll
0x00007ff846dd0000 - 0x00007ff846dd9000 	C:\Windows\SYSTEM32\WSOCK32.dll
0x00007ff846080000 - 0x00007ff8460b4000 	C:\Windows\SYSTEM32\WINMM.dll
0x00007ff8503a0000 - 0x00007ff850411000 	C:\Windows\System32\WS2_32.dll
0x00007ff845fc0000 - 0x00007ff845fca000 	C:\Windows\SYSTEM32\VERSION.dll
0x00007ff84e9d0000 - 0x00007ff84e9e8000 	C:\Windows\SYSTEM32\kernel.appcore.dll
0x00007ff846c80000 - 0x00007ff846c8a000 	E:\Android\jbr\bin\jimage.dll
0x00007ff848910000 - 0x00007ff848b43000 	C:\Windows\SYSTEM32\DBGHELP.DLL
0x00007ff851510000 - 0x00007ff851898000 	C:\Windows\System32\combase.dll
0x00007ff851cd0000 - 0x00007ff851da7000 	C:\Windows\System32\OLEAUT32.dll
0x00007ff83e540000 - 0x00007ff83e572000 	C:\Windows\SYSTEM32\dbgcore.DLL
0x00007ff8500b0000 - 0x00007ff85012a000 	C:\Windows\System32\bcryptPrimitives.dll
0x00007ff8321d0000 - 0x00007ff8321f5000 	E:\Android\jbr\bin\java.dll
0x00007ff8360c0000 - 0x00007ff8360d8000 	E:\Android\jbr\bin\zip.dll
0x00007ff851db0000 - 0x00007ff85260d000 	C:\Windows\System32\SHELL32.dll
0x00007ff84d8f0000 - 0x00007ff84e1e8000 	C:\Windows\SYSTEM32\windows.storage.dll
0x00007ff84d7b0000 - 0x00007ff84d8ee000 	C:\Windows\SYSTEM32\wintypes.dll
0x00007ff851250000 - 0x00007ff851343000 	C:\Windows\System32\SHCORE.dll
0x00007ff850760000 - 0x00007ff8507be000 	C:\Windows\System32\shlwapi.dll
0x00007ff84f8c0000 - 0x00007ff84f8e6000 	C:\Windows\SYSTEM32\profapi.dll
0x00007ff831870000 - 0x00007ff831889000 	E:\Android\jbr\bin\net.dll
0x00007ff846370000 - 0x00007ff8464a7000 	C:\Windows\SYSTEM32\WINHTTP.dll
0x00007ff84ee50000 - 0x00007ff84eeb9000 	C:\Windows\system32\mswsock.dll
0x00007ff8200e0000 - 0x00007ff8200f6000 	E:\Android\jbr\bin\nio.dll
0x00007ff8468e0000 - 0x00007ff8468f0000 	E:\Android\jbr\bin\verify.dll
0x00007ff842740000 - 0x00007ff842767000 	C:\Users\Mr\.gradle\native\68d5fa5c4cc2d200863cafc0d521ce42e7d3e7ee720ec0a83991735586a16f82\windows-amd64\native-platform.dll
0x00007ff804410000 - 0x00007ff804554000 	C:\Users\Mr\.gradle\native\e376f236ea51e6404a007f0833ffe2c6e607c4080706a723a18a27aeea778392\windows-amd64\native-platform-file-events.dll
0x00007ff83e360000 - 0x00007ff83e369000 	E:\Android\jbr\bin\management.dll
0x00007ff8321c0000 - 0x00007ff8321cb000 	E:\Android\jbr\bin\management_ext.dll
0x00007ff8506d0000 - 0x00007ff8506d8000 	C:\Windows\System32\PSAPI.DLL
0x00007ff84f110000 - 0x00007ff84f12b000 	C:\Windows\SYSTEM32\CRYPTSP.dll
0x00007ff84e930000 - 0x00007ff84e965000 	C:\Windows\system32\rsaenh.dll
0x00007ff84efb0000 - 0x00007ff84efdc000 	C:\Windows\SYSTEM32\USERENV.dll
0x00007ff84f180000 - 0x00007ff84f18c000 	C:\Windows\SYSTEM32\CRYPTBASE.dll
0x00007ff84e490000 - 0x00007ff84e4bd000 	C:\Windows\SYSTEM32\IPHLPAPI.DLL
0x00007ff851cc0000 - 0x00007ff851cc9000 	C:\Windows\System32\NSI.dll
0x00007ff846340000 - 0x00007ff846359000 	C:\Windows\SYSTEM32\dhcpcsvc6.DLL
0x00007ff846300000 - 0x00007ff84631f000 	C:\Windows\SYSTEM32\dhcpcsvc.DLL
0x00007ff84e4c0000 - 0x00007ff84e5b9000 	C:\Windows\SYSTEM32\DNSAPI.dll
0x00007ff82d890000 - 0x00007ff82d898000 	C:\Windows\system32\wshunix.dll

dbghelp: loaded successfully - version: 4.0.5 - missing functions: none
symbol engine: initialized successfully - sym options: 0x614 - pdb path: .;E:\Android\jbr\bin;C:\Windows\SYSTEM32;C:\Windows\WinSxS\amd64_microsoft.windows.common-controls_6595b64144ccf1df_6.0.22621.3235_none_270f74e173860f98;E:\Android\jbr\bin\server;C:\Users\Mr\.gradle\native\68d5fa5c4cc2d200863cafc0d521ce42e7d3e7ee720ec0a83991735586a16f82\windows-amd64;C:\Users\Mr\.gradle\native\e376f236ea51e6404a007f0833ffe2c6e607c4080706a723a18a27aeea778392\windows-amd64

VM Arguments:
jvm_args: --add-opens=java.base/java.util=ALL-UNNAMED --add-opens=java.base/java.lang=ALL-UNNAMED --add-opens=java.base/java.lang.invoke=ALL-UNNAMED --add-opens=java.prefs/java.util.prefs=ALL-UNNAMED --add-opens=java.base/java.nio.charset=ALL-UNNAMED --add-opens=java.base/java.net=ALL-UNNAMED --add-opens=java.base/java.util.concurrent.atomic=ALL-UNNAMED -Xmx2048m -Dfile.encoding=UTF-8 -Duser.country=US -Duser.language=en -Duser.variant 
java_command: org.gradle.launcher.daemon.bootstrap.GradleDaemon 8.0
java_class_path (initial): C:\Users\Mr\.gradle\wrapper\dists\gradle-8.0-bin\ca5e32bp14vu59qr306oxotwh\gradle-8.0\lib\gradle-launcher-8.0.jar
Launcher Type: SUN_STANDARD

[Global flags]
     intx CICompilerCount                          = 3                                         {product} {ergonomic}
     uint ConcGCThreads                            = 1                                         {product} {ergonomic}
     uint G1ConcRefinementThreads                  = 4                                         {product} {ergonomic}
   size_t G1HeapRegionSize                         = 1048576                                   {product} {ergonomic}
    uintx GCDrainStackTargetSize                   = 64                                        {product} {ergonomic}
   size_t InitialHeapSize                          = 134217728                                 {product} {ergonomic}
   size_t MarkStackSize                            = 4194304                                   {product} {ergonomic}
   size_t MaxHeapSize                              = 2147483648                                {product} {command line}
   size_t MaxNewSize                               = 1287651328                                {product} {ergonomic}
   size_t MinHeapDeltaBytes                        = 1048576                                   {product} {ergonomic}
   size_t MinHeapSize                              = 8388608                                   {product} {ergonomic}
    uintx NonNMethodCodeHeapSize                   = 5832780                                {pd product} {ergonomic}
    uintx NonProfiledCodeHeapSize                  = 122912730                              {pd product} {ergonomic}
    uintx ProfiledCodeHeapSize                     = 122912730                              {pd product} {ergonomic}
    uintx ReservedCodeCacheSize                    = 251658240                              {pd product} {ergonomic}
     bool SegmentedCodeCache                       = true                                      {product} {ergonomic}
   size_t SoftMaxHeapSize                          = 2147483648                             {manageable} {ergonomic}
     bool UseCompressedClassPointers               = true                           {product lp64_product} {ergonomic}
     bool UseCompressedOops                        = true                           {product lp64_product} {ergonomic}
     bool UseG1GC                                  = true                                      {product} {ergonomic}
     bool UseLargePagesIndividualAllocation        = false                                  {pd product} {ergonomic}

Logging:
Log output configuration:
 #0: stdout all=warning uptime,level,tags
 #1: stderr all=off uptime,level,tags

Environment Variables:
PATH=C:\Program Files\Common Files\Oracle\Java\javapath;C:\Program Files\Microsoft\jdk-11.0.16.101-hotspot\bin;C:\Windows\system32;C:\Windows;C:\Windows\System32\Wbem;C:\Windows\System32\WindowsPowerShell\v1.0\;C:\Windows\System32\OpenSSH\;C:\Program Files\Git\cmd;C:\Users\Mr\AppData\Local\Microsoft\WindowsApps;E:\Microsoft VS Code\bin;C:\Program Files (x86)\Inno Setup 6;
USERNAME=Mr
OS=Windows_NT
PROCESSOR_IDENTIFIER=Intel64 Family 6 Model 142 Stepping 9, GenuineIntel
TMP=C:\Users\Mr\AppData\Local\Temp
TEMP=C:\Users\Mr\AppData\Local\Temp


JNI global refs:
JNI global refs: 27, weak refs: 68

JNI global refs memory usage: 843, weak refs: 1473


---------------  S Y S T E M  ---------------

OS:
 Windows 11 , 64 bit Build 22621 (10.0.22621.3235)
OS uptime: 4 days 18:54 hours

CPU: total 4 (initial active 4) (2 cores per cpu, 2 threads per core) family 6 model 142 stepping 9 microcode 0xde, cx8, cmov, fxsr, ht, mmx, 3dnowpref, sse, sse2, sse3, ssse3, sse4.1, sse4.2, popcnt, lzcnt, tsc, tscinvbit, avx, avx2, aes, erms, clmul, bmi1, bmi2, rtm, adx, fma, vzeroupper, clflush, clflushopt

Memory: 4k page, system-wide physical 8071M (819M free)
TotalPageFile size 11741M (AvailPageFile size 264M)
current process WorkingSet (physical memory assigned to process): 570M, peak: 570M
current process commit charge ("private bytes"): 600M, peak: 883M

vm_info: OpenJDK 64-Bit Server VM (17.0.6+0-b2043.56-10027231) for windows-amd64 JRE (17.0.6+0-b2043.56-10027231), built on Apr 28 2023 00:43:19 by "androidbuild" with MS VC++ 16.10 / 16.11 (VS2019)

END.
