#
# There is insufficient memory for the Java Runtime Environment to continue.
# Native memory allocation (mmap) failed to map 414187520 bytes for G1 virtual space
# Possible reasons:
#   The system is out of physical RAM or swap space
#   The process is running with CompressedOops enabled, and the Java Heap may be blocking the growth of the native heap
# Possible solutions:
#   Reduce memory load on the system
#   Increase physical memory or swap space
#   Check if swap backing store is full
#   Decrease Java heap size (-Xmx/-Xms)
#   Decrease number of Java threads
#   Decrease Java thread stack sizes (-Xss)
#   Set larger code cache with -XX:ReservedCodeCacheSize=
#   JVM is running with Unscaled Compressed Oops mode in which the Java heap is
#     placed in the first 4GB address space. The Java Heap base address is the
#     maximum limit for the native heap growth. Please use -XX:HeapBaseMinAddress
#     to set the Java Heap base and to place the Java Heap above 4GB virtual address.
# This output file may be truncated or incomplete.
#
#  Out of Memory Error (os_windows.cpp:3769), pid=10688, tid=11920
#
# JRE version: OpenJDK Runtime Environment (17.0.6) (build 17.0.6+0-b2043.56-10027231)
# Java VM: OpenJDK 64-Bit Server VM (17.0.6+0-b2043.56-10027231, mixed mode, tiered, compressed oops, compressed class ptrs, g1 gc, windows-amd64)
# No core dump will be written. Minidumps are not enabled by default on client versions of Windows
#

---------------  S U M M A R Y ------------

Command Line: --add-opens=java.base/java.util=ALL-UNNAMED --add-opens=java.base/java.lang=ALL-UNNAMED --add-opens=java.base/java.lang.invoke=ALL-UNNAMED --add-opens=java.prefs/java.util.prefs=ALL-UNNAMED --add-opens=java.base/java.nio.charset=ALL-UNNAMED --add-opens=java.base/java.net=ALL-UNNAMED --add-opens=java.base/java.util.concurrent.atomic=ALL-UNNAMED -Xmx2048m -Dfile.encoding=UTF-8 -Duser.country=US -Duser.language=en -Duser.variant org.gradle.launcher.daemon.bootstrap.GradleDaemon 8.0

Host: Intel(R) Core(TM) i5-7300U CPU @ 2.60GHz, 4 cores, 7G,  Windows 11 , 64 bit Build 22621 (10.0.22621.3235)
Time: Sat Apr 20 16:18:07 2024 Pakistan Standard Time elapsed time: 25.477924 seconds (0d 0h 0m 25s)

---------------  T H R E A D  ---------------

Current thread (0x000001d1ff19d620):  VMThread "VM Thread" [stack: 0x000000ca00c00000,0x000000ca00d00000] [id=11920]

Stack: [0x000000ca00c00000,0x000000ca00d00000]
Native frames: (J=compiled Java code, j=interpreted, Vv=VM code, C=native code)
V  [jvm.dll+0x683c9a]
V  [jvm.dll+0x8427a4]
V  [jvm.dll+0x843f9e]
V  [jvm.dll+0x844603]
V  [jvm.dll+0x249b75]
V  [jvm.dll+0x680b69]
V  [jvm.dll+0x67505a]
V  [jvm.dll+0x309acb]
V  [jvm.dll+0x310f86]
V  [jvm.dll+0x3608ee]
V  [jvm.dll+0x360b1f]
V  [jvm.dll+0x2dfbf8]
V  [jvm.dll+0x2ddec4]
V  [jvm.dll+0x2dd4cc]
V  [jvm.dll+0x322261]
V  [jvm.dll+0x848ccb]
V  [jvm.dll+0x849a04]
V  [jvm.dll+0x849f1d]
V  [jvm.dll+0x84a2f4]
V  [jvm.dll+0x84a3c0]
V  [jvm.dll+0x7f274a]
V  [jvm.dll+0x682ad5]
C  [ucrtbase.dll+0x29363]
C  [KERNEL32.DLL+0x1257d]
C  [ntdll.dll+0x5aa58]

VM_Operation (0x000000ca06ffcf40): G1TryInitiateConcMark, mode: safepoint, requested by thread 0x000001d18bbf4c50


---------------  P R O C E S S  ---------------

Threads class SMR info:
_java_thread_list=0x000001d18e64d910, length=95, elements={
0x000001d1e9b1e050, 0x000001d1ff1a1250, 0x000001d1ff1a20c0, 0x000001d1ff1ce790,
0x000001d1ffc1b400, 0x000001d1ffc1bfb0, 0x000001d1ffc1e970, 0x000001d1ffc1f700,
0x000001d1ffc236a0, 0x000001d1ffc2e0b0, 0x000001d1ffd9cff0, 0x000001d1ffd9d4c0,
0x000001d1874ffc10, 0x000001d186c4a670, 0x000001d1886b3e80, 0x000001d187376900,
0x000001d1875bbb60, 0x000001d188a92620, 0x000001d188a94300, 0x000001d188a92150,
0x000001d188a93490, 0x000001d188a92af0, 0x000001d188a912e0, 0x000001d188a93960,
0x000001d188a94ca0, 0x000001d188a947d0, 0x000001d188a92fc0, 0x000001d188a917b0,
0x000001d188a91c80, 0x000001d188a93e30, 0x000001d189fa6060, 0x000001d189fa2b70,
0x000001d189fa51f0, 0x000001d189fa6a00, 0x000001d188a254f0, 0x000001d189fa4380,
0x000001d189fa4850, 0x000001d189fa56c0, 0x000001d189fa39e0, 0x000001d189fa8210,
0x000001d189fa73a0, 0x000001d189fa5b90, 0x000001d189fa8bb0, 0x000001d189fa7870,
0x000001d189fa7d40, 0x000001d189fa9a20, 0x000001d189fa3040, 0x000001d189fa86e0,
0x000001d189fa21d0, 0x000001d189fa26a0, 0x000001d189fa3eb0, 0x000001d18bcc75f0,
0x000001d18bcc7ac0, 0x000001d18bcc5440, 0x000001d18bcc5de0, 0x000001d18bcc8930,
0x000001d18bcc92d0, 0x000001d18bcc2dc0, 0x000001d18bcc7f90, 0x000001d18bcc62b0,
0x000001d18bcc97a0, 0x000001d18bcc28f0, 0x000001d18bcc4100, 0x000001d18bcc45d0,
0x000001d18bcc8460, 0x000001d18bcc6780, 0x000001d18bcca140, 0x000001d18bcc5910,
0x000001d18bcc3760, 0x000001d18bcc6c50, 0x000001d18bcc7120, 0x000001d18bcc4f70,
0x000001d18bcc4aa0, 0x000001d18bcc8e00, 0x000001d18bcc9c70, 0x000001d18bcc3290,
0x000001d18bcc3c30, 0x000001d187355dc0, 0x000001d1873575d0, 0x000001d18735c2d0,
0x000001d18735b930, 0x000001d18735be00, 0x000001d1873558f0, 0x000001d1ff1285a0,
0x000001d18735c7a0, 0x000001d18735aac0, 0x000001d18735b460, 0x000001d18bbf3440,
0x000001d18bbf3910, 0x000001d18bbf3de0, 0x000001d1873592b0, 0x000001d187356c30,
0x000001d18bbf42b0, 0x000001d18bbf4c50, 0x000001d18bbf4780
}

Java Threads: ( => current thread )
  0x000001d1e9b1e050 JavaThread "main" [_thread_blocked, id=10472, stack(0x000000ca00600000,0x000000ca00700000)]
  0x000001d1ff1a1250 JavaThread "Reference Handler" daemon [_thread_blocked, id=2072, stack(0x000000ca00d00000,0x000000ca00e00000)]
  0x000001d1ff1a20c0 JavaThread "Finalizer" daemon [_thread_blocked, id=3580, stack(0x000000ca00e00000,0x000000ca00f00000)]
  0x000001d1ff1ce790 JavaThread "Signal Dispatcher" daemon [_thread_blocked, id=13588, stack(0x000000ca01000000,0x000000ca01100000)]
  0x000001d1ffc1b400 JavaThread "Attach Listener" daemon [_thread_blocked, id=1140, stack(0x000000ca01100000,0x000000ca01200000)]
  0x000001d1ffc1bfb0 JavaThread "Service Thread" daemon [_thread_blocked, id=16084, stack(0x000000ca01200000,0x000000ca01300000)]
  0x000001d1ffc1e970 JavaThread "Monitor Deflation Thread" daemon [_thread_blocked, id=14680, stack(0x000000ca01300000,0x000000ca01400000)]
  0x000001d1ffc1f700 JavaThread "C2 CompilerThread0" daemon [_thread_blocked, id=11028, stack(0x000000ca01400000,0x000000ca01500000)]
  0x000001d1ffc236a0 JavaThread "C1 CompilerThread0" daemon [_thread_blocked, id=2944, stack(0x000000ca01500000,0x000000ca01600000)]
  0x000001d1ffc2e0b0 JavaThread "Sweeper thread" daemon [_thread_blocked, id=15384, stack(0x000000ca01600000,0x000000ca01700000)]
  0x000001d1ffd9cff0 JavaThread "Common-Cleaner" daemon [_thread_blocked, id=10652, stack(0x000000ca01700000,0x000000ca01800000)]
  0x000001d1ffd9d4c0 JavaThread "Notification Thread" daemon [_thread_blocked, id=12772, stack(0x000000ca01800000,0x000000ca01900000)]
  0x000001d1874ffc10 JavaThread "Daemon health stats" [_thread_blocked, id=6132, stack(0x000000ca01e00000,0x000000ca01f00000)]
  0x000001d186c4a670 JavaThread "Incoming local TCP Connector on port 53350" [_thread_in_native, id=16164, stack(0x000000ca01c00000,0x000000ca01d00000)]
  0x000001d1886b3e80 JavaThread "Daemon periodic checks" [_thread_blocked, id=552, stack(0x000000ca01f00000,0x000000ca02000000)]
  0x000001d187376900 JavaThread "Daemon" [_thread_blocked, id=5748, stack(0x000000ca02100000,0x000000ca02200000)]
  0x000001d1875bbb60 JavaThread "Handler for socket connection from /127.0.0.1:53350 to /127.0.0.1:53351" [_thread_in_native, id=14872, stack(0x000000ca02200000,0x000000ca02300000)]
  0x000001d188a92620 JavaThread "Cancel handler" [_thread_blocked, id=4280, stack(0x000000ca02300000,0x000000ca02400000)]
  0x000001d188a94300 JavaThread "Daemon worker" [_thread_blocked, id=4284, stack(0x000000ca02400000,0x000000ca02500000)]
  0x000001d188a92150 JavaThread "Asynchronous log dispatcher for DefaultDaemonConnection: socket connection from /127.0.0.1:53350 to /127.0.0.1:53351" [_thread_blocked, id=1040, stack(0x000000ca02500000,0x000000ca02600000)]
  0x000001d188a93490 JavaThread "Stdin handler" [_thread_blocked, id=1368, stack(0x000000ca02600000,0x000000ca02700000)]
  0x000001d188a92af0 JavaThread "Daemon client event forwarder" [_thread_blocked, id=9648, stack(0x000000ca02700000,0x000000ca02800000)]
  0x000001d188a912e0 JavaThread "Cache worker for journal cache (C:\Users\Mr\.gradle\caches\journal-1)" [_thread_blocked, id=6532, stack(0x000000ca02800000,0x000000ca02900000)]
  0x000001d188a93960 JavaThread "File lock request listener" [_thread_in_native, id=5108, stack(0x000000ca02900000,0x000000ca02a00000)]
  0x000001d188a94ca0 JavaThread "Cache worker for file hash cache (C:\Users\Mr\.gradle\caches\8.0\fileHashes)" [_thread_blocked, id=9880, stack(0x000000ca02a00000,0x000000ca02b00000)]
  0x000001d188a947d0 JavaThread "File watcher server" daemon [_thread_blocked, id=15112, stack(0x000000ca02b00000,0x000000ca02c00000)]
  0x000001d188a92fc0 JavaThread "File watcher consumer" daemon [_thread_blocked, id=14904, stack(0x000000ca02c00000,0x000000ca02d00000)]
  0x000001d188a917b0 JavaThread "Cache worker for checksums cache (E:\GroceryApp\.gradle\8.0\checksums)" [_thread_blocked, id=11504, stack(0x000000ca02d00000,0x000000ca02e00000)]
  0x000001d188a91c80 JavaThread "Cache worker for cache directory md-rule (C:\Users\Mr\.gradle\caches\8.0\md-rule)" [_thread_blocked, id=14684, stack(0x000000ca02e00000,0x000000ca02f00000)]
  0x000001d188a93e30 JavaThread "Cache worker for file content cache (C:\Users\Mr\.gradle\caches\8.0\fileContent)" [_thread_blocked, id=14300, stack(0x000000ca02f00000,0x000000ca03000000)]
  0x000001d189fa6060 JavaThread "Cache worker for file hash cache (E:\GroceryApp\.gradle\8.0\fileHashes)" [_thread_blocked, id=7336, stack(0x000000ca03000000,0x000000ca03100000)]
  0x000001d189fa2b70 JavaThread "Cache worker for cache directory md-supplier (C:\Users\Mr\.gradle\caches\8.0\md-supplier)" [_thread_blocked, id=12876, stack(0x000000ca03100000,0x000000ca03200000)]
  0x000001d189fa51f0 JavaThread "Cache worker for execution history cache (C:\Users\Mr\.gradle\caches\8.0\executionHistory)" [_thread_blocked, id=5060, stack(0x000000ca02000000,0x000000ca02100000)]
  0x000001d189fa6a00 JavaThread "jar transforms" [_thread_blocked, id=16112, stack(0x000000ca03200000,0x000000ca03300000)]
  0x000001d188a254f0 JavaThread "C2 CompilerThread1" daemon [_thread_blocked, id=16104, stack(0x000000ca03300000,0x000000ca03400000)]
  0x000001d189fa4380 JavaThread "jar transforms Thread 2" [_thread_blocked, id=14604, stack(0x000000ca03400000,0x000000ca03500000)]
  0x000001d189fa4850 JavaThread "Cache worker for kotlin-dsl (C:\Users\Mr\.gradle\caches\8.0\kotlin-dsl)" [_thread_blocked, id=12948, stack(0x000000ca03600000,0x000000ca03700000)]
  0x000001d189fa56c0 JavaThread "jar transforms Thread 3" [_thread_blocked, id=13764, stack(0x000000ca03700000,0x000000ca03800000)]
  0x000001d189fa39e0 JavaThread "jar transforms Thread 4" [_thread_blocked, id=3276, stack(0x000000ca03800000,0x000000ca03900000)]
  0x000001d189fa8210 JavaThread "Cache worker for dependencies-accessors (E:\GroceryApp\.gradle\8.0\dependencies-accessors)" [_thread_blocked, id=12140, stack(0x000000ca03900000,0x000000ca03a00000)]
  0x000001d189fa73a0 JavaThread "Cache worker for Build Output Cleanup Cache (E:\GroceryApp\.gradle\buildOutputCleanup)" [_thread_blocked, id=14264, stack(0x000000ca03a00000,0x000000ca03b00000)]
  0x000001d189fa5b90 JavaThread "Unconstrained build operations" [_thread_blocked, id=13300, stack(0x000000ca03b00000,0x000000ca03c00000)]
  0x000001d189fa8bb0 JavaThread "Unconstrained build operations Thread 2" [_thread_blocked, id=4132, stack(0x000000ca03c00000,0x000000ca03d00000)]
  0x000001d189fa7870 JavaThread "Unconstrained build operations Thread 3" [_thread_blocked, id=13048, stack(0x000000ca03d00000,0x000000ca03e00000)]
  0x000001d189fa7d40 JavaThread "Unconstrained build operations Thread 4" [_thread_blocked, id=15396, stack(0x000000ca03e00000,0x000000ca03f00000)]
  0x000001d189fa9a20 JavaThread "Unconstrained build operations Thread 5" [_thread_blocked, id=14468, stack(0x000000ca03f00000,0x000000ca04000000)]
  0x000001d189fa3040 JavaThread "Unconstrained build operations Thread 6" [_thread_blocked, id=5404, stack(0x000000ca04000000,0x000000ca04100000)]
  0x000001d189fa86e0 JavaThread "Unconstrained build operations Thread 7" [_thread_blocked, id=1572, stack(0x000000ca04100000,0x000000ca04200000)]
  0x000001d189fa21d0 JavaThread "Unconstrained build operations Thread 8" [_thread_blocked, id=7084, stack(0x000000ca04200000,0x000000ca04300000)]
  0x000001d189fa26a0 JavaThread "Unconstrained build operations Thread 9" [_thread_blocked, id=924, stack(0x000000ca04300000,0x000000ca04400000)]
  0x000001d189fa3eb0 JavaThread "Unconstrained build operations Thread 10" [_thread_blocked, id=8860, stack(0x000000ca04400000,0x000000ca04500000)]
  0x000001d18bcc75f0 JavaThread "Unconstrained build operations Thread 11" [_thread_blocked, id=10968, stack(0x000000ca04500000,0x000000ca04600000)]
  0x000001d18bcc7ac0 JavaThread "Unconstrained build operations Thread 12" [_thread_blocked, id=9544, stack(0x000000ca04600000,0x000000ca04700000)]
  0x000001d18bcc5440 JavaThread "Unconstrained build operations Thread 13" [_thread_blocked, id=272, stack(0x000000ca04700000,0x000000ca04800000)]
  0x000001d18bcc5de0 JavaThread "Unconstrained build operations Thread 14" [_thread_blocked, id=13732, stack(0x000000ca04800000,0x000000ca04900000)]
  0x000001d18bcc8930 JavaThread "Unconstrained build operations Thread 15" [_thread_blocked, id=13840, stack(0x000000ca04900000,0x000000ca04a00000)]
  0x000001d18bcc92d0 JavaThread "Unconstrained build operations Thread 16" [_thread_blocked, id=12576, stack(0x000000ca04a00000,0x000000ca04b00000)]
  0x000001d18bcc2dc0 JavaThread "Unconstrained build operations Thread 17" [_thread_blocked, id=1960, stack(0x000000ca04b00000,0x000000ca04c00000)]
  0x000001d18bcc7f90 JavaThread "Unconstrained build operations Thread 18" [_thread_blocked, id=6200, stack(0x000000ca04c00000,0x000000ca04d00000)]
  0x000001d18bcc62b0 JavaThread "Unconstrained build operations Thread 19" [_thread_blocked, id=14220, stack(0x000000ca04d00000,0x000000ca04e00000)]
  0x000001d18bcc97a0 JavaThread "Unconstrained build operations Thread 20" [_thread_blocked, id=10596, stack(0x000000ca04e00000,0x000000ca04f00000)]
  0x000001d18bcc28f0 JavaThread "Unconstrained build operations Thread 21" [_thread_blocked, id=2436, stack(0x000000ca04f00000,0x000000ca05000000)]
  0x000001d18bcc4100 JavaThread "Unconstrained build operations Thread 22" [_thread_blocked, id=8808, stack(0x000000ca05000000,0x000000ca05100000)]
  0x000001d18bcc45d0 JavaThread "Unconstrained build operations Thread 23" [_thread_blocked, id=3564, stack(0x000000ca05100000,0x000000ca05200000)]
  0x000001d18bcc8460 JavaThread "Unconstrained build operations Thread 24" [_thread_blocked, id=6776, stack(0x000000ca05200000,0x000000ca05300000)]
  0x000001d18bcc6780 JavaThread "Unconstrained build operations Thread 25" [_thread_blocked, id=5012, stack(0x000000ca05300000,0x000000ca05400000)]
  0x000001d18bcca140 JavaThread "Unconstrained build operations Thread 26" [_thread_blocked, id=4680, stack(0x000000ca05400000,0x000000ca05500000)]
  0x000001d18bcc5910 JavaThread "Unconstrained build operations Thread 27" [_thread_blocked, id=12340, stack(0x000000ca05500000,0x000000ca05600000)]
  0x000001d18bcc3760 JavaThread "Unconstrained build operations Thread 28" [_thread_blocked, id=3320, stack(0x000000ca05600000,0x000000ca05700000)]
  0x000001d18bcc6c50 JavaThread "Unconstrained build operations Thread 29" [_thread_blocked, id=5116, stack(0x000000ca05700000,0x000000ca05800000)]
  0x000001d18bcc7120 JavaThread "Unconstrained build operations Thread 30" [_thread_blocked, id=4188, stack(0x000000ca05800000,0x000000ca05900000)]
  0x000001d18bcc4f70 JavaThread "Unconstrained build operations Thread 31" [_thread_blocked, id=12720, stack(0x000000ca05900000,0x000000ca05a00000)]
  0x000001d18bcc4aa0 JavaThread "Unconstrained build operations Thread 32" [_thread_blocked, id=5660, stack(0x000000ca05a00000,0x000000ca05b00000)]
  0x000001d18bcc8e00 JavaThread "Unconstrained build operations Thread 33" [_thread_blocked, id=15000, stack(0x000000ca05b00000,0x000000ca05c00000)]
  0x000001d18bcc9c70 JavaThread "Unconstrained build operations Thread 34" [_thread_blocked, id=9636, stack(0x000000ca05c00000,0x000000ca05d00000)]
  0x000001d18bcc3290 JavaThread "Unconstrained build operations Thread 35" [_thread_blocked, id=11508, stack(0x000000ca05d00000,0x000000ca05e00000)]
  0x000001d18bcc3c30 JavaThread "Unconstrained build operations Thread 36" [_thread_blocked, id=13036, stack(0x000000ca05e00000,0x000000ca05f00000)]
  0x000001d187355dc0 JavaThread "Unconstrained build operations Thread 37" [_thread_blocked, id=10132, stack(0x000000ca05f00000,0x000000ca06000000)]
  0x000001d1873575d0 JavaThread "Unconstrained build operations Thread 38" [_thread_blocked, id=13060, stack(0x000000ca06000000,0x000000ca06100000)]
  0x000001d18735c2d0 JavaThread "Unconstrained build operations Thread 39" [_thread_blocked, id=5468, stack(0x000000ca06100000,0x000000ca06200000)]
  0x000001d18735b930 JavaThread "Unconstrained build operations Thread 40" [_thread_blocked, id=15200, stack(0x000000ca06200000,0x000000ca06300000)]
  0x000001d18735be00 JavaThread "build event listener" [_thread_blocked, id=4992, stack(0x000000ca06300000,0x000000ca06400000)]
  0x000001d1873558f0 JavaThread "Memory manager" [_thread_blocked, id=11456, stack(0x000000ca06400000,0x000000ca06500000)]
  0x000001d1ff1285a0 JavaThread "included builds" [_thread_blocked, id=5560, stack(0x000000ca06500000,0x000000ca06600000)]
  0x000001d18735c7a0 JavaThread "Execution worker" [_thread_blocked, id=7900, stack(0x000000ca06600000,0x000000ca06700000)]
  0x000001d18735aac0 JavaThread "Execution worker Thread 2" [_thread_blocked, id=2364, stack(0x000000ca06700000,0x000000ca06800000)]
  0x000001d18735b460 JavaThread "Execution worker Thread 3" [_thread_blocked, id=11192, stack(0x000000ca06800000,0x000000ca06900000)]
  0x000001d18bbf3440 JavaThread "Cache worker for execution history cache (E:\GroceryApp\.gradle\8.0\executionHistory)" [_thread_blocked, id=16204, stack(0x000000ca06900000,0x000000ca06a00000)]
  0x000001d18bbf3910 JavaThread "WorkerExecutor Queue" [_thread_blocked, id=9540, stack(0x000000ca06a00000,0x000000ca06b00000)]
  0x000001d18bbf3de0 JavaThread "pool-3-thread-1" [_thread_blocked, id=3624, stack(0x000000ca06b00000,0x000000ca06c00000)]
  0x000001d1873592b0 JavaThread "stderr" [_thread_in_native, id=6012, stack(0x000000ca06c00000,0x000000ca06d00000)]
  0x000001d187356c30 JavaThread "stdout" [_thread_in_native, id=8044, stack(0x000000ca06d00000,0x000000ca06e00000)]
  0x000001d18bbf42b0 JavaThread "WorkerExecutor Queue Thread 2" [_thread_blocked, id=1604, stack(0x000000ca06e00000,0x000000ca06f00000)]
  0x000001d18bbf4c50 JavaThread "WorkerExecutor Queue Thread 3" [_thread_blocked, id=12300, stack(0x000000ca06f00000,0x000000ca07000000)]
  0x000001d18bbf4780 JavaThread "WorkerExecutor Queue Thread 4" [_thread_blocked, id=3880, stack(0x000000ca07000000,0x000000ca07100000)]

Other Threads:
=>0x000001d1ff19d620 VMThread "VM Thread" [stack: 0x000000ca00c00000,0x000000ca00d00000] [id=11920]
  0x000001d1ebc59720 WatcherThread [stack: 0x000000ca01900000,0x000000ca01a00000] [id=4552]
  0x000001d1ebc373f0 GCTaskThread "GC Thread#0" [stack: 0x000000ca00700000,0x000000ca00800000] [id=580]
  0x000001d18601a0c0 GCTaskThread "GC Thread#1" [stack: 0x000000ca01a00000,0x000000ca01b00000] [id=10356]
  0x000001d18601a370 GCTaskThread "GC Thread#2" [stack: 0x000000ca01b00000,0x000000ca01c00000] [id=11544]
  0x000001d186c5a720 GCTaskThread "GC Thread#3" [stack: 0x000000ca01d00000,0x000000ca01e00000] [id=3760]
  0x000001d1ebc48ad0 ConcurrentGCThread "G1 Main Marker" [stack: 0x000000ca00800000,0x000000ca00900000] [id=11276]
  0x000001d1ebc494e0 ConcurrentGCThread "G1 Conc#0" [stack: 0x000000ca00900000,0x000000ca00a00000] [id=8328]
  0x000001d1feff44c0 ConcurrentGCThread "G1 Refine#0" [stack: 0x000000ca00a00000,0x000000ca00b00000] [id=15376]
  0x000001d189aee060 ConcurrentGCThread "G1 Refine#1" [stack: 0x000000ca03500000,0x000000ca03600000] [id=1656]
  0x000001d18b440000 ConcurrentGCThread "G1 Refine#2" [stack: 0x000000ca07100000,0x000000ca07200000] [id=14892]
  0x000001d1feff8d00 ConcurrentGCThread "G1 Service" [stack: 0x000000ca00b00000,0x000000ca00c00000] [id=8112]

Threads with active compile tasks:
C2 CompilerThread0    25520 11901       4       com.android.tools.r8.dex.B::l (1921 bytes)
C2 CompilerThread1    25520 11944       4       java.nio.HeapByteBuffer::getInt (30 bytes)

VM state: at safepoint (normal execution)

VM Mutex/Monitor currently owned by a thread:  ([mutex/lock_event])
[0x000001d1e9b1b200] Threads_lock - owner thread: 0x000001d1ff19d620
[0x000001d1e9b1a480] Heap_lock - owner thread: 0x000001d18bbf4c50

Heap address: 0x0000000080000000, size: 2048 MB, Compressed Oops mode: 32-bit

CDS archive(s) not mapped
Compressed class space mapped at: 0x0000000100000000-0x0000000140000000, reserved size: 1073741824
Narrow klass base: 0x0000000000000000, Narrow klass shift: 3, Narrow klass range: 0x140000000

GC Precious Log:
 CPUs: 4 total, 4 available
 Memory: 8071M
 Large Page Support: Disabled
 NUMA Support: Disabled
 Compressed Oops: Enabled (32-bit)
 Heap Region Size: 1M
 Heap Min Capacity: 8M
 Heap Initial Capacity: 128M
 Heap Max Capacity: 2G
 Pre-touch: Disabled
 Parallel Workers: 4
 Concurrent Workers: 1
 Concurrent Refinement Workers: 4
 Periodic GC: Disabled

Heap:
 garbage-first heap   total 268288K, used 135288K [0x0000000080000000, 0x0000000100000000)
  region size 1024K, 1 young (1024K), 1 survivors (1024K)
 Metaspace       used 97111K, committed 97792K, reserved 1138688K
  class space    used 13197K, committed 13504K, reserved 1048576K

Heap Regions: E=young(eden), S=young(survivor), O=old, HS=humongous(starts), HC=humongous(continues), CS=collection set, F=free, OA=open archive, CA=closed archive, TAMS=top-at-mark-start (previous, next)
|   0|0x0000000080000000, 0x0000000080100000, 0x0000000080100000|100%| O|  |TAMS 0x0000000080100000, 0x0000000080100000| Untracked 
|   1|0x0000000080100000, 0x0000000080200000, 0x0000000080200000|100%| O|  |TAMS 0x0000000080200000, 0x0000000080200000| Untracked 
|   2|0x0000000080200000, 0x0000000080300000, 0x0000000080300000|100%|HS|  |TAMS 0x0000000080300000, 0x0000000080300000| Complete 
|   3|0x0000000080300000, 0x0000000080400000, 0x0000000080400000|100%|HC|  |TAMS 0x0000000080400000, 0x0000000080400000| Complete 
|   4|0x0000000080400000, 0x0000000080500000, 0x0000000080500000|100%|HC|  |TAMS 0x0000000080500000, 0x0000000080500000| Complete 
|   5|0x0000000080500000, 0x0000000080600000, 0x0000000080600000|100%|HC|  |TAMS 0x0000000080600000, 0x0000000080600000| Complete 
|   6|0x0000000080600000, 0x0000000080700000, 0x0000000080700000|100%| O|  |TAMS 0x0000000080700000, 0x0000000080700000| Untracked 
|   7|0x0000000080700000, 0x0000000080800000, 0x0000000080800000|100%| O|  |TAMS 0x0000000080800000, 0x0000000080800000| Untracked 
|   8|0x0000000080800000, 0x0000000080900000, 0x0000000080900000|100%| O|  |TAMS 0x0000000080900000, 0x0000000080900000| Untracked 
|   9|0x0000000080900000, 0x0000000080a00000, 0x0000000080a00000|100%| O|  |TAMS 0x0000000080a00000, 0x0000000080a00000| Untracked 
|  10|0x0000000080a00000, 0x0000000080b00000, 0x0000000080b00000|100%| O|  |TAMS 0x0000000080b00000, 0x0000000080b00000| Untracked 
|  11|0x0000000080b00000, 0x0000000080c00000, 0x0000000080c00000|100%| O|  |TAMS 0x0000000080c00000, 0x0000000080c00000| Untracked 
|  12|0x0000000080c00000, 0x0000000080d00000, 0x0000000080d00000|100%| O|  |TAMS 0x0000000080d00000, 0x0000000080d00000| Untracked 
|  13|0x0000000080d00000, 0x0000000080e00000, 0x0000000080e00000|100%| O|  |TAMS 0x0000000080e00000, 0x0000000080e00000| Untracked 
|  14|0x0000000080e00000, 0x0000000080f00000, 0x0000000080f00000|100%| O|  |TAMS 0x0000000080f00000, 0x0000000080f00000| Untracked 
|  15|0x0000000080f00000, 0x0000000081000000, 0x0000000081000000|100%| O|  |TAMS 0x0000000081000000, 0x0000000081000000| Untracked 
|  16|0x0000000081000000, 0x0000000081100000, 0x0000000081100000|100%| O|  |TAMS 0x0000000081100000, 0x0000000081100000| Untracked 
|  17|0x0000000081100000, 0x0000000081200000, 0x0000000081200000|100%| O|  |TAMS 0x0000000081200000, 0x0000000081200000| Untracked 
|  18|0x0000000081200000, 0x0000000081300000, 0x0000000081300000|100%| O|  |TAMS 0x0000000081300000, 0x0000000081300000| Untracked 
|  19|0x0000000081300000, 0x0000000081400000, 0x0000000081400000|100%| O|  |TAMS 0x0000000081400000, 0x0000000081400000| Untracked 
|  20|0x0000000081400000, 0x0000000081500000, 0x0000000081500000|100%| O|  |TAMS 0x0000000081500000, 0x0000000081500000| Untracked 
|  21|0x0000000081500000, 0x0000000081600000, 0x0000000081600000|100%| O|  |TAMS 0x0000000081600000, 0x0000000081600000| Untracked 
|  22|0x0000000081600000, 0x0000000081700000, 0x0000000081700000|100%| O|  |TAMS 0x0000000081700000, 0x0000000081700000| Untracked 
|  23|0x0000000081700000, 0x0000000081800000, 0x0000000081800000|100%| O|  |TAMS 0x0000000081800000, 0x0000000081800000| Untracked 
|  24|0x0000000081800000, 0x0000000081900000, 0x0000000081900000|100%| O|  |TAMS 0x0000000081900000, 0x0000000081900000| Untracked 
|  25|0x0000000081900000, 0x0000000081a00000, 0x0000000081a00000|100%| O|  |TAMS 0x0000000081a00000, 0x0000000081a00000| Untracked 
|  26|0x0000000081a00000, 0x0000000081b00000, 0x0000000081b00000|100%|HS|  |TAMS 0x0000000081b00000, 0x0000000081b00000| Complete 
|  27|0x0000000081b00000, 0x0000000081c00000, 0x0000000081c00000|100%|HS|  |TAMS 0x0000000081c00000, 0x0000000081c00000| Complete 
|  28|0x0000000081c00000, 0x0000000081d00000, 0x0000000081d00000|100%| O|  |TAMS 0x0000000081d00000, 0x0000000081d00000| Untracked 
|  29|0x0000000081d00000, 0x0000000081e00000, 0x0000000081e00000|100%| O|  |TAMS 0x0000000081e00000, 0x0000000081e00000| Untracked 
|  30|0x0000000081e00000, 0x0000000081f00000, 0x0000000081f00000|100%| O|  |TAMS 0x0000000081f00000, 0x0000000081f00000| Untracked 
|  31|0x0000000081f00000, 0x0000000082000000, 0x0000000082000000|100%| O|  |TAMS 0x0000000082000000, 0x0000000082000000| Untracked 
|  32|0x0000000082000000, 0x0000000082100000, 0x0000000082100000|100%| O|  |TAMS 0x0000000082100000, 0x0000000082100000| Untracked 
|  33|0x0000000082100000, 0x0000000082200000, 0x0000000082200000|100%|HS|  |TAMS 0x0000000082200000, 0x0000000082200000| Complete 
|  34|0x0000000082200000, 0x0000000082300000, 0x0000000082300000|100%| O|  |TAMS 0x0000000082300000, 0x0000000082300000| Untracked 
|  35|0x0000000082300000, 0x0000000082400000, 0x0000000082400000|100%| O|  |TAMS 0x0000000082400000, 0x0000000082400000| Untracked 
|  36|0x0000000082400000, 0x0000000082500000, 0x0000000082500000|100%| O|  |TAMS 0x0000000082500000, 0x0000000082500000| Untracked 
|  37|0x0000000082500000, 0x0000000082600000, 0x0000000082600000|100%| O|  |TAMS 0x0000000082600000, 0x0000000082600000| Untracked 
|  38|0x0000000082600000, 0x00000000826a4000, 0x0000000082700000| 64%| O|  |TAMS 0x00000000826a4000, 0x00000000826a4000| Untracked 
|  39|0x0000000082700000, 0x0000000082800000, 0x0000000082800000|100%| O|  |TAMS 0x0000000082800000, 0x0000000082800000| Untracked 
|  40|0x0000000082800000, 0x0000000082900000, 0x0000000082900000|100%| O|  |TAMS 0x0000000082900000, 0x0000000082900000| Untracked 
|  41|0x0000000082900000, 0x0000000082a00000, 0x0000000082a00000|100%| O|  |TAMS 0x0000000082a00000, 0x0000000082a00000| Untracked 
|  42|0x0000000082a00000, 0x0000000082b00000, 0x0000000082b00000|100%| O|  |TAMS 0x0000000082b00000, 0x0000000082b00000| Untracked 
|  43|0x0000000082b00000, 0x0000000082c00000, 0x0000000082c00000|100%| O|  |TAMS 0x0000000082c00000, 0x0000000082c00000| Untracked 
|  44|0x0000000082c00000, 0x0000000082d00000, 0x0000000082d00000|100%| O|  |TAMS 0x0000000082d00000, 0x0000000082d00000| Untracked 
|  45|0x0000000082d00000, 0x0000000082e00000, 0x0000000082e00000|100%| O|  |TAMS 0x0000000082e00000, 0x0000000082e00000| Untracked 
|  46|0x0000000082e00000, 0x0000000082f00000, 0x0000000082f00000|100%| O|  |TAMS 0x0000000082f00000, 0x0000000082f00000| Untracked 
|  47|0x0000000082f00000, 0x0000000083000000, 0x0000000083000000|100%| O|  |TAMS 0x0000000083000000, 0x0000000083000000| Untracked 
|  48|0x0000000083000000, 0x0000000083100000, 0x0000000083100000|100%| O|  |TAMS 0x0000000083100000, 0x0000000083100000| Untracked 
|  49|0x0000000083100000, 0x0000000083200000, 0x0000000083200000|100%| O|  |TAMS 0x0000000083200000, 0x0000000083200000| Untracked 
|  50|0x0000000083200000, 0x0000000083300000, 0x0000000083300000|100%| O|  |TAMS 0x0000000083300000, 0x0000000083300000| Untracked 
|  51|0x0000000083300000, 0x0000000083400000, 0x0000000083400000|100%| O|  |TAMS 0x0000000083400000, 0x0000000083400000| Untracked 
|  52|0x0000000083400000, 0x0000000083500000, 0x0000000083500000|100%| O|  |TAMS 0x0000000083500000, 0x0000000083500000| Untracked 
|  53|0x0000000083500000, 0x0000000083600000, 0x0000000083600000|100%| O|  |TAMS 0x0000000083600000, 0x0000000083600000| Untracked 
|  54|0x0000000083600000, 0x0000000083700000, 0x0000000083700000|100%| O|  |TAMS 0x0000000083700000, 0x0000000083700000| Untracked 
|  55|0x0000000083700000, 0x0000000083800000, 0x0000000083800000|100%| O|  |TAMS 0x0000000083800000, 0x0000000083800000| Untracked 
|  56|0x0000000083800000, 0x0000000083900000, 0x0000000083900000|100%| O|  |TAMS 0x0000000083900000, 0x0000000083900000| Untracked 
|  57|0x0000000083900000, 0x0000000083a00000, 0x0000000083a00000|100%| O|  |TAMS 0x0000000083a00000, 0x0000000083a00000| Untracked 
|  58|0x0000000083a00000, 0x0000000083b00000, 0x0000000083b00000|100%|HS|  |TAMS 0x0000000083a00000, 0x0000000083b00000| Complete 
|  59|0x0000000083b00000, 0x0000000083c00000, 0x0000000083c00000|100%| O|  |TAMS 0x0000000083c00000, 0x0000000083c00000| Untracked 
|  60|0x0000000083c00000, 0x0000000083d00000, 0x0000000083d00000|100%| O|  |TAMS 0x0000000083d00000, 0x0000000083d00000| Untracked 
|  61|0x0000000083d00000, 0x0000000083e00000, 0x0000000083e00000|100%| O|  |TAMS 0x0000000083e00000, 0x0000000083e00000| Untracked 
|  62|0x0000000083e00000, 0x0000000083f00000, 0x0000000083f00000|100%| O|  |TAMS 0x0000000083f00000, 0x0000000083f00000| Untracked 
|  63|0x0000000083f00000, 0x0000000084000000, 0x0000000084000000|100%| O|  |TAMS 0x0000000084000000, 0x0000000084000000| Untracked 
|  64|0x0000000084000000, 0x0000000084100000, 0x0000000084100000|100%| O|  |TAMS 0x0000000084100000, 0x0000000084100000| Untracked 
|  65|0x0000000084100000, 0x0000000084200000, 0x0000000084200000|100%| O|  |TAMS 0x0000000084200000, 0x0000000084200000| Untracked 
|  66|0x0000000084200000, 0x0000000084300000, 0x0000000084300000|100%| O|  |TAMS 0x0000000084300000, 0x0000000084300000| Untracked 
|  67|0x0000000084300000, 0x0000000084400000, 0x0000000084400000|100%| O|  |TAMS 0x0000000084400000, 0x0000000084400000| Untracked 
|  68|0x0000000084400000, 0x0000000084500000, 0x0000000084500000|100%| O|  |TAMS 0x0000000084500000, 0x0000000084500000| Untracked 
|  69|0x0000000084500000, 0x0000000084600000, 0x0000000084600000|100%| O|  |TAMS 0x0000000084600000, 0x0000000084600000| Untracked 
|  70|0x0000000084600000, 0x0000000084700000, 0x0000000084700000|100%| O|  |TAMS 0x0000000084700000, 0x0000000084700000| Untracked 
|  71|0x0000000084700000, 0x0000000084800000, 0x0000000084800000|100%| O|  |TAMS 0x0000000084800000, 0x0000000084800000| Untracked 
|  72|0x0000000084800000, 0x0000000084900000, 0x0000000084900000|100%| O|  |TAMS 0x0000000084900000, 0x0000000084900000| Untracked 
|  73|0x0000000084900000, 0x0000000084a00000, 0x0000000084a00000|100%| O|  |TAMS 0x0000000084a00000, 0x0000000084a00000| Untracked 
|  74|0x0000000084a00000, 0x0000000084b00000, 0x0000000084b00000|100%| O|  |TAMS 0x0000000084b00000, 0x0000000084b00000| Untracked 
|  75|0x0000000084b00000, 0x0000000084c00000, 0x0000000084c00000|100%| O|  |TAMS 0x0000000084c00000, 0x0000000084c00000| Untracked 
|  76|0x0000000084c00000, 0x0000000084d00000, 0x0000000084d00000|100%| O|  |TAMS 0x0000000084d00000, 0x0000000084d00000| Untracked 
|  77|0x0000000084d00000, 0x0000000084e00000, 0x0000000084e00000|100%| O|  |TAMS 0x0000000084e00000, 0x0000000084e00000| Untracked 
|  78|0x0000000084e00000, 0x0000000084e00000, 0x0000000084f00000|  0%| F|  |TAMS 0x0000000084e00000, 0x0000000084e00000| Untracked 
|  79|0x0000000084f00000, 0x0000000084f00000, 0x0000000085000000|  0%| F|  |TAMS 0x0000000084f00000, 0x0000000084f00000| Untracked 
|  80|0x0000000085000000, 0x0000000085100000, 0x0000000085100000|100%| O|  |TAMS 0x0000000085100000, 0x0000000085100000| Untracked 
|  81|0x0000000085100000, 0x0000000085200000, 0x0000000085200000|100%| O|  |TAMS 0x0000000085200000, 0x0000000085200000| Untracked 
|  82|0x0000000085200000, 0x0000000085300000, 0x0000000085300000|100%| O|  |TAMS 0x0000000085300000, 0x0000000085300000| Untracked 
|  83|0x0000000085300000, 0x0000000085400000, 0x0000000085400000|100%| O|  |TAMS 0x0000000085400000, 0x0000000085400000| Untracked 
|  84|0x0000000085400000, 0x0000000085500000, 0x0000000085500000|100%| O|  |TAMS 0x0000000085500000, 0x0000000085500000| Untracked 
|  85|0x0000000085500000, 0x0000000085600000, 0x0000000085600000|100%| O|  |TAMS 0x0000000085600000, 0x0000000085600000| Untracked 
|  86|0x0000000085600000, 0x0000000085700000, 0x0000000085700000|100%| O|  |TAMS 0x0000000085700000, 0x0000000085700000| Untracked 
|  87|0x0000000085700000, 0x0000000085800000, 0x0000000085800000|100%| O|  |TAMS 0x000000008574ee00, 0x0000000085800000| Untracked 
|  88|0x0000000085800000, 0x0000000085900000, 0x0000000085900000|100%|HS|  |TAMS 0x0000000085800000, 0x0000000085900000| Complete 
|  89|0x0000000085900000, 0x0000000085a00000, 0x0000000085a00000|100%|HC|  |TAMS 0x0000000085900000, 0x0000000085a00000| Complete 
|  90|0x0000000085a00000, 0x0000000085b00000, 0x0000000085b00000|100%|HS|  |TAMS 0x0000000085a00000, 0x0000000085b00000| Complete 
|  91|0x0000000085b00000, 0x0000000085c00000, 0x0000000085c00000|100%|HS|  |TAMS 0x0000000085b00000, 0x0000000085c00000| Complete 
|  92|0x0000000085c00000, 0x0000000085d00000, 0x0000000085d00000|100%|HC|  |TAMS 0x0000000085c00000, 0x0000000085d00000| Complete 
|  93|0x0000000085d00000, 0x0000000085e00000, 0x0000000085e00000|100%|HS|  |TAMS 0x0000000085d00000, 0x0000000085e00000| Complete 
|  94|0x0000000085e00000, 0x0000000085f00000, 0x0000000085f00000|100%|HC|  |TAMS 0x0000000085e00000, 0x0000000085f00000| Complete 
|  95|0x0000000085f00000, 0x0000000086000000, 0x0000000086000000|100%|HS|  |TAMS 0x0000000085f00000, 0x0000000086000000| Complete 
|  96|0x0000000086000000, 0x0000000086100000, 0x0000000086100000|100%|HC|  |TAMS 0x0000000086000000, 0x0000000086100000| Complete 
|  97|0x0000000086100000, 0x0000000086200000, 0x0000000086200000|100%|HC|  |TAMS 0x0000000086100000, 0x0000000086200000| Complete 
|  98|0x0000000086200000, 0x0000000086300000, 0x0000000086300000|100%| O|  |TAMS 0x0000000086200000, 0x0000000086300000| Untracked 
|  99|0x0000000086300000, 0x0000000086400000, 0x0000000086400000|100%| O|  |TAMS 0x0000000086300000, 0x0000000086400000| Untracked 
| 100|0x0000000086400000, 0x0000000086500000, 0x0000000086500000|100%| O|  |TAMS 0x0000000086400000, 0x0000000086500000| Untracked 
| 101|0x0000000086500000, 0x0000000086600000, 0x0000000086600000|100%|HS|  |TAMS 0x0000000086500000, 0x0000000086600000| Complete 
| 102|0x0000000086600000, 0x0000000086700000, 0x0000000086700000|100%|HC|  |TAMS 0x0000000086600000, 0x0000000086700000| Complete 
| 103|0x0000000086700000, 0x0000000086800000, 0x0000000086800000|100%| O|  |TAMS 0x0000000086700000, 0x0000000086800000| Untracked 
| 104|0x0000000086800000, 0x0000000086900000, 0x0000000086900000|100%|HS|  |TAMS 0x0000000086800000, 0x0000000086900000| Complete 
| 105|0x0000000086900000, 0x0000000086a00000, 0x0000000086a00000|100%| O|  |TAMS 0x0000000086900000, 0x0000000086a00000| Untracked 
| 106|0x0000000086a00000, 0x0000000086b00000, 0x0000000086b00000|100%|HS|  |TAMS 0x0000000086a00000, 0x0000000086b00000| Complete 
| 107|0x0000000086b00000, 0x0000000086c00000, 0x0000000086c00000|100%| O|  |TAMS 0x0000000086b00000, 0x0000000086c00000| Untracked 
| 108|0x0000000086c00000, 0x0000000086d00000, 0x0000000086d00000|100%| O|  |TAMS 0x0000000086c00000, 0x0000000086d00000| Untracked 
| 109|0x0000000086d00000, 0x0000000086e00000, 0x0000000086e00000|100%| O|  |TAMS 0x0000000086d00000, 0x0000000086e00000| Untracked 
| 110|0x0000000086e00000, 0x0000000086f00000, 0x0000000086f00000|100%|HS|  |TAMS 0x0000000086e00000, 0x0000000086f00000| Complete 
| 111|0x0000000086f00000, 0x0000000087000000, 0x0000000087000000|100%|HC|  |TAMS 0x0000000086f00000, 0x0000000087000000| Complete 
| 112|0x0000000087000000, 0x0000000087100000, 0x0000000087100000|100%| O|  |TAMS 0x0000000087000000, 0x0000000087100000| Untracked 
| 113|0x0000000087100000, 0x0000000087200000, 0x0000000087200000|100%| O|  |TAMS 0x0000000087100000, 0x0000000087200000| Untracked 
| 114|0x0000000087200000, 0x0000000087280a00, 0x0000000087300000| 50%| O|  |TAMS 0x0000000087200000, 0x0000000087280a00| Untracked 
| 115|0x0000000087300000, 0x0000000087400000, 0x0000000087400000|100%|HS|  |TAMS 0x0000000087300000, 0x0000000087400000| Complete 
| 116|0x0000000087400000, 0x0000000087500000, 0x0000000087500000|100%|HC|  |TAMS 0x0000000087400000, 0x0000000087500000| Complete 
| 117|0x0000000087500000, 0x0000000087500000, 0x0000000087600000|  0%| F|  |TAMS 0x0000000087500000, 0x0000000087500000| Untracked 
| 118|0x0000000087600000, 0x0000000087600000, 0x0000000087700000|  0%| F|  |TAMS 0x0000000087600000, 0x0000000087600000| Untracked 
| 119|0x0000000087700000, 0x0000000087700000, 0x0000000087800000|  0%| F|  |TAMS 0x0000000087700000, 0x0000000087700000| Untracked 
| 120|0x0000000087800000, 0x0000000087800000, 0x0000000087900000|  0%| F|  |TAMS 0x0000000087800000, 0x0000000087800000| Untracked 
| 121|0x0000000087900000, 0x0000000087900000, 0x0000000087a00000|  0%| F|  |TAMS 0x0000000087900000, 0x0000000087900000| Untracked 
| 122|0x0000000087a00000, 0x0000000087a00000, 0x0000000087b00000|  0%| F|  |TAMS 0x0000000087a00000, 0x0000000087a00000| Untracked 
| 123|0x0000000087b00000, 0x0000000087c00000, 0x0000000087c00000|100%|HS|  |TAMS 0x0000000087b00000, 0x0000000087c00000| Complete 
| 124|0x0000000087c00000, 0x0000000087d00000, 0x0000000087d00000|100%|HC|  |TAMS 0x0000000087c00000, 0x0000000087d00000| Complete 
| 125|0x0000000087d00000, 0x0000000087e00000, 0x0000000087e00000|100%|HC|  |TAMS 0x0000000087d00000, 0x0000000087e00000| Complete 
| 126|0x0000000087e00000, 0x0000000087f00000, 0x0000000087f00000|100%|HS|  |TAMS 0x0000000087e00000, 0x0000000087f00000| Complete 
| 127|0x0000000087f00000, 0x0000000088000000, 0x0000000088000000|100%| O|  |TAMS 0x0000000087f00000, 0x0000000088000000| Untracked 
| 128|0x0000000088000000, 0x0000000088000000, 0x0000000088100000|  0%| F|  |TAMS 0x0000000088000000, 0x0000000088000000| Untracked 
| 129|0x0000000088100000, 0x0000000088100000, 0x0000000088200000|  0%| F|  |TAMS 0x0000000088100000, 0x0000000088100000| Untracked 
| 130|0x0000000088200000, 0x0000000088200000, 0x0000000088300000|  0%| F|  |TAMS 0x0000000088200000, 0x0000000088200000| Untracked 
| 131|0x0000000088300000, 0x0000000088300000, 0x0000000088400000|  0%| F|  |TAMS 0x0000000088300000, 0x0000000088300000| Untracked 
| 132|0x0000000088400000, 0x0000000088400000, 0x0000000088500000|  0%| F|  |TAMS 0x0000000088400000, 0x0000000088400000| Untracked 
| 133|0x0000000088500000, 0x0000000088500000, 0x0000000088600000|  0%| F|  |TAMS 0x0000000088500000, 0x0000000088500000| Untracked 
| 134|0x0000000088600000, 0x0000000088600000, 0x0000000088700000|  0%| F|  |TAMS 0x0000000088600000, 0x0000000088600000| Untracked 
| 135|0x0000000088700000, 0x0000000088700000, 0x0000000088800000|  0%| F|  |TAMS 0x0000000088700000, 0x0000000088700000| Untracked 
| 136|0x0000000088800000, 0x0000000088800000, 0x0000000088900000|  0%| F|  |TAMS 0x0000000088800000, 0x0000000088800000| Untracked 
| 137|0x0000000088900000, 0x0000000088900000, 0x0000000088a00000|  0%| F|  |TAMS 0x0000000088900000, 0x0000000088900000| Untracked 
| 138|0x0000000088a00000, 0x0000000088a00000, 0x0000000088b00000|  0%| F|  |TAMS 0x0000000088a00000, 0x0000000088a00000| Untracked 
| 139|0x0000000088b00000, 0x0000000088b00000, 0x0000000088c00000|  0%| F|  |TAMS 0x0000000088b00000, 0x0000000088b00000| Untracked 
| 140|0x0000000088c00000, 0x0000000088c00000, 0x0000000088d00000|  0%| F|  |TAMS 0x0000000088c00000, 0x0000000088c00000| Untracked 
| 141|0x0000000088d00000, 0x0000000088d00000, 0x0000000088e00000|  0%| F|  |TAMS 0x0000000088d00000, 0x0000000088d00000| Untracked 
| 142|0x0000000088e00000, 0x0000000088e00000, 0x0000000088f00000|  0%| F|  |TAMS 0x0000000088e00000, 0x0000000088e00000| Untracked 
| 143|0x0000000088f00000, 0x0000000088f00000, 0x0000000089000000|  0%| F|  |TAMS 0x0000000088f00000, 0x0000000088f00000| Untracked 
| 144|0x0000000089000000, 0x0000000089000000, 0x0000000089100000|  0%| F|  |TAMS 0x0000000089000000, 0x0000000089000000| Untracked 
| 145|0x0000000089100000, 0x0000000089100000, 0x0000000089200000|  0%| F|  |TAMS 0x0000000089100000, 0x0000000089100000| Untracked 
| 146|0x0000000089200000, 0x0000000089200000, 0x0000000089300000|  0%| F|  |TAMS 0x0000000089200000, 0x0000000089200000| Untracked 
| 147|0x0000000089300000, 0x0000000089300000, 0x0000000089400000|  0%| F|  |TAMS 0x0000000089300000, 0x0000000089300000| Untracked 
| 148|0x0000000089400000, 0x0000000089400000, 0x0000000089500000|  0%| F|  |TAMS 0x0000000089400000, 0x0000000089400000| Untracked 
| 149|0x0000000089500000, 0x0000000089500000, 0x0000000089600000|  0%| F|  |TAMS 0x0000000089500000, 0x0000000089500000| Untracked 
| 150|0x0000000089600000, 0x0000000089600000, 0x0000000089700000|  0%| F|  |TAMS 0x0000000089600000, 0x0000000089600000| Untracked 
| 151|0x0000000089700000, 0x0000000089700000, 0x0000000089800000|  0%| F|  |TAMS 0x0000000089700000, 0x0000000089700000| Untracked 
| 152|0x0000000089800000, 0x0000000089800000, 0x0000000089900000|  0%| F|  |TAMS 0x0000000089800000, 0x0000000089800000| Untracked 
| 153|0x0000000089900000, 0x0000000089900000, 0x0000000089a00000|  0%| F|  |TAMS 0x0000000089900000, 0x0000000089900000| Untracked 
| 154|0x0000000089a00000, 0x0000000089a00000, 0x0000000089b00000|  0%| F|  |TAMS 0x0000000089a00000, 0x0000000089a00000| Untracked 
| 155|0x0000000089b00000, 0x0000000089b00000, 0x0000000089c00000|  0%| F|  |TAMS 0x0000000089b00000, 0x0000000089b00000| Untracked 
| 156|0x0000000089c00000, 0x0000000089c00000, 0x0000000089d00000|  0%| F|  |TAMS 0x0000000089c00000, 0x0000000089c00000| Untracked 
| 157|0x0000000089d00000, 0x0000000089d00000, 0x0000000089e00000|  0%| F|  |TAMS 0x0000000089d00000, 0x0000000089d00000| Untracked 
| 158|0x0000000089e00000, 0x0000000089e00000, 0x0000000089f00000|  0%| F|  |TAMS 0x0000000089e00000, 0x0000000089e00000| Untracked 
| 159|0x0000000089f00000, 0x0000000089f00000, 0x000000008a000000|  0%| F|  |TAMS 0x0000000089f00000, 0x0000000089f00000| Untracked 
| 160|0x000000008a000000, 0x000000008a000000, 0x000000008a100000|  0%| F|  |TAMS 0x000000008a000000, 0x000000008a000000| Untracked 
| 161|0x000000008a100000, 0x000000008a100000, 0x000000008a200000|  0%| F|  |TAMS 0x000000008a100000, 0x000000008a100000| Untracked 
| 162|0x000000008a200000, 0x000000008a200000, 0x000000008a300000|  0%| F|  |TAMS 0x000000008a200000, 0x000000008a200000| Untracked 
| 163|0x000000008a300000, 0x000000008a300000, 0x000000008a400000|  0%| F|  |TAMS 0x000000008a300000, 0x000000008a300000| Untracked 
| 164|0x000000008a400000, 0x000000008a400000, 0x000000008a500000|  0%| F|  |TAMS 0x000000008a400000, 0x000000008a400000| Untracked 
| 165|0x000000008a500000, 0x000000008a500000, 0x000000008a600000|  0%| F|  |TAMS 0x000000008a500000, 0x000000008a500000| Untracked 
| 166|0x000000008a600000, 0x000000008a600000, 0x000000008a700000|  0%| F|  |TAMS 0x000000008a600000, 0x000000008a600000| Untracked 
| 167|0x000000008a700000, 0x000000008a700000, 0x000000008a800000|  0%| F|  |TAMS 0x000000008a700000, 0x000000008a700000| Untracked 
| 168|0x000000008a800000, 0x000000008a800000, 0x000000008a900000|  0%| F|  |TAMS 0x000000008a800000, 0x000000008a800000| Untracked 
| 169|0x000000008a900000, 0x000000008a900000, 0x000000008aa00000|  0%| F|  |TAMS 0x000000008a900000, 0x000000008a900000| Untracked 
| 170|0x000000008aa00000, 0x000000008aa00000, 0x000000008ab00000|  0%| F|  |TAMS 0x000000008aa00000, 0x000000008aa00000| Untracked 
| 171|0x000000008ab00000, 0x000000008ab00000, 0x000000008ac00000|  0%| F|  |TAMS 0x000000008ab00000, 0x000000008ab00000| Untracked 
| 172|0x000000008ac00000, 0x000000008ac00000, 0x000000008ad00000|  0%| F|  |TAMS 0x000000008ac00000, 0x000000008ac00000| Untracked 
| 173|0x000000008ad00000, 0x000000008ad00000, 0x000000008ae00000|  0%| F|  |TAMS 0x000000008ad00000, 0x000000008ad00000| Untracked 
| 174|0x000000008ae00000, 0x000000008ae00000, 0x000000008af00000|  0%| F|  |TAMS 0x000000008ae00000, 0x000000008ae00000| Untracked 
| 175|0x000000008af00000, 0x000000008af00000, 0x000000008b000000|  0%| F|  |TAMS 0x000000008af00000, 0x000000008af00000| Untracked 
| 176|0x000000008b000000, 0x000000008b000000, 0x000000008b100000|  0%| F|  |TAMS 0x000000008b000000, 0x000000008b000000| Untracked 
| 177|0x000000008b100000, 0x000000008b100000, 0x000000008b200000|  0%| F|  |TAMS 0x000000008b100000, 0x000000008b100000| Untracked 
| 178|0x000000008b200000, 0x000000008b200000, 0x000000008b300000|  0%| F|  |TAMS 0x000000008b200000, 0x000000008b200000| Untracked 
| 179|0x000000008b300000, 0x000000008b300000, 0x000000008b400000|  0%| F|  |TAMS 0x000000008b300000, 0x000000008b300000| Untracked 
| 180|0x000000008b400000, 0x000000008b400000, 0x000000008b500000|  0%| F|  |TAMS 0x000000008b400000, 0x000000008b400000| Untracked 
| 181|0x000000008b500000, 0x000000008b500000, 0x000000008b600000|  0%| F|  |TAMS 0x000000008b500000, 0x000000008b500000| Untracked 
| 182|0x000000008b600000, 0x000000008b600000, 0x000000008b700000|  0%| F|  |TAMS 0x000000008b600000, 0x000000008b600000| Untracked 
| 183|0x000000008b700000, 0x000000008b700000, 0x000000008b800000|  0%| F|  |TAMS 0x000000008b700000, 0x000000008b700000| Untracked 
| 184|0x000000008b800000, 0x000000008b800000, 0x000000008b900000|  0%| F|  |TAMS 0x000000008b800000, 0x000000008b800000| Untracked 
| 185|0x000000008b900000, 0x000000008b900000, 0x000000008ba00000|  0%| F|  |TAMS 0x000000008b900000, 0x000000008b900000| Untracked 
| 186|0x000000008ba00000, 0x000000008ba00000, 0x000000008bb00000|  0%| F|  |TAMS 0x000000008ba00000, 0x000000008ba00000| Untracked 
| 187|0x000000008bb00000, 0x000000008bb00000, 0x000000008bc00000|  0%| F|  |TAMS 0x000000008bb00000, 0x000000008bb00000| Untracked 
| 188|0x000000008bc00000, 0x000000008bc00000, 0x000000008bd00000|  0%| F|  |TAMS 0x000000008bc00000, 0x000000008bc00000| Untracked 
| 189|0x000000008bd00000, 0x000000008bd00000, 0x000000008be00000|  0%| F|  |TAMS 0x000000008bd00000, 0x000000008bd00000| Untracked 
| 190|0x000000008be00000, 0x000000008be00000, 0x000000008bf00000|  0%| F|  |TAMS 0x000000008be00000, 0x000000008be00000| Untracked 
| 191|0x000000008bf00000, 0x000000008bf00000, 0x000000008c000000|  0%| F|  |TAMS 0x000000008bf00000, 0x000000008bf00000| Untracked 
| 192|0x000000008c000000, 0x000000008c000000, 0x000000008c100000|  0%| F|  |TAMS 0x000000008c000000, 0x000000008c000000| Untracked 
| 193|0x000000008c100000, 0x000000008c100000, 0x000000008c200000|  0%| F|  |TAMS 0x000000008c100000, 0x000000008c100000| Untracked 
| 194|0x000000008c200000, 0x000000008c200000, 0x000000008c300000|  0%| F|  |TAMS 0x000000008c200000, 0x000000008c200000| Untracked 
| 195|0x000000008c300000, 0x000000008c300000, 0x000000008c400000|  0%| F|  |TAMS 0x000000008c300000, 0x000000008c300000| Untracked 
| 196|0x000000008c400000, 0x000000008c400000, 0x000000008c500000|  0%| F|  |TAMS 0x000000008c400000, 0x000000008c400000| Untracked 
| 197|0x000000008c500000, 0x000000008c500000, 0x000000008c600000|  0%| F|  |TAMS 0x000000008c500000, 0x000000008c500000| Untracked 
| 198|0x000000008c600000, 0x000000008c600000, 0x000000008c700000|  0%| F|  |TAMS 0x000000008c600000, 0x000000008c600000| Untracked 
| 199|0x000000008c700000, 0x000000008c700000, 0x000000008c800000|  0%| F|  |TAMS 0x000000008c700000, 0x000000008c700000| Untracked 
| 200|0x000000008c800000, 0x000000008c800000, 0x000000008c900000|  0%| F|  |TAMS 0x000000008c800000, 0x000000008c800000| Untracked 
| 201|0x000000008c900000, 0x000000008c900000, 0x000000008ca00000|  0%| F|  |TAMS 0x000000008c900000, 0x000000008c900000| Untracked 
| 202|0x000000008ca00000, 0x000000008ca00000, 0x000000008cb00000|  0%| F|  |TAMS 0x000000008ca00000, 0x000000008ca00000| Untracked 
| 203|0x000000008cb00000, 0x000000008cb00000, 0x000000008cc00000|  0%| F|  |TAMS 0x000000008cb00000, 0x000000008cb00000| Untracked 
| 204|0x000000008cc00000, 0x000000008cc00000, 0x000000008cd00000|  0%| F|  |TAMS 0x000000008cc00000, 0x000000008cc00000| Untracked 
| 205|0x000000008cd00000, 0x000000008cd00000, 0x000000008ce00000|  0%| F|  |TAMS 0x000000008cd00000, 0x000000008cd00000| Untracked 
| 206|0x000000008ce00000, 0x000000008ce00000, 0x000000008cf00000|  0%| F|  |TAMS 0x000000008ce00000, 0x000000008ce00000| Untracked 
| 207|0x000000008cf00000, 0x000000008cf00000, 0x000000008d000000|  0%| F|  |TAMS 0x000000008cf00000, 0x000000008cf00000| Untracked 
| 208|0x000000008d000000, 0x000000008d000000, 0x000000008d100000|  0%| F|  |TAMS 0x000000008d000000, 0x000000008d000000| Untracked 
| 209|0x000000008d100000, 0x000000008d100000, 0x000000008d200000|  0%| F|  |TAMS 0x000000008d100000, 0x000000008d100000| Untracked 
| 210|0x000000008d200000, 0x000000008d200000, 0x000000008d300000|  0%| F|  |TAMS 0x000000008d200000, 0x000000008d200000| Untracked 
| 211|0x000000008d300000, 0x000000008d300000, 0x000000008d400000|  0%| F|  |TAMS 0x000000008d300000, 0x000000008d300000| Untracked 
| 212|0x000000008d400000, 0x000000008d400000, 0x000000008d500000|  0%| F|  |TAMS 0x000000008d400000, 0x000000008d400000| Untracked 
| 213|0x000000008d500000, 0x000000008d500000, 0x000000008d600000|  0%| F|  |TAMS 0x000000008d500000, 0x000000008d500000| Untracked 
| 214|0x000000008d600000, 0x000000008d600000, 0x000000008d700000|  0%| F|  |TAMS 0x000000008d600000, 0x000000008d600000| Untracked 
| 215|0x000000008d700000, 0x000000008d700000, 0x000000008d800000|  0%| F|  |TAMS 0x000000008d700000, 0x000000008d700000| Untracked 
| 216|0x000000008d800000, 0x000000008d800000, 0x000000008d900000|  0%| F|  |TAMS 0x000000008d800000, 0x000000008d800000| Untracked 
| 217|0x000000008d900000, 0x000000008d900000, 0x000000008da00000|  0%| F|  |TAMS 0x000000008d900000, 0x000000008d900000| Untracked 
| 218|0x000000008da00000, 0x000000008da00000, 0x000000008db00000|  0%| F|  |TAMS 0x000000008da00000, 0x000000008da00000| Untracked 
| 219|0x000000008db00000, 0x000000008db00000, 0x000000008dc00000|  0%| F|  |TAMS 0x000000008db00000, 0x000000008db00000| Untracked 
| 220|0x000000008dc00000, 0x000000008dc00000, 0x000000008dd00000|  0%| F|  |TAMS 0x000000008dc00000, 0x000000008dc00000| Untracked 
| 221|0x000000008dd00000, 0x000000008dd00000, 0x000000008de00000|  0%| F|  |TAMS 0x000000008dd00000, 0x000000008dd00000| Untracked 
| 222|0x000000008de00000, 0x000000008de00000, 0x000000008df00000|  0%| F|  |TAMS 0x000000008de00000, 0x000000008de00000| Untracked 
| 223|0x000000008df00000, 0x000000008df00000, 0x000000008e000000|  0%| F|  |TAMS 0x000000008df00000, 0x000000008df00000| Untracked 
| 224|0x000000008e000000, 0x000000008e000000, 0x000000008e100000|  0%| F|  |TAMS 0x000000008e000000, 0x000000008e000000| Untracked 
| 225|0x000000008e100000, 0x000000008e100000, 0x000000008e200000|  0%| F|  |TAMS 0x000000008e100000, 0x000000008e100000| Untracked 
| 226|0x000000008e200000, 0x000000008e200000, 0x000000008e300000|  0%| F|  |TAMS 0x000000008e200000, 0x000000008e200000| Untracked 
| 227|0x000000008e300000, 0x000000008e300000, 0x000000008e400000|  0%| F|  |TAMS 0x000000008e300000, 0x000000008e300000| Untracked 
| 228|0x000000008e400000, 0x000000008e400000, 0x000000008e500000|  0%| F|  |TAMS 0x000000008e400000, 0x000000008e400000| Untracked 
| 229|0x000000008e500000, 0x000000008e500000, 0x000000008e600000|  0%| F|  |TAMS 0x000000008e500000, 0x000000008e500000| Untracked 
| 230|0x000000008e600000, 0x000000008e600000, 0x000000008e700000|  0%| F|  |TAMS 0x000000008e600000, 0x000000008e600000| Untracked 
| 231|0x000000008e700000, 0x000000008e700000, 0x000000008e800000|  0%| F|  |TAMS 0x000000008e700000, 0x000000008e700000| Untracked 
| 232|0x000000008e800000, 0x000000008e800000, 0x000000008e900000|  0%| F|  |TAMS 0x000000008e800000, 0x000000008e800000| Untracked 
| 233|0x000000008e900000, 0x000000008e900000, 0x000000008ea00000|  0%| F|  |TAMS 0x000000008e900000, 0x000000008e900000| Untracked 
| 234|0x000000008ea00000, 0x000000008ea00000, 0x000000008eb00000|  0%| F|  |TAMS 0x000000008ea00000, 0x000000008ea00000| Untracked 
| 235|0x000000008eb00000, 0x000000008eb00000, 0x000000008ec00000|  0%| F|  |TAMS 0x000000008eb00000, 0x000000008eb00000| Untracked 
| 236|0x000000008ec00000, 0x000000008ec00000, 0x000000008ed00000|  0%| F|  |TAMS 0x000000008ec00000, 0x000000008ec00000| Untracked 
| 237|0x000000008ed00000, 0x000000008ed00000, 0x000000008ee00000|  0%| F|  |TAMS 0x000000008ed00000, 0x000000008ed00000| Untracked 
| 238|0x000000008ee00000, 0x000000008ee00000, 0x000000008ef00000|  0%| F|  |TAMS 0x000000008ee00000, 0x000000008ee00000| Untracked 
| 239|0x000000008ef00000, 0x000000008ef00000, 0x000000008f000000|  0%| F|  |TAMS 0x000000008ef00000, 0x000000008ef00000| Untracked 
| 240|0x000000008f000000, 0x000000008f000000, 0x000000008f100000|  0%| F|  |TAMS 0x000000008f000000, 0x000000008f000000| Untracked 
| 241|0x000000008f100000, 0x000000008f100000, 0x000000008f200000|  0%| F|  |TAMS 0x000000008f100000, 0x000000008f100000| Untracked 
| 242|0x000000008f200000, 0x000000008f200000, 0x000000008f300000|  0%| F|  |TAMS 0x000000008f200000, 0x000000008f200000| Untracked 
| 243|0x000000008f300000, 0x000000008f300000, 0x000000008f400000|  0%| F|  |TAMS 0x000000008f300000, 0x000000008f300000| Untracked 
| 244|0x000000008f400000, 0x000000008f400000, 0x000000008f500000|  0%| F|  |TAMS 0x000000008f400000, 0x000000008f400000| Untracked 
| 245|0x000000008f500000, 0x000000008f500000, 0x000000008f600000|  0%| F|  |TAMS 0x000000008f500000, 0x000000008f500000| Untracked 
| 246|0x000000008f600000, 0x000000008f6f96e0, 0x000000008f700000| 97%| S|CS|TAMS 0x000000008f600000, 0x000000008f600000| Complete 
| 247|0x000000008f700000, 0x000000008f700000, 0x000000008f800000|  0%| F|  |TAMS 0x000000008f700000, 0x000000008f700000| Untracked 
| 248|0x000000008f800000, 0x000000008f800000, 0x000000008f900000|  0%| F|  |TAMS 0x000000008f800000, 0x000000008f800000| Untracked 
| 249|0x000000008f900000, 0x000000008f900000, 0x000000008fa00000|  0%| F|  |TAMS 0x000000008f900000, 0x000000008f900000| Untracked 
|2036|0x00000000ff400000, 0x00000000ff500000, 0x00000000ff500000|100%| O|  |TAMS 0x00000000ff400000, 0x00000000ff500000| Untracked 
|2037|0x00000000ff500000, 0x00000000ff600000, 0x00000000ff600000|100%| O|  |TAMS 0x00000000ff500000, 0x00000000ff600000| Untracked 
|2038|0x00000000ff600000, 0x00000000ff700000, 0x00000000ff700000|100%| O|  |TAMS 0x00000000ff600000, 0x00000000ff700000| Untracked 
|2039|0x00000000ff700000, 0x00000000ff800000, 0x00000000ff800000|100%| O|  |TAMS 0x00000000ff700000, 0x00000000ff800000| Untracked 
|2040|0x00000000ff800000, 0x00000000ff900000, 0x00000000ff900000|100%| O|  |TAMS 0x00000000ff800000, 0x00000000ff900000| Untracked 
|2041|0x00000000ff900000, 0x00000000ffa00000, 0x00000000ffa00000|100%| O|  |TAMS 0x00000000ff900000, 0x00000000ffa00000| Untracked 
|2042|0x00000000ffa00000, 0x00000000ffb00000, 0x00000000ffb00000|100%| O|  |TAMS 0x00000000ffa00000, 0x00000000ffb00000| Untracked 
|2043|0x00000000ffb00000, 0x00000000ffc00000, 0x00000000ffc00000|100%| O|  |TAMS 0x00000000ffb00000, 0x00000000ffc00000| Untracked 
|2044|0x00000000ffc00000, 0x00000000ffd00000, 0x00000000ffd00000|100%| O|  |TAMS 0x00000000ffc00000, 0x00000000ffd00000| Untracked 
|2045|0x00000000ffd00000, 0x00000000ffe00000, 0x00000000ffe00000|100%| O|  |TAMS 0x00000000ffd00000, 0x00000000ffe00000| Untracked 
|2046|0x00000000ffe00000, 0x00000000fff00000, 0x00000000fff00000|100%| O|  |TAMS 0x00000000ffe00000, 0x00000000fff00000| Untracked 
|2047|0x00000000fff00000, 0x0000000100000000, 0x0000000100000000|100%| O|  |TAMS 0x00000000fff00000, 0x0000000100000000| Untracked 

Card table byte_map: [0x000001d1fe4a0000,0x000001d1fe8a0000] _byte_map_base: 0x000001d1fe0a0000

Marking Bits (Prev, Next): (CMBitMap*) 0x000001d1ebc37a40, (CMBitMap*) 0x000001d1ebc37a00
 Prev Bits: [0x000001d182000000, 0x000001d184000000)
 Next Bits: [0x000001d180000000, 0x000001d182000000)

Polling page: 0x000001d1e9a00000

Metaspace:

Usage:
  Non-class:     81.95 MB used.
      Class:     12.89 MB used.
       Both:     94.84 MB used.

Virtual space:
  Non-class space:       88.00 MB reserved,      82.31 MB ( 94%) committed,  11 nodes.
      Class space:        1.00 GB reserved,      13.19 MB (  1%) committed,  1 nodes.
             Both:        1.09 GB reserved,      95.50 MB (  9%) committed. 

Chunk freelists:
   Non-Class:  1.02 MB
       Class:  2.66 MB
        Both:  3.67 MB

MaxMetaspaceSize: unlimited
CompressedClassSpaceSize: 1.00 GB
Initial GC threshold: 21.00 MB
Current GC threshold: 155.62 MB
CDS: off
MetaspaceReclaimPolicy: balanced
 - commit_granule_bytes: 65536.
 - commit_granule_words: 8192.
 - virtual_space_node_default_size: 1048576.
 - enlarge_chunks_in_place: 1.
 - new_chunks_are_fully_committed: 0.
 - uncommit_free_chunks: 1.
 - use_allocation_guard: 0.
 - handle_deallocations: 1.


Internal statistics:

num_allocs_failed_limit: 6.
num_arena_births: 1058.
num_arena_deaths: 6.
num_vsnodes_births: 12.
num_vsnodes_deaths: 0.
num_space_committed: 1527.
num_space_uncommitted: 0.
num_chunks_returned_to_freelist: 12.
num_chunks_taken_from_freelist: 4669.
num_chunk_merges: 8.
num_chunk_splits: 3065.
num_chunks_enlarged: 2051.
num_purges: 2.
num_inconsistent_stats: 0.

CodeHeap 'non-profiled nmethods': size=120000Kb used=5742Kb max_used=5742Kb free=114257Kb
 bounds [0x000001d1f6b70000, 0x000001d1f7110000, 0x000001d1fe0a0000]
CodeHeap 'profiled nmethods': size=120000Kb used=20081Kb max_used=20081Kb free=99918Kb
 bounds [0x000001d1ef0a0000, 0x000001d1f0440000, 0x000001d1f65d0000]
CodeHeap 'non-nmethods': size=5760Kb used=2401Kb max_used=2501Kb free=3358Kb
 bounds [0x000001d1f65d0000, 0x000001d1f6850000, 0x000001d1f6b70000]
 total_blobs=11237 nmethods=10302 adapters=847
 compilation: enabled
              stopped_count=0, restarted_count=0
 full_count=0

Compilation events (20 events):
Event: 25.275 Thread 0x000001d188a254f0 nmethod 11935 0x000001d1f7103e10 code [0x000001d1f7103fc0, 0x000001d1f7104958]
Event: 25.275 Thread 0x000001d188a254f0 11925       4       com.android.tools.r8.graph.p1::a (23 bytes)
Event: 25.281 Thread 0x000001d188a254f0 nmethod 11925 0x000001d1f7105090 code [0x000001d1f7105220, 0x000001d1f7105688]
Event: 25.281 Thread 0x000001d188a254f0 11930       4       com.android.tools.r8.dex.U::a (28 bytes)
Event: 25.283 Thread 0x000001d188a254f0 nmethod 11930 0x000001d1f7105810 code [0x000001d1f7105980, 0x000001d1f7105a58]
Event: 25.283 Thread 0x000001d188a254f0 11931       4       com.android.tools.r8.graph.f5::a (34 bytes)
Event: 25.286 Thread 0x000001d188a254f0 nmethod 11931 0x000001d1f7105b90 code [0x000001d1f7105d00, 0x000001d1f7105e98]
Event: 25.286 Thread 0x000001d188a254f0 11929       4       com.android.tools.r8.graph.r2::s0 (37 bytes)
Event: 25.313 Thread 0x000001d188a254f0 nmethod 11929 0x000001d1f7105f90 code [0x000001d1f7106120, 0x000001d1f71068b8]
Event: 25.313 Thread 0x000001d188a254f0 11936       4       com.android.tools.r8.dex.B::h (23 bytes)
Event: 25.356 Thread 0x000001d188a254f0 nmethod 11936 0x000001d1f7106e10 code [0x000001d1f7107020, 0x000001d1f7107dd8]
Event: 25.356 Thread 0x000001d188a254f0 11940       4       java.lang.Long::parseLong (272 bytes)
Event: 25.375 Thread 0x000001d188a254f0 nmethod 11940 0x000001d1f7108b90 code [0x000001d1f7108d40, 0x000001d1f7109558]
Event: 25.376 Thread 0x000001d188a254f0 11939       4       com.android.tools.r8.internal.KB::a (276 bytes)
Event: 25.459 Thread 0x000001d1ffc236a0 11945       3       com.android.tools.r8.internal.Rq::d (191 bytes)
Event: 25.460 Thread 0x000001d188a254f0 nmethod 11939 0x000001d1f7109a90 code [0x000001d1f7109c60, 0x000001d1f710b0a8]
Event: 25.460 Thread 0x000001d1ffc236a0 nmethod 11945 0x000001d1f043d190 code [0x000001d1f043d3c0, 0x000001d1f043e008]
Event: 25.461 Thread 0x000001d188a254f0 11937       4       com.android.tools.r8.graph.f5::a (34 bytes)
Event: 25.463 Thread 0x000001d188a254f0 nmethod 11937 0x000001d1f710b590 code [0x000001d1f710b700, 0x000001d1f710b898]
Event: 25.463 Thread 0x000001d188a254f0 11944       4       java.nio.HeapByteBuffer::getInt (30 bytes)

GC Heap History (20 events):
Event: 15.564 GC heap after
{Heap after GC invocations=30 (full 0):
 garbage-first heap   total 256000K, used 55857K [0x0000000080000000, 0x0000000100000000)
  region size 1024K, 4 young (4096K), 4 survivors (4096K)
 Metaspace       used 72243K, committed 72704K, reserved 1114112K
  class space    used 9591K, committed 9792K, reserved 1048576K
}
Event: 18.312 GC heap before
{Heap before GC invocations=31 (full 0):
 garbage-first heap   total 211968K, used 173617K [0x0000000080000000, 0x0000000100000000)
  region size 1024K, 119 young (121856K), 4 survivors (4096K)
 Metaspace       used 84720K, committed 85312K, reserved 1122304K
  class space    used 11597K, committed 11840K, reserved 1048576K
}
Event: 18.329 GC heap after
{Heap after GC invocations=32 (full 0):
 garbage-first heap   total 211968K, used 63094K [0x0000000080000000, 0x0000000100000000)
  region size 1024K, 11 young (11264K), 11 survivors (11264K)
 Metaspace       used 84720K, committed 85312K, reserved 1122304K
  class space    used 11597K, committed 11840K, reserved 1048576K
}
Event: 18.352 GC heap before
{Heap before GC invocations=32 (full 0):
 garbage-first heap   total 211968K, used 64118K [0x0000000080000000, 0x0000000100000000)
  region size 1024K, 12 young (12288K), 11 survivors (11264K)
 Metaspace       used 84839K, committed 85440K, reserved 1130496K
  class space    used 11613K, committed 11904K, reserved 1048576K
}
Event: 18.372 GC heap after
{Heap after GC invocations=33 (full 0):
 garbage-first heap   total 211968K, used 63708K [0x0000000080000000, 0x0000000100000000)
  region size 1024K, 2 young (2048K), 2 survivors (2048K)
 Metaspace       used 84839K, committed 85440K, reserved 1130496K
  class space    used 11613K, committed 11904K, reserved 1048576K
}
Event: 20.486 GC heap before
{Heap before GC invocations=33 (full 0):
 garbage-first heap   total 211968K, used 155868K [0x0000000080000000, 0x0000000100000000)
  region size 1024K, 92 young (94208K), 2 survivors (2048K)
 Metaspace       used 89881K, committed 90496K, reserved 1130496K
  class space    used 12333K, committed 12608K, reserved 1048576K
}
Event: 20.507 GC heap after
{Heap after GC invocations=34 (full 0):
 garbage-first heap   total 211968K, used 73730K [0x0000000080000000, 0x0000000100000000)
  region size 1024K, 12 young (12288K), 12 survivors (12288K)
 Metaspace       used 89881K, committed 90496K, reserved 1130496K
  class space    used 12333K, committed 12608K, reserved 1048576K
}
Event: 22.033 GC heap before
{Heap before GC invocations=34 (full 0):
 garbage-first heap   total 211968K, used 155650K [0x0000000080000000, 0x0000000100000000)
  region size 1024K, 93 young (95232K), 12 survivors (12288K)
 Metaspace       used 90772K, committed 91392K, reserved 1130496K
  class space    used 12399K, committed 12672K, reserved 1048576K
}
Event: 22.058 GC heap after
{Heap after GC invocations=35 (full 0):
 garbage-first heap   total 211968K, used 81743K [0x0000000080000000, 0x0000000100000000)
  region size 1024K, 8 young (8192K), 8 survivors (8192K)
 Metaspace       used 90772K, committed 91392K, reserved 1130496K
  class space    used 12399K, committed 12672K, reserved 1048576K
}
Event: 24.023 GC heap before
{Heap before GC invocations=36 (full 0):
 garbage-first heap   total 211968K, used 161615K [0x0000000080000000, 0x0000000100000000)
  region size 1024K, 86 young (88064K), 8 survivors (8192K)
 Metaspace       used 93344K, committed 94016K, reserved 1130496K
  class space    used 12663K, committed 12992K, reserved 1048576K
}
Event: 24.044 GC heap after
{Heap after GC invocations=37 (full 0):
 garbage-first heap   total 211968K, used 88584K [0x0000000080000000, 0x0000000100000000)
  region size 1024K, 8 young (8192K), 8 survivors (8192K)
 Metaspace       used 93344K, committed 94016K, reserved 1130496K
  class space    used 12663K, committed 12992K, reserved 1048576K
}
Event: 24.093 GC heap before
{Heap before GC invocations=37 (full 0):
 garbage-first heap   total 211968K, used 90632K [0x0000000080000000, 0x0000000100000000)
  region size 1024K, 10 young (10240K), 8 survivors (8192K)
 Metaspace       used 93345K, committed 94016K, reserved 1130496K
  class space    used 12663K, committed 12992K, reserved 1048576K
}
Event: 24.109 GC heap after
{Heap after GC invocations=38 (full 0):
 garbage-first heap   total 211968K, used 89425K [0x0000000080000000, 0x0000000100000000)
  region size 1024K, 2 young (2048K), 2 survivors (2048K)
 Metaspace       used 93345K, committed 94016K, reserved 1130496K
  class space    used 12663K, committed 12992K, reserved 1048576K
}
Event: 24.289 GC heap before
{Heap before GC invocations=38 (full 0):
 garbage-first heap   total 211968K, used 96593K [0x0000000080000000, 0x0000000100000000)
  region size 1024K, 10 young (10240K), 2 survivors (2048K)
 Metaspace       used 93538K, committed 94208K, reserved 1138688K
  class space    used 12685K, committed 12992K, reserved 1048576K
}
Event: 24.296 GC heap after
{Heap after GC invocations=39 (full 0):
 garbage-first heap   total 211968K, used 89004K [0x0000000080000000, 0x0000000100000000)
  region size 1024K, 1 young (1024K), 1 survivors (1024K)
 Metaspace       used 93538K, committed 94208K, reserved 1138688K
  class space    used 12685K, committed 12992K, reserved 1048576K
}
Event: 25.391 GC heap before
{Heap before GC invocations=40 (full 0):
 garbage-first heap   total 211968K, used 197548K [0x0000000080000000, 0x0000000100000000)
  region size 1024K, 69 young (70656K), 1 survivors (1024K)
 Metaspace       used 97111K, committed 97792K, reserved 1138688K
  class space    used 13197K, committed 13504K, reserved 1048576K
}
Event: 25.422 GC heap after
{Heap after GC invocations=41 (full 0):
 garbage-first heap   total 224256K, used 134896K [0x0000000080000000, 0x0000000100000000)
  region size 1024K, 10 young (10240K), 10 survivors (10240K)
 Metaspace       used 97111K, committed 97792K, reserved 1138688K
  class space    used 13197K, committed 13504K, reserved 1048576K
}
Event: 25.437 GC heap before
{Heap before GC invocations=41 (full 0):
 garbage-first heap   total 224256K, used 135920K [0x0000000080000000, 0x0000000100000000)
  region size 1024K, 11 young (11264K), 10 survivors (10240K)
 Metaspace       used 97111K, committed 97792K, reserved 1138688K
  class space    used 13197K, committed 13504K, reserved 1048576K
}
Event: 25.458 GC heap after
{Heap after GC invocations=42 (full 0):
 garbage-first heap   total 224256K, used 135689K [0x0000000080000000, 0x0000000100000000)
  region size 1024K, 2 young (2048K), 2 survivors (2048K)
 Metaspace       used 97111K, committed 97792K, reserved 1138688K
  class space    used 13197K, committed 13504K, reserved 1048576K
}
Event: 25.463 GC heap before
{Heap before GC invocations=42 (full 0):
 garbage-first heap   total 224256K, used 135689K [0x0000000080000000, 0x0000000100000000)
  region size 1024K, 3 young (3072K), 2 survivors (2048K)
 Metaspace       used 97111K, committed 97792K, reserved 1138688K
  class space    used 13197K, committed 13504K, reserved 1048576K
}

Dll operation events (2 events):
Event: 0.013 Loaded shared library E:\Android\jbr\bin\java.dll
Event: 1.053 Loaded shared library E:\Android\jbr\bin\verify.dll

Deoptimization events (20 events):
Event: 25.100 Thread 0x000001d18bbf4c50 DEOPT PACKING pc=0x000001d1ef62a092 sp=0x000000ca06ffd1c0
Event: 25.102 Thread 0x000001d18bbf4c50 DEOPT UNPACKING pc=0x000001d1f6627143 sp=0x000000ca06ffc6d0 mode 0
Event: 25.103 Thread 0x000001d18bbf4c50 DEOPT PACKING pc=0x000001d1f0400986 sp=0x000000ca06ffd2d0
Event: 25.103 Thread 0x000001d18bbf4c50 DEOPT UNPACKING pc=0x000001d1f6627143 sp=0x000000ca06ffc748 mode 0
Event: 25.105 Thread 0x000001d18bbf4c50 DEOPT PACKING pc=0x000001d1f0400986 sp=0x000000ca06ffd2d0
Event: 25.105 Thread 0x000001d18bbf4c50 DEOPT UNPACKING pc=0x000001d1f6627143 sp=0x000000ca06ffc748 mode 0
Event: 25.106 Thread 0x000001d18bbf4c50 DEOPT PACKING pc=0x000001d1f0400986 sp=0x000000ca06ffd2d0
Event: 25.106 Thread 0x000001d18bbf4c50 DEOPT UNPACKING pc=0x000001d1f6627143 sp=0x000000ca06ffc748 mode 0
Event: 25.106 Thread 0x000001d18bbf4c50 DEOPT PACKING pc=0x000001d1f0400986 sp=0x000000ca06ffd2d0
Event: 25.106 Thread 0x000001d18bbf4c50 DEOPT UNPACKING pc=0x000001d1f6627143 sp=0x000000ca06ffc748 mode 0
Event: 25.107 Thread 0x000001d18bbf4c50 DEOPT PACKING pc=0x000001d1f0400986 sp=0x000000ca06ffd2d0
Event: 25.107 Thread 0x000001d18bbf4c50 DEOPT UNPACKING pc=0x000001d1f6627143 sp=0x000000ca06ffc748 mode 0
Event: 25.111 Thread 0x000001d18bbf4c50 DEOPT PACKING pc=0x000001d1f0400986 sp=0x000000ca06ffd2e0
Event: 25.111 Thread 0x000001d18bbf4c50 DEOPT UNPACKING pc=0x000001d1f6627143 sp=0x000000ca06ffc758 mode 0
Event: 25.112 Thread 0x000001d18bbf4c50 DEOPT PACKING pc=0x000001d1f0400986 sp=0x000000ca06ffd2e0
Event: 25.112 Thread 0x000001d18bbf4c50 DEOPT UNPACKING pc=0x000001d1f6627143 sp=0x000000ca06ffc758 mode 0
Event: 25.114 Thread 0x000001d18bbf4c50 DEOPT PACKING pc=0x000001d1f0400986 sp=0x000000ca06ffd2e0
Event: 25.114 Thread 0x000001d18bbf4c50 DEOPT UNPACKING pc=0x000001d1f6627143 sp=0x000000ca06ffc758 mode 0
Event: 25.116 Thread 0x000001d18bbf4c50 DEOPT PACKING pc=0x000001d1f0400986 sp=0x000000ca06ffd2e0
Event: 25.116 Thread 0x000001d18bbf4c50 DEOPT UNPACKING pc=0x000001d1f6627143 sp=0x000000ca06ffc758 mode 0

Classes unloaded (3 events):
Event: 24.579 Thread 0x000001d1ff19d620 Unloading class 0x0000000100c7cc00 'java/lang/invoke/LambdaForm$DMH+0x0000000100c7cc00'
Event: 24.579 Thread 0x000001d1ff19d620 Unloading class 0x0000000100c7c400 'java/lang/invoke/LambdaForm$DMH+0x0000000100c7c400'
Event: 24.579 Thread 0x000001d1ff19d620 Unloading class 0x0000000100c7c800 'java/lang/invoke/LambdaForm$DMH+0x0000000100c7c800'

Classes redefined (0 events):
No events

Internal exceptions (20 events):
Event: 22.568 Thread 0x000001d18735c7a0 Exception <a 'sun/nio/fs/WindowsException'{0x000000008bdfd450}> (0x000000008bdfd450) 
thrown [s\src\hotspot\share\prims\jni.cpp, line 517]
Event: 22.568 Thread 0x000001d18735c7a0 Exception <a 'sun/nio/fs/WindowsException'{0x000000008bdff1c0}> (0x000000008bdff1c0) 
thrown [s\src\hotspot\share\prims\jni.cpp, line 517]
Event: 22.589 Thread 0x000001d18735c7a0 Exception <a 'java/lang/NoSuchMethodError'{0x000000008bb6f690}: static Lcom/android/builder/internal/aapt/AaptOptions;.<clinit>()V> (0x000000008bb6f690) 
thrown [s\src\hotspot\share\prims\jni.cpp, line 1108]
Event: 22.595 Thread 0x000001d18735c7a0 Exception <a 'java/lang/NoSuchMethodError'{0x000000008bba3968}: static [Ljava/lang/Object;.<clinit>()V> (0x000000008bba3968) 
thrown [s\src\hotspot\share\prims\jni.cpp, line 1108]
Event: 22.597 Thread 0x000001d18735c7a0 Exception <a 'java/lang/NoSuchMethodError'{0x000000008bbb4480}: static Ljava/lang/Object;.<clinit>()V> (0x000000008bbb4480) 
thrown [s\src\hotspot\share\prims\jni.cpp, line 1108]
Event: 22.599 Thread 0x000001d18735c7a0 Exception <a 'java/lang/NoSuchMethodError'{0x000000008bbcf248}: static Lcom/android/build/api/variant/impl/SerializableApplicationMultiOutputHandler;.<clinit>()V> (0x000000008bbcf248) 
thrown [s\src\hotspot\share\prims\jni.cpp, line 1108]
Event: 22.601 Thread 0x000001d18735c7a0 Exception <a 'java/lang/NoSuchMethodError'{0x000000008bbe4d40}: static Lcom/android/build/api/variant/impl/VariantOutputImpl$SerializedForm;.<clinit>()V> (0x000000008bbe4d40) 
thrown [s\src\hotspot\share\prims\jni.cpp, line 1108]
Event: 22.603 Thread 0x000001d18735c7a0 Exception <a 'java/lang/NoSuchMethodError'{0x000000008bbf89f0}: static Lcom/android/build/api/variant/impl/VariantOutputConfigurationImpl;.<clinit>()V> (0x000000008bbf89f0) 
thrown [s\src\hotspot\share\prims\jni.cpp, line 1108]
Event: 22.648 Thread 0x000001d18735b460 Exception <a 'sun/nio/fs/WindowsException'{0x000000008b9a9f08}> (0x000000008b9a9f08) 
thrown [s\src\hotspot\share\prims\jni.cpp, line 517]
Event: 22.733 Thread 0x000001d18735b460 Exception <a 'java/lang/NoSuchMethodError'{0x000000008b83bea0}: 'int java.lang.invoke.DirectMethodHandle$Holder.invokeSpecial(java.lang.Object, java.lang.Object, java.lang.Object, java.lang.Object, java.lang.Object)'> (0x000000008b83bea0) 
thrown [s\src\hotspot\share\interpreter\linkResolver.cpp, line 771]
Event: 23.129 Thread 0x000001d18735b460 Exception <a 'sun/nio/fs/WindowsException'{0x000000008b1f66a8}> (0x000000008b1f66a8) 
thrown [s\src\hotspot\share\prims\jni.cpp, line 517]
Event: 23.931 Thread 0x000001d18bbf3910 Exception <a 'java/lang/NoSuchMethodError'{0x0000000088cd4408}: 'void java.lang.invoke.DirectMethodHandle$Holder.invokeStatic(java.lang.Object, long)'> (0x0000000088cd4408) 
thrown [s\src\hotspot\share\interpreter\linkResolver.cpp, line 771]
Event: 23.932 Thread 0x000001d18bbf3910 Exception <a 'java/lang/NoSuchMethodError'{0x0000000088351210}: 'java.lang.Object java.lang.invoke.DirectMethodHandle$Holder.newInvokeSpecial(java.lang.Object, long)'> (0x0000000088351210) 
thrown [s\src\hotspot\share\interpreter\linkResolver.cpp, line 771]
Event: 23.936 Thread 0x000001d18bbf3910 Exception <a 'java/lang/NoSuchMethodError'{0x0000000088357fa8}: 'java.lang.Object java.lang.invoke.DirectMethodHandle$Holder.invokeStatic(java.lang.Object, java.lang.Object, long, java.lang.Object)'> (0x0000000088357fa8) 
thrown [s\src\hotspot\share\interpreter\linkResolver.cpp, line 771]
Event: 23.937 Thread 0x000001d18bbf3910 Exception <a 'java/lang/NoSuchMethodError'{0x000000008835bc88}: 'java.lang.Object java.lang.invoke.DirectMethodHandle$Holder.invokeStaticInit(java.lang.Object, java.lang.Object, long, java.lang.Object)'> (0x000000008835bc88) 
thrown [s\src\hotspot\share\interpreter\linkResolver.cpp, line 771]
Event: 23.983 Thread 0x000001d18735aac0 Exception <a 'sun/nio/fs/WindowsException'{0x0000000088229698}> (0x0000000088229698) 
thrown [s\src\hotspot\share\prims\jni.cpp, line 517]
Event: 24.199 Thread 0x000001d18735aac0 Exception <a 'sun/nio/fs/WindowsException'{0x000000008c61e6a8}> (0x000000008c61e6a8) 
thrown [s\src\hotspot\share\prims\jni.cpp, line 517]
Event: 24.441 Thread 0x000001d18bbf4c50 Exception <a 'sun/nio/fs/WindowsException'{0x000000008f300dc0}> (0x000000008f300dc0) 
thrown [s\src\hotspot\share\prims\jni.cpp, line 517]
Event: 24.462 Thread 0x000001d18bbf3910 Exception <a 'java/lang/NoSuchMethodError'{0x000000008c718dd8}: 'int java.lang.invoke.DirectMethodHandle$Holder.invokeSpecialIFC(java.lang.Object, java.lang.Object, java.lang.Object)'> (0x000000008c718dd8) 
thrown [s\src\hotspot\share\interpreter\linkResolver.cpp, line 771]
Event: 24.828 Thread 0x000001d18bbf4c50 Exception <a 'java/lang/NoSuchMethodError'{0x000000008be5d710}: 'java.lang.Object java.lang.invoke.DirectMethodHandle$Holder.invokeStaticInit(java.lang.Object, java.lang.Object, java.lang.Object, java.lang.Object, java.lang.Object, java.lang.Object, java.lang.Object, java.lang.Object, java.lang.Object, java.lang.Object, java.lang.Object, java.lang.Object, java.lang.Object, java.lang.Object, java.lang.Object, java.lang.Object, java.lang.Object, java.lang.Object, java.lang.Object, java.lang.Object, int, java

VM Operations (20 events):
Event: 24.050 Executing VM operation: G1CollectForAllocation done
Event: 24.093 Executing VM operation: G1CollectForAllocation
Event: 24.109 Executing VM operation: G1CollectForAllocation done
Event: 24.289 Executing VM operation: G1TryInitiateConcMark
Event: 24.298 Executing VM operation: G1TryInitiateConcMark done
Event: 24.452 Executing VM operation: HandshakeAllThreads
Event: 24.452 Executing VM operation: HandshakeAllThreads done
Event: 24.538 Executing VM operation: HandshakeAllThreads
Event: 24.538 Executing VM operation: HandshakeAllThreads done
Event: 24.578 Executing VM operation: G1Concurrent
Event: 24.593 Executing VM operation: G1Concurrent done
Event: 24.727 Executing VM operation: G1Concurrent
Event: 24.727 Executing VM operation: G1Concurrent done
Event: 24.954 Executing VM operation: HandshakeAllThreads
Event: 24.954 Executing VM operation: HandshakeAllThreads done
Event: 25.391 Executing VM operation: G1CollectForAllocation
Event: 25.423 Executing VM operation: G1CollectForAllocation done
Event: 25.437 Executing VM operation: G1CollectForAllocation
Event: 25.458 Executing VM operation: G1CollectForAllocation done
Event: 25.463 Executing VM operation: G1TryInitiateConcMark

Events (20 events):
Event: 24.154 loading class java/nio/file/FileTreeIterator done
Event: 24.267 Thread 0x000001d18bbf4c50 Thread added: 0x000001d18bbf4c50
Event: 24.269 Thread 0x000001d18bbf4780 Thread added: 0x000001d18bbf4780
Event: 24.306 loading class sun/nio/fs/Globs
Event: 24.306 loading class sun/nio/fs/Globs done
Event: 24.306 loading class java/util/regex/Pattern$SliceU
Event: 24.306 loading class java/util/regex/Pattern$SliceU done
Event: 24.306 loading class sun/nio/fs/WindowsFileSystem$2
Event: 24.306 loading class java/nio/file/PathMatcher
Event: 24.306 loading class java/nio/file/PathMatcher done
Event: 24.306 loading class sun/nio/fs/WindowsFileSystem$2 done
Event: 24.408 loading class java/util/zip/ZipInputStream
Event: 24.408 loading class java/util/zip/ZipInputStream done
Event: 24.481 loading class java/io/UTFDataFormatException
Event: 24.481 loading class java/io/UTFDataFormatException done
Event: 24.800 loading class java/nio/BufferUnderflowException
Event: 24.800 loading class java/nio/BufferUnderflowException done
Event: 24.957 Thread 0x000001d1ffc2e0b0 flushing nmethod 0x000001d1f709d090
Event: 24.957 Thread 0x000001d1ffc2e0b0 flushing nmethod 0x000001d1f70bed90
Event: 24.962 Thread 0x000001d1ffc2e0b0 flushing nmethod 0x000001d1ef4fc890


Dynamic libraries:
0x00007ff70bf50000 - 0x00007ff70bf5a000 	E:\Android\jbr\bin\java.exe
0x00007ff852650000 - 0x00007ff852866000 	C:\Windows\SYSTEM32\ntdll.dll
0x00007ff8508c0000 - 0x00007ff850984000 	C:\Windows\System32\KERNEL32.DLL
0x00007ff84f990000 - 0x00007ff84fd36000 	C:\Windows\System32\KERNELBASE.dll
0x00007ff850130000 - 0x00007ff850241000 	C:\Windows\System32\ucrtbase.dll
0x00007ff80fe60000 - 0x00007ff80fe77000 	E:\Android\jbr\bin\jli.dll
0x00007ff8494f0000 - 0x00007ff84950b000 	E:\Android\jbr\bin\VCRUNTIME140.dll
0x00007ff850eb0000 - 0x00007ff85105d000 	C:\Windows\System32\USER32.dll
0x00007ff850370000 - 0x00007ff850396000 	C:\Windows\System32\win32u.dll
0x00007ff850440000 - 0x00007ff850469000 	C:\Windows\System32\GDI32.dll
0x00007ff850250000 - 0x00007ff850368000 	C:\Windows\System32\gdi32full.dll
0x00007ff84fde0000 - 0x00007ff84fe7a000 	C:\Windows\System32\msvcp_win.dll
0x00007ff832bc0000 - 0x00007ff832e53000 	C:\Windows\WinSxS\amd64_microsoft.windows.common-controls_6595b64144ccf1df_6.0.22621.3235_none_270f74e173860f98\COMCTL32.dll
0x00007ff851110000 - 0x00007ff8511b7000 	C:\Windows\System32\msvcrt.dll
0x00007ff850e70000 - 0x00007ff850ea1000 	C:\Windows\System32\IMM32.DLL
0x00007ff849520000 - 0x00007ff84952c000 	E:\Android\jbr\bin\vcruntime140_1.dll
0x00007ff81c750000 - 0x00007ff81c7dd000 	E:\Android\jbr\bin\msvcp140.dll
0x00007fffc06c0000 - 0x00007fffc132e000 	E:\Android\jbr\bin\server\jvm.dll
0x00007ff8507e0000 - 0x00007ff850892000 	C:\Windows\System32\ADVAPI32.dll
0x00007ff851060000 - 0x00007ff851108000 	C:\Windows\System32\sechost.dll
0x00007ff84fd40000 - 0x00007ff84fd68000 	C:\Windows\System32\bcrypt.dll
0x00007ff851ba0000 - 0x00007ff851cb5000 	C:\Windows\System32\RPCRT4.dll
0x00007ff846dd0000 - 0x00007ff846dd9000 	C:\Windows\SYSTEM32\WSOCK32.dll
0x00007ff8503a0000 - 0x00007ff850411000 	C:\Windows\System32\WS2_32.dll
0x00007ff846080000 - 0x00007ff8460b4000 	C:\Windows\SYSTEM32\WINMM.dll
0x00007ff845fc0000 - 0x00007ff845fca000 	C:\Windows\SYSTEM32\VERSION.dll
0x00007ff84e9d0000 - 0x00007ff84e9e8000 	C:\Windows\SYSTEM32\kernel.appcore.dll
0x00007ff846c80000 - 0x00007ff846c8a000 	E:\Android\jbr\bin\jimage.dll
0x00007ff848910000 - 0x00007ff848b43000 	C:\Windows\SYSTEM32\DBGHELP.DLL
0x00007ff851510000 - 0x00007ff851898000 	C:\Windows\System32\combase.dll
0x00007ff851cd0000 - 0x00007ff851da7000 	C:\Windows\System32\OLEAUT32.dll
0x00007ff83e540000 - 0x00007ff83e572000 	C:\Windows\SYSTEM32\dbgcore.DLL
0x00007ff8500b0000 - 0x00007ff85012a000 	C:\Windows\System32\bcryptPrimitives.dll
0x00007ff8321d0000 - 0x00007ff8321f5000 	E:\Android\jbr\bin\java.dll
0x00007ff8360c0000 - 0x00007ff8360d8000 	E:\Android\jbr\bin\zip.dll
0x00007ff851db0000 - 0x00007ff85260d000 	C:\Windows\System32\SHELL32.dll
0x00007ff84d8f0000 - 0x00007ff84e1e8000 	C:\Windows\SYSTEM32\windows.storage.dll
0x00007ff84d7b0000 - 0x00007ff84d8ee000 	C:\Windows\SYSTEM32\wintypes.dll
0x00007ff851250000 - 0x00007ff851343000 	C:\Windows\System32\SHCORE.dll
0x00007ff850760000 - 0x00007ff8507be000 	C:\Windows\System32\shlwapi.dll
0x00007ff84f8c0000 - 0x00007ff84f8e6000 	C:\Windows\SYSTEM32\profapi.dll
0x00007ff831870000 - 0x00007ff831889000 	E:\Android\jbr\bin\net.dll
0x00007ff846370000 - 0x00007ff8464a7000 	C:\Windows\SYSTEM32\WINHTTP.dll
0x00007ff84ee50000 - 0x00007ff84eeb9000 	C:\Windows\system32\mswsock.dll
0x00007ff8200e0000 - 0x00007ff8200f6000 	E:\Android\jbr\bin\nio.dll
0x00007ff8468e0000 - 0x00007ff8468f0000 	E:\Android\jbr\bin\verify.dll
0x00007ff842740000 - 0x00007ff842767000 	C:\Users\Mr\.gradle\native\68d5fa5c4cc2d200863cafc0d521ce42e7d3e7ee720ec0a83991735586a16f82\windows-amd64\native-platform.dll
0x00007ff803ca0000 - 0x00007ff803de4000 	C:\Users\Mr\.gradle\native\e376f236ea51e6404a007f0833ffe2c6e607c4080706a723a18a27aeea778392\windows-amd64\native-platform-file-events.dll
0x00007ff83e360000 - 0x00007ff83e369000 	E:\Android\jbr\bin\management.dll
0x00007ff8321c0000 - 0x00007ff8321cb000 	E:\Android\jbr\bin\management_ext.dll
0x00007ff8506d0000 - 0x00007ff8506d8000 	C:\Windows\System32\PSAPI.DLL
0x00007ff84f110000 - 0x00007ff84f12b000 	C:\Windows\SYSTEM32\CRYPTSP.dll
0x00007ff84e930000 - 0x00007ff84e965000 	C:\Windows\system32\rsaenh.dll
0x00007ff84efb0000 - 0x00007ff84efdc000 	C:\Windows\SYSTEM32\USERENV.dll
0x00007ff84f180000 - 0x00007ff84f18c000 	C:\Windows\SYSTEM32\CRYPTBASE.dll
0x00007ff84e490000 - 0x00007ff84e4bd000 	C:\Windows\SYSTEM32\IPHLPAPI.DLL
0x00007ff851cc0000 - 0x00007ff851cc9000 	C:\Windows\System32\NSI.dll
0x00007ff846340000 - 0x00007ff846359000 	C:\Windows\SYSTEM32\dhcpcsvc6.DLL
0x00007ff846300000 - 0x00007ff84631f000 	C:\Windows\SYSTEM32\dhcpcsvc.DLL
0x00007ff84e4c0000 - 0x00007ff84e5b9000 	C:\Windows\SYSTEM32\DNSAPI.dll
0x00007ff82d890000 - 0x00007ff82d898000 	C:\Windows\system32\wshunix.dll

dbghelp: loaded successfully - version: 4.0.5 - missing functions: none
symbol engine: initialized successfully - sym options: 0x614 - pdb path: .;E:\Android\jbr\bin;C:\Windows\SYSTEM32;C:\Windows\WinSxS\amd64_microsoft.windows.common-controls_6595b64144ccf1df_6.0.22621.3235_none_270f74e173860f98;E:\Android\jbr\bin\server;C:\Users\Mr\.gradle\native\68d5fa5c4cc2d200863cafc0d521ce42e7d3e7ee720ec0a83991735586a16f82\windows-amd64;C:\Users\Mr\.gradle\native\e376f236ea51e6404a007f0833ffe2c6e607c4080706a723a18a27aeea778392\windows-amd64

VM Arguments:
jvm_args: --add-opens=java.base/java.util=ALL-UNNAMED --add-opens=java.base/java.lang=ALL-UNNAMED --add-opens=java.base/java.lang.invoke=ALL-UNNAMED --add-opens=java.prefs/java.util.prefs=ALL-UNNAMED --add-opens=java.base/java.nio.charset=ALL-UNNAMED --add-opens=java.base/java.net=ALL-UNNAMED --add-opens=java.base/java.util.concurrent.atomic=ALL-UNNAMED -Xmx2048m -Dfile.encoding=UTF-8 -Duser.country=US -Duser.language=en -Duser.variant 
java_command: org.gradle.launcher.daemon.bootstrap.GradleDaemon 8.0
java_class_path (initial): C:\Users\Mr\.gradle\wrapper\dists\gradle-8.0-bin\ca5e32bp14vu59qr306oxotwh\gradle-8.0\lib\gradle-launcher-8.0.jar
Launcher Type: SUN_STANDARD

[Global flags]
     intx CICompilerCount                          = 3                                         {product} {ergonomic}
     uint ConcGCThreads                            = 1                                         {product} {ergonomic}
     uint G1ConcRefinementThreads                  = 4                                         {product} {ergonomic}
   size_t G1HeapRegionSize                         = 1048576                                   {product} {ergonomic}
    uintx GCDrainStackTargetSize                   = 64                                        {product} {ergonomic}
   size_t InitialHeapSize                          = 134217728                                 {product} {ergonomic}
   size_t MarkStackSize                            = 4194304                                   {product} {ergonomic}
   size_t MaxHeapSize                              = 2147483648                                {product} {command line}
   size_t MaxNewSize                               = 1287651328                                {product} {ergonomic}
   size_t MinHeapDeltaBytes                        = 1048576                                   {product} {ergonomic}
   size_t MinHeapSize                              = 8388608                                   {product} {ergonomic}
    uintx NonNMethodCodeHeapSize                   = 5832780                                {pd product} {ergonomic}
    uintx NonProfiledCodeHeapSize                  = 122912730                              {pd product} {ergonomic}
    uintx ProfiledCodeHeapSize                     = 122912730                              {pd product} {ergonomic}
    uintx ReservedCodeCacheSize                    = 251658240                              {pd product} {ergonomic}
     bool SegmentedCodeCache                       = true                                      {product} {ergonomic}
   size_t SoftMaxHeapSize                          = 2147483648                             {manageable} {ergonomic}
     bool UseCompressedClassPointers               = true                           {product lp64_product} {ergonomic}
     bool UseCompressedOops                        = true                           {product lp64_product} {ergonomic}
     bool UseG1GC                                  = true                                      {product} {ergonomic}
     bool UseLargePagesIndividualAllocation        = false                                  {pd product} {ergonomic}

Logging:
Log output configuration:
 #0: stdout all=warning uptime,level,tags
 #1: stderr all=off uptime,level,tags

Environment Variables:
PATH=C:\Program Files\Common Files\Oracle\Java\javapath;C:\Program Files\Microsoft\jdk-11.0.16.101-hotspot\bin;C:\Windows\system32;C:\Windows;C:\Windows\System32\Wbem;C:\Windows\System32\WindowsPowerShell\v1.0\;C:\Windows\System32\OpenSSH\;C:\Program Files\Git\cmd;C:\Users\Mr\AppData\Local\Microsoft\WindowsApps;E:\Microsoft VS Code\bin;C:\Program Files (x86)\Inno Setup 6;
USERNAME=Mr
OS=Windows_NT
PROCESSOR_IDENTIFIER=Intel64 Family 6 Model 142 Stepping 9, GenuineIntel
TMP=C:\Users\Mr\AppData\Local\Temp
TEMP=C:\Users\Mr\AppData\Local\Temp


JNI global refs:
JNI global refs: 25, weak refs: 4

JNI global refs memory usage: 843, weak refs: 841


---------------  S Y S T E M  ---------------

OS:
 Windows 11 , 64 bit Build 22621 (10.0.22621.3235)
OS uptime: 4 days 18:57 hours

CPU: total 4 (initial active 4) (2 cores per cpu, 2 threads per core) family 6 model 142 stepping 9 microcode 0xde, cx8, cmov, fxsr, ht, mmx, 3dnowpref, sse, sse2, sse3, ssse3, sse4.1, sse4.2, popcnt, lzcnt, tsc, tscinvbit, avx, avx2, aes, erms, clmul, bmi1, bmi2, rtm, adx, fma, vzeroupper, clflush, clflushopt

Memory: 4k page, system-wide physical 8071M (993M free)
TotalPageFile size 11741M (AvailPageFile size 319M)
current process WorkingSet (physical memory assigned to process): 476M, peak: 477M
current process commit charge ("private bytes"): 547M, peak: 942M

vm_info: OpenJDK 64-Bit Server VM (17.0.6+0-b2043.56-10027231) for windows-amd64 JRE (17.0.6+0-b2043.56-10027231), built on Apr 28 2023 00:43:19 by "androidbuild" with MS VC++ 16.10 / 16.11 (VS2019)

END.
